#
# There is insufficient memory for the Java Runtime Environment to continue.
# Native memory allocation (malloc) failed to allocate 2465248 bytes for Chunk::new
# Possible reasons:
#   The system is out of physical RAM or swap space
#   The process is running with CompressedOops enabled, and the Java Heap may be blocking the growth of the native heap
# Possible solutions:
#   Reduce memory load on the system
#   Increase physical memory or swap space
#   Check if swap backing store is full
#   Decrease Java heap size (-Xmx/-Xms)
#   Decrease number of Java threads
#
#  Out of Memory Error (arena.cpp:191), pid=18092, tid=18068
#
# JRE version: OpenJDK Runtime Environment (17.0.10) (build 17.0.10+0--11609105)
# Java VM: OpenJDK 64-Bit Server VM (17.0.10+0--11609105, mixed mode, tiered, compressed oops, compressed class ptrs, g1 gc, windows-amd64)
# No core dump will be written. Minidumps are not enabled by default on client versions of Windows
#

---------------  S U M M A R Y ------------

Command Line: --add-opens=java.base/java.util=ALL-UNNAMED --add-opens=java.base/java.lang=ALL-UNNAMED --add-opens=java.base/java.lang.invoke=ALL-UNNAMED --add-opens=java.prefs/java.util.prefs=ALL-UNNAMED --add-opens=java.base/java.nio.charset=ALL-UNNAMED --add-opens=java.base/java.net=ALL-UNNAMED --add-opens=java.base/java.util.concurrent.atomic=ALL-UNNAMED -Xmx2048m -Dfile.encoding=windows-1252 -Duser.country=US -Duser.language=en -Duser.variant -javaagent:C:\Users\josel\.gradle\wrapper\dists\gradle-8.7-all\aan3ydargesu18aqyqjwhr3pc\gradle-8.7\lib\agents\gradle-instrumentation-agent-8.7.jar org.gradle.launcher.daemon.bootstrap.GradleDaemon 8.7

Host: Intel(R) Core(TM) i7-8565U CPU @ 1.80GHz, 8 cores, 31G, Call to GetFileVersionInfo failed
Time: Fri Sep  5 17:19:36 2025 Central Standard Time (Mexico) elapsed time: 78.573341 seconds (0d 0h 1m 18s)

---------------  T H R E A D  ---------------

Current thread (0x00000187596efb80):  JavaThread "C2 CompilerThread2" daemon [_thread_in_native, id=18068, stack(0x00000026c7b00000,0x00000026c7c00000)]


Current CompileTask:
C2:  78573 5521 %     4       org.objectweb.asm.ClassReader::readCode @ 2186 (5117 bytes)

Stack: [0x00000026c7b00000,0x00000026c7c00000]
Native frames: (J=compiled Java code, j=interpreted, Vv=VM code, C=native code)
V  [jvm.dll+0x688de9]
V  [jvm.dll+0x8423da]
V  [jvm.dll+0x84401e]
V  [jvm.dll+0x844683]
V  [jvm.dll+0x24be0f]
V  [jvm.dll+0xac524]
V  [jvm.dll+0xacb6c]
V  [jvm.dll+0x36bd67]
V  [jvm.dll+0x1bde16]
V  [jvm.dll+0x21dbf9]
V  [jvm.dll+0x21cec1]
V  [jvm.dll+0x1a60ad]
V  [jvm.dll+0x22cd78]
V  [jvm.dll+0x22aeb0]
V  [jvm.dll+0x7f6877]
V  [jvm.dll+0x7f0c7a]
V  [jvm.dll+0x687c65]
C  [ucrtbase.dll+0x37b0]
C  [KERNEL32.DLL+0x2e8d7]
C  [ntdll.dll+0x3c34c]


---------------  P R O C E S S  ---------------

Threads class SMR info:
_java_thread_list=0x00000187594f3520, length=43, elements={
0x000001873826fbd0, 0x000001875223a010, 0x000001875223c8f0, 0x0000018752272330,
0x0000018752272c00, 0x00000187522754e0, 0x0000018752275db0, 0x00000187522774b0,
0x000001875229fab0, 0x00000187522a9ff0, 0x00000187523c5950, 0x00000187524fdc50,
0x0000018759547610, 0x0000018752b7e970, 0x00000187581d5830, 0x0000018757fba880,
0x0000018759a43380, 0x000001875804de10, 0x0000018758050180, 0x000001875804f760,
0x000001875804e830, 0x000001875804fc70, 0x000001875804d3f0, 0x0000018758050690,
0x000001875804e320, 0x000001875804ed40, 0x00000187570d33c0, 0x00000187570d2eb0,
0x00000187570d2490, 0x00000187570d3de0, 0x00000187570d42f0, 0x00000187570d4d10,
0x00000187570d6150, 0x00000187570d6660, 0x00000187570d4800, 0x000001875ab2ba80,
0x00000187570d5220, 0x00000187570d5730, 0x00000187570d5c40, 0x00000187570d38d0,
0x00000187596efb80, 0x00000187570d84c0, 0x00000187570d89d0
}

Java Threads: ( => current thread )
  0x000001873826fbd0 JavaThread "main" [_thread_blocked, id=15204, stack(0x00000026c4200000,0x00000026c4300000)]
  0x000001875223a010 JavaThread "Reference Handler" daemon [_thread_blocked, id=41584, stack(0x00000026c4900000,0x00000026c4a00000)]
  0x000001875223c8f0 JavaThread "Finalizer" daemon [_thread_blocked, id=32984, stack(0x00000026c4a00000,0x00000026c4b00000)]
  0x0000018752272330 JavaThread "Signal Dispatcher" daemon [_thread_blocked, id=38600, stack(0x00000026c4b00000,0x00000026c4c00000)]
  0x0000018752272c00 JavaThread "Attach Listener" daemon [_thread_blocked, id=29400, stack(0x00000026c4c00000,0x00000026c4d00000)]
  0x00000187522754e0 JavaThread "Service Thread" daemon [_thread_blocked, id=11616, stack(0x00000026c4d00000,0x00000026c4e00000)]
  0x0000018752275db0 JavaThread "Monitor Deflation Thread" daemon [_thread_blocked, id=20684, stack(0x00000026c4e00000,0x00000026c4f00000)]
  0x00000187522774b0 JavaThread "C2 CompilerThread0" daemon [_thread_in_native, id=40344, stack(0x00000026c4f00000,0x00000026c5000000)]
  0x000001875229fab0 JavaThread "C1 CompilerThread0" daemon [_thread_in_native, id=4812, stack(0x00000026c5000000,0x00000026c5100000)]
  0x00000187522a9ff0 JavaThread "Sweeper thread" daemon [_thread_blocked, id=24768, stack(0x00000026c5100000,0x00000026c5200000)]
  0x00000187523c5950 JavaThread "Common-Cleaner" daemon [_thread_blocked, id=820, stack(0x00000026c5200000,0x00000026c5300000)]
  0x00000187524fdc50 JavaThread "Notification Thread" daemon [_thread_blocked, id=33984, stack(0x00000026c5300000,0x00000026c5400000)]
  0x0000018759547610 JavaThread "Daemon health stats" [_thread_blocked, id=40976, stack(0x00000026c5e00000,0x00000026c5f00000)]
  0x0000018752b7e970 JavaThread "Incoming local TCP Connector on port 53828" [_thread_in_native, id=31088, stack(0x00000026c5500000,0x00000026c5600000)]
  0x00000187581d5830 JavaThread "Daemon periodic checks" [_thread_blocked, id=41444, stack(0x00000026c5f00000,0x00000026c6000000)]
  0x0000018757fba880 JavaThread "Daemon" [_thread_blocked, id=31648, stack(0x00000026c6000000,0x00000026c6100000)]
  0x0000018759a43380 JavaThread "Handler for socket connection from /127.0.0.1:53828 to /127.0.0.1:53830" [_thread_in_native, id=13416, stack(0x00000026c6100000,0x00000026c6200000)]
  0x000001875804de10 JavaThread "Cancel handler" [_thread_blocked, id=16028, stack(0x00000026c6200000,0x00000026c6300000)]
  0x0000018758050180 JavaThread "Daemon worker" [_thread_in_Java, id=15980, stack(0x00000026c6300000,0x00000026c6400000)]
  0x000001875804f760 JavaThread "Asynchronous log dispatcher for DefaultDaemonConnection: socket connection from /127.0.0.1:53828 to /127.0.0.1:53830" [_thread_blocked, id=23096, stack(0x00000026c6400000,0x00000026c6500000)]
  0x000001875804e830 JavaThread "Daemon client event forwarder" [_thread_blocked, id=22956, stack(0x00000026c6600000,0x00000026c6700000)]
  0x000001875804fc70 JavaThread "Cache worker for journal cache (C:\Users\josel\.gradle\caches\journal-1)" [_thread_blocked, id=14656, stack(0x00000026c6800000,0x00000026c6900000)]
  0x000001875804d3f0 JavaThread "File lock request listener" [_thread_in_native, id=12516, stack(0x00000026c6900000,0x00000026c6a00000)]
  0x0000018758050690 JavaThread "Cache worker for file hash cache (C:\Users\josel\.gradle\caches\8.7\fileHashes)" [_thread_blocked, id=38828, stack(0x00000026c6a00000,0x00000026c6b00000)]
  0x000001875804e320 JavaThread "Cache worker for file hash cache (C:\Users\josel\StudioProjects\NewEvent2\.gradle\8.7\fileHashes)" [_thread_blocked, id=15296, stack(0x00000026c6c00000,0x00000026c6d00000)]
  0x000001875804ed40 JavaThread "File watcher server" daemon [_thread_in_native, id=23576, stack(0x00000026c3f00000,0x00000026c4000000)]
  0x00000187570d33c0 JavaThread "File watcher consumer" daemon [_thread_blocked, id=6256, stack(0x00000026c4000000,0x00000026c4100000)]
  0x00000187570d2eb0 JavaThread "jar transforms" [_thread_blocked, id=10332, stack(0x00000026c6d00000,0x00000026c6e00000)]
  0x00000187570d2490 JavaThread "jar transforms Thread 2" [_thread_blocked, id=36468, stack(0x00000026c6e00000,0x00000026c6f00000)]
  0x00000187570d3de0 JavaThread "jar transforms Thread 3" [_thread_blocked, id=27504, stack(0x00000026c6f00000,0x00000026c7000000)]
  0x00000187570d42f0 JavaThread "jar transforms Thread 4" [_thread_blocked, id=11608, stack(0x00000026c7000000,0x00000026c7100000)]
  0x00000187570d4d10 JavaThread "jar transforms Thread 5" [_thread_blocked, id=5240, stack(0x00000026c7100000,0x00000026c7200000)]
  0x00000187570d6150 JavaThread "jar transforms Thread 6" [_thread_blocked, id=18244, stack(0x00000026c7200000,0x00000026c7300000)]
  0x00000187570d6660 JavaThread "jar transforms Thread 7" [_thread_blocked, id=19772, stack(0x00000026c7300000,0x00000026c7400000)]
  0x00000187570d4800 JavaThread "jar transforms Thread 8" [_thread_blocked, id=33480, stack(0x00000026c7400000,0x00000026c7500000)]
  0x000001875ab2ba80 JavaThread "C2 CompilerThread1" daemon [_thread_in_native, id=32036, stack(0x00000026c6500000,0x00000026c6600000)]
  0x00000187570d5220 JavaThread "Cache worker for checksums cache (C:\Users\josel\StudioProjects\NewEvent2\.gradle\8.7\checksums)" [_thread_blocked, id=37456, stack(0x00000026c7700000,0x00000026c7800000)]
  0x00000187570d5730 JavaThread "Cache worker for cache directory md-supplier (C:\Users\josel\.gradle\caches\8.7\md-supplier)" [_thread_blocked, id=25128, stack(0x00000026c7800000,0x00000026c7900000)]
  0x00000187570d5c40 JavaThread "Cache worker for cache directory md-rule (C:\Users\josel\.gradle\caches\8.7\md-rule)" [_thread_blocked, id=30992, stack(0x00000026c7900000,0x00000026c7a00000)]
  0x00000187570d38d0 JavaThread "Cache worker for file content cache (C:\Users\josel\.gradle\caches\8.7\fileContent)" [_thread_blocked, id=24332, stack(0x00000026c7a00000,0x00000026c7b00000)]
=>0x00000187596efb80 JavaThread "C2 CompilerThread2" daemon [_thread_in_native, id=18068, stack(0x00000026c7b00000,0x00000026c7c00000)]
  0x00000187570d84c0 JavaThread "Unconstrained build operations" [_thread_blocked, id=41108, stack(0x00000026c7c00000,0x00000026c7d00000)]
  0x00000187570d89d0 JavaThread "Unconstrained build operations Thread 2" [_thread_blocked, id=29084, stack(0x00000026c7d00000,0x00000026c7e00000)]

Other Threads:
  0x000001875197e6d0 VMThread "VM Thread" [stack: 0x00000026c4800000,0x00000026c4900000] [id=35072]
  0x00000187524a1d50 WatcherThread [stack: 0x00000026c5400000,0x00000026c5500000] [id=21476]
  0x0000018735f9e790 GCTaskThread "GC Thread#0" [stack: 0x00000026c4300000,0x00000026c4400000] [id=30668]
  0x0000018757535180 GCTaskThread "GC Thread#1" [stack: 0x00000026c5600000,0x00000026c5700000] [id=36180]
  0x0000018752e80740 GCTaskThread "GC Thread#2" [stack: 0x00000026c5700000,0x00000026c5800000] [id=39528]
  0x0000018752e80a00 GCTaskThread "GC Thread#3" [stack: 0x00000026c5800000,0x00000026c5900000] [id=32264]
  0x0000018752e80cc0 GCTaskThread "GC Thread#4" [stack: 0x00000026c5900000,0x00000026c5a00000] [id=11012]
  0x0000018757130910 GCTaskThread "GC Thread#5" [stack: 0x00000026c5a00000,0x00000026c5b00000] [id=37788]
  0x0000018757130bd0 GCTaskThread "GC Thread#6" [stack: 0x00000026c5b00000,0x00000026c5c00000] [id=16640]
  0x0000018757130e90 GCTaskThread "GC Thread#7" [stack: 0x00000026c5c00000,0x00000026c5d00000] [id=19268]
  0x00000187382dbdd0 ConcurrentGCThread "G1 Main Marker" [stack: 0x00000026c4400000,0x00000026c4500000] [id=36780]
  0x00000187382ddd50 ConcurrentGCThread "G1 Conc#0" [stack: 0x00000026c4500000,0x00000026c4600000] [id=35920]
  0x00000187583f4d10 ConcurrentGCThread "G1 Conc#1" [stack: 0x00000026c5d00000,0x00000026c5e00000] [id=3020]
  0x000001873831d120 ConcurrentGCThread "G1 Refine#0" [stack: 0x00000026c4600000,0x00000026c4700000] [id=7996]
  0x00000187599bab80 ConcurrentGCThread "G1 Refine#1" [stack: 0x00000026c6b00000,0x00000026c6c00000] [id=38100]
  0x00000187594a6b80 ConcurrentGCThread "G1 Refine#2" [stack: 0x00000026c7600000,0x00000026c7700000] [id=29428]
  0x000001873831d900 ConcurrentGCThread "G1 Service" [stack: 0x00000026c4700000,0x00000026c4800000] [id=23376]

Threads with active compile tasks:
C2 CompilerThread0    79630 5957       4       org.objectweb.asm.ClassReader::readElementValue (1237 bytes)
C2 CompilerThread1    79630 5965       4       java.util.StringTokenizer::scanToken (179 bytes)
C2 CompilerThread2    79630 5521 %     4       org.objectweb.asm.ClassReader::readCode @ 2186 (5117 bytes)

VM state: not at safepoint (normal execution)

VM Mutex/Monitor currently owned by a thread: None

Heap address: 0x0000000080000000, size: 2048 MB, Compressed Oops mode: 32-bit

CDS archive(s) not mapped
Compressed class space mapped at: 0x0000000100000000-0x0000000140000000, reserved size: 1073741824
Narrow klass base: 0x0000000000000000, Narrow klass shift: 3, Narrow klass range: 0x140000000

GC Precious Log:
 CPUs: 8 total, 8 available
 Memory: 32574M
 Large Page Support: Disabled
 NUMA Support: Disabled
 Compressed Oops: Enabled (32-bit)
 Heap Region Size: 1M
 Heap Min Capacity: 8M
 Heap Initial Capacity: 510M
 Heap Max Capacity: 2G
 Pre-touch: Disabled
 Parallel Workers: 8
 Concurrent Workers: 2
 Concurrent Refinement Workers: 8
 Periodic GC: Disabled

Heap:
 garbage-first heap   total 303104K, used 95283K [0x0000000080000000, 0x0000000100000000)
  region size 1024K, 47 young (48128K), 8 survivors (8192K)
 Metaspace       used 57367K, committed 57856K, reserved 1114112K
  class space    used 7758K, committed 8000K, reserved 1048576K

Heap Regions: E=young(eden), S=young(survivor), O=old, HS=humongous(starts), HC=humongous(continues), CS=collection set, F=free, OA=open archive, CA=closed archive, TAMS=top-at-mark-start (previous, next)
|   0|0x0000000080000000, 0x0000000080100000, 0x0000000080100000|100%|HS|  |TAMS 0x0000000080100000, 0x0000000080000000| Complete 
|   1|0x0000000080100000, 0x0000000080200000, 0x0000000080200000|100%|HC|  |TAMS 0x0000000080200000, 0x0000000080100000| Complete 
|   2|0x0000000080200000, 0x0000000080300000, 0x0000000080300000|100%|HC|  |TAMS 0x0000000080300000, 0x0000000080200000| Complete 
|   3|0x0000000080300000, 0x0000000080400000, 0x0000000080400000|100%|HC|  |TAMS 0x0000000080400000, 0x0000000080300000| Complete 
|   4|0x0000000080400000, 0x0000000080500000, 0x0000000080500000|100%| O|  |TAMS 0x0000000080500000, 0x0000000080400000| Untracked 
|   5|0x0000000080500000, 0x0000000080600000, 0x0000000080600000|100%| O|  |TAMS 0x0000000080600000, 0x0000000080500000| Untracked 
|   6|0x0000000080600000, 0x0000000080700000, 0x0000000080700000|100%| O|  |TAMS 0x0000000080700000, 0x0000000080600000| Untracked 
|   7|0x0000000080700000, 0x0000000080800000, 0x0000000080800000|100%| O|  |TAMS 0x0000000080800000, 0x0000000080700000| Untracked 
|   8|0x0000000080800000, 0x0000000080900000, 0x0000000080900000|100%| O|  |TAMS 0x0000000080900000, 0x0000000080800000| Untracked 
|   9|0x0000000080900000, 0x0000000080a00000, 0x0000000080a00000|100%| O|  |TAMS 0x0000000080a00000, 0x0000000080900000| Untracked 
|  10|0x0000000080a00000, 0x0000000080a50a00, 0x0000000080b00000| 31%| O|  |TAMS 0x0000000080a50a00, 0x0000000080a00000| Untracked 
|  11|0x0000000080b00000, 0x0000000080c00000, 0x0000000080c00000|100%| O|  |TAMS 0x0000000080c00000, 0x0000000080b00000| Untracked 
|  12|0x0000000080c00000, 0x0000000080d00000, 0x0000000080d00000|100%| O|  |TAMS 0x0000000080d00000, 0x0000000080c00000| Untracked 
|  13|0x0000000080d00000, 0x0000000080e00000, 0x0000000080e00000|100%| O|  |TAMS 0x0000000080e00000, 0x0000000080d00000| Untracked 
|  14|0x0000000080e00000, 0x0000000080f00000, 0x0000000080f00000|100%| O|  |TAMS 0x0000000080f00000, 0x0000000080e00000| Untracked 
|  15|0x0000000080f00000, 0x0000000081000000, 0x0000000081000000|100%| O|  |TAMS 0x0000000081000000, 0x0000000080f00000| Untracked 
|  16|0x0000000081000000, 0x0000000081100000, 0x0000000081100000|100%| O|  |TAMS 0x0000000081100000, 0x0000000081000000| Untracked 
|  17|0x0000000081100000, 0x0000000081200000, 0x0000000081200000|100%| O|  |TAMS 0x0000000081200000, 0x0000000081100000| Untracked 
|  18|0x0000000081200000, 0x0000000081300000, 0x0000000081300000|100%| O|  |TAMS 0x0000000081300000, 0x0000000081200000| Untracked 
|  19|0x0000000081300000, 0x0000000081400000, 0x0000000081400000|100%|HS|  |TAMS 0x0000000081400000, 0x0000000081300000| Complete 
|  20|0x0000000081400000, 0x0000000081500000, 0x0000000081500000|100%|HC|  |TAMS 0x0000000081500000, 0x0000000081400000| Complete 
|  21|0x0000000081500000, 0x0000000081600000, 0x0000000081600000|100%|HC|  |TAMS 0x0000000081600000, 0x0000000081500000| Complete 
|  22|0x0000000081600000, 0x0000000081700000, 0x0000000081700000|100%|HC|  |TAMS 0x0000000081700000, 0x0000000081600000| Complete 
|  23|0x0000000081700000, 0x0000000081800000, 0x0000000081800000|100%|HC|  |TAMS 0x0000000081800000, 0x0000000081700000| Complete 
|  24|0x0000000081800000, 0x0000000081900000, 0x0000000081900000|100%|HS|  |TAMS 0x0000000081900000, 0x0000000081800000| Complete 
|  25|0x0000000081900000, 0x0000000081a00000, 0x0000000081a00000|100%|HC|  |TAMS 0x0000000081a00000, 0x0000000081900000| Complete 
|  26|0x0000000081a00000, 0x0000000081b00000, 0x0000000081b00000|100%|HC|  |TAMS 0x0000000081b00000, 0x0000000081a00000| Complete 
|  27|0x0000000081b00000, 0x0000000081c00000, 0x0000000081c00000|100%|HS|  |TAMS 0x0000000081c00000, 0x0000000081b00000| Complete 
|  28|0x0000000081c00000, 0x0000000081d00000, 0x0000000081d00000|100%|HC|  |TAMS 0x0000000081d00000, 0x0000000081c00000| Complete 
|  29|0x0000000081d00000, 0x0000000081e00000, 0x0000000081e00000|100%|HC|  |TAMS 0x0000000081e00000, 0x0000000081d00000| Complete 
|  30|0x0000000081e00000, 0x0000000081f00000, 0x0000000081f00000|100%|HS|  |TAMS 0x0000000081f00000, 0x0000000081e00000| Complete 
|  31|0x0000000081f00000, 0x0000000082000000, 0x0000000082000000|100%| O|  |TAMS 0x0000000082000000, 0x0000000081f00000| Untracked 
|  32|0x0000000082000000, 0x0000000082100000, 0x0000000082100000|100%| O|  |TAMS 0x0000000082100000, 0x0000000082000000| Untracked 
|  33|0x0000000082100000, 0x0000000082200000, 0x0000000082200000|100%| O|  |TAMS 0x0000000082200000, 0x0000000082100000| Untracked 
|  34|0x0000000082200000, 0x0000000082300000, 0x0000000082300000|100%| O|  |TAMS 0x0000000082300000, 0x0000000082200000| Untracked 
|  35|0x0000000082300000, 0x0000000082400000, 0x0000000082400000|100%| O|  |TAMS 0x0000000082400000, 0x0000000082300000| Untracked 
|  36|0x0000000082400000, 0x0000000082500000, 0x0000000082500000|100%| O|  |TAMS 0x0000000082500000, 0x0000000082400000| Untracked 
|  37|0x0000000082500000, 0x0000000082600000, 0x0000000082600000|100%| O|  |TAMS 0x0000000082600000, 0x0000000082500000| Untracked 
|  38|0x0000000082600000, 0x0000000082700000, 0x0000000082700000|100%| O|  |TAMS 0x0000000082700000, 0x0000000082600000| Untracked 
|  39|0x0000000082700000, 0x0000000082800000, 0x0000000082800000|100%| O|  |TAMS 0x0000000082800000, 0x0000000082700000| Untracked 
|  40|0x0000000082800000, 0x0000000082900000, 0x0000000082900000|100%| O|  |TAMS 0x0000000082900000, 0x0000000082800000| Untracked 
|  41|0x0000000082900000, 0x0000000082a00000, 0x0000000082a00000|100%| O|  |TAMS 0x0000000082a00000, 0x0000000082900000| Untracked 
|  42|0x0000000082a00000, 0x0000000082b00000, 0x0000000082b00000|100%| O|  |TAMS 0x0000000082aebc00, 0x0000000082a00000| Untracked 
|  43|0x0000000082b00000, 0x0000000082c00000, 0x0000000082c00000|100%| O|  |TAMS 0x0000000082b00000, 0x0000000082b00000| Untracked 
|  44|0x0000000082c00000, 0x0000000082d00000, 0x0000000082d00000|100%| O|  |TAMS 0x0000000082d00000, 0x0000000082c00000| Untracked 
|  45|0x0000000082d00000, 0x0000000082d89a00, 0x0000000082e00000| 53%| O|  |TAMS 0x0000000082d00000, 0x0000000082d00000| Untracked 
|  46|0x0000000082e00000, 0x0000000082e00000, 0x0000000082f00000|  0%| F|  |TAMS 0x0000000082e00000, 0x0000000082e00000| Untracked 
|  47|0x0000000082f00000, 0x0000000082f00000, 0x0000000083000000|  0%| F|  |TAMS 0x0000000082f00000, 0x0000000082f00000| Untracked 
|  48|0x0000000083000000, 0x0000000083000000, 0x0000000083100000|  0%| F|  |TAMS 0x0000000083000000, 0x0000000083000000| Untracked 
|  49|0x0000000083100000, 0x0000000083100000, 0x0000000083200000|  0%| F|  |TAMS 0x0000000083100000, 0x0000000083100000| Untracked 
|  50|0x0000000083200000, 0x0000000083200000, 0x0000000083300000|  0%| F|  |TAMS 0x0000000083200000, 0x0000000083200000| Untracked 
|  51|0x0000000083300000, 0x0000000083400000, 0x0000000083400000|100%|HS|  |TAMS 0x0000000083300000, 0x0000000083300000| Complete 
|  52|0x0000000083400000, 0x0000000083500000, 0x0000000083500000|100%|HC|  |TAMS 0x0000000083400000, 0x0000000083400000| Complete 
|  53|0x0000000083500000, 0x0000000083600000, 0x0000000083600000|100%|HC|  |TAMS 0x0000000083500000, 0x0000000083500000| Complete 
|  54|0x0000000083600000, 0x0000000083600000, 0x0000000083700000|  0%| F|  |TAMS 0x0000000083600000, 0x0000000083600000| Untracked 
|  55|0x0000000083700000, 0x0000000083700000, 0x0000000083800000|  0%| F|  |TAMS 0x0000000083700000, 0x0000000083700000| Untracked 
|  56|0x0000000083800000, 0x0000000083800000, 0x0000000083900000|  0%| F|  |TAMS 0x0000000083800000, 0x0000000083800000| Untracked 
|  57|0x0000000083900000, 0x0000000083900000, 0x0000000083a00000|  0%| F|  |TAMS 0x0000000083900000, 0x0000000083900000| Untracked 
|  58|0x0000000083a00000, 0x0000000083a00000, 0x0000000083b00000|  0%| F|  |TAMS 0x0000000083a00000, 0x0000000083a00000| Untracked 
|  59|0x0000000083b00000, 0x0000000083b00000, 0x0000000083c00000|  0%| F|  |TAMS 0x0000000083b00000, 0x0000000083b00000| Untracked 
|  60|0x0000000083c00000, 0x0000000083c00000, 0x0000000083d00000|  0%| F|  |TAMS 0x0000000083c00000, 0x0000000083c00000| Untracked 
|  61|0x0000000083d00000, 0x0000000083d00000, 0x0000000083e00000|  0%| F|  |TAMS 0x0000000083d00000, 0x0000000083d00000| Untracked 
|  62|0x0000000083e00000, 0x0000000083e00000, 0x0000000083f00000|  0%| F|  |TAMS 0x0000000083e00000, 0x0000000083e00000| Untracked 
|  63|0x0000000083f00000, 0x0000000083f00000, 0x0000000084000000|  0%| F|  |TAMS 0x0000000083f00000, 0x0000000083f00000| Untracked 
|  64|0x0000000084000000, 0x0000000084000000, 0x0000000084100000|  0%| F|  |TAMS 0x0000000084000000, 0x0000000084000000| Untracked 
|  65|0x0000000084100000, 0x0000000084100000, 0x0000000084200000|  0%| F|  |TAMS 0x0000000084100000, 0x0000000084100000| Untracked 
|  66|0x0000000084200000, 0x0000000084200000, 0x0000000084300000|  0%| F|  |TAMS 0x0000000084200000, 0x0000000084200000| Untracked 
|  67|0x0000000084300000, 0x0000000084300000, 0x0000000084400000|  0%| F|  |TAMS 0x0000000084300000, 0x0000000084300000| Untracked 
|  68|0x0000000084400000, 0x0000000084400000, 0x0000000084500000|  0%| F|  |TAMS 0x0000000084400000, 0x0000000084400000| Untracked 
|  69|0x0000000084500000, 0x0000000084500000, 0x0000000084600000|  0%| F|  |TAMS 0x0000000084500000, 0x0000000084500000| Untracked 
|  70|0x0000000084600000, 0x0000000084600000, 0x0000000084700000|  0%| F|  |TAMS 0x0000000084600000, 0x0000000084600000| Untracked 
|  71|0x0000000084700000, 0x0000000084700000, 0x0000000084800000|  0%| F|  |TAMS 0x0000000084700000, 0x0000000084700000| Untracked 
|  72|0x0000000084800000, 0x0000000084800000, 0x0000000084900000|  0%| F|  |TAMS 0x0000000084800000, 0x0000000084800000| Untracked 
|  73|0x0000000084900000, 0x0000000084900000, 0x0000000084a00000|  0%| F|  |TAMS 0x0000000084900000, 0x0000000084900000| Untracked 
|  74|0x0000000084a00000, 0x0000000084a00000, 0x0000000084b00000|  0%| F|  |TAMS 0x0000000084a00000, 0x0000000084a00000| Untracked 
|  75|0x0000000084b00000, 0x0000000084b00000, 0x0000000084c00000|  0%| F|  |TAMS 0x0000000084b00000, 0x0000000084b00000| Untracked 
|  76|0x0000000084c00000, 0x0000000084c00000, 0x0000000084d00000|  0%| F|  |TAMS 0x0000000084c00000, 0x0000000084c00000| Untracked 
|  77|0x0000000084d00000, 0x0000000084d00000, 0x0000000084e00000|  0%| F|  |TAMS 0x0000000084d00000, 0x0000000084d00000| Untracked 
|  78|0x0000000084e00000, 0x0000000084e00000, 0x0000000084f00000|  0%| F|  |TAMS 0x0000000084e00000, 0x0000000084e00000| Untracked 
|  79|0x0000000084f00000, 0x0000000084f00000, 0x0000000085000000|  0%| F|  |TAMS 0x0000000084f00000, 0x0000000084f00000| Untracked 
|  80|0x0000000085000000, 0x0000000085000000, 0x0000000085100000|  0%| F|  |TAMS 0x0000000085000000, 0x0000000085000000| Untracked 
|  81|0x0000000085100000, 0x0000000085100000, 0x0000000085200000|  0%| F|  |TAMS 0x0000000085100000, 0x0000000085100000| Untracked 
|  82|0x0000000085200000, 0x0000000085200000, 0x0000000085300000|  0%| F|  |TAMS 0x0000000085200000, 0x0000000085200000| Untracked 
|  83|0x0000000085300000, 0x0000000085300000, 0x0000000085400000|  0%| F|  |TAMS 0x0000000085300000, 0x0000000085300000| Untracked 
|  84|0x0000000085400000, 0x0000000085400000, 0x0000000085500000|  0%| F|  |TAMS 0x0000000085400000, 0x0000000085400000| Untracked 
|  85|0x0000000085500000, 0x0000000085500000, 0x0000000085600000|  0%| F|  |TAMS 0x0000000085500000, 0x0000000085500000| Untracked 
|  86|0x0000000085600000, 0x0000000085600000, 0x0000000085700000|  0%| F|  |TAMS 0x0000000085600000, 0x0000000085600000| Untracked 
|  87|0x0000000085700000, 0x0000000085700000, 0x0000000085800000|  0%| F|  |TAMS 0x0000000085700000, 0x0000000085700000| Untracked 
|  88|0x0000000085800000, 0x0000000085800000, 0x0000000085900000|  0%| F|  |TAMS 0x0000000085800000, 0x0000000085800000| Untracked 
|  89|0x0000000085900000, 0x0000000085900000, 0x0000000085a00000|  0%| F|  |TAMS 0x0000000085900000, 0x0000000085900000| Untracked 
|  90|0x0000000085a00000, 0x0000000085a00000, 0x0000000085b00000|  0%| F|  |TAMS 0x0000000085a00000, 0x0000000085a00000| Untracked 
|  91|0x0000000085b00000, 0x0000000085b00000, 0x0000000085c00000|  0%| F|  |TAMS 0x0000000085b00000, 0x0000000085b00000| Untracked 
|  92|0x0000000085c00000, 0x0000000085c00000, 0x0000000085d00000|  0%| F|  |TAMS 0x0000000085c00000, 0x0000000085c00000| Untracked 
|  93|0x0000000085d00000, 0x0000000085d00000, 0x0000000085e00000|  0%| F|  |TAMS 0x0000000085d00000, 0x0000000085d00000| Untracked 
|  94|0x0000000085e00000, 0x0000000085e00000, 0x0000000085f00000|  0%| F|  |TAMS 0x0000000085e00000, 0x0000000085e00000| Untracked 
|  95|0x0000000085f00000, 0x0000000085f00000, 0x0000000086000000|  0%| F|  |TAMS 0x0000000085f00000, 0x0000000085f00000| Untracked 
|  96|0x0000000086000000, 0x0000000086000000, 0x0000000086100000|  0%| F|  |TAMS 0x0000000086000000, 0x0000000086000000| Untracked 
|  97|0x0000000086100000, 0x0000000086100000, 0x0000000086200000|  0%| F|  |TAMS 0x0000000086100000, 0x0000000086100000| Untracked 
|  98|0x0000000086200000, 0x0000000086200000, 0x0000000086300000|  0%| F|  |TAMS 0x0000000086200000, 0x0000000086200000| Untracked 
|  99|0x0000000086300000, 0x0000000086300000, 0x0000000086400000|  0%| F|  |TAMS 0x0000000086300000, 0x0000000086300000| Untracked 
| 100|0x0000000086400000, 0x0000000086400000, 0x0000000086500000|  0%| F|  |TAMS 0x0000000086400000, 0x0000000086400000| Untracked 
| 101|0x0000000086500000, 0x0000000086500000, 0x0000000086600000|  0%| F|  |TAMS 0x0000000086500000, 0x0000000086500000| Untracked 
| 102|0x0000000086600000, 0x0000000086600000, 0x0000000086700000|  0%| F|  |TAMS 0x0000000086600000, 0x0000000086600000| Untracked 
| 103|0x0000000086700000, 0x0000000086700000, 0x0000000086800000|  0%| F|  |TAMS 0x0000000086700000, 0x0000000086700000| Untracked 
| 104|0x0000000086800000, 0x0000000086800000, 0x0000000086900000|  0%| F|  |TAMS 0x0000000086800000, 0x0000000086800000| Untracked 
| 105|0x0000000086900000, 0x0000000086900000, 0x0000000086a00000|  0%| F|  |TAMS 0x0000000086900000, 0x0000000086900000| Untracked 
| 106|0x0000000086a00000, 0x0000000086a00000, 0x0000000086b00000|  0%| F|  |TAMS 0x0000000086a00000, 0x0000000086a00000| Untracked 
| 107|0x0000000086b00000, 0x0000000086b00000, 0x0000000086c00000|  0%| F|  |TAMS 0x0000000086b00000, 0x0000000086b00000| Untracked 
| 108|0x0000000086c00000, 0x0000000086c00000, 0x0000000086d00000|  0%| F|  |TAMS 0x0000000086c00000, 0x0000000086c00000| Untracked 
| 109|0x0000000086d00000, 0x0000000086d00000, 0x0000000086e00000|  0%| F|  |TAMS 0x0000000086d00000, 0x0000000086d00000| Untracked 
| 110|0x0000000086e00000, 0x0000000086e00000, 0x0000000086f00000|  0%| F|  |TAMS 0x0000000086e00000, 0x0000000086e00000| Untracked 
| 111|0x0000000086f00000, 0x0000000086f00000, 0x0000000087000000|  0%| F|  |TAMS 0x0000000086f00000, 0x0000000086f00000| Untracked 
| 112|0x0000000087000000, 0x0000000087000000, 0x0000000087100000|  0%| F|  |TAMS 0x0000000087000000, 0x0000000087000000| Untracked 
| 113|0x0000000087100000, 0x0000000087100000, 0x0000000087200000|  0%| F|  |TAMS 0x0000000087100000, 0x0000000087100000| Untracked 
| 114|0x0000000087200000, 0x0000000087200000, 0x0000000087300000|  0%| F|  |TAMS 0x0000000087200000, 0x0000000087200000| Untracked 
| 115|0x0000000087300000, 0x0000000087300000, 0x0000000087400000|  0%| F|  |TAMS 0x0000000087300000, 0x0000000087300000| Untracked 
| 116|0x0000000087400000, 0x0000000087400000, 0x0000000087500000|  0%| F|  |TAMS 0x0000000087400000, 0x0000000087400000| Untracked 
| 117|0x0000000087500000, 0x0000000087500000, 0x0000000087600000|  0%| F|  |TAMS 0x0000000087500000, 0x0000000087500000| Untracked 
| 118|0x0000000087600000, 0x0000000087600000, 0x0000000087700000|  0%| F|  |TAMS 0x0000000087600000, 0x0000000087600000| Untracked 
| 119|0x0000000087700000, 0x0000000087700000, 0x0000000087800000|  0%| F|  |TAMS 0x0000000087700000, 0x0000000087700000| Untracked 
| 120|0x0000000087800000, 0x0000000087800000, 0x0000000087900000|  0%| F|  |TAMS 0x0000000087800000, 0x0000000087800000| Untracked 
| 121|0x0000000087900000, 0x0000000087900000, 0x0000000087a00000|  0%| F|  |TAMS 0x0000000087900000, 0x0000000087900000| Untracked 
| 122|0x0000000087a00000, 0x0000000087a00000, 0x0000000087b00000|  0%| F|  |TAMS 0x0000000087a00000, 0x0000000087a00000| Untracked 
| 123|0x0000000087b00000, 0x0000000087b00000, 0x0000000087c00000|  0%| F|  |TAMS 0x0000000087b00000, 0x0000000087b00000| Untracked 
| 124|0x0000000087c00000, 0x0000000087c00000, 0x0000000087d00000|  0%| F|  |TAMS 0x0000000087c00000, 0x0000000087c00000| Untracked 
| 125|0x0000000087d00000, 0x0000000087d00000, 0x0000000087e00000|  0%| F|  |TAMS 0x0000000087d00000, 0x0000000087d00000| Untracked 
| 126|0x0000000087e00000, 0x0000000087e00000, 0x0000000087f00000|  0%| F|  |TAMS 0x0000000087e00000, 0x0000000087e00000| Untracked 
| 127|0x0000000087f00000, 0x0000000087f00000, 0x0000000088000000|  0%| F|  |TAMS 0x0000000087f00000, 0x0000000087f00000| Untracked 
| 128|0x0000000088000000, 0x0000000088000000, 0x0000000088100000|  0%| F|  |TAMS 0x0000000088000000, 0x0000000088000000| Untracked 
| 129|0x0000000088100000, 0x0000000088100000, 0x0000000088200000|  0%| F|  |TAMS 0x0000000088100000, 0x0000000088100000| Untracked 
| 130|0x0000000088200000, 0x0000000088200000, 0x0000000088300000|  0%| F|  |TAMS 0x0000000088200000, 0x0000000088200000| Untracked 
| 131|0x0000000088300000, 0x0000000088300000, 0x0000000088400000|  0%| F|  |TAMS 0x0000000088300000, 0x0000000088300000| Untracked 
| 132|0x0000000088400000, 0x0000000088400000, 0x0000000088500000|  0%| F|  |TAMS 0x0000000088400000, 0x0000000088400000| Untracked 
| 133|0x0000000088500000, 0x0000000088500000, 0x0000000088600000|  0%| F|  |TAMS 0x0000000088500000, 0x0000000088500000| Untracked 
| 134|0x0000000088600000, 0x0000000088600000, 0x0000000088700000|  0%| F|  |TAMS 0x0000000088600000, 0x0000000088600000| Untracked 
| 135|0x0000000088700000, 0x0000000088700000, 0x0000000088800000|  0%| F|  |TAMS 0x0000000088700000, 0x0000000088700000| Untracked 
| 136|0x0000000088800000, 0x0000000088800000, 0x0000000088900000|  0%| F|  |TAMS 0x0000000088800000, 0x0000000088800000| Untracked 
| 137|0x0000000088900000, 0x0000000088900000, 0x0000000088a00000|  0%| F|  |TAMS 0x0000000088900000, 0x0000000088900000| Untracked 
| 138|0x0000000088a00000, 0x0000000088a00000, 0x0000000088b00000|  0%| F|  |TAMS 0x0000000088a00000, 0x0000000088a00000| Untracked 
| 139|0x0000000088b00000, 0x0000000088b00000, 0x0000000088c00000|  0%| F|  |TAMS 0x0000000088b00000, 0x0000000088b00000| Untracked 
| 140|0x0000000088c00000, 0x0000000088c00000, 0x0000000088d00000|  0%| F|  |TAMS 0x0000000088c00000, 0x0000000088c00000| Untracked 
| 141|0x0000000088d00000, 0x0000000088d00000, 0x0000000088e00000|  0%| F|  |TAMS 0x0000000088d00000, 0x0000000088d00000| Untracked 
| 142|0x0000000088e00000, 0x0000000088e00000, 0x0000000088f00000|  0%| F|  |TAMS 0x0000000088e00000, 0x0000000088e00000| Untracked 
| 143|0x0000000088f00000, 0x0000000088f00000, 0x0000000089000000|  0%| F|  |TAMS 0x0000000088f00000, 0x0000000088f00000| Untracked 
| 144|0x0000000089000000, 0x0000000089000000, 0x0000000089100000|  0%| F|  |TAMS 0x0000000089000000, 0x0000000089000000| Untracked 
| 145|0x0000000089100000, 0x0000000089132aa8, 0x0000000089200000| 19%| S|CS|TAMS 0x0000000089100000, 0x0000000089100000| Complete 
| 146|0x0000000089200000, 0x0000000089300000, 0x0000000089300000|100%| S|CS|TAMS 0x0000000089200000, 0x0000000089200000| Complete 
| 147|0x0000000089300000, 0x0000000089400000, 0x0000000089400000|100%| S|CS|TAMS 0x0000000089300000, 0x0000000089300000| Complete 
| 148|0x0000000089400000, 0x0000000089500000, 0x0000000089500000|100%| S|CS|TAMS 0x0000000089400000, 0x0000000089400000| Complete 
| 149|0x0000000089500000, 0x0000000089600000, 0x0000000089600000|100%| S|CS|TAMS 0x0000000089500000, 0x0000000089500000| Complete 
| 150|0x0000000089600000, 0x0000000089700000, 0x0000000089700000|100%| S|CS|TAMS 0x0000000089600000, 0x0000000089600000| Complete 
| 151|0x0000000089700000, 0x0000000089800000, 0x0000000089800000|100%| S|CS|TAMS 0x0000000089700000, 0x0000000089700000| Complete 
| 152|0x0000000089800000, 0x0000000089900000, 0x0000000089900000|100%| S|CS|TAMS 0x0000000089800000, 0x0000000089800000| Complete 
| 153|0x0000000089900000, 0x0000000089900000, 0x0000000089a00000|  0%| F|  |TAMS 0x0000000089900000, 0x0000000089900000| Untracked 
| 154|0x0000000089a00000, 0x0000000089a00000, 0x0000000089b00000|  0%| F|  |TAMS 0x0000000089a00000, 0x0000000089a00000| Untracked 
| 155|0x0000000089b00000, 0x0000000089b00000, 0x0000000089c00000|  0%| F|  |TAMS 0x0000000089b00000, 0x0000000089b00000| Untracked 
| 156|0x0000000089c00000, 0x0000000089c00000, 0x0000000089d00000|  0%| F|  |TAMS 0x0000000089c00000, 0x0000000089c00000| Untracked 
| 157|0x0000000089d00000, 0x0000000089d00000, 0x0000000089e00000|  0%| F|  |TAMS 0x0000000089d00000, 0x0000000089d00000| Untracked 
| 158|0x0000000089e00000, 0x0000000089e00000, 0x0000000089f00000|  0%| F|  |TAMS 0x0000000089e00000, 0x0000000089e00000| Untracked 
| 159|0x0000000089f00000, 0x0000000089f00000, 0x000000008a000000|  0%| F|  |TAMS 0x0000000089f00000, 0x0000000089f00000| Untracked 
| 160|0x000000008a000000, 0x000000008a000000, 0x000000008a100000|  0%| F|  |TAMS 0x000000008a000000, 0x000000008a000000| Untracked 
| 161|0x000000008a100000, 0x000000008a100000, 0x000000008a200000|  0%| F|  |TAMS 0x000000008a100000, 0x000000008a100000| Untracked 
| 162|0x000000008a200000, 0x000000008a200000, 0x000000008a300000|  0%| F|  |TAMS 0x000000008a200000, 0x000000008a200000| Untracked 
| 163|0x000000008a300000, 0x000000008a300000, 0x000000008a400000|  0%| F|  |TAMS 0x000000008a300000, 0x000000008a300000| Untracked 
| 164|0x000000008a400000, 0x000000008a400000, 0x000000008a500000|  0%| F|  |TAMS 0x000000008a400000, 0x000000008a400000| Untracked 
| 165|0x000000008a500000, 0x000000008a500000, 0x000000008a600000|  0%| F|  |TAMS 0x000000008a500000, 0x000000008a500000| Untracked 
| 166|0x000000008a600000, 0x000000008a600000, 0x000000008a700000|  0%| F|  |TAMS 0x000000008a600000, 0x000000008a600000| Untracked 
| 167|0x000000008a700000, 0x000000008a700000, 0x000000008a800000|  0%| F|  |TAMS 0x000000008a700000, 0x000000008a700000| Untracked 
| 168|0x000000008a800000, 0x000000008a800000, 0x000000008a900000|  0%| F|  |TAMS 0x000000008a800000, 0x000000008a800000| Untracked 
| 169|0x000000008a900000, 0x000000008a900000, 0x000000008aa00000|  0%| F|  |TAMS 0x000000008a900000, 0x000000008a900000| Untracked 
| 170|0x000000008aa00000, 0x000000008aa00000, 0x000000008ab00000|  0%| F|  |TAMS 0x000000008aa00000, 0x000000008aa00000| Untracked 
| 171|0x000000008ab00000, 0x000000008ab00000, 0x000000008ac00000|  0%| F|  |TAMS 0x000000008ab00000, 0x000000008ab00000| Untracked 
| 172|0x000000008ac00000, 0x000000008ac00000, 0x000000008ad00000|  0%| F|  |TAMS 0x000000008ac00000, 0x000000008ac00000| Untracked 
| 173|0x000000008ad00000, 0x000000008ad00000, 0x000000008ae00000|  0%| F|  |TAMS 0x000000008ad00000, 0x000000008ad00000| Untracked 
| 174|0x000000008ae00000, 0x000000008ae00000, 0x000000008af00000|  0%| F|  |TAMS 0x000000008ae00000, 0x000000008ae00000| Untracked 
| 175|0x000000008af00000, 0x000000008af00000, 0x000000008b000000|  0%| F|  |TAMS 0x000000008af00000, 0x000000008af00000| Untracked 
| 176|0x000000008b000000, 0x000000008b000000, 0x000000008b100000|  0%| F|  |TAMS 0x000000008b000000, 0x000000008b000000| Untracked 
| 177|0x000000008b100000, 0x000000008b100000, 0x000000008b200000|  0%| F|  |TAMS 0x000000008b100000, 0x000000008b100000| Untracked 
| 178|0x000000008b200000, 0x000000008b200000, 0x000000008b300000|  0%| F|  |TAMS 0x000000008b200000, 0x000000008b200000| Untracked 
| 179|0x000000008b300000, 0x000000008b300000, 0x000000008b400000|  0%| F|  |TAMS 0x000000008b300000, 0x000000008b300000| Untracked 
| 180|0x000000008b400000, 0x000000008b400000, 0x000000008b500000|  0%| F|  |TAMS 0x000000008b400000, 0x000000008b400000| Untracked 
| 181|0x000000008b500000, 0x000000008b500000, 0x000000008b600000|  0%| F|  |TAMS 0x000000008b500000, 0x000000008b500000| Untracked 
| 182|0x000000008b600000, 0x000000008b600000, 0x000000008b700000|  0%| F|  |TAMS 0x000000008b600000, 0x000000008b600000| Untracked 
| 183|0x000000008b700000, 0x000000008b700000, 0x000000008b800000|  0%| F|  |TAMS 0x000000008b700000, 0x000000008b700000| Untracked 
| 184|0x000000008b800000, 0x000000008b800000, 0x000000008b900000|  0%| F|  |TAMS 0x000000008b800000, 0x000000008b800000| Untracked 
| 185|0x000000008b900000, 0x000000008b900000, 0x000000008ba00000|  0%| F|  |TAMS 0x000000008b900000, 0x000000008b900000| Untracked 
| 186|0x000000008ba00000, 0x000000008ba00000, 0x000000008bb00000|  0%| F|  |TAMS 0x000000008ba00000, 0x000000008ba00000| Untracked 
| 187|0x000000008bb00000, 0x000000008bb00000, 0x000000008bc00000|  0%| F|  |TAMS 0x000000008bb00000, 0x000000008bb00000| Untracked 
| 188|0x000000008bc00000, 0x000000008bc00000, 0x000000008bd00000|  0%| F|  |TAMS 0x000000008bc00000, 0x000000008bc00000| Untracked 
| 189|0x000000008bd00000, 0x000000008bd00000, 0x000000008be00000|  0%| F|  |TAMS 0x000000008bd00000, 0x000000008bd00000| Untracked 
| 190|0x000000008be00000, 0x000000008be00000, 0x000000008bf00000|  0%| F|  |TAMS 0x000000008be00000, 0x000000008be00000| Untracked 
| 191|0x000000008bf00000, 0x000000008bf00000, 0x000000008c000000|  0%| F|  |TAMS 0x000000008bf00000, 0x000000008bf00000| Untracked 
| 192|0x000000008c000000, 0x000000008c000000, 0x000000008c100000|  0%| F|  |TAMS 0x000000008c000000, 0x000000008c000000| Untracked 
| 193|0x000000008c100000, 0x000000008c100000, 0x000000008c200000|  0%| F|  |TAMS 0x000000008c100000, 0x000000008c100000| Untracked 
| 194|0x000000008c200000, 0x000000008c200000, 0x000000008c300000|  0%| F|  |TAMS 0x000000008c200000, 0x000000008c200000| Untracked 
| 195|0x000000008c300000, 0x000000008c300000, 0x000000008c400000|  0%| F|  |TAMS 0x000000008c300000, 0x000000008c300000| Untracked 
| 196|0x000000008c400000, 0x000000008c400000, 0x000000008c500000|  0%| F|  |TAMS 0x000000008c400000, 0x000000008c400000| Untracked 
| 197|0x000000008c500000, 0x000000008c500000, 0x000000008c600000|  0%| F|  |TAMS 0x000000008c500000, 0x000000008c500000| Untracked 
| 198|0x000000008c600000, 0x000000008c600000, 0x000000008c700000|  0%| F|  |TAMS 0x000000008c600000, 0x000000008c600000| Untracked 
| 199|0x000000008c700000, 0x000000008c700000, 0x000000008c800000|  0%| F|  |TAMS 0x000000008c700000, 0x000000008c700000| Untracked 
| 200|0x000000008c800000, 0x000000008c800000, 0x000000008c900000|  0%| F|  |TAMS 0x000000008c800000, 0x000000008c800000| Untracked 
| 201|0x000000008c900000, 0x000000008c900000, 0x000000008ca00000|  0%| F|  |TAMS 0x000000008c900000, 0x000000008c900000| Untracked 
| 202|0x000000008ca00000, 0x000000008ca00000, 0x000000008cb00000|  0%| F|  |TAMS 0x000000008ca00000, 0x000000008ca00000| Untracked 
| 203|0x000000008cb00000, 0x000000008cb00000, 0x000000008cc00000|  0%| F|  |TAMS 0x000000008cb00000, 0x000000008cb00000| Untracked 
| 204|0x000000008cc00000, 0x000000008cc00000, 0x000000008cd00000|  0%| F|  |TAMS 0x000000008cc00000, 0x000000008cc00000| Untracked 
| 205|0x000000008cd00000, 0x000000008cd00000, 0x000000008ce00000|  0%| F|  |TAMS 0x000000008cd00000, 0x000000008cd00000| Untracked 
| 206|0x000000008ce00000, 0x000000008ce00000, 0x000000008cf00000|  0%| F|  |TAMS 0x000000008ce00000, 0x000000008ce00000| Untracked 
| 207|0x000000008cf00000, 0x000000008cf00000, 0x000000008d000000|  0%| F|  |TAMS 0x000000008cf00000, 0x000000008cf00000| Untracked 
| 208|0x000000008d000000, 0x000000008d000000, 0x000000008d100000|  0%| F|  |TAMS 0x000000008d000000, 0x000000008d000000| Untracked 
| 209|0x000000008d100000, 0x000000008d100000, 0x000000008d200000|  0%| F|  |TAMS 0x000000008d100000, 0x000000008d100000| Untracked 
| 210|0x000000008d200000, 0x000000008d200000, 0x000000008d300000|  0%| F|  |TAMS 0x000000008d200000, 0x000000008d200000| Untracked 
| 211|0x000000008d300000, 0x000000008d300000, 0x000000008d400000|  0%| F|  |TAMS 0x000000008d300000, 0x000000008d300000| Untracked 
| 212|0x000000008d400000, 0x000000008d400000, 0x000000008d500000|  0%| F|  |TAMS 0x000000008d400000, 0x000000008d400000| Untracked 
| 213|0x000000008d500000, 0x000000008d500000, 0x000000008d600000|  0%| F|  |TAMS 0x000000008d500000, 0x000000008d500000| Untracked 
| 214|0x000000008d600000, 0x000000008d600000, 0x000000008d700000|  0%| F|  |TAMS 0x000000008d600000, 0x000000008d600000| Untracked 
| 215|0x000000008d700000, 0x000000008d700000, 0x000000008d800000|  0%| F|  |TAMS 0x000000008d700000, 0x000000008d700000| Untracked 
| 216|0x000000008d800000, 0x000000008d800000, 0x000000008d900000|  0%| F|  |TAMS 0x000000008d800000, 0x000000008d800000| Untracked 
| 217|0x000000008d900000, 0x000000008d900000, 0x000000008da00000|  0%| F|  |TAMS 0x000000008d900000, 0x000000008d900000| Untracked 
| 218|0x000000008da00000, 0x000000008da00000, 0x000000008db00000|  0%| F|  |TAMS 0x000000008da00000, 0x000000008da00000| Untracked 
| 219|0x000000008db00000, 0x000000008db00000, 0x000000008dc00000|  0%| F|  |TAMS 0x000000008db00000, 0x000000008db00000| Untracked 
| 220|0x000000008dc00000, 0x000000008dc00000, 0x000000008dd00000|  0%| F|  |TAMS 0x000000008dc00000, 0x000000008dc00000| Untracked 
| 221|0x000000008dd00000, 0x000000008dd00000, 0x000000008de00000|  0%| F|  |TAMS 0x000000008dd00000, 0x000000008dd00000| Untracked 
| 222|0x000000008de00000, 0x000000008de00000, 0x000000008df00000|  0%| F|  |TAMS 0x000000008de00000, 0x000000008de00000| Untracked 
| 223|0x000000008df00000, 0x000000008df00000, 0x000000008e000000|  0%| F|  |TAMS 0x000000008df00000, 0x000000008df00000| Untracked 
| 224|0x000000008e000000, 0x000000008e000000, 0x000000008e100000|  0%| F|  |TAMS 0x000000008e000000, 0x000000008e000000| Untracked 
| 225|0x000000008e100000, 0x000000008e100000, 0x000000008e200000|  0%| F|  |TAMS 0x000000008e100000, 0x000000008e100000| Untracked 
| 226|0x000000008e200000, 0x000000008e200000, 0x000000008e300000|  0%| F|  |TAMS 0x000000008e200000, 0x000000008e200000| Untracked 
| 227|0x000000008e300000, 0x000000008e300000, 0x000000008e400000|  0%| F|  |TAMS 0x000000008e300000, 0x000000008e300000| Untracked 
| 228|0x000000008e400000, 0x000000008e400000, 0x000000008e500000|  0%| F|  |TAMS 0x000000008e400000, 0x000000008e400000| Untracked 
| 229|0x000000008e500000, 0x000000008e500000, 0x000000008e600000|  0%| F|  |TAMS 0x000000008e500000, 0x000000008e500000| Untracked 
| 230|0x000000008e600000, 0x000000008e600000, 0x000000008e700000|  0%| F|  |TAMS 0x000000008e600000, 0x000000008e600000| Untracked 
| 231|0x000000008e700000, 0x000000008e700000, 0x000000008e800000|  0%| F|  |TAMS 0x000000008e700000, 0x000000008e700000| Untracked 
| 232|0x000000008e800000, 0x000000008e800000, 0x000000008e900000|  0%| F|  |TAMS 0x000000008e800000, 0x000000008e800000| Untracked 
| 233|0x000000008e900000, 0x000000008e900000, 0x000000008ea00000|  0%| F|  |TAMS 0x000000008e900000, 0x000000008e900000| Untracked 
| 234|0x000000008ea00000, 0x000000008ea00000, 0x000000008eb00000|  0%| F|  |TAMS 0x000000008ea00000, 0x000000008ea00000| Untracked 
| 235|0x000000008eb00000, 0x000000008eb00000, 0x000000008ec00000|  0%| F|  |TAMS 0x000000008eb00000, 0x000000008eb00000| Untracked 
| 236|0x000000008ec00000, 0x000000008ec00000, 0x000000008ed00000|  0%| F|  |TAMS 0x000000008ec00000, 0x000000008ec00000| Untracked 
| 237|0x000000008ed00000, 0x000000008ed00000, 0x000000008ee00000|  0%| F|  |TAMS 0x000000008ed00000, 0x000000008ed00000| Untracked 
| 238|0x000000008ee00000, 0x000000008ee00000, 0x000000008ef00000|  0%| F|  |TAMS 0x000000008ee00000, 0x000000008ee00000| Untracked 
| 239|0x000000008ef00000, 0x000000008ef00000, 0x000000008f000000|  0%| F|  |TAMS 0x000000008ef00000, 0x000000008ef00000| Untracked 
| 240|0x000000008f000000, 0x000000008f000000, 0x000000008f100000|  0%| F|  |TAMS 0x000000008f000000, 0x000000008f000000| Untracked 
| 241|0x000000008f100000, 0x000000008f100000, 0x000000008f200000|  0%| F|  |TAMS 0x000000008f100000, 0x000000008f100000| Untracked 
| 242|0x000000008f200000, 0x000000008f200000, 0x000000008f300000|  0%| F|  |TAMS 0x000000008f200000, 0x000000008f200000| Untracked 
| 243|0x000000008f300000, 0x000000008f300000, 0x000000008f400000|  0%| F|  |TAMS 0x000000008f300000, 0x000000008f300000| Untracked 
| 244|0x000000008f400000, 0x000000008f400000, 0x000000008f500000|  0%| F|  |TAMS 0x000000008f400000, 0x000000008f400000| Untracked 
| 245|0x000000008f500000, 0x000000008f500000, 0x000000008f600000|  0%| F|  |TAMS 0x000000008f500000, 0x000000008f500000| Untracked 
| 246|0x000000008f600000, 0x000000008f600000, 0x000000008f700000|  0%| F|  |TAMS 0x000000008f600000, 0x000000008f600000| Untracked 
| 247|0x000000008f700000, 0x000000008f700000, 0x000000008f800000|  0%| F|  |TAMS 0x000000008f700000, 0x000000008f700000| Untracked 
| 248|0x000000008f800000, 0x000000008f800000, 0x000000008f900000|  0%| F|  |TAMS 0x000000008f800000, 0x000000008f800000| Untracked 
| 249|0x000000008f900000, 0x000000008f900000, 0x000000008fa00000|  0%| F|  |TAMS 0x000000008f900000, 0x000000008f900000| Untracked 
| 250|0x000000008fa00000, 0x000000008fa00000, 0x000000008fb00000|  0%| F|  |TAMS 0x000000008fa00000, 0x000000008fa00000| Untracked 
| 251|0x000000008fb00000, 0x000000008fb00000, 0x000000008fc00000|  0%| F|  |TAMS 0x000000008fb00000, 0x000000008fb00000| Untracked 
| 252|0x000000008fc00000, 0x000000008fc00000, 0x000000008fd00000|  0%| F|  |TAMS 0x000000008fc00000, 0x000000008fc00000| Untracked 
| 253|0x000000008fd00000, 0x000000008fd00000, 0x000000008fe00000|  0%| F|  |TAMS 0x000000008fd00000, 0x000000008fd00000| Untracked 
| 254|0x000000008fe00000, 0x000000008fe00000, 0x000000008ff00000|  0%| F|  |TAMS 0x000000008fe00000, 0x000000008fe00000| Untracked 
| 255|0x000000008ff00000, 0x0000000090000000, 0x0000000090000000|100%| E|  |TAMS 0x000000008ff00000, 0x000000008ff00000| Complete 
| 256|0x0000000090000000, 0x0000000090100000, 0x0000000090100000|100%| E|CS|TAMS 0x0000000090000000, 0x0000000090000000| Complete 
| 257|0x0000000090100000, 0x0000000090200000, 0x0000000090200000|100%| E|CS|TAMS 0x0000000090100000, 0x0000000090100000| Complete 
| 258|0x0000000090200000, 0x0000000090300000, 0x0000000090300000|100%| E|CS|TAMS 0x0000000090200000, 0x0000000090200000| Complete 
| 259|0x0000000090300000, 0x0000000090400000, 0x0000000090400000|100%| E|CS|TAMS 0x0000000090300000, 0x0000000090300000| Complete 
| 260|0x0000000090400000, 0x0000000090500000, 0x0000000090500000|100%| E|CS|TAMS 0x0000000090400000, 0x0000000090400000| Complete 
| 261|0x0000000090500000, 0x0000000090600000, 0x0000000090600000|100%| E|CS|TAMS 0x0000000090500000, 0x0000000090500000| Complete 
| 262|0x0000000090600000, 0x0000000090700000, 0x0000000090700000|100%| E|CS|TAMS 0x0000000090600000, 0x0000000090600000| Complete 
| 263|0x0000000090700000, 0x0000000090800000, 0x0000000090800000|100%| E|CS|TAMS 0x0000000090700000, 0x0000000090700000| Complete 
| 264|0x0000000090800000, 0x0000000090900000, 0x0000000090900000|100%| E|CS|TAMS 0x0000000090800000, 0x0000000090800000| Complete 
| 265|0x0000000090900000, 0x0000000090a00000, 0x0000000090a00000|100%| E|CS|TAMS 0x0000000090900000, 0x0000000090900000| Complete 
| 266|0x0000000090a00000, 0x0000000090b00000, 0x0000000090b00000|100%| E|CS|TAMS 0x0000000090a00000, 0x0000000090a00000| Complete 
| 267|0x0000000090b00000, 0x0000000090c00000, 0x0000000090c00000|100%| E|CS|TAMS 0x0000000090b00000, 0x0000000090b00000| Complete 
| 268|0x0000000090c00000, 0x0000000090d00000, 0x0000000090d00000|100%| E|CS|TAMS 0x0000000090c00000, 0x0000000090c00000| Complete 
| 269|0x0000000090d00000, 0x0000000090e00000, 0x0000000090e00000|100%| E|CS|TAMS 0x0000000090d00000, 0x0000000090d00000| Complete 
| 270|0x0000000090e00000, 0x0000000090f00000, 0x0000000090f00000|100%| E|CS|TAMS 0x0000000090e00000, 0x0000000090e00000| Complete 
| 271|0x0000000090f00000, 0x0000000091000000, 0x0000000091000000|100%| E|CS|TAMS 0x0000000090f00000, 0x0000000090f00000| Complete 
| 272|0x0000000091000000, 0x0000000091100000, 0x0000000091100000|100%| E|CS|TAMS 0x0000000091000000, 0x0000000091000000| Complete 
| 273|0x0000000091100000, 0x0000000091200000, 0x0000000091200000|100%| E|CS|TAMS 0x0000000091100000, 0x0000000091100000| Complete 
| 274|0x0000000091200000, 0x0000000091300000, 0x0000000091300000|100%| E|CS|TAMS 0x0000000091200000, 0x0000000091200000| Complete 
| 275|0x0000000091300000, 0x0000000091400000, 0x0000000091400000|100%| E|CS|TAMS 0x0000000091300000, 0x0000000091300000| Complete 
| 276|0x0000000091400000, 0x0000000091500000, 0x0000000091500000|100%| E|CS|TAMS 0x0000000091400000, 0x0000000091400000| Complete 
| 277|0x0000000091500000, 0x0000000091600000, 0x0000000091600000|100%| E|CS|TAMS 0x0000000091500000, 0x0000000091500000| Complete 
| 278|0x0000000091600000, 0x0000000091700000, 0x0000000091700000|100%| E|CS|TAMS 0x0000000091600000, 0x0000000091600000| Complete 
| 279|0x0000000091700000, 0x0000000091800000, 0x0000000091800000|100%| E|CS|TAMS 0x0000000091700000, 0x0000000091700000| Complete 
| 280|0x0000000091800000, 0x0000000091900000, 0x0000000091900000|100%| E|CS|TAMS 0x0000000091800000, 0x0000000091800000| Complete 
| 281|0x0000000091900000, 0x0000000091a00000, 0x0000000091a00000|100%| E|CS|TAMS 0x0000000091900000, 0x0000000091900000| Complete 
| 282|0x0000000091a00000, 0x0000000091b00000, 0x0000000091b00000|100%| E|CS|TAMS 0x0000000091a00000, 0x0000000091a00000| Complete 
| 283|0x0000000091b00000, 0x0000000091c00000, 0x0000000091c00000|100%| E|CS|TAMS 0x0000000091b00000, 0x0000000091b00000| Complete 
| 284|0x0000000091c00000, 0x0000000091d00000, 0x0000000091d00000|100%| E|CS|TAMS 0x0000000091c00000, 0x0000000091c00000| Complete 
| 285|0x0000000091d00000, 0x0000000091e00000, 0x0000000091e00000|100%| E|CS|TAMS 0x0000000091d00000, 0x0000000091d00000| Complete 
| 454|0x000000009c600000, 0x000000009c700000, 0x000000009c700000|100%| E|CS|TAMS 0x000000009c600000, 0x000000009c600000| Complete 
| 455|0x000000009c700000, 0x000000009c800000, 0x000000009c800000|100%| E|CS|TAMS 0x000000009c700000, 0x000000009c700000| Complete 
| 456|0x000000009c800000, 0x000000009c900000, 0x000000009c900000|100%| E|CS|TAMS 0x000000009c800000, 0x000000009c800000| Complete 
| 457|0x000000009c900000, 0x000000009ca00000, 0x000000009ca00000|100%| E|CS|TAMS 0x000000009c900000, 0x000000009c900000| Complete 
| 458|0x000000009ca00000, 0x000000009cb00000, 0x000000009cb00000|100%| E|CS|TAMS 0x000000009ca00000, 0x000000009ca00000| Complete 
| 459|0x000000009cb00000, 0x000000009cc00000, 0x000000009cc00000|100%| E|CS|TAMS 0x000000009cb00000, 0x000000009cb00000| Complete 
| 460|0x000000009cc00000, 0x000000009cd00000, 0x000000009cd00000|100%| E|CS|TAMS 0x000000009cc00000, 0x000000009cc00000| Complete 
| 461|0x000000009cd00000, 0x000000009ce00000, 0x000000009ce00000|100%| E|CS|TAMS 0x000000009cd00000, 0x000000009cd00000| Complete 
| 462|0x000000009ce00000, 0x000000009cf00000, 0x000000009cf00000|100%| E|CS|TAMS 0x000000009ce00000, 0x000000009ce00000| Complete 
| 509|0x000000009fd00000, 0x000000009fe00000, 0x000000009fe00000|100%| E|CS|TAMS 0x000000009fd00000, 0x000000009fd00000| Complete 

Card table byte_map: [0x000001874ae70000,0x000001874b270000] _byte_map_base: 0x000001874aa70000

Marking Bits (Prev, Next): (CMBitMap*) 0x00000187382caa50, (CMBitMap*) 0x00000187382caa10
 Prev Bits: [0x000001874d670000, 0x000001874f670000)
 Next Bits: [0x000001874b670000, 0x000001874d670000)

Polling page: 0x00000187363c0000

Metaspace:

Usage:
  Non-class:     48.45 MB used.
      Class:      7.58 MB used.
       Both:     56.02 MB used.

Virtual space:
  Non-class space:       64.00 MB reserved,      48.69 MB ( 76%) committed,  1 nodes.
      Class space:        1.00 GB reserved,       7.81 MB ( <1%) committed,  1 nodes.
             Both:        1.06 GB reserved,      56.50 MB (  5%) committed. 

Chunk freelists:
   Non-Class:  15.34 MB
       Class:  8.23 MB
        Both:  23.58 MB

MaxMetaspaceSize: unlimited
CompressedClassSpaceSize: 1.00 GB
Initial GC threshold: 21.00 MB
Current GC threshold: 78.38 MB
CDS: off
MetaspaceReclaimPolicy: balanced
 - commit_granule_bytes: 65536.
 - commit_granule_words: 8192.
 - virtual_space_node_default_size: 8388608.
 - enlarge_chunks_in_place: 1.
 - new_chunks_are_fully_committed: 0.
 - uncommit_free_chunks: 1.
 - use_allocation_guard: 0.
 - handle_deallocations: 1.


Internal statistics:

num_allocs_failed_limit: 3.
num_arena_births: 506.
num_arena_deaths: 8.
num_vsnodes_births: 2.
num_vsnodes_deaths: 0.
num_space_committed: 904.
num_space_uncommitted: 0.
num_chunks_returned_to_freelist: 12.
num_chunks_taken_from_freelist: 2373.
num_chunk_merges: 2.
num_chunk_splits: 1542.
num_chunks_enlarged: 1089.
num_inconsistent_stats: 0.

CodeHeap 'non-profiled nmethods': size=120000Kb used=3018Kb max_used=3018Kb free=116981Kb
 bounds [0x0000018743210000, 0x0000018743510000, 0x000001874a740000]
CodeHeap 'profiled nmethods': size=120000Kb used=10200Kb max_used=10200Kb free=109799Kb
 bounds [0x000001873b740000, 0x000001873c140000, 0x0000018742c70000]
CodeHeap 'non-nmethods': size=5760Kb used=2326Kb max_used=2445Kb free=3433Kb
 bounds [0x0000018742c70000, 0x0000018742ee0000, 0x0000018743210000]
 total_blobs=6014 nmethods=5170 adapters=755
 compilation: enabled
              stopped_count=0, restarted_count=0
 full_count=0

Compilation events (20 events):
Event: 77.490 Thread 0x000001875ab2ba80 5949       4       org.objectweb.asm.MethodWriter::endCurrentBasicBlockWithNoSuccessor (98 bytes)
Event: 77.493 Thread 0x000001875229fab0 nmethod 5945 0x000001873c12c090 code [0x000001873c12c600, 0x000001873c12ece8]
Event: 77.493 Thread 0x000001875229fab0 5947       2       org.objectweb.asm.Type::getMethodType (16 bytes)
Event: 77.493 Thread 0x000001875229fab0 nmethod 5947 0x000001873c130410 code [0x000001873c1305a0, 0x000001873c130778]
Event: 77.493 Thread 0x000001875229fab0 5948       2       org.gradle.internal.classpath.transforms.LambdaSerializationTransformer::access$800 (4 bytes)
Event: 77.493 Thread 0x000001875229fab0 nmethod 5948 0x000001873c130890 code [0x000001873c130a20, 0x000001873c130b18]
Event: 77.493 Thread 0x000001875229fab0 5950       1       org.objectweb.asm.commons.CodeSizeEvaluator::getMaxSize (5 bytes)
Event: 77.493 Thread 0x000001875229fab0 nmethod 5950 0x00000187434f0890 code [0x00000187434f0a20, 0x00000187434f0af8]
Event: 77.509 Thread 0x000001875ab2ba80 nmethod 5949 0x00000187434f0b90 code [0x00000187434f0d40, 0x00000187434f1638]
Event: 77.509 Thread 0x000001875ab2ba80 5951       4       java.util.RegularEnumSet::contains (57 bytes)
Event: 77.510 Thread 0x000001875ab2ba80 nmethod 5951 0x00000187434f1990 code [0x00000187434f1b00, 0x00000187434f1c18]
Event: 77.510 Thread 0x000001875ab2ba80 5946       4       java.util.Collections$UnmodifiableCollection::contains (11 bytes)
Event: 77.511 Thread 0x000001875229fab0 5952       3       org.objectweb.asm.AnnotationWriter::putParameterAnnotations (173 bytes)
Event: 77.512 Thread 0x000001875229fab0 nmethod 5952 0x000001873c130b90 code [0x000001873c130dc0, 0x000001873c131468]
Event: 77.523 Thread 0x000001875ab2ba80 nmethod 5946 0x00000187434f1d10 code [0x00000187434f1f00, 0x00000187434f2630]
Event: 77.523 Thread 0x000001875ab2ba80 5935       4       org.objectweb.asm.MethodWriter::visitJumpInsn (495 bytes)
Event: 77.538 Thread 0x000001875229fab0 5955       2       org.objectweb.asm.SymbolTable::hash (19 bytes)
Event: 77.538 Thread 0x000001875229fab0 nmethod 5955 0x000001873c131890 code [0x000001873c131a40, 0x000001873c131b98]
Event: 77.557 Thread 0x00000187522774b0 nmethod 5723 0x00000187434f2c10 code [0x00000187434f3020, 0x00000187434f9c28]
Event: 77.558 Thread 0x00000187522774b0 5954       4       org.objectweb.asm.ClassReader::readStackMapFrame (535 bytes)

GC Heap History (20 events):
Event: 71.545 GC heap before
{Heap before GC invocations=6 (full 0):
 garbage-first heap   total 71680K, used 59072K [0x0000000080000000, 0x0000000100000000)
  region size 1024K, 30 young (30720K), 4 survivors (4096K)
 Metaspace       used 33857K, committed 34240K, reserved 1114112K
  class space    used 4608K, committed 4736K, reserved 1048576K
}
Event: 71.552 GC heap after
{Heap after GC invocations=7 (full 0):
 garbage-first heap   total 71680K, used 39905K [0x0000000080000000, 0x0000000100000000)
  region size 1024K, 5 young (5120K), 5 survivors (5120K)
 Metaspace       used 33857K, committed 34240K, reserved 1114112K
  class space    used 4608K, committed 4736K, reserved 1048576K
}
Event: 72.223 GC heap before
{Heap before GC invocations=7 (full 0):
 garbage-first heap   total 71680K, used 54241K [0x0000000080000000, 0x0000000100000000)
  region size 1024K, 20 young (20480K), 5 survivors (5120K)
 Metaspace       used 35589K, committed 35968K, reserved 1114112K
  class space    used 4911K, committed 5056K, reserved 1048576K
}
Event: 72.227 GC heap after
{Heap after GC invocations=8 (full 0):
 garbage-first heap   total 71680K, used 40660K [0x0000000080000000, 0x0000000100000000)
  region size 1024K, 1 young (1024K), 1 survivors (1024K)
 Metaspace       used 35589K, committed 35968K, reserved 1114112K
  class space    used 4911K, committed 5056K, reserved 1048576K
}
Event: 72.743 GC heap before
{Heap before GC invocations=9 (full 0):
 garbage-first heap   total 71680K, used 54996K [0x0000000080000000, 0x0000000100000000)
  region size 1024K, 16 young (16384K), 1 survivors (1024K)
 Metaspace       used 37744K, committed 38144K, reserved 1114112K
  class space    used 5228K, committed 5440K, reserved 1048576K
}
Event: 72.746 GC heap after
{Heap after GC invocations=10 (full 0):
 garbage-first heap   total 71680K, used 41139K [0x0000000080000000, 0x0000000100000000)
  region size 1024K, 2 young (2048K), 2 survivors (2048K)
 Metaspace       used 37744K, committed 38144K, reserved 1114112K
  class space    used 5228K, committed 5440K, reserved 1048576K
}
Event: 73.198 GC heap before
{Heap before GC invocations=10 (full 0):
 garbage-first heap   total 71680K, used 55475K [0x0000000080000000, 0x0000000100000000)
  region size 1024K, 17 young (17408K), 2 survivors (2048K)
 Metaspace       used 40599K, committed 40960K, reserved 1114112K
  class space    used 5581K, committed 5760K, reserved 1048576K
}
Event: 73.201 GC heap after
{Heap after GC invocations=11 (full 0):
 garbage-first heap   total 71680K, used 41780K [0x0000000080000000, 0x0000000100000000)
  region size 1024K, 2 young (2048K), 2 survivors (2048K)
 Metaspace       used 40599K, committed 40960K, reserved 1114112K
  class space    used 5581K, committed 5760K, reserved 1048576K
}
Event: 73.472 GC heap before
{Heap before GC invocations=12 (full 0):
 garbage-first heap   total 73728K, used 58164K [0x0000000080000000, 0x0000000100000000)
  region size 1024K, 18 young (18432K), 2 survivors (2048K)
 Metaspace       used 41347K, committed 41728K, reserved 1114112K
  class space    used 5638K, committed 5824K, reserved 1048576K
}
Event: 73.476 GC heap after
{Heap after GC invocations=13 (full 0):
 garbage-first heap   total 73728K, used 44072K [0x0000000080000000, 0x0000000100000000)
  region size 1024K, 3 young (3072K), 3 survivors (3072K)
 Metaspace       used 41347K, committed 41728K, reserved 1114112K
  class space    used 5638K, committed 5824K, reserved 1048576K
}
Event: 73.781 GC heap before
{Heap before GC invocations=13 (full 0):
 garbage-first heap   total 73728K, used 58408K [0x0000000080000000, 0x0000000100000000)
  region size 1024K, 18 young (18432K), 3 survivors (3072K)
 Metaspace       used 43491K, committed 43904K, reserved 1114112K
  class space    used 6037K, committed 6272K, reserved 1048576K
}
Event: 73.785 GC heap after
{Heap after GC invocations=14 (full 0):
 garbage-first heap   total 73728K, used 44425K [0x0000000080000000, 0x0000000100000000)
  region size 1024K, 2 young (2048K), 2 survivors (2048K)
 Metaspace       used 43491K, committed 43904K, reserved 1114112K
  class space    used 6037K, committed 6272K, reserved 1048576K
}
Event: 74.195 GC heap before
{Heap before GC invocations=15 (full 0):
 garbage-first heap   total 78848K, used 57737K [0x0000000080000000, 0x0000000100000000)
  region size 1024K, 16 young (16384K), 2 survivors (2048K)
 Metaspace       used 44901K, committed 45312K, reserved 1114112K
  class space    used 6205K, committed 6400K, reserved 1048576K
}
Event: 74.198 GC heap after
{Heap after GC invocations=16 (full 0):
 garbage-first heap   total 78848K, used 45396K [0x0000000080000000, 0x0000000100000000)
  region size 1024K, 2 young (2048K), 2 survivors (2048K)
 Metaspace       used 44901K, committed 45312K, reserved 1114112K
  class space    used 6205K, committed 6400K, reserved 1048576K
}
Event: 74.821 GC heap before
{Heap before GC invocations=16 (full 0):
 garbage-first heap   total 78848K, used 61780K [0x0000000080000000, 0x0000000100000000)
  region size 1024K, 19 young (19456K), 2 survivors (2048K)
 Metaspace       used 47596K, committed 48000K, reserved 1114112K
  class space    used 6523K, committed 6720K, reserved 1048576K
}
Event: 74.824 GC heap after
{Heap after GC invocations=17 (full 0):
 garbage-first heap   total 78848K, used 46809K [0x0000000080000000, 0x0000000100000000)
  region size 1024K, 3 young (3072K), 3 survivors (3072K)
 Metaspace       used 47596K, committed 48000K, reserved 1114112K
  class space    used 6523K, committed 6720K, reserved 1048576K
}
Event: 75.251 GC heap before
{Heap before GC invocations=18 (full 0):
 garbage-first heap   total 83968K, used 62169K [0x0000000080000000, 0x0000000100000000)
  region size 1024K, 19 young (19456K), 3 survivors (3072K)
 Metaspace       used 51332K, committed 51776K, reserved 1114112K
  class space    used 6957K, committed 7168K, reserved 1048576K
}
Event: 75.256 GC heap after
{Heap after GC invocations=19 (full 0):
 garbage-first heap   total 303104K, used 49001K [0x0000000080000000, 0x0000000100000000)
  region size 1024K, 3 young (3072K), 3 survivors (3072K)
 Metaspace       used 51332K, committed 51776K, reserved 1114112K
  class space    used 6957K, committed 7168K, reserved 1048576K
}
Event: 77.270 GC heap before
{Heap before GC invocations=19 (full 0):
 garbage-first heap   total 303104K, used 204649K [0x0000000080000000, 0x0000000100000000)
  region size 1024K, 146 young (149504K), 3 survivors (3072K)
 Metaspace       used 57225K, committed 57664K, reserved 1114112K
  class space    used 7734K, committed 7936K, reserved 1048576K
}
Event: 77.279 GC heap after
{Heap after GC invocations=20 (full 0):
 garbage-first heap   total 303104K, used 56371K [0x0000000080000000, 0x0000000100000000)
  region size 1024K, 8 young (8192K), 8 survivors (8192K)
 Metaspace       used 57225K, committed 57664K, reserved 1114112K
  class space    used 7734K, committed 7936K, reserved 1048576K
}

Dll operation events (3 events):
Event: 0.008 Loaded shared library C:\Program Files\Android\Android Studio\jbr\bin\java.dll
Event: 0.130 Loaded shared library C:\Program Files\Android\Android Studio\jbr\bin\zip.dll
Event: 0.528 Loaded shared library C:\Program Files\Android\Android Studio\jbr\bin\verify.dll

Deoptimization events (20 events):
Event: 77.383 Thread 0x0000018758050180 DEOPT PACKING pc=0x000001873c09fd3c sp=0x00000026c63f3f10
Event: 77.383 Thread 0x0000018758050180 DEOPT UNPACKING pc=0x0000018742cc7143 sp=0x00000026c63f3420 mode 0
Event: 77.398 Thread 0x0000018758050180 Uncommon trap: trap_request=0xffffffc6 fr.pc=0x00000187434e1524 relative=0x0000000000000344
Event: 77.398 Thread 0x0000018758050180 Uncommon trap: reason=bimorphic_or_optimized_type_check action=maybe_recompile pc=0x00000187434e1524 method=org.objectweb.asm.Label.accept(Lorg/objectweb/asm/MethodVisitor;Z)V @ 2 c2
Event: 77.398 Thread 0x0000018758050180 DEOPT PACKING pc=0x00000187434e1524 sp=0x00000026c63f3a10
Event: 77.398 Thread 0x0000018758050180 DEOPT UNPACKING pc=0x0000018742cc69a3 sp=0x00000026c63f39a8 mode 2
Event: 77.399 Thread 0x0000018758050180 Uncommon trap: trap_request=0xffffffc6 fr.pc=0x00000187434e1524 relative=0x0000000000000344
Event: 77.399 Thread 0x0000018758050180 Uncommon trap: reason=bimorphic_or_optimized_type_check action=maybe_recompile pc=0x00000187434e1524 method=org.objectweb.asm.Label.accept(Lorg/objectweb/asm/MethodVisitor;Z)V @ 2 c2
Event: 77.399 Thread 0x0000018758050180 DEOPT PACKING pc=0x00000187434e1524 sp=0x00000026c63f3a10
Event: 77.399 Thread 0x0000018758050180 DEOPT UNPACKING pc=0x0000018742cc69a3 sp=0x00000026c63f39a8 mode 2
Event: 77.400 Thread 0x0000018758050180 Uncommon trap: trap_request=0xffffffc6 fr.pc=0x00000187434e1524 relative=0x0000000000000344
Event: 77.400 Thread 0x0000018758050180 Uncommon trap: reason=bimorphic_or_optimized_type_check action=maybe_recompile pc=0x00000187434e1524 method=org.objectweb.asm.Label.accept(Lorg/objectweb/asm/MethodVisitor;Z)V @ 2 c2
Event: 77.400 Thread 0x0000018758050180 DEOPT PACKING pc=0x00000187434e1524 sp=0x00000026c63f3a10
Event: 77.400 Thread 0x0000018758050180 DEOPT UNPACKING pc=0x0000018742cc69a3 sp=0x00000026c63f39a8 mode 2
Event: 77.401 Thread 0x0000018758050180 Uncommon trap: trap_request=0xffffffc6 fr.pc=0x00000187434e1524 relative=0x0000000000000344
Event: 77.401 Thread 0x0000018758050180 Uncommon trap: reason=bimorphic_or_optimized_type_check action=maybe_recompile pc=0x00000187434e1524 method=org.objectweb.asm.Label.accept(Lorg/objectweb/asm/MethodVisitor;Z)V @ 2 c2
Event: 77.401 Thread 0x0000018758050180 DEOPT PACKING pc=0x00000187434e1524 sp=0x00000026c63f3a10
Event: 77.401 Thread 0x0000018758050180 DEOPT UNPACKING pc=0x0000018742cc69a3 sp=0x00000026c63f39a8 mode 2
Event: 77.483 Thread 0x0000018758050180 DEOPT PACKING pc=0x000001873c01cbb4 sp=0x00000026c63f4c80
Event: 77.483 Thread 0x0000018758050180 DEOPT UNPACKING pc=0x0000018742cc7143 sp=0x00000026c63f4230 mode 0

Classes unloaded (4 events):
Event: 73.228 Thread 0x000001875197e6d0 Unloading class 0x000000010046dc00 'java/lang/invoke/LambdaForm$MH+0x000000010046dc00'
Event: 73.228 Thread 0x000001875197e6d0 Unloading class 0x000000010046d800 'java/lang/invoke/LambdaForm$DMH+0x000000010046d800'
Event: 73.228 Thread 0x000001875197e6d0 Unloading class 0x000000010046cc00 'java/lang/invoke/LambdaForm$DMH+0x000000010046cc00'
Event: 73.228 Thread 0x000001875197e6d0 Unloading class 0x000000010046c000 'java/lang/invoke/LambdaForm$DMH+0x000000010046c000'

Classes redefined (0 events):
No events

Internal exceptions (20 events):
Event: 75.857 Thread 0x0000018758050180 Exception <a 'java/lang/ClassNotFoundException'{0x0000000090a97670}: org/gradle/api/internal/initialization/DefaultScriptHandler_DecoratedCustomizer> (0x0000000090a97670) 
thrown [s\src\hotspot\share\classfile\systemDictionary.cpp, line 256]
Event: 75.918 Thread 0x0000018758050180 Exception <a 'java/lang/NoSuchMethodError'{0x0000000090703fb0}: 'java.lang.Object java.lang.invoke.DirectMethodHandle$Holder.newInvokeSpecial(java.lang.Object, java.lang.Object, java.lang.Object, java.lang.Object, int)'> (0x0000000090703fb0) 
thrown [s\src\hotspot\share\interpreter\linkResolver.cpp, line 771]
Event: 75.919 Thread 0x0000018758050180 Exception <a 'java/lang/NoSuchMethodError'{0x00000000907092d8}: 'java.lang.Object java.lang.invoke.DirectMethodHandle$Holder.invokeSpecial(java.lang.Object, java.lang.Object, java.lang.Object, java.lang.Object, java.lang.Object, int)'> (0x00000000907092d8) 
thrown [s\src\hotspot\share\interpreter\linkResolver.cpp, line 771]
Event: 75.919 Thread 0x0000018758050180 Exception <a 'java/lang/NoSuchMethodError'{0x000000009070dfb0}: 'java.lang.Object java.lang.invoke.Invokers$Holder.linkToTargetMethod(java.lang.Object, java.lang.Object, java.lang.Object, int, java.lang.Object)'> (0x000000009070dfb0) 
thrown [s\src\hotspot\share\interpreter\linkResolver.cpp, line 771]
Event: 75.971 Thread 0x0000018758050180 Exception <a 'java/lang/NoSuchMethodError'{0x000000009050ee60}: 'int java.lang.invoke.DirectMethodHandle$Holder.invokeInterface(java.lang.Object, java.lang.Object, java.lang.Object, java.lang.Object)'> (0x000000009050ee60) 
thrown [s\src\hotspot\share\interpreter\linkResolver.cpp, line 771]
Event: 76.103 Thread 0x0000018758050180 Implicit null exception at 0x00000187434226ec to 0x00000187434227a0
Event: 76.111 Thread 0x0000018758050180 Exception <a 'java/lang/ClassNotFoundException'{0x000000008ff9a8e0}: org/gradle/api/internal/artifacts/dsl/dependencies/DefaultDependencyHandler_DecoratedBeanInfo> (0x000000008ff9a8e0) 
thrown [s\src\hotspot\share\classfile\systemDictionary.cpp, line 256]
Event: 76.112 Thread 0x0000018758050180 Exception <a 'java/lang/ClassNotFoundException'{0x000000008ffb24d0}: org/gradle/api/internal/artifacts/dsl/dependencies/DefaultDependencyHandlerBeanInfo> (0x000000008ffb24d0) 
thrown [s\src\hotspot\share\classfile\systemDictionary.cpp, line 256]
Event: 76.113 Thread 0x0000018758050180 Exception <a 'java/lang/ClassNotFoundException'{0x000000008ffca080}: org/gradle/api/internal/artifacts/dsl/dependencies/DefaultDependencyHandlerCustomizer> (0x000000008ffca080) 
thrown [s\src\hotspot\share\classfile\systemDictionary.cpp, line 256]
Event: 76.117 Thread 0x0000018758050180 Exception <a 'java/lang/ClassNotFoundException'{0x000000008fe0ca48}: org/gradle/api/internal/artifacts/dsl/dependencies/DefaultDependencyHandler_DecoratedCustomizer> (0x000000008fe0ca48) 
thrown [s\src\hotspot\share\classfile\systemDictionary.cpp, line 256]
Event: 76.121 Thread 0x0000018758050180 Exception <a 'java/lang/ClassNotFoundException'{0x000000008fe51018}: sync_studio_tooling_1d1qiexnugyvavo0fzycm2r5x$_run_closure1BeanInfo> (0x000000008fe51018) 
thrown [s\src\hotspot\share\classfile\systemDictionary.cpp, line 256]
Event: 76.121 Thread 0x0000018758050180 Exception <a 'java/lang/ClassNotFoundException'{0x000000008fe580d0}: sync_studio_tooling_1d1qiexnugyvavo0fzycm2r5x$_run_closure1Customizer> (0x000000008fe580d0) 
thrown [s\src\hotspot\share\classfile\systemDictionary.cpp, line 256]
Event: 76.183 Thread 0x0000018758050180 Exception <a 'java/lang/NoSuchMethodError'{0x000000008fb5bde8}: 'java.lang.Object java.lang.invoke.DirectMethodHandle$Holder.newInvokeSpecial(java.lang.Object, int, java.lang.Object)'> (0x000000008fb5bde8) 
thrown [s\src\hotspot\share\interpreter\linkResolver.cpp, line 771]
Event: 76.238 Thread 0x0000018758050180 Exception <a 'java/lang/NoSuchMethodError'{0x000000008f99da88}: 'void java.lang.invoke.DirectMethodHandle$Holder.invokeInterface(java.lang.Object, java.lang.Object)'> (0x000000008f99da88) 
thrown [s\src\hotspot\share\interpreter\linkResolver.cpp, line 771]
Event: 76.411 Thread 0x0000018758050180 Exception <a 'java/lang/NoSuchMethodError'{0x000000008ef36ae0}: 'java.lang.Object java.lang.invoke.DirectMethodHandle$Holder.newInvokeSpecial(java.lang.Object, java.lang.Object, java.lang.Object, java.lang.Object, int, java.lang.Object)'> (0x000000008ef36ae0) 
thrown [s\src\hotspot\share\interpreter\linkResolver.cpp, line 771]
Event: 76.411 Thread 0x0000018758050180 Exception <a 'java/lang/NoSuchMethodError'{0x000000008ef3f970}: 'java.lang.Object java.lang.invoke.Invokers$Holder.linkToTargetMethod(java.lang.Object, java.lang.Object, java.lang.Object, int, java.lang.Object, java.lang.Object)'> (0x000000008ef3f970) 
thrown [s\src\hotspot\share\interpreter\linkResolver.cpp, line 771]
Event: 76.462 Thread 0x0000018758050180 Exception <a 'sun/nio/fs/WindowsException'{0x000000008ec43370}> (0x000000008ec43370) 
thrown [s\src\hotspot\share\prims\jni.cpp, line 517]
Event: 76.462 Thread 0x00000187570d84c0 Exception <a 'sun/nio/fs/WindowsException'{0x000000008ec94288}> (0x000000008ec94288) 
thrown [s\src\hotspot\share\prims\jni.cpp, line 517]
Event: 77.154 Thread 0x00000187570d84c0 Exception <a 'sun/nio/fs/WindowsException'{0x000000008a52d8f0}> (0x000000008a52d8f0) 
thrown [s\src\hotspot\share\prims\jni.cpp, line 517]
Event: 77.160 Thread 0x00000187570d84c0 Exception <a 'sun/nio/fs/WindowsException'{0x000000008a52de48}> (0x000000008a52de48) 
thrown [s\src\hotspot\share\prims\jni.cpp, line 517]

VM Operations (20 events):
Event: 75.600 Executing VM operation: ICBufferFull
Event: 75.600 Executing VM operation: ICBufferFull done
Event: 75.957 Executing VM operation: HandshakeAllThreads
Event: 75.957 Executing VM operation: HandshakeAllThreads done
Event: 75.969 Executing VM operation: HandshakeAllThreads
Event: 75.969 Executing VM operation: HandshakeAllThreads done
Event: 76.072 Executing VM operation: HandshakeAllThreads
Event: 76.072 Executing VM operation: HandshakeAllThreads done
Event: 76.113 Executing VM operation: ICBufferFull
Event: 76.113 Executing VM operation: ICBufferFull done
Event: 77.118 Executing VM operation: Cleanup
Event: 77.131 Executing VM operation: Cleanup done
Event: 77.270 Executing VM operation: G1CollectForAllocation
Event: 77.280 Executing VM operation: G1CollectForAllocation done
Event: 77.382 Executing VM operation: HandshakeAllThreads
Event: 77.383 Executing VM operation: HandshakeAllThreads done
Event: 77.480 Executing VM operation: HandshakeAllThreads
Event: 77.480 Executing VM operation: HandshakeAllThreads done
Event: 78.483 Executing VM operation: Cleanup
Event: 78.483 Executing VM operation: Cleanup done

Events (20 events):
Event: 75.842 loading class java/util/function/IntBinaryOperator
Event: 75.842 loading class java/util/function/IntBinaryOperator done
Event: 76.343 loading class java/io/DeleteOnExitHook
Event: 76.343 loading class java/io/DeleteOnExitHook done
Event: 76.343 loading class java/io/DeleteOnExitHook$1
Event: 76.344 loading class java/io/DeleteOnExitHook$1 done
Event: 76.390 loading class java/util/stream/DistinctOps
Event: 76.390 loading class java/util/stream/DistinctOps done
Event: 76.390 loading class java/util/stream/DistinctOps$1
Event: 76.391 loading class java/util/stream/DistinctOps$1 done
Event: 76.391 loading class java/util/stream/DistinctOps$1$2
Event: 76.391 loading class java/util/stream/DistinctOps$1$2 done
Event: 76.405 loading class sun/reflect/ReflectionFactory
Event: 76.405 loading class sun/reflect/ReflectionFactory done
Event: 76.405 loading class sun/reflect/ReflectionFactory$1
Event: 76.405 loading class sun/reflect/ReflectionFactory$1 done
Event: 76.433 Thread 0x00000187570d84c0 Thread added: 0x00000187570d84c0
Event: 76.435 Thread 0x00000187570d89d0 Thread added: 0x00000187570d89d0
Event: 76.478 loading class java/security/Key
Event: 76.478 loading class java/security/Key done


Dynamic libraries:
0x00007ff6dd0d0000 - 0x00007ff6dd0da000 	C:\Program Files\Android\Android Studio\jbr\bin\java.exe
0x00007ffcb7dc0000 - 0x00007ffcb8027000 	C:\WINDOWS\SYSTEM32\ntdll.dll
0x00007ffcb76a0000 - 0x00007ffcb7769000 	C:\WINDOWS\System32\KERNEL32.DLL
0x00007ffcb5010000 - 0x00007ffcb5400000 	C:\WINDOWS\System32\KERNELBASE.dll
0x00007ffcb4ec0000 - 0x00007ffcb500b000 	C:\WINDOWS\System32\ucrtbase.dll
0x00007ffc6d2e0000 - 0x00007ffc6d2f7000 	C:\Program Files\Android\Android Studio\jbr\bin\jli.dll
0x00007ffcb5b20000 - 0x00007ffcb5ce5000 	C:\WINDOWS\System32\USER32.dll
0x00007ffc9a7b0000 - 0x00007ffc9aa4a000 	C:\WINDOWS\WinSxS\amd64_microsoft.windows.common-controls_6595b64144ccf1df_6.0.26100.4768_none_3e0c112ce331287c\COMCTL32.dll
0x00007ffcb5a50000 - 0x00007ffcb5a77000 	C:\WINDOWS\System32\win32u.dll
0x00007ffcb6090000 - 0x00007ffcb6139000 	C:\WINDOWS\System32\msvcrt.dll
0x00007ffcb6060000 - 0x00007ffcb608b000 	C:\WINDOWS\System32\GDI32.dll
0x00007ffcb5910000 - 0x00007ffcb5a48000 	C:\WINDOWS\System32\gdi32full.dll
0x00007ffcb5410000 - 0x00007ffcb54b3000 	C:\WINDOWS\System32\msvcp_win.dll
0x00007ffc99310000 - 0x00007ffc9932b000 	C:\Program Files\Android\Android Studio\jbr\bin\VCRUNTIME140.dll
0x00007ffcb5d60000 - 0x00007ffcb5d8f000 	C:\WINDOWS\System32\IMM32.DLL
0x00007ffc995a0000 - 0x00007ffc995ac000 	C:\Program Files\Android\Android Studio\jbr\bin\vcruntime140_1.dll
0x00007ffc6c410000 - 0x00007ffc6c49d000 	C:\Program Files\Android\Android Studio\jbr\bin\msvcp140.dll
0x00007ffbbc930000 - 0x00007ffbbd5b3000 	C:\Program Files\Android\Android Studio\jbr\bin\server\jvm.dll
0x00007ffcb7040000 - 0x00007ffcb70f4000 	C:\WINDOWS\System32\ADVAPI32.dll
0x00007ffcb7ca0000 - 0x00007ffcb7d46000 	C:\WINDOWS\System32\sechost.dll
0x00007ffcb7770000 - 0x00007ffcb7888000 	C:\WINDOWS\System32\RPCRT4.dll
0x00007ffc9a320000 - 0x00007ffc9a355000 	C:\WINDOWS\SYSTEM32\WINMM.dll
0x00007ffcb4d10000 - 0x00007ffcb4d6e000 	C:\WINDOWS\SYSTEM32\POWRPROF.dll
0x00007ffc9a080000 - 0x00007ffc9a08a000 	C:\WINDOWS\SYSTEM32\WSOCK32.dll
0x00007ffcae990000 - 0x00007ffcae99b000 	C:\WINDOWS\SYSTEM32\VERSION.dll
0x00007ffcb7890000 - 0x00007ffcb7904000 	C:\WINDOWS\System32\WS2_32.dll
0x00007ffcb4cf0000 - 0x00007ffcb4d04000 	C:\WINDOWS\SYSTEM32\UMPDC.dll
0x00007ffcb3c40000 - 0x00007ffcb3c5b000 	C:\WINDOWS\SYSTEM32\kernel.appcore.dll
0x00007ffc992a0000 - 0x00007ffc992aa000 	C:\Program Files\Android\Android Studio\jbr\bin\jimage.dll
0x00007ffc9a3f0000 - 0x00007ffc9a631000 	C:\WINDOWS\SYSTEM32\DBGHELP.DLL
0x00007ffcb6bb0000 - 0x00007ffcb6f35000 	C:\WINDOWS\System32\combase.dll
0x00007ffcb6a40000 - 0x00007ffcb6b20000 	C:\WINDOWS\System32\OLEAUT32.dll
0x00007ffc8c4d0000 - 0x00007ffc8c513000 	C:\WINDOWS\SYSTEM32\dbgcore.DLL
0x00007ffcb5a80000 - 0x00007ffcb5b19000 	C:\WINDOWS\System32\bcryptPrimitives.dll
0x00007ffc90e40000 - 0x00007ffc90e4e000 	C:\Program Files\Android\Android Studio\jbr\bin\instrument.dll
0x00007ffc6c2e0000 - 0x00007ffc6c305000 	C:\Program Files\Android\Android Studio\jbr\bin\java.dll
0x00007ffc79300000 - 0x00007ffc79318000 	C:\Program Files\Android\Android Studio\jbr\bin\zip.dll
0x00007ffcb6140000 - 0x00007ffcb688d000 	C:\WINDOWS\System32\SHELL32.dll
0x00007ffcb54c0000 - 0x00007ffcb5633000 	C:\WINDOWS\System32\wintypes.dll
0x00007ffcb2ae0000 - 0x00007ffcb3340000 	C:\WINDOWS\SYSTEM32\windows.storage.dll
0x00007ffcb7910000 - 0x00007ffcb7a05000 	C:\WINDOWS\System32\SHCORE.dll
0x00007ffcb7590000 - 0x00007ffcb75fa000 	C:\WINDOWS\System32\shlwapi.dll
0x00007ffcb4de0000 - 0x00007ffcb4e09000 	C:\WINDOWS\SYSTEM32\profapi.dll
0x00007ffc6d570000 - 0x00007ffc6d589000 	C:\Program Files\Android\Android Studio\jbr\bin\net.dll
0x00007ffcae5b0000 - 0x00007ffcae6ce000 	C:\WINDOWS\SYSTEM32\WINHTTP.dll
0x00007ffcb41d0000 - 0x00007ffcb423b000 	C:\WINDOWS\system32\mswsock.dll
0x00007ffc6d500000 - 0x00007ffc6d516000 	C:\Program Files\Android\Android Studio\jbr\bin\nio.dll
0x00007ffc91430000 - 0x00007ffc91440000 	C:\Program Files\Android\Android Studio\jbr\bin\verify.dll
0x00007ffc8b7f0000 - 0x00007ffc8b817000 	C:\Users\josel\.gradle\native\c067742578af261105cb4f569cf0c3c89f3d7b1fecec35dd04571415982c5e48\windows-amd64\native-platform.dll
0x00007ffc01a90000 - 0x00007ffc01bd4000 	C:\Users\josel\.gradle\native\38dada09dfb8b06ba9b0570ebf7e218e3eb74d4ef43ca46872605cf95ebc2f47\windows-amd64\native-platform-file-events.dll
0x00007ffc96c60000 - 0x00007ffc96c69000 	C:\Program Files\Android\Android Studio\jbr\bin\management.dll
0x00007ffc914b0000 - 0x00007ffc914bb000 	C:\Program Files\Android\Android Studio\jbr\bin\management_ext.dll
0x00007ffcb5f90000 - 0x00007ffcb5f98000 	C:\WINDOWS\System32\PSAPI.DLL
0x00007ffcb4490000 - 0x00007ffcb44ab000 	C:\WINDOWS\SYSTEM32\CRYPTSP.dll
0x00007ffcb3ba0000 - 0x00007ffcb3bdb000 	C:\WINDOWS\system32\rsaenh.dll
0x00007ffcb4270000 - 0x00007ffcb429b000 	C:\WINDOWS\SYSTEM32\USERENV.dll
0x00007ffcb4db0000 - 0x00007ffcb4dd6000 	C:\WINDOWS\SYSTEM32\bcrypt.dll
0x00007ffcb44b0000 - 0x00007ffcb44bc000 	C:\WINDOWS\SYSTEM32\CRYPTBASE.dll
0x00007ffcb3650000 - 0x00007ffcb3683000 	C:\WINDOWS\SYSTEM32\IPHLPAPI.DLL
0x00007ffcb6050000 - 0x00007ffcb605a000 	C:\WINDOWS\System32\NSI.dll
0x00007ffcae550000 - 0x00007ffcae56f000 	C:\WINDOWS\SYSTEM32\dhcpcsvc6.DLL
0x00007ffcae520000 - 0x00007ffcae545000 	C:\WINDOWS\SYSTEM32\dhcpcsvc.DLL
0x00007ffcb3740000 - 0x00007ffcb3866000 	C:\WINDOWS\SYSTEM32\DNSAPI.dll
0x00007ffc991f0000 - 0x00007ffc991f9000 	C:\Program Files\Android\Android Studio\jbr\bin\extnet.dll
0x00007ffc14040000 - 0x00007ffc14048000 	C:\WINDOWS\system32\wshunix.dll
0x00007ffcb3d70000 - 0x00007ffcb3da6000 	C:\WINDOWS\SYSTEM32\ntmarta.dll

dbghelp: loaded successfully - version: 4.0.5 - missing functions: none
symbol engine: initialized successfully - sym options: 0x614 - pdb path: .;C:\Program Files\Android\Android Studio\jbr\bin;C:\WINDOWS\SYSTEM32;C:\WINDOWS\WinSxS\amd64_microsoft.windows.common-controls_6595b64144ccf1df_6.0.26100.4768_none_3e0c112ce331287c;C:\Program Files\Android\Android Studio\jbr\bin\server;C:\Users\josel\.gradle\native\c067742578af261105cb4f569cf0c3c89f3d7b1fecec35dd04571415982c5e48\windows-amd64;C:\Users\josel\.gradle\native\38dada09dfb8b06ba9b0570ebf7e218e3eb74d4ef43ca46872605cf95ebc2f47\windows-amd64

VM Arguments:
jvm_args: --add-opens=java.base/java.util=ALL-UNNAMED --add-opens=java.base/java.lang=ALL-UNNAMED --add-opens=java.base/java.lang.invoke=ALL-UNNAMED --add-opens=java.prefs/java.util.prefs=ALL-UNNAMED --add-opens=java.base/java.nio.charset=ALL-UNNAMED --add-opens=java.base/java.net=ALL-UNNAMED --add-opens=java.base/java.util.concurrent.atomic=ALL-UNNAMED -Xmx2048m -Dfile.encoding=windows-1252 -Duser.country=US -Duser.language=en -Duser.variant -javaagent:C:\Users\josel\.gradle\wrapper\dists\gradle-8.7-all\aan3ydargesu18aqyqjwhr3pc\gradle-8.7\lib\agents\gradle-instrumentation-agent-8.7.jar 
java_command: org.gradle.launcher.daemon.bootstrap.GradleDaemon 8.7
java_class_path (initial): C:\Users\josel\.gradle\wrapper\dists\gradle-8.7-all\aan3ydargesu18aqyqjwhr3pc\gradle-8.7\lib\gradle-launcher-8.7.jar
Launcher Type: SUN_STANDARD

[Global flags]
     intx CICompilerCount                          = 4                                         {product} {ergonomic}
     uint ConcGCThreads                            = 2                                         {product} {ergonomic}
     uint G1ConcRefinementThreads                  = 8                                         {product} {ergonomic}
   size_t G1HeapRegionSize                         = 1048576                                   {product} {ergonomic}
    uintx GCDrainStackTargetSize                   = 64                                        {product} {ergonomic}
   size_t InitialHeapSize                          = 534773760                                 {product} {ergonomic}
   size_t MarkStackSize                            = 4194304                                   {product} {ergonomic}
   size_t MaxHeapSize                              = 2147483648                                {product} {command line}
   size_t MaxNewSize                               = 1287651328                                {product} {ergonomic}
   size_t MinHeapDeltaBytes                        = 1048576                                   {product} {ergonomic}
   size_t MinHeapSize                              = 8388608                                   {product} {ergonomic}
    uintx NonNMethodCodeHeapSize                   = 5839372                                {pd product} {ergonomic}
    uintx NonProfiledCodeHeapSize                  = 122909434                              {pd product} {ergonomic}
    uintx ProfiledCodeHeapSize                     = 122909434                              {pd product} {ergonomic}
    uintx ReservedCodeCacheSize                    = 251658240                              {pd product} {ergonomic}
     bool SegmentedCodeCache                       = true                                      {product} {ergonomic}
   size_t SoftMaxHeapSize                          = 2147483648                             {manageable} {ergonomic}
     bool UseCompressedClassPointers               = true                           {product lp64_product} {ergonomic}
     bool UseCompressedOops                        = true                           {product lp64_product} {ergonomic}
     bool UseG1GC                                  = true                                      {product} {ergonomic}
     bool UseLargePagesIndividualAllocation        = false                                  {pd product} {ergonomic}

Logging:
Log output configuration:
 #0: stdout all=warning uptime,level,tags
 #1: stderr all=off uptime,level,tags

Environment Variables:
JAVA_HOME=C:\Program Files\Java\jdk-21
PATH=C:\WINDOWS\system32;C:\WINDOWS;C:\WINDOWS\System32\Wbem;C:\WINDOWS\System32\WindowsPowerShell\v1.0\;C:\WINDOWS\System32\OpenSSH\;C:\Program Files (x86)\dotnet\;C:\Program Files\Calibre2\;C:\Program Files\nodejs\;C:\Users\josel\Downloads\apache-maven-3.9.5-bin\apache-maven-3.9.5\bin;C:\Program Files\Java\jdk-21\bin;C:\Program Files\Java\jdk-21;C:\Users\josel\AppData\Local\Android\Sdk\platform-tools;%JAVA_HOME%\bin;C:\Program Files\PuTTY\;C:\Users\josel\AppData\Local\Microsoft\WindowsApps;C:\Users\josel\AppData\Local\Programs\Microsoft VS Code\bin;C:\Users\josel\AppData\Roaming\npm;C:\Users\josel\Downloads\apache-maven-3.9.5-bin\apache-maven-3.9.5\bin;C:\Program Files\Java\jdk-21;C:\Users\josel\AppData\Local\Android\Sdk\platform-tools;;C:\Program Files\JetBrains\IntelliJ IDEA 2023.2.4\bin;;C:\Program Files\JetBrains\IntelliJ IDEA Educational Edition 2022.2.2\bin;
USERNAME=josel
OS=Windows_NT
PROCESSOR_IDENTIFIER=Intel64 Family 6 Model 142 Stepping 12, GenuineIntel
TMP=C:\Users\josel\AppData\Local\Temp
TEMP=C:\Users\josel\AppData\Local\Temp



Periodic native trim disabled

JNI global refs:
JNI global refs: 29, weak refs: 32

JNI global refs memory usage: 843, weak refs: 841

OOME stack traces (most recent first):
Classloader memory used:
Loader org.gradle.internal.classloader.VisitableURLClassLoader                         : 3754K
Loader bootstrap                                                                       : 2439K
Loader org.gradle.initialization.MixInLegacyTypesClassLoader                           : 773K
Loader org.gradle.internal.classloader.VisitableURLClassLoader                         : 81073B
Loader jdk.internal.loader.ClassLoaders$PlatformClassLoader                            : 65611B
Loader jdk.internal.loader.ClassLoaders$AppClassLoader                                 : 28714B
Loader jdk.internal.reflect.DelegatingClassLoader                                      : 25412B
Loader org.gradle.groovy.scripts.internal.DefaultScriptCompilationHandler$ScriptClassLoader: 4306B
Loader groovy.lang.GroovyClassLoader$InnerLoader                                       : 2457B
Loader org.codehaus.groovy.runtime.callsite.CallSiteClassLoader                        : 876B

Classes loaded by more than one classloader:
Class org.gradle.api.GradleException                                                  : loaded 3 times (x 80B)
Class org.gradle.util.GradleVersion                                                   : loaded 2 times (x 81B)
Class org.gradle.internal.classpath.ClassPath                                         : loaded 2 times (x 68B)
Class org.gradle.api.internal.classpath.DefaultModuleRegistry                         : loaded 2 times (x 84B)
Class org.gradle.internal.exceptions.NonGradleCauseExceptionsHolder                   : loaded 2 times (x 68B)
Class org.gradle.api.Action                                                           : loaded 2 times (x 68B)
Class org.gradle.api.internal.DefaultClassPathProvider                                : loaded 2 times (x 74B)
Class org.gradle.internal.installation.GradleInstallation$1                           : loaded 2 times (x 73B)
Class org.gradle.internal.exceptions.DefaultMultiCauseException                       : loaded 2 times (x 93B)
Class org.gradle.internal.time.MonotonicClock                                         : loaded 2 times (x 75B)
Class org.gradle.internal.classloader.FilteringClassLoader                            : loaded 2 times (x 103B)
Class org.gradle.internal.classpath.DefaultClassPath$ImmutableUniqueList$Builder      : loaded 2 times (x 73B)
Class org.gradle.internal.classloader.ClassLoaderVisitor                              : loaded 2 times (x 74B)
Class _BuildScript_                                                                   : loaded 2 times (x 171B)
Class org.gradle.internal.time.DefaultCountdownTimer                                  : loaded 2 times (x 86B)
Class _BuildScript_$_run_closure1                                                     : loaded 2 times (x 130B)
Class org.gradle.internal.service.DefaultServiceLocator                               : loaded 2 times (x 81B)
Class org.gradle.internal.service.UnknownServiceException                             : loaded 2 times (x 81B)
Class org.gradle.internal.classloader.DefaultClassLoaderFactory                       : loaded 2 times (x 80B)
Class org.gradle.internal.classloader.VisitableURLClassLoader$Spec                    : loaded 2 times (x 72B)
Class org.gradle.tooling.model.ProjectModel                                           : loaded 2 times (x 68B)
Class org.gradle.internal.installation.GradleInstallation                             : loaded 2 times (x 73B)
Class org.gradle.api.internal.classpath.ModuleRegistry                                : loaded 2 times (x 68B)
Class org.gradle.api.internal.ClassPathProvider                                       : loaded 2 times (x 68B)
Class org.gradle.internal.classloader.ClasspathUtil$1                                 : loaded 2 times (x 74B)
Class org.gradle.internal.classloader.ClassLoaderFactory                              : loaded 2 times (x 68B)
Class org.gradle.api.internal.classpath.ManifestUtil                                  : loaded 2 times (x 69B)
Class org.gradle.api.specs.Spec                                                       : loaded 2 times (x 68B)
Class org.gradle.internal.IoActions                                                   : loaded 2 times (x 69B)
Class org.gradle.api.internal.classpath.EffectiveClassPath                            : loaded 2 times (x 88B)
Class org.gradle.internal.exceptions.ResolutionProvider                               : loaded 2 times (x 68B)
Class org.gradle.internal.installation.CurrentGradleInstallation                      : loaded 2 times (x 71B)
Class org.gradle.internal.agents.InstrumentingClassLoader                             : loaded 2 times (x 68B)
Class org.gradle.internal.installation.CurrentGradleInstallationLocator               : loaded 2 times (x 69B)
Class org.gradle.api.internal.classpath.Module                                        : loaded 2 times (x 68B)
Class org.gradle.internal.service.CachingServiceLocator                               : loaded 2 times (x 80B)
Class org.gradle.internal.time.Timer                                                  : loaded 2 times (x 68B)
Class org.gradle.internal.classpath.DefaultClassPath                                  : loaded 2 times (x 88B)
Class org.gradle.internal.time.Time                                                   : loaded 2 times (x 69B)
Class org.gradle.internal.time.TimeSource$1                                           : loaded 2 times (x 75B)
Class org.gradle.internal.classloader.SystemClassLoaderSpec                           : loaded 2 times (x 69B)
Class kotlin.Function                                                                 : loaded 2 times (x 68B)
Class org.gradle.api.UncheckedIOException                                             : loaded 2 times (x 80B)
Class org.gradle.internal.time.CountdownTimer                                         : loaded 2 times (x 68B)
Class org.gradle.internal.time.Clock                                                  : loaded 2 times (x 68B)
Class org.gradle.internal.classloader.ClasspathUtil                                   : loaded 2 times (x 69B)
Class org.gradle.api.internal.DefaultClassPathRegistry                                : loaded 2 times (x 74B)
Class org.gradle.api.internal.classpath.DefaultModuleRegistry$DefaultModule           : loaded 2 times (x 84B)
Class org.gradle.internal.time.TimeSource                                             : loaded 2 times (x 68B)
Class org.gradle.api.internal.classpath.UnknownModuleException                        : loaded 2 times (x 80B)
Class org.gradle.internal.service.ServiceLookupException                              : loaded 2 times (x 80B)
Class org.gradle.cache.GlobalCache                                                    : loaded 2 times (x 68B)
Class [Lorg.gradle.api.internal.ClassPathProvider;                                    : loaded 2 times (x 67B)
Class org.gradle.internal.operations.MultipleBuildOperationFailures                   : loaded 2 times (x 93B)
Class org.gradle.util.internal.GUtil                                                  : loaded 2 times (x 69B)
Class org.gradle.internal.classloader.ClassLoaderSpec                                 : loaded 2 times (x 69B)
Class org.gradle.internal.classloader.VisitableURLClassLoader                         : loaded 2 times (x 115B)
Class org.gradle.internal.Cast                                                        : loaded 2 times (x 69B)
Class org.gradle.api.internal.ClassPathRegistry                                       : loaded 2 times (x 68B)
Class org.gradle.internal.classloader.VisitableURLClassLoader$InstrumentingVisitableURLClassLoader: loaded 2 times (x 121B)
Class org.gradle.internal.classloader.ClassLoaderHierarchy                            : loaded 2 times (x 68B)
Class org.gradle.internal.exceptions.MultiCauseException                              : loaded 2 times (x 68B)
Class org.gradle.internal.InternalTransformer                                         : loaded 2 times (x 68B)
Class org.gradle.internal.service.ServiceLocator                                      : loaded 2 times (x 68B)
Class org.gradle.internal.classpath.DefaultClassPath$ImmutableUniqueList              : loaded 2 times (x 159B)
Class org.gradle.internal.time.DefaultTimer                                           : loaded 2 times (x 78B)
Class org.gradle.internal.classpath.TransformedClassPath                              : loaded 2 times (x 94B)


---------------  S Y S T E M  ---------------

OS:
 Windows 11 , 64 bit Build 26100 (10.0.26100.4768)
OS uptime: 4 days 10:18 hours

CPU: total 8 (initial active 8) (4 cores per cpu, 2 threads per core) family 6 model 142 stepping 12 microcode 0xf0, cx8, cmov, fxsr, ht, mmx, 3dnowpref, sse, sse2, sse3, ssse3, sse4.1, sse4.2, popcnt, lzcnt, tsc, tscinvbit, avx, avx2, aes, erms, clmul, bmi1, bmi2, adx, fma, vzeroupper, clflush, clflushopt
Processor Information for all 8 processors :
  Max Mhz: 1992, Current Mhz: 1792, Mhz Limit: 1792

Memory: 4k page, system-wide physical 32574M (6660M free)
TotalPageFile size 42574M (AvailPageFile size 129M)
current process WorkingSet (physical memory assigned to process): 421M, peak: 427M
current process commit charge ("private bytes"): 537M, peak: 669M

vm_info: OpenJDK 64-Bit Server VM (17.0.10+0--11609105) for windows-amd64 JRE (17.0.10+0--11609105), built on Mar 21 2024 19:10:56 by "androidbuild" with MS VC++ 16.10 / 16.11 (VS2019)

END.
