#
# There is insufficient memory for the Java Runtime Environment to continue.
# Native memory allocation (malloc) failed to allocate 1512816 bytes for Chunk::new
# Possible reasons:
#   The system is out of physical RAM or swap space
#   The process is running with CompressedOops enabled, and the Java Heap may be blocking the growth of the native heap
# Possible solutions:
#   Reduce memory load on the system
#   Increase physical memory or swap space
#   Check if swap backing store is full
#   Decrease Java heap size (-Xmx/-Xms)
#   Decrease number of Java threads
#   Decrease Java thread stack sizes (-Xss)
#   Set larger code cache with -XX:ReservedCodeCacheSize=
#   JVM is running with Unscaled Compressed Oops mode in which the Java heap is
#     placed in the first 4GB address space. The Java Heap base address is the
#     maximum limit for the native heap growth. Please use -XX:HeapBaseMinAddress
#     to set the Java Heap base and to place the Java Heap above 4GB virtual address.
# This output file may be truncated or incomplete.
#
#  Out of Memory Error (./src/hotspot/share/memory/arena.cpp:197), pid=23716, tid=888
#
# JRE version: OpenJDK Runtime Environment (11.0.10) (build 11.0.10+0-b96-7249189)
# Java VM: OpenJDK 64-Bit Server VM (11.0.10+0-b96-7249189, mixed mode, tiered, compressed oops, g1 gc, windows-amd64)
# No core dump will be written. Minidumps are not enabled by default on client versions of Windows
#

---------------  S U M M A R Y ------------

Command Line: --add-opens=java.base/java.util=ALL-UNNAMED --add-opens=java.base/java.lang=ALL-UNNAMED --add-opens=java.base/java.lang.invoke=ALL-UNNAMED --add-opens=java.base/java.util=ALL-UNNAMED --add-opens=java.prefs/java.util.prefs=ALL-UNNAMED --add-opens=java.prefs/java.util.prefs=ALL-UNNAMED --add-opens=java.base/java.nio.charset=ALL-UNNAMED --add-opens=java.base/java.net=ALL-UNNAMED --add-opens=java.base/java.util.concurrent.atomic=ALL-UNNAMED -Xmx2048m -Dfile.encoding=windows-1252 -Duser.country=US -Duser.language=en -Duser.variant org.gradle.launcher.daemon.bootstrap.GradleDaemon 7.0.2

Host: Intel(R) Core(TM) i7-8565U CPU @ 1.80GHz, 8 cores, 15G,  Windows 10 , 64 bit Build 19041 (10.0.19041.1202)
Time: Wed Oct 20 13:53:32 2021 Central Daylight Time (Mexico) elapsed time: 48.377223 seconds (0d 0h 0m 48s)

---------------  T H R E A D  ---------------

Current thread (0x00000186cc0ca800):  JavaThread "C2 CompilerThread0" daemon [_thread_in_native, id=888, stack(0x0000001c42c00000,0x0000001c42d00000)]


Current CompileTask:
C2:  48377 12781       4       org.gradle.api.internal.artifacts.ivyservice.resolveengine.artifact.DefaultArtifactSet::asTransformed (40 bytes)

Stack: [0x0000001c42c00000,0x0000001c42d00000]
Native frames: (J=compiled Java code, j=interpreted, Vv=VM code, C=native code)
V  [jvm.dll+0x5ecfaa]
V  [jvm.dll+0x722bd5]
V  [jvm.dll+0x72412d]
V  [jvm.dll+0x7247e3]
V  [jvm.dll+0x242928]
V  [jvm.dll+0xbc4fc]
V  [jvm.dll+0xbca0c]
V  [jvm.dll+0x352d7d]
V  [jvm.dll+0x19800c]
V  [jvm.dll+0x1fb70e]
V  [jvm.dll+0x1fa7f4]
V  [jvm.dll+0x18354c]
V  [jvm.dll+0x208ee7]
V  [jvm.dll+0x207731]
V  [jvm.dll+0x6eb1cf]
V  [jvm.dll+0x6e3d45]
V  [jvm.dll+0x5ebe96]
C  [ucrtbase.dll+0x21bb2]
C  [KERNEL32.DLL+0x17034]
C  [ntdll.dll+0x52651]


---------------  P R O C E S S  ---------------

Threads class SMR info:
_java_thread_list=0x00000186ce09b600, length=60, elements={
0x00000186b133d800, 0x00000186cc060000, 0x00000186cc069800, 0x00000186cc0c4800,
0x00000186cc0c6800, 0x00000186cc0c7800, 0x00000186cc0ca800, 0x00000186cc0ce000,
0x00000186cc0d1000, 0x00000186cc272800, 0x00000186cd669000, 0x00000186cd98e000,
0x00000186cd98f000, 0x00000186cd98b000, 0x00000186cd98d800, 0x00000186cd98a000,
0x00000186cd990000, 0x00000186cd990800, 0x00000186cd98b800, 0x00000186cd98c800,
0x00000186cd2d1800, 0x00000186cd2d2800, 0x00000186cd2d4000, 0x00000186cd2d3800,
0x00000186cd2d0000, 0x00000186cd2ce800, 0x00000186cd2d5000, 0x00000186cd2cf800,
0x00000186cd2d1000, 0x00000186d1953800, 0x00000186d1951800, 0x00000186d1958000,
0x00000186d1952800, 0x00000186d1954000, 0x00000186d195a800, 0x00000186d1955000,
0x00000186d1956800, 0x00000186d1959000, 0x00000186d195b800, 0x00000186d1956000,
0x00000186d195c800, 0x00000186d195e000, 0x00000186d195f000, 0x00000186d195f800,
0x00000186d195d000, 0x00000186d1960800, 0x00000186d1c31000, 0x00000186d1c34800,
0x00000186d1c35000, 0x00000186d1c36000, 0x00000186d1c37800, 0x00000186d1c32800,
0x00000186d1c33800, 0x00000186d1c3b800, 0x00000186d1c3a000, 0x00000186d1c3b000,
0x00000186d1c3d800, 0x00000186d1c3e000, 0x00000186d1c39000, 0x00000186cd0ce800
}

Java Threads: ( => current thread )
  0x00000186b133d800 JavaThread "main" [_thread_blocked, id=20904, stack(0x0000001c42000000,0x0000001c42100000)]
  0x00000186cc060000 JavaThread "Reference Handler" daemon [_thread_blocked, id=1880, stack(0x0000001c42700000,0x0000001c42800000)]
  0x00000186cc069800 JavaThread "Finalizer" daemon [_thread_blocked, id=13868, stack(0x0000001c42800000,0x0000001c42900000)]
  0x00000186cc0c4800 JavaThread "Signal Dispatcher" daemon [_thread_blocked, id=14956, stack(0x0000001c42900000,0x0000001c42a00000)]
  0x00000186cc0c6800 JavaThread "Attach Listener" daemon [_thread_blocked, id=21828, stack(0x0000001c42a00000,0x0000001c42b00000)]
  0x00000186cc0c7800 JavaThread "Service Thread" daemon [_thread_blocked, id=9792, stack(0x0000001c42b00000,0x0000001c42c00000)]
=>0x00000186cc0ca800 JavaThread "C2 CompilerThread0" daemon [_thread_in_native, id=888, stack(0x0000001c42c00000,0x0000001c42d00000)]
  0x00000186cc0ce000 JavaThread "C1 CompilerThread0" daemon [_thread_in_native, id=17252, stack(0x0000001c42d00000,0x0000001c42e00000)]
  0x00000186cc0d1000 JavaThread "Sweeper thread" daemon [_thread_blocked, id=1340, stack(0x0000001c42e00000,0x0000001c42f00000)]
  0x00000186cc272800 JavaThread "Common-Cleaner" daemon [_thread_blocked, id=21168, stack(0x0000001c42f00000,0x0000001c43000000)]
  0x00000186cd669000 JavaThread "Daemon health stats" [_thread_blocked, id=12100, stack(0x0000001c43800000,0x0000001c43900000)]
  0x00000186cd98e000 JavaThread "Incoming local TCP Connector on port 52262" [_thread_in_native, id=21908, stack(0x0000001c43100000,0x0000001c43200000)]
  0x00000186cd98f000 JavaThread "Daemon periodic checks" [_thread_blocked, id=23728, stack(0x0000001c43700000,0x0000001c43800000)]
  0x00000186cd98b000 JavaThread "Daemon" [_thread_blocked, id=23788, stack(0x0000001c43900000,0x0000001c43a00000)]
  0x00000186cd98d800 JavaThread "Handler for socket connection from /127.0.0.1:52262 to /127.0.0.1:52263" [_thread_in_native, id=15084, stack(0x0000001c43a00000,0x0000001c43b00000)]
  0x00000186cd98a000 JavaThread "Cancel handler" [_thread_blocked, id=12128, stack(0x0000001c43c00000,0x0000001c43d00000)]
  0x00000186cd990000 JavaThread "Daemon worker" [_thread_blocked, id=18696, stack(0x0000001c43d00000,0x0000001c43e00000)]
  0x00000186cd990800 JavaThread "Asynchronous log dispatcher for DefaultDaemonConnection: socket connection from /127.0.0.1:52262 to /127.0.0.1:52263" [_thread_blocked, id=12488, stack(0x0000001c43e00000,0x0000001c43f00000)]
  0x00000186cd98b800 JavaThread "Stdin handler" [_thread_blocked, id=10576, stack(0x0000001c43f00000,0x0000001c44000000)]
  0x00000186cd98c800 JavaThread "Daemon client event forwarder" [_thread_blocked, id=22808, stack(0x0000001c44000000,0x0000001c44100000)]
  0x00000186cd2d1800 JavaThread "Cache worker for file hash cache (C:\Users\Teacher\.gradle\caches\7.0.2\fileHashes)" [_thread_blocked, id=17444, stack(0x0000001c44100000,0x0000001c44200000)]
  0x00000186cd2d2800 JavaThread "File lock request listener" [_thread_in_native, id=10896, stack(0x0000001c44200000,0x0000001c44300000)]
  0x00000186cd2d4000 JavaThread "Cache worker for journal cache (C:\Users\Teacher\.gradle\caches\journal-1)" [_thread_blocked, id=15284, stack(0x0000001c44600000,0x0000001c44700000)]
  0x00000186cd2d3800 JavaThread "Cache worker for file hash cache (C:\Users\Public\AndroidStudioProjects\NewEvent2\.gradle\7.0.2\fileHashes)" [_thread_blocked, id=15036, stack(0x0000001c44700000,0x0000001c44800000)]
  0x00000186cd2d0000 JavaThread "File watcher server" daemon [_thread_in_native, id=1924, stack(0x0000001c44800000,0x0000001c44900000)]
  0x00000186cd2ce800 JavaThread "File watcher consumer" daemon [_thread_blocked, id=17512, stack(0x0000001c44900000,0x0000001c44a00000)]
  0x00000186cd2d5000 JavaThread "Cache worker for checksums cache (C:\Users\Public\AndroidStudioProjects\NewEvent2\.gradle\checksums)" [_thread_blocked, id=14664, stack(0x0000001c44a00000,0x0000001c44b00000)]
  0x00000186cd2cf800 JavaThread "Cache worker for cache directory md-supplier (C:\Users\Teacher\.gradle\caches\7.0.2\md-supplier)" [_thread_blocked, id=876, stack(0x0000001c44b00000,0x0000001c44c00000)]
  0x00000186cd2d1000 JavaThread "Cache worker for cache directory md-rule (C:\Users\Teacher\.gradle\caches\7.0.2\md-rule)" [_thread_blocked, id=21124, stack(0x0000001c44c00000,0x0000001c44d00000)]
  0x00000186d1953800 JavaThread "Cache worker for execution history cache (C:\Users\Teacher\.gradle\caches\7.0.2\executionHistory)" [_thread_blocked, id=15892, stack(0x0000001c44e00000,0x0000001c44f00000)]
  0x00000186d1951800 JavaThread "jar transforms" [_thread_blocked, id=20080, stack(0x0000001c44f00000,0x0000001c45000000)]
  0x00000186d1958000 JavaThread "jar transforms Thread 2" [_thread_blocked, id=7008, stack(0x0000001c45000000,0x0000001c45100000)]
  0x00000186d1952800 JavaThread "Cache worker for file content cache (C:\Users\Teacher\.gradle\caches\7.0.2\fileContent)" [_thread_blocked, id=12304, stack(0x0000001c45100000,0x0000001c45200000)]
  0x00000186d1954000 JavaThread "Cache worker for dependencies-accessors (C:\Users\Public\AndroidStudioProjects\NewEvent2\.gradle\7.0.2\dependencies-accessors)" [_thread_blocked, id=18052, stack(0x0000001c45200000,0x0000001c45300000)]
  0x00000186d195a800 JavaThread "jar transforms Thread 3" [_thread_blocked, id=24488, stack(0x0000001c45300000,0x0000001c45400000)]
  0x00000186d1955000 JavaThread "Cache worker for Build Output Cleanup Cache (C:\Users\Public\AndroidStudioProjects\NewEvent2\.gradle\buildOutputCleanup)" [_thread_blocked, id=7204, stack(0x0000001c45400000,0x0000001c45500000)]
  0x00000186d1956800 JavaThread "Build operations" [_thread_blocked, id=23856, stack(0x0000001c45500000,0x0000001c45600000)]
  0x00000186d1959000 JavaThread "Build operations Thread 2" [_thread_blocked, id=6280, stack(0x0000001c45600000,0x0000001c45700000)]
  0x00000186d195b800 JavaThread "Build operations Thread 3" [_thread_blocked, id=14480, stack(0x0000001c45700000,0x0000001c45800000)]
  0x00000186d1956000 JavaThread "Build operations Thread 4" [_thread_blocked, id=22668, stack(0x0000001c45800000,0x0000001c45900000)]
  0x00000186d195c800 JavaThread "Build operations Thread 5" [_thread_blocked, id=19028, stack(0x0000001c45900000,0x0000001c45a00000)]
  0x00000186d195e000 JavaThread "Build operations Thread 6" [_thread_blocked, id=5988, stack(0x0000001c45a00000,0x0000001c45b00000)]
  0x00000186d195f000 JavaThread "Build operations Thread 7" [_thread_blocked, id=6620, stack(0x0000001c45b00000,0x0000001c45c00000)]
  0x00000186d195f800 JavaThread "Build operations Thread 8" [_thread_blocked, id=22552, stack(0x0000001c45c00000,0x0000001c45d00000)]
  0x00000186d195d000 JavaThread "jar transforms Thread 4" [_thread_blocked, id=5096, stack(0x0000001c45d00000,0x0000001c45e00000)]
  0x00000186d1960800 JavaThread "jar transforms Thread 5" [_thread_blocked, id=23988, stack(0x0000001c45e00000,0x0000001c45f00000)]
  0x00000186d1c31000 JavaThread "jar transforms Thread 6" [_thread_blocked, id=24348, stack(0x0000001c45f00000,0x0000001c46000000)]
  0x00000186d1c34800 JavaThread "jar transforms Thread 7" [_thread_blocked, id=22732, stack(0x0000001c46000000,0x0000001c46100000)]
  0x00000186d1c35000 JavaThread "jar transforms Thread 8" [_thread_blocked, id=5104, stack(0x0000001c46100000,0x0000001c46200000)]
  0x00000186d1c36000 JavaThread "Memory manager" [_thread_blocked, id=10884, stack(0x0000001c46200000,0x0000001c46300000)]
  0x00000186d1c37800 JavaThread "build event listener" [_thread_blocked, id=18076, stack(0x0000001c46300000,0x0000001c46400000)]
  0x00000186d1c32800 JavaThread "Execution worker for ':'" [_thread_in_vm, id=20760, stack(0x0000001c46400000,0x0000001c46500000)]
  0x00000186d1c33800 JavaThread "Execution worker for ':' Thread 2" [_thread_blocked, id=7224, stack(0x0000001c46500000,0x0000001c46600000)]
  0x00000186d1c3b800 JavaThread "Execution worker for ':' Thread 3" [_thread_blocked, id=13416, stack(0x0000001c46600000,0x0000001c46700000)]
  0x00000186d1c3a000 JavaThread "Execution worker for ':' Thread 4" [_thread_blocked, id=14008, stack(0x0000001c46700000,0x0000001c46800000)]
  0x00000186d1c3b000 JavaThread "Execution worker for ':' Thread 5" [_thread_blocked, id=7932, stack(0x0000001c46800000,0x0000001c46900000)]
  0x00000186d1c3d800 JavaThread "Execution worker for ':' Thread 6" [_thread_blocked, id=23304, stack(0x0000001c46900000,0x0000001c46a00000)]
  0x00000186d1c3e000 JavaThread "Execution worker for ':' Thread 7" [_thread_blocked, id=23012, stack(0x0000001c46a00000,0x0000001c46b00000)]
  0x00000186d1c39000 JavaThread "Cache worker for execution history cache (C:\Users\Public\AndroidStudioProjects\NewEvent2\.gradle\7.0.2\executionHistory)" [_thread_blocked, id=8704, stack(0x0000001c46b00000,0x0000001c46c00000)]
  0x00000186cd0ce800 JavaThread "C2 CompilerThread1" daemon [_thread_in_native, id=18528, stack(0x0000001c43b00000,0x0000001c43c00000)]

Other Threads:
  0x00000186cc05c000 VMThread "VM Thread" [stack: 0x0000001c42600000,0x0000001c42700000] [id=18728]
  0x00000186cc285800 WatcherThread [stack: 0x0000001c43000000,0x0000001c43100000] [id=16180]
  0x00000186b1357000 GCTaskThread "GC Thread#0" [stack: 0x0000001c42100000,0x0000001c42200000] [id=10500]
  0x00000186ccef5800 GCTaskThread "GC Thread#1" [stack: 0x0000001c43200000,0x0000001c43300000] [id=7896]
  0x00000186cc82c000 GCTaskThread "GC Thread#2" [stack: 0x0000001c43300000,0x0000001c43400000] [id=17292]
  0x00000186cc696800 GCTaskThread "GC Thread#3" [stack: 0x0000001c43400000,0x0000001c43500000] [id=17368]
  0x00000186ccb72000 GCTaskThread "GC Thread#4" [stack: 0x0000001c43500000,0x0000001c43600000] [id=5856]
  0x00000186ccc59000 GCTaskThread "GC Thread#5" [stack: 0x0000001c43600000,0x0000001c43700000] [id=18932]
  0x00000186cd9cb800 GCTaskThread "GC Thread#6" [stack: 0x0000001c44300000,0x0000001c44400000] [id=20240]
  0x00000186cd82f800 GCTaskThread "GC Thread#7" [stack: 0x0000001c44400000,0x0000001c44500000] [id=16476]
  0x00000186b1387800 ConcurrentGCThread "G1 Main Marker" [stack: 0x0000001c42200000,0x0000001c42300000] [id=16636]
  0x00000186b1389000 ConcurrentGCThread "G1 Conc#0" [stack: 0x0000001c42300000,0x0000001c42400000] [id=13864]
  0x00000186ce9f4800 ConcurrentGCThread "G1 Conc#1" [stack: 0x0000001c44500000,0x0000001c44600000] [id=7424]
  0x00000186b141e800 ConcurrentGCThread "G1 Refine#0" [stack: 0x0000001c42400000,0x0000001c42500000] [id=24292]
  0x00000186cb6a3800 ConcurrentGCThread "G1 Young RemSet Sampling" [stack: 0x0000001c42500000,0x0000001c42600000] [id=15756]

Threads with active compile tasks:
C2 CompilerThread0  48397 12781       4       org.gradle.api.internal.artifacts.ivyservice.resolveengine.artifact.DefaultArtifactSet::asTransformed (40 bytes)
C2 CompilerThread1  48397 12767       4       org.gradle.api.internal.artifacts.transform.AttributeMatchingVariantSelector::doSelect (469 bytes)

VM state:not at safepoint (normal execution)

VM Mutex/Monitor currently owned by a thread: None

Heap address: 0x0000000080000000, size: 2048 MB, Compressed Oops mode: 32-bit
Narrow klass base: 0x0000000000000000, Narrow klass shift: 3
Compressed class space size: 1073741824 Address: 0x0000000100000000

Heap:
 garbage-first heap   total 260096K, used 130465K [0x0000000080000000, 0x0000000100000000)
  region size 1024K, 40 young (40960K), 13 survivors (13312K)
 Metaspace       used 93325K, capacity 95890K, committed 95948K, reserved 1132544K
  class space    used 12086K, capacity 12994K, committed 13004K, reserved 1048576K
Heap Regions: E=young(eden), S=young(survivor), O=old, HS=humongous(starts), HC=humongous(continues), CS=collection set, F=free, A=archive, TAMS=top-at-mark-start (previous, next)
|   0|0x0000000080000000, 0x0000000080100000, 0x0000000080100000|100%| O|  |TAMS 0x0000000080100000, 0x0000000080000000| Untracked 
|   1|0x0000000080100000, 0x0000000080200000, 0x0000000080200000|100%| O|  |TAMS 0x0000000080200000, 0x0000000080100000| Untracked 
|   2|0x0000000080200000, 0x0000000080300000, 0x0000000080300000|100%| O|  |TAMS 0x0000000080300000, 0x0000000080200000| Untracked 
|   3|0x0000000080300000, 0x0000000080400000, 0x0000000080400000|100%|HS|  |TAMS 0x0000000080400000, 0x0000000080300000| Complete 
|   4|0x0000000080400000, 0x0000000080500000, 0x0000000080500000|100%|HC|  |TAMS 0x0000000080500000, 0x0000000080400000| Complete 
|   5|0x0000000080500000, 0x0000000080600000, 0x0000000080600000|100%|HC|  |TAMS 0x0000000080600000, 0x0000000080500000| Complete 
|   6|0x0000000080600000, 0x0000000080700000, 0x0000000080700000|100%| O|  |TAMS 0x0000000080700000, 0x0000000080600000| Untracked 
|   7|0x0000000080700000, 0x0000000080800000, 0x0000000080800000|100%| O|  |TAMS 0x0000000080800000, 0x0000000080700000| Untracked 
|   8|0x0000000080800000, 0x0000000080900000, 0x0000000080900000|100%| O|  |TAMS 0x0000000080900000, 0x0000000080800000| Untracked 
|   9|0x0000000080900000, 0x0000000080a00000, 0x0000000080a00000|100%| O|  |TAMS 0x0000000080a00000, 0x0000000080900000| Untracked 
|  10|0x0000000080a00000, 0x0000000080b00000, 0x0000000080b00000|100%| O|  |TAMS 0x0000000080b00000, 0x0000000080a00000| Untracked 
|  11|0x0000000080b00000, 0x0000000080c00000, 0x0000000080c00000|100%| O|  |TAMS 0x0000000080c00000, 0x0000000080b00000| Untracked 
|  12|0x0000000080c00000, 0x0000000080d00000, 0x0000000080d00000|100%| O|  |TAMS 0x0000000080d00000, 0x0000000080c00000| Untracked 
|  13|0x0000000080d00000, 0x0000000080e00000, 0x0000000080e00000|100%| O|  |TAMS 0x0000000080e00000, 0x0000000080d00000| Untracked 
|  14|0x0000000080e00000, 0x0000000080f00000, 0x0000000080f00000|100%| O|  |TAMS 0x0000000080f00000, 0x0000000080e00000| Untracked 
|  15|0x0000000080f00000, 0x0000000081000000, 0x0000000081000000|100%| O|  |TAMS 0x0000000081000000, 0x0000000080f00000| Untracked 
|  16|0x0000000081000000, 0x0000000081100000, 0x0000000081100000|100%|HS|  |TAMS 0x0000000081100000, 0x0000000081000000| Complete 
|  17|0x0000000081100000, 0x0000000081200000, 0x0000000081200000|100%|HS|  |TAMS 0x0000000081200000, 0x0000000081100000| Complete 
|  18|0x0000000081200000, 0x0000000081300000, 0x0000000081300000|100%|HS|  |TAMS 0x0000000081300000, 0x0000000081200000| Complete 
|  19|0x0000000081300000, 0x0000000081400000, 0x0000000081400000|100%|HC|  |TAMS 0x0000000081400000, 0x0000000081300000| Complete 
|  20|0x0000000081400000, 0x0000000081500000, 0x0000000081500000|100%|HC|  |TAMS 0x0000000081500000, 0x0000000081400000| Complete 
|  21|0x0000000081500000, 0x0000000081600000, 0x0000000081600000|100%|HS|  |TAMS 0x0000000081600000, 0x0000000081500000| Complete 
|  22|0x0000000081600000, 0x0000000081700000, 0x0000000081700000|100%|HC|  |TAMS 0x0000000081700000, 0x0000000081600000| Complete 
|  23|0x0000000081700000, 0x0000000081800000, 0x0000000081800000|100%| O|  |TAMS 0x0000000081800000, 0x0000000081700000| Untracked 
|  24|0x0000000081800000, 0x0000000081900000, 0x0000000081900000|100%| O|  |TAMS 0x0000000081900000, 0x0000000081800000| Untracked 
|  25|0x0000000081900000, 0x0000000081a00000, 0x0000000081a00000|100%| O|  |TAMS 0x0000000081a00000, 0x0000000081900000| Untracked 
|  26|0x0000000081a00000, 0x0000000081b00000, 0x0000000081b00000|100%| O|  |TAMS 0x0000000081b00000, 0x0000000081a00000| Untracked 
|  27|0x0000000081b00000, 0x0000000081c00000, 0x0000000081c00000|100%| O|  |TAMS 0x0000000081c00000, 0x0000000081b00000| Untracked 
|  28|0x0000000081c00000, 0x0000000081d00000, 0x0000000081d00000|100%| O|  |TAMS 0x0000000081d00000, 0x0000000081c00000| Untracked 
|  29|0x0000000081d00000, 0x0000000081e00000, 0x0000000081e00000|100%| O|  |TAMS 0x0000000081e00000, 0x0000000081d00000| Untracked 
|  30|0x0000000081e00000, 0x0000000081f00000, 0x0000000081f00000|100%| O|  |TAMS 0x0000000081f00000, 0x0000000081e00000| Untracked 
|  31|0x0000000081f00000, 0x0000000082000000, 0x0000000082000000|100%| O|  |TAMS 0x0000000082000000, 0x0000000081f00000| Untracked 
|  32|0x0000000082000000, 0x0000000082100000, 0x0000000082100000|100%| O|  |TAMS 0x0000000082100000, 0x0000000082000000| Untracked 
|  33|0x0000000082100000, 0x0000000082200000, 0x0000000082200000|100%| O|  |TAMS 0x0000000082200000, 0x0000000082100000| Untracked 
|  34|0x0000000082200000, 0x0000000082300000, 0x0000000082300000|100%| O|  |TAMS 0x0000000082300000, 0x0000000082200000| Untracked 
|  35|0x0000000082300000, 0x0000000082400000, 0x0000000082400000|100%| O|  |TAMS 0x0000000082400000, 0x0000000082300000| Untracked 
|  36|0x0000000082400000, 0x0000000082500000, 0x0000000082500000|100%| O|  |TAMS 0x0000000082500000, 0x0000000082400000| Untracked 
|  37|0x0000000082500000, 0x0000000082600000, 0x0000000082600000|100%| O|  |TAMS 0x0000000082600000, 0x0000000082500000| Untracked 
|  38|0x0000000082600000, 0x0000000082700000, 0x0000000082700000|100%| O|  |TAMS 0x0000000082700000, 0x0000000082600000| Untracked 
|  39|0x0000000082700000, 0x0000000082800000, 0x0000000082800000|100%| O|  |TAMS 0x0000000082800000, 0x0000000082700000| Untracked 
|  40|0x0000000082800000, 0x0000000082900000, 0x0000000082900000|100%| O|  |TAMS 0x0000000082900000, 0x0000000082800000| Untracked 
|  41|0x0000000082900000, 0x0000000082a00000, 0x0000000082a00000|100%| O|  |TAMS 0x0000000082a00000, 0x0000000082900000| Untracked 
|  42|0x0000000082a00000, 0x0000000082b00000, 0x0000000082b00000|100%| O|  |TAMS 0x0000000082b00000, 0x0000000082a00000| Untracked 
|  43|0x0000000082b00000, 0x0000000082c00000, 0x0000000082c00000|100%| O|  |TAMS 0x0000000082c00000, 0x0000000082b00000| Untracked 
|  44|0x0000000082c00000, 0x0000000082d00000, 0x0000000082d00000|100%| O|  |TAMS 0x0000000082d00000, 0x0000000082c00000| Untracked 
|  45|0x0000000082d00000, 0x0000000082e00000, 0x0000000082e00000|100%| O|  |TAMS 0x0000000082e00000, 0x0000000082d00000| Untracked 
|  46|0x0000000082e00000, 0x0000000082f00000, 0x0000000082f00000|100%| O|  |TAMS 0x0000000082e64200, 0x0000000082e00000| Untracked 
|  47|0x0000000082f00000, 0x0000000083000000, 0x0000000083000000|100%| O|  |TAMS 0x0000000082f00000, 0x0000000082f00000| Untracked 
|  48|0x0000000083000000, 0x0000000083100000, 0x0000000083100000|100%| O|  |TAMS 0x0000000083000000, 0x0000000083000000| Untracked 
|  49|0x0000000083100000, 0x0000000083200000, 0x0000000083200000|100%| O|  |TAMS 0x0000000083100000, 0x0000000083100000| Untracked 
|  50|0x0000000083200000, 0x0000000083300000, 0x0000000083300000|100%| O|  |TAMS 0x0000000083200000, 0x0000000083200000| Untracked 
|  51|0x0000000083300000, 0x0000000083400000, 0x0000000083400000|100%| O|  |TAMS 0x0000000083300000, 0x0000000083300000| Untracked 
|  52|0x0000000083400000, 0x0000000083500000, 0x0000000083500000|100%| O|  |TAMS 0x0000000083400000, 0x0000000083400000| Untracked 
|  53|0x0000000083500000, 0x0000000083600000, 0x0000000083600000|100%| O|  |TAMS 0x0000000083500000, 0x0000000083500000| Untracked 
|  54|0x0000000083600000, 0x0000000083700000, 0x0000000083700000|100%| O|  |TAMS 0x0000000083600000, 0x0000000083600000| Untracked 
|  55|0x0000000083700000, 0x0000000083800000, 0x0000000083800000|100%| O|  |TAMS 0x0000000083700000, 0x0000000083700000| Untracked 
|  56|0x0000000083800000, 0x0000000083900000, 0x0000000083900000|100%| O|  |TAMS 0x0000000083800000, 0x0000000083800000| Untracked 
|  57|0x0000000083900000, 0x0000000083a00000, 0x0000000083a00000|100%| O|  |TAMS 0x0000000083900000, 0x0000000083900000| Untracked 
|  58|0x0000000083a00000, 0x0000000083b00000, 0x0000000083b00000|100%| O|  |TAMS 0x0000000083a00000, 0x0000000083a00000| Untracked 
|  59|0x0000000083b00000, 0x0000000083c00000, 0x0000000083c00000|100%| O|  |TAMS 0x0000000083b00000, 0x0000000083b00000| Untracked 
|  60|0x0000000083c00000, 0x0000000083d00000, 0x0000000083d00000|100%| O|  |TAMS 0x0000000083c00000, 0x0000000083c00000| Untracked 
|  61|0x0000000083d00000, 0x0000000083e00000, 0x0000000083e00000|100%| O|  |TAMS 0x0000000083d00000, 0x0000000083d00000| Untracked 
|  62|0x0000000083e00000, 0x0000000083f00000, 0x0000000083f00000|100%| O|  |TAMS 0x0000000083e00000, 0x0000000083e00000| Untracked 
|  63|0x0000000083f00000, 0x0000000084000000, 0x0000000084000000|100%| O|  |TAMS 0x0000000083f00000, 0x0000000083f00000| Untracked 
|  64|0x0000000084000000, 0x0000000084100000, 0x0000000084100000|100%| O|  |TAMS 0x0000000084000000, 0x0000000084000000| Untracked 
|  65|0x0000000084100000, 0x0000000084200000, 0x0000000084200000|100%| O|  |TAMS 0x0000000084100000, 0x0000000084100000| Untracked 
|  66|0x0000000084200000, 0x0000000084300000, 0x0000000084300000|100%| O|  |TAMS 0x0000000084200000, 0x0000000084200000| Untracked 
|  67|0x0000000084300000, 0x0000000084400000, 0x0000000084400000|100%| O|  |TAMS 0x0000000084300000, 0x0000000084300000| Untracked 
|  68|0x0000000084400000, 0x0000000084500000, 0x0000000084500000|100%| O|  |TAMS 0x0000000084400000, 0x0000000084400000| Untracked 
|  69|0x0000000084500000, 0x0000000084600000, 0x0000000084600000|100%| O|  |TAMS 0x0000000084500000, 0x0000000084500000| Untracked 
|  70|0x0000000084600000, 0x0000000084700000, 0x0000000084700000|100%| O|  |TAMS 0x0000000084600000, 0x0000000084600000| Untracked 
|  71|0x0000000084700000, 0x0000000084800000, 0x0000000084800000|100%| O|  |TAMS 0x0000000084700000, 0x0000000084700000| Untracked 
|  72|0x0000000084800000, 0x0000000084900000, 0x0000000084900000|100%| O|  |TAMS 0x0000000084800000, 0x0000000084800000| Untracked 
|  73|0x0000000084900000, 0x0000000084a00000, 0x0000000084a00000|100%| O|  |TAMS 0x0000000084900000, 0x0000000084900000| Untracked 
|  74|0x0000000084a00000, 0x0000000084b00000, 0x0000000084b00000|100%| O|  |TAMS 0x0000000084a00000, 0x0000000084a00000| Untracked 
|  75|0x0000000084b00000, 0x0000000084c00000, 0x0000000084c00000|100%| O|  |TAMS 0x0000000084b00000, 0x0000000084b00000| Untracked 
|  76|0x0000000084c00000, 0x0000000084d00000, 0x0000000084d00000|100%| O|  |TAMS 0x0000000084c00000, 0x0000000084c00000| Untracked 
|  77|0x0000000084d00000, 0x0000000084e00000, 0x0000000084e00000|100%| O|  |TAMS 0x0000000084d00000, 0x0000000084d00000| Untracked 
|  78|0x0000000084e00000, 0x0000000084f00000, 0x0000000084f00000|100%| O|  |TAMS 0x0000000084e00000, 0x0000000084e00000| Untracked 
|  79|0x0000000084f00000, 0x0000000085000000, 0x0000000085000000|100%| O|  |TAMS 0x0000000084f00000, 0x0000000084f00000| Untracked 
|  80|0x0000000085000000, 0x0000000085100000, 0x0000000085100000|100%| O|  |TAMS 0x0000000085000000, 0x0000000085000000| Untracked 
|  81|0x0000000085100000, 0x0000000085200000, 0x0000000085200000|100%| O|  |TAMS 0x0000000085100000, 0x0000000085100000| Untracked 
|  82|0x0000000085200000, 0x0000000085300000, 0x0000000085300000|100%| O|  |TAMS 0x0000000085200000, 0x0000000085200000| Untracked 
|  83|0x0000000085300000, 0x0000000085400000, 0x0000000085400000|100%| O|  |TAMS 0x0000000085300000, 0x0000000085300000| Untracked 
|  84|0x0000000085400000, 0x0000000085500000, 0x0000000085500000|100%| O|  |TAMS 0x0000000085400000, 0x0000000085400000| Untracked 
|  85|0x0000000085500000, 0x0000000085600000, 0x0000000085600000|100%| O|  |TAMS 0x0000000085500000, 0x0000000085500000| Untracked 
|  86|0x0000000085600000, 0x0000000085700000, 0x0000000085700000|100%| O|  |TAMS 0x0000000085600000, 0x0000000085600000| Untracked 
|  87|0x0000000085700000, 0x0000000085800000, 0x0000000085800000|100%| O|  |TAMS 0x0000000085700000, 0x0000000085700000| Untracked 
|  88|0x0000000085800000, 0x00000000858e6200, 0x0000000085900000| 89%| O|  |TAMS 0x0000000085800000, 0x0000000085800000| Untracked 
|  89|0x0000000085900000, 0x0000000085900000, 0x0000000085a00000|  0%| F|  |TAMS 0x0000000085900000, 0x0000000085900000| Untracked 
|  90|0x0000000085a00000, 0x0000000085a00000, 0x0000000085b00000|  0%| F|  |TAMS 0x0000000085a00000, 0x0000000085a00000| Untracked 
|  91|0x0000000085b00000, 0x0000000085b00000, 0x0000000085c00000|  0%| F|  |TAMS 0x0000000085b00000, 0x0000000085b00000| Untracked 
|  92|0x0000000085c00000, 0x0000000085c00000, 0x0000000085d00000|  0%| F|  |TAMS 0x0000000085c00000, 0x0000000085c00000| Untracked 
|  93|0x0000000085d00000, 0x0000000085d00000, 0x0000000085e00000|  0%| F|  |TAMS 0x0000000085d00000, 0x0000000085d00000| Untracked 
|  94|0x0000000085e00000, 0x0000000085e00000, 0x0000000085f00000|  0%| F|  |TAMS 0x0000000085e00000, 0x0000000085e00000| Untracked 
|  95|0x0000000085f00000, 0x0000000085f00000, 0x0000000086000000|  0%| F|  |TAMS 0x0000000085f00000, 0x0000000085f00000| Untracked 
|  96|0x0000000086000000, 0x0000000086000000, 0x0000000086100000|  0%| F|  |TAMS 0x0000000086000000, 0x0000000086000000| Untracked 
|  97|0x0000000086100000, 0x0000000086100000, 0x0000000086200000|  0%| F|  |TAMS 0x0000000086100000, 0x0000000086100000| Untracked 
|  98|0x0000000086200000, 0x0000000086200000, 0x0000000086300000|  0%| F|  |TAMS 0x0000000086200000, 0x0000000086200000| Untracked 
|  99|0x0000000086300000, 0x0000000086300000, 0x0000000086400000|  0%| F|  |TAMS 0x0000000086300000, 0x0000000086300000| Untracked 
| 100|0x0000000086400000, 0x0000000086400000, 0x0000000086500000|  0%| F|  |TAMS 0x0000000086400000, 0x0000000086400000| Untracked 
| 101|0x0000000086500000, 0x0000000086500000, 0x0000000086600000|  0%| F|  |TAMS 0x0000000086500000, 0x0000000086500000| Untracked 
| 102|0x0000000086600000, 0x0000000086600000, 0x0000000086700000|  0%| F|  |TAMS 0x0000000086600000, 0x0000000086600000| Untracked 
| 103|0x0000000086700000, 0x0000000086700000, 0x0000000086800000|  0%| F|  |TAMS 0x0000000086700000, 0x0000000086700000| Untracked 
| 104|0x0000000086800000, 0x0000000086800000, 0x0000000086900000|  0%| F|  |TAMS 0x0000000086800000, 0x0000000086800000| Untracked 
| 105|0x0000000086900000, 0x0000000086900000, 0x0000000086a00000|  0%| F|  |TAMS 0x0000000086900000, 0x0000000086900000| Untracked 
| 106|0x0000000086a00000, 0x0000000086a00000, 0x0000000086b00000|  0%| F|  |TAMS 0x0000000086a00000, 0x0000000086a00000| Untracked 
| 107|0x0000000086b00000, 0x0000000086b00000, 0x0000000086c00000|  0%| F|  |TAMS 0x0000000086b00000, 0x0000000086b00000| Untracked 
| 108|0x0000000086c00000, 0x0000000086c00000, 0x0000000086d00000|  0%| F|  |TAMS 0x0000000086c00000, 0x0000000086c00000| Untracked 
| 109|0x0000000086d00000, 0x0000000086d00000, 0x0000000086e00000|  0%| F|  |TAMS 0x0000000086d00000, 0x0000000086d00000| Untracked 
| 110|0x0000000086e00000, 0x0000000086e00000, 0x0000000086f00000|  0%| F|  |TAMS 0x0000000086e00000, 0x0000000086e00000| Untracked 
| 111|0x0000000086f00000, 0x0000000086f00000, 0x0000000087000000|  0%| F|  |TAMS 0x0000000086f00000, 0x0000000086f00000| Untracked 
| 112|0x0000000087000000, 0x0000000087000000, 0x0000000087100000|  0%| F|  |TAMS 0x0000000087000000, 0x0000000087000000| Untracked 
| 113|0x0000000087100000, 0x0000000087100000, 0x0000000087200000|  0%| F|  |TAMS 0x0000000087100000, 0x0000000087100000| Untracked 
| 114|0x0000000087200000, 0x0000000087200000, 0x0000000087300000|  0%| F|  |TAMS 0x0000000087200000, 0x0000000087200000| Untracked 
| 115|0x0000000087300000, 0x0000000087300000, 0x0000000087400000|  0%| F|  |TAMS 0x0000000087300000, 0x0000000087300000| Untracked 
| 116|0x0000000087400000, 0x0000000087400000, 0x0000000087500000|  0%| F|  |TAMS 0x0000000087400000, 0x0000000087400000| Untracked 
| 117|0x0000000087500000, 0x0000000087500000, 0x0000000087600000|  0%| F|  |TAMS 0x0000000087500000, 0x0000000087500000| Untracked 
| 118|0x0000000087600000, 0x0000000087600000, 0x0000000087700000|  0%| F|  |TAMS 0x0000000087600000, 0x0000000087600000| Untracked 
| 119|0x0000000087700000, 0x0000000087700000, 0x0000000087800000|  0%| F|  |TAMS 0x0000000087700000, 0x0000000087700000| Untracked 
| 120|0x0000000087800000, 0x0000000087800000, 0x0000000087900000|  0%| F|  |TAMS 0x0000000087800000, 0x0000000087800000| Untracked 
| 121|0x0000000087900000, 0x0000000087982510, 0x0000000087a00000| 50%| S|CS|TAMS 0x0000000087900000, 0x0000000087900000| Complete 
| 122|0x0000000087a00000, 0x0000000087b00000, 0x0000000087b00000|100%| S|CS|TAMS 0x0000000087a00000, 0x0000000087a00000| Complete 
| 123|0x0000000087b00000, 0x0000000087c00000, 0x0000000087c00000|100%| S|CS|TAMS 0x0000000087b00000, 0x0000000087b00000| Complete 
| 124|0x0000000087c00000, 0x0000000087c00000, 0x0000000087d00000|  0%| F|  |TAMS 0x0000000087c00000, 0x0000000087c00000| Untracked 
| 125|0x0000000087d00000, 0x0000000087d00000, 0x0000000087e00000|  0%| F|  |TAMS 0x0000000087d00000, 0x0000000087d00000| Untracked 
| 126|0x0000000087e00000, 0x0000000087e00000, 0x0000000087f00000|  0%| F|  |TAMS 0x0000000087e00000, 0x0000000087e00000| Untracked 
| 127|0x0000000087f00000, 0x0000000087f00000, 0x0000000088000000|  0%| F|  |TAMS 0x0000000087f00000, 0x0000000087f00000| Untracked 
| 128|0x0000000088000000, 0x0000000088100000, 0x0000000088100000|100%| S|CS|TAMS 0x0000000088000000, 0x0000000088000000| Complete 
| 129|0x0000000088100000, 0x0000000088100000, 0x0000000088200000|  0%| F|  |TAMS 0x0000000088100000, 0x0000000088100000| Untracked 
| 130|0x0000000088200000, 0x0000000088200000, 0x0000000088300000|  0%| F|  |TAMS 0x0000000088200000, 0x0000000088200000| Untracked 
| 131|0x0000000088300000, 0x0000000088300000, 0x0000000088400000|  0%| F|  |TAMS 0x0000000088300000, 0x0000000088300000| Untracked 
| 132|0x0000000088400000, 0x0000000088400000, 0x0000000088500000|  0%| F|  |TAMS 0x0000000088400000, 0x0000000088400000| Untracked 
| 133|0x0000000088500000, 0x0000000088500000, 0x0000000088600000|  0%| F|  |TAMS 0x0000000088500000, 0x0000000088500000| Untracked 
| 134|0x0000000088600000, 0x0000000088600000, 0x0000000088700000|  0%| F|  |TAMS 0x0000000088600000, 0x0000000088600000| Untracked 
| 135|0x0000000088700000, 0x0000000088800000, 0x0000000088800000|100%| S|CS|TAMS 0x0000000088700000, 0x0000000088700000| Complete 
| 136|0x0000000088800000, 0x0000000088900000, 0x0000000088900000|100%| S|CS|TAMS 0x0000000088800000, 0x0000000088800000| Complete 
| 137|0x0000000088900000, 0x0000000088a00000, 0x0000000088a00000|100%| S|CS|TAMS 0x0000000088900000, 0x0000000088900000| Complete 
| 138|0x0000000088a00000, 0x0000000088b00000, 0x0000000088b00000|100%| S|CS|TAMS 0x0000000088a00000, 0x0000000088a00000| Complete 
| 139|0x0000000088b00000, 0x0000000088c00000, 0x0000000088c00000|100%| S|CS|TAMS 0x0000000088b00000, 0x0000000088b00000| Complete 
| 140|0x0000000088c00000, 0x0000000088d00000, 0x0000000088d00000|100%| S|CS|TAMS 0x0000000088c00000, 0x0000000088c00000| Complete 
| 141|0x0000000088d00000, 0x0000000088e00000, 0x0000000088e00000|100%| S|CS|TAMS 0x0000000088d00000, 0x0000000088d00000| Complete 
| 142|0x0000000088e00000, 0x0000000088f00000, 0x0000000088f00000|100%| S|CS|TAMS 0x0000000088e00000, 0x0000000088e00000| Complete 
| 143|0x0000000088f00000, 0x0000000089000000, 0x0000000089000000|100%| S|CS|TAMS 0x0000000088f00000, 0x0000000088f00000| Complete 
| 144|0x0000000089000000, 0x0000000089000000, 0x0000000089100000|  0%| F|  |TAMS 0x0000000089000000, 0x0000000089000000| Untracked 
| 145|0x0000000089100000, 0x0000000089100000, 0x0000000089200000|  0%| F|  |TAMS 0x0000000089100000, 0x0000000089100000| Untracked 
| 146|0x0000000089200000, 0x0000000089200000, 0x0000000089300000|  0%| F|  |TAMS 0x0000000089200000, 0x0000000089200000| Untracked 
| 147|0x0000000089300000, 0x0000000089300000, 0x0000000089400000|  0%| F|  |TAMS 0x0000000089300000, 0x0000000089300000| Untracked 
| 148|0x0000000089400000, 0x0000000089400000, 0x0000000089500000|  0%| F|  |TAMS 0x0000000089400000, 0x0000000089400000| Untracked 
| 149|0x0000000089500000, 0x0000000089500000, 0x0000000089600000|  0%| F|  |TAMS 0x0000000089500000, 0x0000000089500000| Untracked 
| 150|0x0000000089600000, 0x0000000089600000, 0x0000000089700000|  0%| F|  |TAMS 0x0000000089600000, 0x0000000089600000| Untracked 
| 151|0x0000000089700000, 0x0000000089700000, 0x0000000089800000|  0%| F|  |TAMS 0x0000000089700000, 0x0000000089700000| Untracked 
| 152|0x0000000089800000, 0x0000000089800000, 0x0000000089900000|  0%| F|  |TAMS 0x0000000089800000, 0x0000000089800000| Untracked 
| 153|0x0000000089900000, 0x0000000089900000, 0x0000000089a00000|  0%| F|  |TAMS 0x0000000089900000, 0x0000000089900000| Untracked 
| 154|0x0000000089a00000, 0x0000000089a00000, 0x0000000089b00000|  0%| F|  |TAMS 0x0000000089a00000, 0x0000000089a00000| Untracked 
| 155|0x0000000089b00000, 0x0000000089b00000, 0x0000000089c00000|  0%| F|  |TAMS 0x0000000089b00000, 0x0000000089b00000| Untracked 
| 156|0x0000000089c00000, 0x0000000089c00000, 0x0000000089d00000|  0%| F|  |TAMS 0x0000000089c00000, 0x0000000089c00000| Untracked 
| 157|0x0000000089d00000, 0x0000000089d00000, 0x0000000089e00000|  0%| F|  |TAMS 0x0000000089d00000, 0x0000000089d00000| Untracked 
| 158|0x0000000089e00000, 0x0000000089e00000, 0x0000000089f00000|  0%| F|  |TAMS 0x0000000089e00000, 0x0000000089e00000| Untracked 
| 159|0x0000000089f00000, 0x0000000089f00000, 0x000000008a000000|  0%| F|  |TAMS 0x0000000089f00000, 0x0000000089f00000| Untracked 
| 160|0x000000008a000000, 0x000000008a000000, 0x000000008a100000|  0%| F|  |TAMS 0x000000008a000000, 0x000000008a000000| Untracked 
| 161|0x000000008a100000, 0x000000008a100000, 0x000000008a200000|  0%| F|  |TAMS 0x000000008a100000, 0x000000008a100000| Untracked 
| 162|0x000000008a200000, 0x000000008a200000, 0x000000008a300000|  0%| F|  |TAMS 0x000000008a200000, 0x000000008a200000| Untracked 
| 163|0x000000008a300000, 0x000000008a300000, 0x000000008a400000|  0%| F|  |TAMS 0x000000008a300000, 0x000000008a300000| Untracked 
| 164|0x000000008a400000, 0x000000008a400000, 0x000000008a500000|  0%| F|  |TAMS 0x000000008a400000, 0x000000008a400000| Untracked 
| 165|0x000000008a500000, 0x000000008a500000, 0x000000008a600000|  0%| F|  |TAMS 0x000000008a500000, 0x000000008a500000| Untracked 
| 166|0x000000008a600000, 0x000000008a600000, 0x000000008a700000|  0%| F|  |TAMS 0x000000008a600000, 0x000000008a600000| Untracked 
| 167|0x000000008a700000, 0x000000008a700000, 0x000000008a800000|  0%| F|  |TAMS 0x000000008a700000, 0x000000008a700000| Untracked 
| 168|0x000000008a800000, 0x000000008a800000, 0x000000008a900000|  0%| F|  |TAMS 0x000000008a800000, 0x000000008a800000| Untracked 
| 169|0x000000008a900000, 0x000000008a900000, 0x000000008aa00000|  0%| F|  |TAMS 0x000000008a900000, 0x000000008a900000| Untracked 
| 170|0x000000008aa00000, 0x000000008aa00000, 0x000000008ab00000|  0%| F|  |TAMS 0x000000008aa00000, 0x000000008aa00000| Untracked 
| 171|0x000000008ab00000, 0x000000008ab00000, 0x000000008ac00000|  0%| F|  |TAMS 0x000000008ab00000, 0x000000008ab00000| Untracked 
| 172|0x000000008ac00000, 0x000000008ac00000, 0x000000008ad00000|  0%| F|  |TAMS 0x000000008ac00000, 0x000000008ac00000| Untracked 
| 173|0x000000008ad00000, 0x000000008ad00000, 0x000000008ae00000|  0%| F|  |TAMS 0x000000008ad00000, 0x000000008ad00000| Untracked 
| 174|0x000000008ae00000, 0x000000008ae00000, 0x000000008af00000|  0%| F|  |TAMS 0x000000008ae00000, 0x000000008ae00000| Untracked 
| 175|0x000000008af00000, 0x000000008af00000, 0x000000008b000000|  0%| F|  |TAMS 0x000000008af00000, 0x000000008af00000| Untracked 
| 176|0x000000008b000000, 0x000000008b000000, 0x000000008b100000|  0%| F|  |TAMS 0x000000008b000000, 0x000000008b000000| Untracked 
| 177|0x000000008b100000, 0x000000008b100000, 0x000000008b200000|  0%| F|  |TAMS 0x000000008b100000, 0x000000008b100000| Untracked 
| 178|0x000000008b200000, 0x000000008b200000, 0x000000008b300000|  0%| F|  |TAMS 0x000000008b200000, 0x000000008b200000| Untracked 
| 179|0x000000008b300000, 0x000000008b300000, 0x000000008b400000|  0%| F|  |TAMS 0x000000008b300000, 0x000000008b300000| Untracked 
| 180|0x000000008b400000, 0x000000008b400000, 0x000000008b500000|  0%| F|  |TAMS 0x000000008b400000, 0x000000008b400000| Untracked 
| 181|0x000000008b500000, 0x000000008b500000, 0x000000008b600000|  0%| F|  |TAMS 0x000000008b500000, 0x000000008b500000| Untracked 
| 182|0x000000008b600000, 0x000000008b600000, 0x000000008b700000|  0%| F|  |TAMS 0x000000008b600000, 0x000000008b600000| Untracked 
| 183|0x000000008b700000, 0x000000008b700000, 0x000000008b800000|  0%| F|  |TAMS 0x000000008b700000, 0x000000008b700000| Untracked 
| 184|0x000000008b800000, 0x000000008b800000, 0x000000008b900000|  0%| F|  |TAMS 0x000000008b800000, 0x000000008b800000| Untracked 
| 185|0x000000008b900000, 0x000000008b900000, 0x000000008ba00000|  0%| F|  |TAMS 0x000000008b900000, 0x000000008b900000| Untracked 
| 186|0x000000008ba00000, 0x000000008ba00000, 0x000000008bb00000|  0%| F|  |TAMS 0x000000008ba00000, 0x000000008ba00000| Untracked 
| 187|0x000000008bb00000, 0x000000008bb00000, 0x000000008bc00000|  0%| F|  |TAMS 0x000000008bb00000, 0x000000008bb00000| Untracked 
| 188|0x000000008bc00000, 0x000000008bc00000, 0x000000008bd00000|  0%| F|  |TAMS 0x000000008bc00000, 0x000000008bc00000| Untracked 
| 189|0x000000008bd00000, 0x000000008bd00000, 0x000000008be00000|  0%| F|  |TAMS 0x000000008bd00000, 0x000000008bd00000| Untracked 
| 190|0x000000008be00000, 0x000000008be00000, 0x000000008bf00000|  0%| F|  |TAMS 0x000000008be00000, 0x000000008be00000| Untracked 
| 191|0x000000008bf00000, 0x000000008bf00000, 0x000000008c000000|  0%| F|  |TAMS 0x000000008bf00000, 0x000000008bf00000| Untracked 
| 192|0x000000008c000000, 0x000000008c000000, 0x000000008c100000|  0%| F|  |TAMS 0x000000008c000000, 0x000000008c000000| Untracked 
| 193|0x000000008c100000, 0x000000008c100000, 0x000000008c200000|  0%| F|  |TAMS 0x000000008c100000, 0x000000008c100000| Untracked 
| 194|0x000000008c200000, 0x000000008c200000, 0x000000008c300000|  0%| F|  |TAMS 0x000000008c200000, 0x000000008c200000| Untracked 
| 195|0x000000008c300000, 0x000000008c300000, 0x000000008c400000|  0%| F|  |TAMS 0x000000008c300000, 0x000000008c300000| Untracked 
| 196|0x000000008c400000, 0x000000008c400000, 0x000000008c500000|  0%| F|  |TAMS 0x000000008c400000, 0x000000008c400000| Untracked 
| 197|0x000000008c500000, 0x000000008c500000, 0x000000008c600000|  0%| F|  |TAMS 0x000000008c500000, 0x000000008c500000| Untracked 
| 198|0x000000008c600000, 0x000000008c600000, 0x000000008c700000|  0%| F|  |TAMS 0x000000008c600000, 0x000000008c600000| Untracked 
| 199|0x000000008c700000, 0x000000008c700000, 0x000000008c800000|  0%| F|  |TAMS 0x000000008c700000, 0x000000008c700000| Untracked 
| 200|0x000000008c800000, 0x000000008c800000, 0x000000008c900000|  0%| F|  |TAMS 0x000000008c800000, 0x000000008c800000| Untracked 
| 201|0x000000008c900000, 0x000000008c900000, 0x000000008ca00000|  0%| F|  |TAMS 0x000000008c900000, 0x000000008c900000| Untracked 
| 202|0x000000008ca00000, 0x000000008ca00000, 0x000000008cb00000|  0%| F|  |TAMS 0x000000008ca00000, 0x000000008ca00000| Untracked 
| 203|0x000000008cb00000, 0x000000008cb00000, 0x000000008cc00000|  0%| F|  |TAMS 0x000000008cb00000, 0x000000008cb00000| Untracked 
| 204|0x000000008cc00000, 0x000000008cc00000, 0x000000008cd00000|  0%| F|  |TAMS 0x000000008cc00000, 0x000000008cc00000| Untracked 
| 205|0x000000008cd00000, 0x000000008cd00000, 0x000000008ce00000|  0%| F|  |TAMS 0x000000008cd00000, 0x000000008cd00000| Untracked 
| 206|0x000000008ce00000, 0x000000008ce00000, 0x000000008cf00000|  0%| F|  |TAMS 0x000000008ce00000, 0x000000008ce00000| Untracked 
| 207|0x000000008cf00000, 0x000000008cf00000, 0x000000008d000000|  0%| F|  |TAMS 0x000000008cf00000, 0x000000008cf00000| Untracked 
| 208|0x000000008d000000, 0x000000008d000000, 0x000000008d100000|  0%| F|  |TAMS 0x000000008d000000, 0x000000008d000000| Untracked 
| 209|0x000000008d100000, 0x000000008d100000, 0x000000008d200000|  0%| F|  |TAMS 0x000000008d100000, 0x000000008d100000| Untracked 
| 210|0x000000008d200000, 0x000000008d200000, 0x000000008d300000|  0%| F|  |TAMS 0x000000008d200000, 0x000000008d200000| Untracked 
| 211|0x000000008d300000, 0x000000008d300000, 0x000000008d400000|  0%| F|  |TAMS 0x000000008d300000, 0x000000008d300000| Untracked 
| 212|0x000000008d400000, 0x000000008d400000, 0x000000008d500000|  0%| F|  |TAMS 0x000000008d400000, 0x000000008d400000| Untracked 
| 213|0x000000008d500000, 0x000000008d500000, 0x000000008d600000|  0%| F|  |TAMS 0x000000008d500000, 0x000000008d500000| Untracked 
| 214|0x000000008d600000, 0x000000008d600000, 0x000000008d700000|  0%| F|  |TAMS 0x000000008d600000, 0x000000008d600000| Untracked 
| 215|0x000000008d700000, 0x000000008d700000, 0x000000008d800000|  0%| F|  |TAMS 0x000000008d700000, 0x000000008d700000| Untracked 
| 216|0x000000008d800000, 0x000000008d800000, 0x000000008d900000|  0%| F|  |TAMS 0x000000008d800000, 0x000000008d800000| Untracked 
| 217|0x000000008d900000, 0x000000008d900000, 0x000000008da00000|  0%| F|  |TAMS 0x000000008d900000, 0x000000008d900000| Untracked 
| 218|0x000000008da00000, 0x000000008da00000, 0x000000008db00000|  0%| F|  |TAMS 0x000000008da00000, 0x000000008da00000| Untracked 
| 219|0x000000008db00000, 0x000000008db00000, 0x000000008dc00000|  0%| F|  |TAMS 0x000000008db00000, 0x000000008db00000| Untracked 
| 220|0x000000008dc00000, 0x000000008dc00000, 0x000000008dd00000|  0%| F|  |TAMS 0x000000008dc00000, 0x000000008dc00000| Untracked 
| 221|0x000000008dd00000, 0x000000008dd00000, 0x000000008de00000|  0%| F|  |TAMS 0x000000008dd00000, 0x000000008dd00000| Untracked 
| 222|0x000000008de00000, 0x000000008de00000, 0x000000008df00000|  0%| F|  |TAMS 0x000000008de00000, 0x000000008de00000| Untracked 
| 223|0x000000008df00000, 0x000000008df00000, 0x000000008e000000|  0%| F|  |TAMS 0x000000008df00000, 0x000000008df00000| Untracked 
| 224|0x000000008e000000, 0x000000008e000000, 0x000000008e100000|  0%| F|  |TAMS 0x000000008e000000, 0x000000008e000000| Untracked 
| 225|0x000000008e100000, 0x000000008e100000, 0x000000008e200000|  0%| F|  |TAMS 0x000000008e100000, 0x000000008e100000| Untracked 
| 226|0x000000008e200000, 0x000000008e280800, 0x000000008e300000| 50%| E|  |TAMS 0x000000008e200000, 0x000000008e200000| Complete 
| 227|0x000000008e300000, 0x000000008e400000, 0x000000008e400000|100%| E|CS|TAMS 0x000000008e300000, 0x000000008e300000| Complete 
| 228|0x000000008e400000, 0x000000008e500000, 0x000000008e500000|100%| E|CS|TAMS 0x000000008e400000, 0x000000008e400000| Complete 
| 229|0x000000008e500000, 0x000000008e600000, 0x000000008e600000|100%| E|CS|TAMS 0x000000008e500000, 0x000000008e500000| Complete 
| 230|0x000000008e600000, 0x000000008e700000, 0x000000008e700000|100%| E|CS|TAMS 0x000000008e600000, 0x000000008e600000| Complete 
| 231|0x000000008e700000, 0x000000008e800000, 0x000000008e800000|100%| E|CS|TAMS 0x000000008e700000, 0x000000008e700000| Complete 
| 232|0x000000008e800000, 0x000000008e900000, 0x000000008e900000|100%| E|CS|TAMS 0x000000008e800000, 0x000000008e800000| Complete 
| 233|0x000000008e900000, 0x000000008ea00000, 0x000000008ea00000|100%| E|CS|TAMS 0x000000008e900000, 0x000000008e900000| Complete 
| 234|0x000000008ea00000, 0x000000008eb00000, 0x000000008eb00000|100%| E|CS|TAMS 0x000000008ea00000, 0x000000008ea00000| Complete 
| 235|0x000000008eb00000, 0x000000008ec00000, 0x000000008ec00000|100%| E|CS|TAMS 0x000000008eb00000, 0x000000008eb00000| Complete 
| 236|0x000000008ec00000, 0x000000008ed00000, 0x000000008ed00000|100%| E|CS|TAMS 0x000000008ec00000, 0x000000008ec00000| Complete 
| 237|0x000000008ed00000, 0x000000008ee00000, 0x000000008ee00000|100%| E|CS|TAMS 0x000000008ed00000, 0x000000008ed00000| Complete 
| 238|0x000000008ee00000, 0x000000008ef00000, 0x000000008ef00000|100%| E|CS|TAMS 0x000000008ee00000, 0x000000008ee00000| Complete 
| 239|0x000000008ef00000, 0x000000008f000000, 0x000000008f000000|100%| E|CS|TAMS 0x000000008ef00000, 0x000000008ef00000| Complete 
| 240|0x000000008f000000, 0x000000008f100000, 0x000000008f100000|100%| E|CS|TAMS 0x000000008f000000, 0x000000008f000000| Complete 
| 241|0x000000008f100000, 0x000000008f200000, 0x000000008f200000|100%| E|CS|TAMS 0x000000008f100000, 0x000000008f100000| Complete 
| 242|0x000000008f200000, 0x000000008f300000, 0x000000008f300000|100%| E|CS|TAMS 0x000000008f200000, 0x000000008f200000| Complete 
| 243|0x000000008f300000, 0x000000008f400000, 0x000000008f400000|100%| E|CS|TAMS 0x000000008f300000, 0x000000008f300000| Complete 
| 244|0x000000008f400000, 0x000000008f500000, 0x000000008f500000|100%| E|CS|TAMS 0x000000008f400000, 0x000000008f400000| Complete 
| 245|0x000000008f500000, 0x000000008f600000, 0x000000008f600000|100%| E|CS|TAMS 0x000000008f500000, 0x000000008f500000| Complete 
| 246|0x000000008f600000, 0x000000008f700000, 0x000000008f700000|100%| E|CS|TAMS 0x000000008f600000, 0x000000008f600000| Complete 
| 247|0x000000008f700000, 0x000000008f800000, 0x000000008f800000|100%| E|CS|TAMS 0x000000008f700000, 0x000000008f700000| Complete 
| 248|0x000000008f800000, 0x000000008f900000, 0x000000008f900000|100%| E|CS|TAMS 0x000000008f800000, 0x000000008f800000| Complete 
| 249|0x000000008f900000, 0x000000008fa00000, 0x000000008fa00000|100%| E|CS|TAMS 0x000000008f900000, 0x000000008f900000| Complete 
| 250|0x000000008fa00000, 0x000000008fb00000, 0x000000008fb00000|100%| E|CS|TAMS 0x000000008fa00000, 0x000000008fa00000| Complete 
| 251|0x000000008fb00000, 0x000000008fc00000, 0x000000008fc00000|100%| E|CS|TAMS 0x000000008fb00000, 0x000000008fb00000| Complete 
| 252|0x000000008fc00000, 0x000000008fd00000, 0x000000008fd00000|100%| E|CS|TAMS 0x000000008fc00000, 0x000000008fc00000| Complete 
| 253|0x000000008fd00000, 0x000000008fe00000, 0x000000008fe00000|100%| E|CS|TAMS 0x000000008fd00000, 0x000000008fd00000| Complete 

Card table byte_map: [0x00000186c4580000,0x00000186c4980000] _byte_map_base: 0x00000186c4180000

Marking Bits (Prev, Next): (CMBitMap*) 0x00000186b137ea38, (CMBitMap*) 0x00000186b137ea70
 Prev Bits: [0x00000186c4d80000, 0x00000186c6d80000)
 Next Bits: [0x00000186c6d80000, 0x00000186c8d80000)

Polling page: 0x00000186af2a0000

Metaspace:

Usage:
  Non-class:     80.95 MB capacity,    79.34 MB ( 98%) used,     1.35 MB (  2%) free+waste,   274.69 KB ( <1%) overhead. 
      Class:     12.69 MB capacity,    11.80 MB ( 93%) used,   782.05 KB (  6%) free+waste,   124.94 KB ( <1%) overhead. 
       Both:     93.64 MB capacity,    91.14 MB ( 97%) used,     2.11 MB (  2%) free+waste,   399.63 KB ( <1%) overhead. 

Virtual space:
  Non-class space:       82.00 MB reserved,      81.00 MB ( 99%) committed 
      Class space:        1.00 GB reserved,      12.70 MB (  1%) committed 
             Both:        1.08 GB reserved,      93.70 MB (  8%) committed 

Chunk freelists:
   Non-Class:  48.00 KB
       Class:  0 bytes
        Both:  48.00 KB

MaxMetaspaceSize: 17179869184.00 GB
CompressedClassSpaceSize: 1.00 GB

CodeHeap 'non-profiled nmethods': size=120000Kb used=10051Kb max_used=10051Kb free=109949Kb
 bounds [0x00000186bc900000, 0x00000186bd2e0000, 0x00000186c3e30000]
CodeHeap 'profiled nmethods': size=120000Kb used=27877Kb max_used=27877Kb free=92122Kb
 bounds [0x00000186b53d0000, 0x00000186b6f10000, 0x00000186bc900000]
CodeHeap 'non-nmethods': size=5760Kb used=2303Kb max_used=2357Kb free=3456Kb
 bounds [0x00000186b4e30000, 0x00000186b50a0000, 0x00000186b53d0000]
 total_blobs=13663 nmethods=12751 adapters=823
 compilation: enabled
              stopped_count=0, restarted_count=0
 full_count=0

Compilation events (20 events):
Event: 48.209 Thread 0x00000186cc0ce000 12794       3       kotlin.reflect.jvm.internal.KProperty1Impl::getGetter (17 bytes)
Event: 48.209 Thread 0x00000186cc0ce000 nmethod 12794 0x00000186b6efed10 code [0x00000186b6efeee0, 0x00000186b6eff158]
Event: 48.209 Thread 0x00000186cc0ce000 12795       3       kotlin.reflect.jvm.internal.KPropertyImpl$Getter::getCaller (17 bytes)
Event: 48.209 Thread 0x00000186cc0ce000 nmethod 12795 0x00000186b6eff290 code [0x00000186b6eff460, 0x00000186b6eff748]
Event: 48.209 Thread 0x00000186cc0ce000 12797       3       org.gradle.api.internal.project.DefaultProject::getExtensions (8 bytes)
Event: 48.209 Thread 0x00000186cc0ce000 nmethod 12797 0x00000186b6eff890 code [0x00000186b6effa60, 0x00000186b6effdd8]
Event: 48.210 Thread 0x00000186cc0ce000 12798       1       org.jetbrains.kotlin.gradle.tasks.KotlinCompileTaskData::getDestinationDir (5 bytes)
Event: 48.210 Thread 0x00000186cc0ce000 nmethod 12798 0x00000186bd2cf010 code [0x00000186bd2cf1c0, 0x00000186bd2cf278]
Event: 48.215 Thread 0x00000186cc0ce000 12799       3       sun.security.provider.ByteArrayAccess::i2bBig4 (111 bytes)
Event: 48.215 Thread 0x00000186cc0ce000 nmethod 12799 0x00000186b6efff10 code [0x00000186b6f000e0, 0x00000186b6f003c8]
Event: 48.217 Thread 0x00000186cc0ce000 12800   !   3       jdk.internal.loader.URLClassPath::check (123 bytes)
Event: 48.218 Thread 0x00000186cc0ce000 nmethod 12800 0x00000186b6f00510 code [0x00000186b6f00800, 0x00000186b6f01a88]
Event: 48.218 Thread 0x00000186cc0ce000 12801       3       org.gradle.api.internal.tasks.properties.annotations.AbstractOutputPropertyAnnotationHandler::visitPropertyValue (22 bytes)
Event: 48.218 Thread 0x00000186cc0ce000 nmethod 12801 0x00000186b6f02010 code [0x00000186b6f02200, 0x00000186b6f026c8]
Event: 48.242 Thread 0x00000186cc0ce000 12803       3       org.gradle.internal.remote.internal.inet.SocketConnection$SocketOutputStream::write (78 bytes)
Event: 48.243 Thread 0x00000186cc0ce000 nmethod 12803 0x00000186b6f02910 code [0x00000186b6f02b60, 0x00000186b6f03428]
Event: 48.267 Thread 0x00000186cc0ce000 12804       3       java.net.URLClassLoader::findResource (33 bytes)
Event: 48.268 Thread 0x00000186cc0ce000 nmethod 12804 0x00000186b6f03710 code [0x00000186b6f03920, 0x00000186b6f03e78]
Event: 48.268 Thread 0x00000186cc0ce000 12805       3       java.net.URLClassLoader$2::<init> (15 bytes)
Event: 48.268 Thread 0x00000186cc0ce000 nmethod 12805 0x00000186b6f04010 code [0x00000186b6f041c0, 0x00000186b6f043d8]

GC Heap History (20 events):
Event: 30.046 GC heap before
{Heap before GC invocations=10 (full 0):
 garbage-first heap   total 260096K, used 145808K [0x0000000080000000, 0x0000000100000000)
  region size 1024K, 96 young (98304K), 3 survivors (3072K)
 Metaspace       used 65671K, capacity 67289K, committed 67532K, reserved 1107968K
  class space    used 8312K, capacity 8861K, committed 8908K, reserved 1048576K
}
Event: 30.058 GC heap after
{Heap after GC invocations=11 (full 0):
 garbage-first heap   total 260096K, used 56036K [0x0000000080000000, 0x0000000100000000)
  region size 1024K, 9 young (9216K), 9 survivors (9216K)
 Metaspace       used 65671K, capacity 67289K, committed 67532K, reserved 1107968K
  class space    used 8312K, capacity 8861K, committed 8908K, reserved 1048576K
}
Event: 31.122 GC heap before
{Heap before GC invocations=12 (full 0):
 garbage-first heap   total 260096K, used 156388K [0x0000000080000000, 0x0000000100000000)
  region size 1024K, 107 young (109568K), 9 survivors (9216K)
 Metaspace       used 72330K, capacity 74023K, committed 74316K, reserved 1114112K
  class space    used 9324K, capacity 9928K, committed 10060K, reserved 1048576K
}
Event: 31.135 GC heap after
{Heap after GC invocations=13 (full 0):
 garbage-first heap   total 260096K, used 63006K [0x0000000080000000, 0x0000000100000000)
  region size 1024K, 14 young (14336K), 14 survivors (14336K)
 Metaspace       used 72330K, capacity 74023K, committed 74316K, reserved 1114112K
  class space    used 9324K, capacity 9928K, committed 10060K, reserved 1048576K
}
Event: 32.092 GC heap before
{Heap before GC invocations=13 (full 0):
 garbage-first heap   total 260096K, used 167454K [0x0000000080000000, 0x0000000100000000)
  region size 1024K, 116 young (118784K), 14 survivors (14336K)
 Metaspace       used 77770K, capacity 79697K, committed 79948K, reserved 1118208K
  class space    used 10010K, capacity 10702K, committed 10828K, reserved 1048576K
}
Event: 32.109 GC heap after
{Heap after GC invocations=14 (full 0):
 garbage-first heap   total 260096K, used 70040K [0x0000000080000000, 0x0000000100000000)
  region size 1024K, 14 young (14336K), 14 survivors (14336K)
 Metaspace       used 77770K, capacity 79697K, committed 79948K, reserved 1118208K
  class space    used 10010K, capacity 10702K, committed 10828K, reserved 1048576K
}
Event: 34.639 GC heap before
{Heap before GC invocations=14 (full 0):
 garbage-first heap   total 260096K, used 176536K [0x0000000080000000, 0x0000000100000000)
  region size 1024K, 118 young (120832K), 14 survivors (14336K)
 Metaspace       used 84247K, capacity 86479K, committed 86732K, reserved 1124352K
  class space    used 10903K, capacity 11677K, committed 11724K, reserved 1048576K
}
Event: 34.657 GC heap after
{Heap after GC invocations=15 (full 0):
 garbage-first heap   total 260096K, used 78362K [0x0000000080000000, 0x0000000100000000)
  region size 1024K, 15 young (15360K), 15 survivors (15360K)
 Metaspace       used 84247K, capacity 86479K, committed 86732K, reserved 1124352K
  class space    used 10903K, capacity 11677K, committed 11724K, reserved 1048576K
}
Event: 36.708 GC heap before
{Heap before GC invocations=15 (full 0):
 garbage-first heap   total 260096K, used 183834K [0x0000000080000000, 0x0000000100000000)
  region size 1024K, 119 young (121856K), 15 survivors (15360K)
 Metaspace       used 85847K, capacity 88310K, committed 88524K, reserved 1126400K
  class space    used 11110K, capacity 11976K, committed 11980K, reserved 1048576K
}
Event: 36.726 GC heap after
{Heap after GC invocations=16 (full 0):
 garbage-first heap   total 260096K, used 84992K [0x0000000080000000, 0x0000000100000000)
  region size 1024K, 7 young (7168K), 7 survivors (7168K)
 Metaspace       used 85847K, capacity 88310K, committed 88524K, reserved 1126400K
  class space    used 11110K, capacity 11976K, committed 11980K, reserved 1048576K
}
Event: 38.124 GC heap before
{Heap before GC invocations=16 (full 0):
 garbage-first heap   total 260096K, used 190464K [0x0000000080000000, 0x0000000100000000)
  region size 1024K, 111 young (113664K), 7 survivors (7168K)
 Metaspace       used 86191K, capacity 88715K, committed 88908K, reserved 1126400K
  class space    used 11120K, capacity 11986K, committed 12108K, reserved 1048576K
}
Event: 38.135 GC heap after
{Heap after GC invocations=17 (full 0):
 garbage-first heap   total 260096K, used 87636K [0x0000000080000000, 0x0000000100000000)
  region size 1024K, 10 young (10240K), 10 survivors (10240K)
 Metaspace       used 86191K, capacity 88715K, committed 88908K, reserved 1126400K
  class space    used 11120K, capacity 11986K, committed 12108K, reserved 1048576K
}
Event: 39.744 GC heap before
{Heap before GC invocations=17 (full 0):
 garbage-first heap   total 260096K, used 197204K [0x0000000080000000, 0x0000000100000000)
  region size 1024K, 117 young (119808K), 10 survivors (10240K)
 Metaspace       used 86554K, capacity 89037K, committed 89164K, reserved 1126400K
  class space    used 11173K, capacity 12044K, committed 12108K, reserved 1048576K
}
Event: 39.766 GC heap after
{Heap after GC invocations=18 (full 0):
 garbage-first heap   total 260096K, used 91614K [0x0000000080000000, 0x0000000100000000)
  region size 1024K, 8 young (8192K), 8 survivors (8192K)
 Metaspace       used 86554K, capacity 89037K, committed 89164K, reserved 1126400K
  class space    used 11173K, capacity 12044K, committed 12108K, reserved 1048576K
}
Event: 41.512 GC heap before
{Heap before GC invocations=18 (full 0):
 garbage-first heap   total 260096K, used 200158K [0x0000000080000000, 0x0000000100000000)
  region size 1024K, 115 young (117760K), 8 survivors (8192K)
 Metaspace       used 86620K, capacity 89112K, committed 89420K, reserved 1126400K
  class space    used 11178K, capacity 12046K, committed 12108K, reserved 1048576K
}
Event: 41.521 GC heap after
{Heap after GC invocations=19 (full 0):
 garbage-first heap   total 260096K, used 94969K [0x0000000080000000, 0x0000000100000000)
  region size 1024K, 11 young (11264K), 11 survivors (11264K)
 Metaspace       used 86620K, capacity 89112K, committed 89420K, reserved 1126400K
  class space    used 11178K, capacity 12046K, committed 12108K, reserved 1048576K
}
Event: 43.645 GC heap before
{Heap before GC invocations=19 (full 0):
 garbage-first heap   total 260096K, used 204537K [0x0000000080000000, 0x0000000100000000)
  region size 1024K, 119 young (121856K), 11 survivors (11264K)
 Metaspace       used 87014K, capacity 89485K, committed 89804K, reserved 1126400K
  class space    used 11239K, capacity 12118K, committed 12236K, reserved 1048576K
}
Event: 43.657 GC heap after
{Heap after GC invocations=20 (full 0):
 garbage-first heap   total 260096K, used 98241K [0x0000000080000000, 0x0000000100000000)
  region size 1024K, 11 young (11264K), 11 survivors (11264K)
 Metaspace       used 87014K, capacity 89485K, committed 89804K, reserved 1126400K
  class space    used 11239K, capacity 12118K, committed 12236K, reserved 1048576K
}
Event: 46.756 GC heap before
{Heap before GC invocations=20 (full 0):
 garbage-first heap   total 260096K, used 208833K [0x0000000080000000, 0x0000000100000000)
  region size 1024K, 120 young (122880K), 11 survivors (11264K)
 Metaspace       used 92331K, capacity 94885K, committed 95052K, reserved 1132544K
  class space    used 11939K, capacity 12848K, committed 12876K, reserved 1048576K
}
Event: 46.766 GC heap after
{Heap after GC invocations=21 (full 0):
 garbage-first heap   total 260096K, used 103841K [0x0000000080000000, 0x0000000100000000)
  region size 1024K, 13 young (13312K), 13 survivors (13312K)
 Metaspace       used 92331K, capacity 94885K, committed 95052K, reserved 1132544K
  class space    used 11939K, capacity 12848K, committed 12876K, reserved 1048576K
}

Deoptimization events (20 events):
Event: 48.248 Thread 0x00000186d1c32800 Uncommon trap: trap_request=0xffffffde fr.pc=0x00000186bccd9210 relative=0x0000000000000570
Event: 48.248 Thread 0x00000186d1c32800 Uncommon trap: reason=class_check action=maybe_recompile pc=0x00000186bccd9210 method=java.util.regex.Matcher.search(I)Z @ 121 c2
Event: 48.248 Thread 0x00000186d1c32800 DEOPT PACKING pc=0x00000186bccd9210 sp=0x0000001c464f9c90
Event: 48.248 Thread 0x00000186d1c32800 DEOPT UNPACKING pc=0x00000186b4e578af sp=0x0000001c464f9c40 mode 2
Event: 48.248 Thread 0x00000186d1c32800 Uncommon trap: trap_request=0xffffffde fr.pc=0x00000186bccd9210 relative=0x0000000000000570
Event: 48.248 Thread 0x00000186d1c32800 Uncommon trap: reason=class_check action=maybe_recompile pc=0x00000186bccd9210 method=java.util.regex.Matcher.search(I)Z @ 121 c2
Event: 48.248 Thread 0x00000186d1c32800 DEOPT PACKING pc=0x00000186bccd9210 sp=0x0000001c464f9c90
Event: 48.248 Thread 0x00000186d1c32800 DEOPT UNPACKING pc=0x00000186b4e578af sp=0x0000001c464f9c40 mode 2
Event: 48.248 Thread 0x00000186d1c32800 Uncommon trap: trap_request=0xffffffde fr.pc=0x00000186bccd9210 relative=0x0000000000000570
Event: 48.249 Thread 0x00000186d1c32800 Uncommon trap: reason=class_check action=maybe_recompile pc=0x00000186bccd9210 method=java.util.regex.Matcher.search(I)Z @ 121 c2
Event: 48.249 Thread 0x00000186d1c32800 DEOPT PACKING pc=0x00000186bccd9210 sp=0x0000001c464f9c90
Event: 48.249 Thread 0x00000186d1c32800 DEOPT UNPACKING pc=0x00000186b4e578af sp=0x0000001c464f9c40 mode 2
Event: 48.322 Thread 0x00000186d1c32800 Uncommon trap: trap_request=0xffffff4d fr.pc=0x00000186bc9fc138 relative=0x00000000000006d8
Event: 48.322 Thread 0x00000186d1c32800 Uncommon trap: reason=unstable_if action=reinterpret pc=0x00000186bc9fc138 method=java.lang.Integer.stringSize(I)I @ 3 c2
Event: 48.322 Thread 0x00000186d1c32800 DEOPT PACKING pc=0x00000186bc9fc138 sp=0x0000001c464fa3b0
Event: 48.322 Thread 0x00000186d1c32800 DEOPT UNPACKING pc=0x00000186b4e578af sp=0x0000001c464fa310 mode 2
Event: 48.324 Thread 0x00000186d1c32800 Uncommon trap: trap_request=0xffffffde fr.pc=0x00000186bccb8da0 relative=0x0000000000000600
Event: 48.324 Thread 0x00000186d1c32800 Uncommon trap: reason=class_check action=maybe_recompile pc=0x00000186bccb8da0 method=java.util.regex.Matcher.search(I)Z @ 121 c2
Event: 48.324 Thread 0x00000186d1c32800 DEOPT PACKING pc=0x00000186bccb8da0 sp=0x0000001c464f9c70
Event: 48.324 Thread 0x00000186d1c32800 DEOPT UNPACKING pc=0x00000186b4e578af sp=0x0000001c464f9c40 mode 2

Classes redefined (0 events):
No events

Internal exceptions (20 events):
Event: 35.188 Thread 0x00000186d1c3d800 Exception <a 'java/lang/NoSuchMethodError'{0x000000008d654ed8}: 'void java.lang.invoke.DirectMethodHandle$Holder.invokeVirtual(java.lang.Object, java.lang.Object)'> (0x000000008d654ed8) thrown at [./src/hotspot/share/interpreter/linkResolver.cpp, line 773]
Event: 35.218 Thread 0x00000186d1953800 Implicit null exception at 0x00000186bcf8ebc9 to 0x00000186bcf8ffec
Event: 36.202 Thread 0x00000186d195f800 Implicit null exception at 0x00000186bcfe7ad2 to 0x00000186bcfe7ee0
Event: 36.355 Thread 0x00000186d195c800 Implicit null exception at 0x00000186bcfeef1e to 0x00000186bcfef7e0
Event: 37.458 Thread 0x00000186d1c3d800 Exception <a 'java/lang/IncompatibleClassChangeError'{0x000000008c2d6538}: Found class java.lang.Object, but interface was expected> (0x000000008c2d6538) thrown at [./src/hotspot/share/interpreter/linkResolver.cpp, line 839]
Event: 38.177 Thread 0x00000186d1c3d800 Exception <a 'java/lang/ClassNotFoundException'{0x000000008fa3e630}: com/google/firebase/crashlytics/buildtools/android/project/XmlBuildIdReaderBeanInfo> (0x000000008fa3e630) thrown at [./src/hotspot/share/classfile/systemDictionary.cpp, line 231]
Event: 38.178 Thread 0x00000186d1c3d800 Exception <a 'java/lang/ClassNotFoundException'{0x000000008fa57c38}: com/google/firebase/crashlytics/buildtools/android/project/XmlBuildIdReaderCustomizer> (0x000000008fa57c38) thrown at [./src/hotspot/share/classfile/systemDictionary.cpp, line 231]
Event: 38.182 Thread 0x00000186d1c3d800 Exception <a 'java/lang/ClassNotFoundException'{0x000000008fad9ec0}: com/google/firebase/crashlytics/buildtools/android/project/XmlBuildIdReader$FileXmlBuildIdReaderBeanInfo> (0x000000008fad9ec0) thrown at [./src/hotspot/share/classfile/systemDictionary.cpp, line 231]
Event: 38.182 Thread 0x00000186d1c3d800 Exception <a 'java/lang/ClassNotFoundException'{0x000000008faf6a90}: com/google/firebase/crashlytics/buildtools/android/project/XmlBuildIdReader$FileXmlBuildIdReaderCustomizer> (0x000000008faf6a90) thrown at [./src/hotspot/share/classfile/systemDictionary.cpp, line 231]
Event: 42.174 Thread 0x00000186d1c32800 Exception <a 'java/lang/NoSuchMethodError'{0x000000008c9061b0}: <clinit>> (0x000000008c9061b0) thrown at [./src/hotspot/share/prims/jni.cpp, line 1362]
Event: 42.174 Thread 0x00000186d1c32800 Exception <a 'java/lang/NoSuchMethodError'{0x000000008c9074e8}: <clinit>> (0x000000008c9074e8) thrown at [./src/hotspot/share/prims/jni.cpp, line 1362]
Event: 42.174 Thread 0x00000186d1c32800 Exception <a 'java/lang/NoSuchMethodError'{0x000000008c909c38}: <clinit>> (0x000000008c909c38) thrown at [./src/hotspot/share/prims/jni.cpp, line 1362]
Event: 42.176 Thread 0x00000186d1c32800 Exception <a 'java/lang/NoSuchMethodError'{0x000000008c922260}: <clinit>> (0x000000008c922260) thrown at [./src/hotspot/share/prims/jni.cpp, line 1362]
Event: 42.176 Thread 0x00000186d1c32800 Exception <a 'java/lang/NoSuchMethodError'{0x000000008c923740}: <clinit>> (0x000000008c923740) thrown at [./src/hotspot/share/prims/jni.cpp, line 1362]
Event: 45.411 Thread 0x00000186d1c32800 Implicit null exception at 0x00000186bd2800b3 to 0x00000186bd2801b0
Event: 48.296 Thread 0x00000186d1c32800 Exception <a 'java/lang/NoSuchMethodError'{0x000000008e4e5ac8}: 'void java.lang.invoke.DirectMethodHandle$Holder.invokeStatic(java.lang.Object, long)'> (0x000000008e4e5ac8) thrown at [./src/hotspot/share/interpreter/linkResolver.cpp, line 773]
Event: 48.297 Thread 0x00000186d1c32800 Exception <a 'java/lang/NoSuchMethodError'{0x000000008e4eb780}: 'java.lang.Object java.lang.invoke.DirectMethodHandle$Holder.invokeStatic(java.lang.Object, long)'> (0x000000008e4eb780) thrown at [./src/hotspot/share/interpreter/linkResolver.cpp, line 773]
Event: 48.298 Thread 0x00000186d1c32800 Exception <a 'java/lang/NoSuchMethodError'{0x000000008e4fa2e0}: 'java.lang.Object java.lang.invoke.DirectMethodHandle$Holder.invokeStaticInit(java.lang.Object, java.lang.Object, long, java.lang.Object)'> (0x000000008e4fa2e0) thrown at [./src/hotspot/share/interpreter/linkResolver.cpp, line 773]
Event: 48.299 Thread 0x00000186d1c32800 Exception <a 'java/lang/NoSuchMethodError'{0x000000008e301110}: 'java.lang.Object java.lang.invoke.DirectMethodHandle$Holder.invokeStatic(java.lang.Object, java.lang.Object, long)'> (0x000000008e301110) thrown at [./src/hotspot/share/interpreter/linkResolver.cpp, line 773]
Event: 48.300 Thread 0x00000186d1c32800 Exception <a 'java/lang/NoSuchMethodError'{0x000000008e307e80}: 'java.lang.Object java.lang.invoke.Invokers$Holder.linkToTargetMethod(java.lang.Object, long, java.lang.Object)'> (0x000000008e307e80) thrown at [./src/hotspot/share/interpreter/linkResolver.cpp, line 773]

Events (20 events):
Event: 48.304 loading class kotlin/concurrent/ThreadsKt done
Event: 48.304 loading class kotlin/concurrent/ThreadsKt
Event: 48.304 loading class kotlin/concurrent/ThreadsKt done
Event: 48.304 loading class kotlin/concurrent/ThreadsKt$thread$thread$1
Event: 48.304 loading class kotlin/concurrent/ThreadsKt$thread$thread$1 done
Event: 48.305 Thread 0x00000186d1c3f800 Thread added: 0x00000186d1c3f800
Event: 48.305 loading class org/jetbrains/kotlin/daemon/client/KotlinCompilerClient$startDaemon$stdoutThread$1$1
Event: 48.305 loading class org/jetbrains/kotlin/daemon/client/KotlinCompilerClient$startDaemon$stdoutThread$1$1 done
Event: 48.306 loading class kotlin/io/LinesSequence
Event: 48.306 loading class kotlin/io/LinesSequence done
Event: 48.306 loading class kotlin/io/LinesSequence$iterator$1
Event: 48.306 loading class kotlin/io/LinesSequence$iterator$1 done
Event: 48.320 Executing VM operation: RevokeBias
Event: 48.321 Executing VM operation: RevokeBias done
Event: 48.321 Executing VM operation: RevokeBias
Event: 48.321 Executing VM operation: RevokeBias done
Event: 48.322 Executing VM operation: RevokeBias
Event: 48.322 Executing VM operation: RevokeBias done
Event: 48.322 Thread 0x00000186d1c3f800 Thread exited: 0x00000186d1c3f800
Event: 48.338 Thread 0x00000186d1c3c800 Thread added: 0x00000186d1c3c800


Dynamic libraries:
0x00007ff618c70000 - 0x00007ff618c7a000 	C:\Program Files\Android\Android Studio\jre\bin\java.exe
0x00007ffa041f0000 - 0x00007ffa043e5000 	C:\Windows\SYSTEM32\ntdll.dll
0x00007ffa03d00000 - 0x00007ffa03dbe000 	C:\Windows\System32\KERNEL32.DLL
0x00007ffa01de0000 - 0x00007ffa020a9000 	C:\Windows\System32\KERNELBASE.dll
0x00007ffa01ce0000 - 0x00007ffa01de0000 	C:\Windows\System32\ucrtbase.dll
0x00007ff9ebd90000 - 0x00007ff9ebda7000 	C:\Program Files\Android\Android Studio\jre\bin\VCRUNTIME140.dll
0x00007ff9e2df0000 - 0x00007ff9e2e09000 	C:\Program Files\Android\Android Studio\jre\bin\jli.dll
0x00007ffa03dc0000 - 0x00007ffa03f61000 	C:\Windows\System32\USER32.dll
0x00007ffa02190000 - 0x00007ffa021b2000 	C:\Windows\System32\win32u.dll
0x00007ff9e6560000 - 0x00007ff9e67fa000 	C:\Windows\WinSxS\amd64_microsoft.windows.common-controls_6595b64144ccf1df_6.0.19041.1110_none_60b5254171f9507e\COMCTL32.dll
0x00007ffa02ad0000 - 0x00007ffa02afb000 	C:\Windows\System32\GDI32.dll
0x00007ffa03c00000 - 0x00007ffa03c9e000 	C:\Windows\System32\msvcrt.dll
0x00007ffa018e0000 - 0x00007ffa019eb000 	C:\Windows\System32\gdi32full.dll
0x00007ffa01b50000 - 0x00007ffa01bed000 	C:\Windows\System32\msvcp_win.dll
0x00007ffa02980000 - 0x00007ffa029b0000 	C:\Windows\System32\IMM32.DLL
0x00007ff9cfd60000 - 0x00007ff9cfdfd000 	C:\Program Files\Android\Android Studio\jre\bin\msvcp140.dll
0x00007ff9a2470000 - 0x00007ff9a2f3f000 	C:\Program Files\Android\Android Studio\jre\bin\server\jvm.dll
0x00007ffa02a20000 - 0x00007ffa02acc000 	C:\Windows\System32\ADVAPI32.dll
0x00007ffa02d30000 - 0x00007ffa02dcb000 	C:\Windows\System32\sechost.dll
0x00007ffa022f0000 - 0x00007ffa0241a000 	C:\Windows\System32\RPCRT4.dll
0x00007ffa029b0000 - 0x00007ffa029b8000 	C:\Windows\System32\PSAPI.DLL
0x00007ff9eb110000 - 0x00007ff9eb137000 	C:\Windows\SYSTEM32\WINMM.dll
0x00007ff9feb20000 - 0x00007ff9feb2a000 	C:\Windows\SYSTEM32\VERSION.dll
0x00007ff9eba80000 - 0x00007ff9eba89000 	C:\Windows\SYSTEM32\WSOCK32.dll
0x00007ffa03a70000 - 0x00007ffa03adb000 	C:\Windows\System32\WS2_32.dll
0x00007ffa00160000 - 0x00007ffa00172000 	C:\Windows\SYSTEM32\kernel.appcore.dll
0x00007ff9fb140000 - 0x00007ff9fb151000 	C:\Program Files\Android\Android Studio\jre\bin\verify.dll
0x00007ff9ff7b0000 - 0x00007ff9ff994000 	C:\Windows\SYSTEM32\DBGHELP.DLL
0x00007ff9eef20000 - 0x00007ff9eef4c000 	C:\Windows\SYSTEM32\dbgcore.DLL
0x00007ffa01bf0000 - 0x00007ffa01c73000 	C:\Windows\System32\bcryptPrimitives.dll
0x00007ff9fa7d0000 - 0x00007ff9fa7f9000 	C:\Program Files\Android\Android Studio\jre\bin\java.dll
0x00007ff9febe0000 - 0x00007ff9febeb000 	C:\Program Files\Android\Android Studio\jre\bin\jimage.dll
0x00007ff9eee20000 - 0x00007ff9eee38000 	C:\Program Files\Android\Android Studio\jre\bin\zip.dll
0x00007ffa02dd0000 - 0x00007ffa0350f000 	C:\Windows\System32\SHELL32.dll
0x00007ff9ff9c0000 - 0x00007ffa00150000 	C:\Windows\SYSTEM32\windows.storage.dll
0x00007ffa03590000 - 0x00007ffa038e5000 	C:\Windows\System32\combase.dll
0x00007ffa01330000 - 0x00007ffa0135c000 	C:\Windows\SYSTEM32\Wldp.dll
0x00007ffa039c0000 - 0x00007ffa03a6d000 	C:\Windows\System32\SHCORE.dll
0x00007ffa02cc0000 - 0x00007ffa02d15000 	C:\Windows\System32\shlwapi.dll
0x00007ffa01820000 - 0x00007ffa0183f000 	C:\Windows\SYSTEM32\profapi.dll
0x00007ff9eee00000 - 0x00007ff9eee1a000 	C:\Program Files\Android\Android Studio\jre\bin\net.dll
0x00007ff9f5ca0000 - 0x00007ff9f5da8000 	C:\Windows\SYSTEM32\WINHTTP.dll
0x00007ffa01090000 - 0x00007ffa010fa000 	C:\Windows\system32\mswsock.dll
0x00007ff9eac50000 - 0x00007ff9eac64000 	C:\Program Files\Android\Android Studio\jre\bin\nio.dll
0x00007ff9df300000 - 0x00007ff9df327000 	C:\Users\Teacher\.gradle\native\8bec1ad78214c89d9ad589b4d07fe93259594b29d510b10fafb7a158f7737e5d\windows-amd64\native-platform.dll
0x00007ff9a80b0000 - 0x00007ff9a81ed000 	C:\Users\Teacher\.gradle\native\53dbd7edfb1c66fb8903c78663c9afc45aea4f116125fa6feffd364cf09443e8\windows-amd64\native-platform-file-events.dll
0x00007ff9feaf0000 - 0x00007ff9feafa000 	C:\Program Files\Android\Android Studio\jre\bin\management.dll
0x00007ff9fa8d0000 - 0x00007ff9fa8dc000 	C:\Program Files\Android\Android Studio\jre\bin\management_ext.dll
0x00007ffa01290000 - 0x00007ffa012a8000 	C:\Windows\SYSTEM32\CRYPTSP.dll
0x00007ffa009a0000 - 0x00007ffa009d4000 	C:\Windows\system32\rsaenh.dll
0x00007ffa02160000 - 0x00007ffa02187000 	C:\Windows\System32\bcrypt.dll
0x00007ffa017a0000 - 0x00007ffa017ce000 	C:\Windows\SYSTEM32\USERENV.dll
0x00007ffa01280000 - 0x00007ffa0128c000 	C:\Windows\SYSTEM32\CRYPTBASE.dll
0x00007ffa00d30000 - 0x00007ffa00d6b000 	C:\Windows\SYSTEM32\IPHLPAPI.DLL
0x00007ffa02d20000 - 0x00007ffa02d28000 	C:\Windows\System32\NSI.dll
0x00007ff9ff6d0000 - 0x00007ff9ff6e7000 	C:\Windows\SYSTEM32\dhcpcsvc6.DLL
0x00007ff9ff6b0000 - 0x00007ff9ff6cd000 	C:\Windows\SYSTEM32\dhcpcsvc.DLL
0x00007ffa00d80000 - 0x00007ffa00e4c000 	C:\Windows\SYSTEM32\DNSAPI.dll
0x00007ff9df1f0000 - 0x00007ff9df20e000 	C:\Users\Teacher\AppData\Local\Temp\native-platform1163810838371420883dir\native-platform.dll

dbghelp: loaded successfully - version: 4.0.5 - missing functions: none
symbol engine: initialized successfully - sym options: 0x614 - pdb path: .;C:\Program Files\Android\Android Studio\jre\bin;C:\Windows\SYSTEM32;C:\Windows\WinSxS\amd64_microsoft.windows.common-controls_6595b64144ccf1df_6.0.19041.1110_none_60b5254171f9507e;C:\Program Files\Android\Android Studio\jre\bin\server;C:\Users\Teacher\.gradle\native\8bec1ad78214c89d9ad589b4d07fe93259594b29d510b10fafb7a158f7737e5d\windows-amd64;C:\Users\Teacher\.gradle\native\53dbd7edfb1c66fb8903c78663c9afc45aea4f116125fa6feffd364cf09443e8\windows-amd64;C:\Users\Teacher\AppData\Local\Temp\native-platform1163810838371420883dir

VM Arguments:
jvm_args: --add-opens=java.base/java.util=ALL-UNNAMED --add-opens=java.base/java.lang=ALL-UNNAMED --add-opens=java.base/java.lang.invoke=ALL-UNNAMED --add-opens=java.base/java.util=ALL-UNNAMED --add-opens=java.prefs/java.util.prefs=ALL-UNNAMED --add-opens=java.prefs/java.util.prefs=ALL-UNNAMED --add-opens=java.base/java.nio.charset=ALL-UNNAMED --add-opens=java.base/java.net=ALL-UNNAMED --add-opens=java.base/java.util.concurrent.atomic=ALL-UNNAMED -Xmx2048m -Dfile.encoding=windows-1252 -Duser.country=US -Duser.language=en -Duser.variant 
java_command: org.gradle.launcher.daemon.bootstrap.GradleDaemon 7.0.2
java_class_path (initial): C:\Users\Teacher\.gradle\wrapper\dists\gradle-7.0.2-all\7era6s5ay7zsbhuvl0oc9g94s\gradle-7.0.2\lib\gradle-launcher-7.0.2.jar
Launcher Type: SUN_STANDARD

[Global flags]
     intx CICompilerCount                          = 4                                         {product} {ergonomic}
     uint ConcGCThreads                            = 2                                         {product} {ergonomic}
     uint G1ConcRefinementThreads                  = 8                                         {product} {ergonomic}
   size_t G1HeapRegionSize                         = 1048576                                   {product} {ergonomic}
    uintx GCDrainStackTargetSize                   = 64                                        {product} {ergonomic}
   size_t InitialHeapSize                          = 266338304                                 {product} {ergonomic}
   size_t MarkStackSize                            = 4194304                                   {product} {ergonomic}
   size_t MaxHeapSize                              = 2147483648                                {product} {command line}
   size_t MaxNewSize                               = 1287651328                                {product} {ergonomic}
   size_t MinHeapDeltaBytes                        = 1048576                                   {product} {ergonomic}
    uintx NonNMethodCodeHeapSize                   = 5836300                                {pd product} {ergonomic}
    uintx NonProfiledCodeHeapSize                  = 122910970                              {pd product} {ergonomic}
    uintx ProfiledCodeHeapSize                     = 122910970                              {pd product} {ergonomic}
    uintx ReservedCodeCacheSize                    = 251658240                              {pd product} {ergonomic}
     bool SegmentedCodeCache                       = true                                      {product} {ergonomic}
     bool UseCompressedClassPointers               = true                                 {lp64_product} {ergonomic}
     bool UseCompressedOops                        = true                                 {lp64_product} {ergonomic}
     bool UseG1GC                                  = true                                      {product} {ergonomic}
     bool UseLargePagesIndividualAllocation        = false                                  {pd product} {ergonomic}

Logging:
Log output configuration:
 #0: stdout all=warning uptime,level,tags
 #1: stderr all=off uptime,level,tags

Environment Variables:
PATH=C:\Python39\Scripts\;C:\Python39\;C:\Windows\system32;C:\Windows;C:\Windows\System32\Wbem;C:\Windows\System32\WindowsPowerShell\v1.0\;C:\Windows\System32\OpenSSH\;C:\Program Files\dotnet\;C:\Program Files\Microsoft SQL Server\130\Tools\Binn\;C:\Program Files\Git\cmd;C:\flutter\bin;C:\Program Files\SourceGear\Common\DiffMerge\;C:\Program Files\nodejs\;C:\ProgramData\chocolatey\bin;C:\Users\Teacher\AppData\Local\Microsoft\WindowsApps;C:\Users\Jose Luis\AppData\Local\Programs\Microsoft VS Code\bin;C:\Users\Teacher\AppData\Roaming\npm
USERNAME=Teacher
OS=Windows_NT
PROCESSOR_IDENTIFIER=Intel64 Family 6 Model 142 Stepping 12, GenuineIntel



---------------  S Y S T E M  ---------------

OS: Windows 10 , 64 bit Build 19041 (10.0.19041.1202)
OS uptime: 5 days 0:14 hours

CPU:total 8 (initial active 8) (4 cores per cpu, 2 threads per core) family 6 model 142 stepping 12 microcode 0xea, cmov, cx8, fxsr, mmx, sse, sse2, sse3, ssse3, sse4.1, sse4.2, popcnt, avx, avx2, aes, clmul, erms, 3dnowpref, lzcnt, ht, tsc, tscinvbit, bmi1, bmi2, adx, fma

Memory: 4k page, system-wide physical 16190M (1287M free)
TotalPageFile size 16190M (AvailPageFile size 8M)
current process WorkingSet (physical memory assigned to process): 533M, peak: 537M
current process commit charge ("private bytes"): 581M, peak: 585M

vm_info: OpenJDK 64-Bit Server VM (11.0.10+0-b96-7249189) for windows-amd64 JRE (11.0.10+0-b96-7249189), built on Mar 31 2021 21:44:00 by "builder" with MS VC++ 14.0 (VS2015)

END.
