#
# There is insufficient memory for the Java Runtime Environment to continue.
# Native memory allocation (mmap) failed to map 352321536 bytes for Failed to commit area from 0x0000000097000000 to 0x00000000ac000000 of length 352321536.
# Possible reasons:
#   The system is out of physical RAM or swap space
#   The process is running with CompressedOops enabled, and the Java Heap may be blocking the growth of the native heap
# Possible solutions:
#   Reduce memory load on the system
#   Increase physical memory or swap space
#   Check if swap backing store is full
#   Decrease Java heap size (-Xmx/-Xms)
#   Decrease number of Java threads
#   Decrease Java thread stack sizes (-Xss)
#   Set larger code cache with -XX:ReservedCodeCacheSize=
#   JVM is running with Unscaled Compressed Oops mode in which the Java heap is
#     placed in the first 4GB address space. The Java Heap base address is the
#     maximum limit for the native heap growth. Please use -XX:HeapBaseMinAddress
#     to set the Java Heap base and to place the Java Heap above 4GB virtual address.
# This output file may be truncated or incomplete.
#
#  Out of Memory Error (./src/hotspot/os/windows/os_windows.cpp:3301), pid=18220, tid=16152
#
# JRE version: OpenJDK Runtime Environment (11.0.10) (build 11.0.10+0-b96-7249189)
# Java VM: OpenJDK 64-Bit Server VM (11.0.10+0-b96-7249189, mixed mode, tiered, compressed oops, g1 gc, windows-amd64)
# No core dump will be written. Minidumps are not enabled by default on client versions of Windows
#

---------------  S U M M A R Y ------------

Command Line: --add-opens=java.base/java.util=ALL-UNNAMED --add-opens=java.base/java.lang=ALL-UNNAMED --add-opens=java.base/java.lang.invoke=ALL-UNNAMED --add-opens=java.base/java.util=ALL-UNNAMED --add-opens=java.prefs/java.util.prefs=ALL-UNNAMED --add-opens=java.prefs/java.util.prefs=ALL-UNNAMED --add-opens=java.base/java.nio.charset=ALL-UNNAMED --add-opens=java.base/java.net=ALL-UNNAMED --add-opens=java.base/java.util.concurrent.atomic=ALL-UNNAMED -Xmx2048m -Dfile.encoding=windows-1252 -Duser.country=US -Duser.language=en -Duser.variant org.gradle.launcher.daemon.bootstrap.GradleDaemon 7.0.2

Host: Intel(R) Core(TM) i7-8565U CPU @ 1.80GHz, 8 cores, 15G,  Windows 10 , 64 bit Build 19041 (10.0.19041.1202)
Time: Fri Oct 15 13:01:57 2021 Central Daylight Time (Mexico) elapsed time: 163.295404 seconds (0d 0h 2m 43s)

---------------  T H R E A D  ---------------

Current thread (0x000002015893d000):  VMThread "VM Thread" [stack: 0x000000d734f00000,0x000000d735000000] [id=16152]

Stack: [0x000000d734f00000,0x000000d735000000]
[error occurred during error reporting (printing stack bounds), id 0xc0000005, EXCEPTION_ACCESS_VIOLATION (0xc0000005) at pc=0x0000020140f90f2d]

Native frames: (J=compiled Java code, j=interpreted, Vv=VM code, C=native code)
V  [jvm.dll+0x5ecfaa]
V  [jvm.dll+0x722bd5]
V  [jvm.dll+0x72412d]
V  [jvm.dll+0x724745]
V  [jvm.dll+0x7246fb]
V  [jvm.dll+0x5ec348]
V  [jvm.dll+0x5ecad8]
C  [ntdll.dll+0xa20cf]
C  [ntdll.dll+0x51454]
C  [ntdll.dll+0xa0bfe]
C  0x0000020140f90f2d

VM_Operation (0x000000d737ffa5a0): G1CollectForAllocation, mode: safepoint, requested by thread 0x000002015c6d6000


---------------  P R O C E S S  ---------------

Threads class SMR info:
_java_thread_list=0x000002015f3f92c0, length=81, elements={
0x000002013bcca000, 0x0000020158943000, 0x000002015894c800, 0x00000201589a7000,
0x00000201589a8000, 0x00000201589a9000, 0x00000201589ad800, 0x00000201589ae800,
0x00000201589b3800, 0x0000020158b4c000, 0x000002015a431800, 0x0000020158eb1800,
0x0000020159b43000, 0x000002015aaad800, 0x000002015aaaf000, 0x000002015aaaf800,
0x000002015aab0800, 0x000002015aaab000, 0x000002015aaac800, 0x000002015aaab800,
0x000002015c6d3800, 0x000002015c6d2800, 0x000002015c6d6800, 0x000002015c6da000,
0x000002015c6d7800, 0x000002015c6d8800, 0x000002015c6db800, 0x000002015c6df800,
0x000002015e080800, 0x000002015e078000, 0x000002015e07d000, 0x000002015e077800,
0x000002015e07a800, 0x000002015e07a000, 0x000002015e07e000, 0x000002015e07b800,
0x000002015e07e800, 0x000002015e086000, 0x000002015e082000, 0x000002015e084800,
0x000002015e085000, 0x000002015c6d4000, 0x000002015c6d6000, 0x000002015c6d5000,
0x000002015c6df000, 0x000002015c6e0800, 0x000002015c6dd000, 0x000002015c6e1800,
0x000002015aaae000, 0x000002015aaaa000, 0x000002015fc1e000, 0x000002015fc1e800,
0x000002015fc1f800, 0x000002015fc20800, 0x000002015fc21000, 0x000002015fc22000,
0x000002015fc22800, 0x000002015fc1d000, 0x000002015fc23800, 0x00000201695a5000,
0x00000201695a8000, 0x00000201695a2800, 0x00000201695a6800, 0x00000201695a4000,
0x00000201695a5800, 0x00000201695a1800, 0x00000201695a9800, 0x00000201695af800,
0x00000201695ae000, 0x00000201695ae800, 0x00000201695ad000, 0x00000201695b0000,
0x00000201695aa800, 0x00000201695ab800, 0x000002015e07f800, 0x000002015e07c000,
0x000002015e083800, 0x000002015c6d9000, 0x000002015ad46000, 0x000002015ad47000,
0x000002015ad4a000
}

Java Threads: ( => current thread )
  0x000002013bcca000 JavaThread "main" [_thread_blocked, id=8760, stack(0x000000d734900000,0x000000d734a00000)]
  0x0000020158943000 JavaThread "Reference Handler" daemon [_thread_blocked, id=18672, stack(0x000000d735000000,0x000000d735100000)]
  0x000002015894c800 JavaThread "Finalizer" daemon [_thread_blocked, id=4264, stack(0x000000d735100000,0x000000d735200000)]
  0x00000201589a7000 JavaThread "Signal Dispatcher" daemon [_thread_blocked, id=1332, stack(0x000000d735200000,0x000000d735300000)]
  0x00000201589a8000 JavaThread "Attach Listener" daemon [_thread_blocked, id=3480, stack(0x000000d735300000,0x000000d735400000)]
  0x00000201589a9000 JavaThread "Service Thread" daemon [_thread_blocked, id=19348, stack(0x000000d735400000,0x000000d735500000)]
  0x00000201589ad800 JavaThread "C2 CompilerThread0" daemon [_thread_blocked, id=1952, stack(0x000000d735500000,0x000000d735600000)]
  0x00000201589ae800 JavaThread "C1 CompilerThread0" daemon [_thread_blocked, id=9436, stack(0x000000d735600000,0x000000d735700000)]
  0x00000201589b3800 JavaThread "Sweeper thread" daemon [_thread_blocked, id=4764, stack(0x000000d735700000,0x000000d735800000)]
  0x0000020158b4c000 JavaThread "Common-Cleaner" daemon [_thread_blocked, id=16388, stack(0x000000d735800000,0x000000d735900000)]
  0x000002015a431800 JavaThread "Daemon health stats" [_thread_blocked, id=20848, stack(0x000000d736100000,0x000000d736200000)]
  0x0000020158eb1800 JavaThread "Incoming local TCP Connector on port 57826" [_thread_in_native, id=18668, stack(0x000000d735a00000,0x000000d735b00000)]
  0x0000020159b43000 JavaThread "Daemon periodic checks" [_thread_blocked, id=8088, stack(0x000000d736000000,0x000000d736100000)]
  0x000002015aaad800 JavaThread "Cache worker for file hash cache (C:\Users\Teacher\.gradle\caches\7.0.2\fileHashes)" [_thread_blocked, id=4248, stack(0x000000d736a00000,0x000000d736b00000)]
  0x000002015aaaf000 JavaThread "File lock request listener" [_thread_in_native, id=6480, stack(0x000000d736b00000,0x000000d736c00000)]
  0x000002015aaaf800 JavaThread "Cache worker for journal cache (C:\Users\Teacher\.gradle\caches\journal-1)" [_thread_blocked, id=6580, stack(0x000000d736f00000,0x000000d737000000)]
  0x000002015aab0800 JavaThread "File watcher server" daemon [_thread_blocked, id=18868, stack(0x000000d737100000,0x000000d737200000)]
  0x000002015aaab000 JavaThread "File watcher consumer" daemon [_thread_blocked, id=19924, stack(0x000000d737200000,0x000000d737300000)]
  0x000002015aaac800 JavaThread "jar transforms" [_thread_blocked, id=20812, stack(0x000000d737300000,0x000000d737400000)]
  0x000002015aaab800 JavaThread "jar transforms Thread 2" [_thread_blocked, id=21732, stack(0x000000d737400000,0x000000d737500000)]
  0x000002015c6d3800 JavaThread "jar transforms Thread 3" [_thread_blocked, id=18960, stack(0x000000d737500000,0x000000d737600000)]
  0x000002015c6d2800 JavaThread "jar transforms Thread 4" [_thread_blocked, id=11148, stack(0x000000d737600000,0x000000d737700000)]
  0x000002015c6d6800 JavaThread "jar transforms Thread 5" [_thread_blocked, id=11584, stack(0x000000d737700000,0x000000d737800000)]
  0x000002015c6da000 JavaThread "jar transforms Thread 6" [_thread_blocked, id=4252, stack(0x000000d737800000,0x000000d737900000)]
  0x000002015c6d7800 JavaThread "jar transforms Thread 7" [_thread_blocked, id=5768, stack(0x000000d737900000,0x000000d737a00000)]
  0x000002015c6d8800 JavaThread "jar transforms Thread 8" [_thread_blocked, id=10260, stack(0x000000d737a00000,0x000000d737b00000)]
  0x000002015c6db800 JavaThread "Cache worker for execution history cache (C:\Users\Teacher\.gradle\caches\7.0.2\executionHistory)" [_thread_blocked, id=12836, stack(0x000000d737e00000,0x000000d737f00000)]
  0x000002015c6df800 JavaThread "Cache worker for file content cache (C:\Users\Teacher\.gradle\caches\7.0.2\fileContent)" [_thread_blocked, id=23540, stack(0x000000d738000000,0x000000d738100000)]
  0x000002015e080800 JavaThread "Memory manager" [_thread_blocked, id=8284, stack(0x000000d738d00000,0x000000d738e00000)]
  0x000002015e078000 JavaThread "Daemon Thread 2" [_thread_blocked, id=16532, stack(0x000000d734600000,0x000000d734700000)]
  0x000002015e07d000 JavaThread "Handler for socket connection from /127.0.0.1:57826 to /127.0.0.1:54576" [_thread_in_native, id=22344, stack(0x000000d734700000,0x000000d734800000)]
  0x000002015e077800 JavaThread "Cancel handler" [_thread_blocked, id=1116, stack(0x000000d734800000,0x000000d734900000)]
  0x000002015e07a800 JavaThread "Daemon worker Thread 2" [_thread_blocked, id=1620, stack(0x000000d736200000,0x000000d736300000)]
  0x000002015e07a000 JavaThread "Asynchronous log dispatcher for DefaultDaemonConnection: socket connection from /127.0.0.1:57826 to /127.0.0.1:54576" [_thread_blocked, id=10052, stack(0x000000d736300000,0x000000d736400000)]
  0x000002015e07e000 JavaThread "Stdin handler" [_thread_blocked, id=23200, stack(0x000000d736400000,0x000000d736500000)]
  0x000002015e07b800 JavaThread "Daemon client event forwarder" [_thread_blocked, id=19404, stack(0x000000d736500000,0x000000d736600000)]
  0x000002015e07e800 JavaThread "Cache worker for file hash cache (C:\Users\Public\AndroidStudioProjects\NewEvent2\.gradle\7.0.2\fileHashes)" [_thread_blocked, id=21480, stack(0x000000d736600000,0x000000d736700000)]
  0x000002015e086000 JavaThread "Cache worker for checksums cache (C:\Users\Public\AndroidStudioProjects\NewEvent2\.gradle\checksums)" [_thread_blocked, id=17924, stack(0x000000d736800000,0x000000d736900000)]
  0x000002015e082000 JavaThread "Cache worker for cache directory md-supplier (C:\Users\Teacher\.gradle\caches\7.0.2\md-supplier)" [_thread_blocked, id=21300, stack(0x000000d736900000,0x000000d736a00000)]
  0x000002015e084800 JavaThread "Cache worker for cache directory md-rule (C:\Users\Teacher\.gradle\caches\7.0.2\md-rule)" [_thread_blocked, id=20000, stack(0x000000d737000000,0x000000d737100000)]
  0x000002015e085000 JavaThread "Cache worker for dependencies-accessors (C:\Users\Public\AndroidStudioProjects\NewEvent2\.gradle\7.0.2\dependencies-accessors)" [_thread_blocked, id=4448, stack(0x000000d737b00000,0x000000d737c00000)]
  0x000002015c6d4000 JavaThread "Cache worker for Build Output Cleanup Cache (C:\Users\Public\AndroidStudioProjects\NewEvent2\.gradle\buildOutputCleanup)" [_thread_blocked, id=1436, stack(0x000000d737d00000,0x000000d737e00000)]
  0x000002015c6d6000 JavaThread "Build operations" [_thread_blocked, id=19872, stack(0x000000d737f00000,0x000000d738000000)]
  0x000002015c6d5000 JavaThread "Build operations Thread 2" [_thread_blocked, id=10168, stack(0x000000d738200000,0x000000d738300000)]
  0x000002015c6df000 JavaThread "Build operations Thread 3" [_thread_blocked, id=7180, stack(0x000000d738300000,0x000000d738400000)]
  0x000002015c6e0800 JavaThread "Build operations Thread 4" [_thread_blocked, id=23468, stack(0x000000d738500000,0x000000d738600000)]
  0x000002015c6dd000 JavaThread "Build operations Thread 5" [_thread_blocked, id=22032, stack(0x000000d738600000,0x000000d738700000)]
  0x000002015c6e1800 JavaThread "Build operations Thread 6" [_thread_blocked, id=18104, stack(0x000000d738700000,0x000000d738800000)]
  0x000002015aaae000 JavaThread "Build operations Thread 7" [_thread_blocked, id=20808, stack(0x000000d738800000,0x000000d738900000)]
  0x000002015aaaa000 JavaThread "Build operations Thread 8" [_thread_blocked, id=1736, stack(0x000000d738900000,0x000000d738a00000)]
  0x000002015fc1e000 JavaThread "build event listener" [_thread_blocked, id=17584, stack(0x000000d738a00000,0x000000d738b00000)]
  0x000002015fc1e800 JavaThread "Execution worker for ':'" [_thread_blocked, id=6276, stack(0x000000d738b00000,0x000000d738c00000)]
  0x000002015fc1f800 JavaThread "Execution worker for ':' Thread 2" [_thread_blocked, id=13596, stack(0x000000d738c00000,0x000000d738d00000)]
  0x000002015fc20800 JavaThread "Execution worker for ':' Thread 3" [_thread_blocked, id=14956, stack(0x000000d738e00000,0x000000d738f00000)]
  0x000002015fc21000 JavaThread "Execution worker for ':' Thread 4" [_thread_blocked, id=14688, stack(0x000000d738f00000,0x000000d739000000)]
  0x000002015fc22000 JavaThread "Execution worker for ':' Thread 5" [_thread_blocked, id=19996, stack(0x000000d739000000,0x000000d739100000)]
  0x000002015fc22800 JavaThread "Execution worker for ':' Thread 6" [_thread_blocked, id=15064, stack(0x000000d739100000,0x000000d739200000)]
  0x000002015fc1d000 JavaThread "Execution worker for ':' Thread 7" [_thread_blocked, id=19624, stack(0x000000d739200000,0x000000d739300000)]
  0x000002015fc23800 JavaThread "Cache worker for execution history cache (C:\Users\Public\AndroidStudioProjects\NewEvent2\.gradle\7.0.2\executionHistory)" [_thread_blocked, id=15084, stack(0x000000d739300000,0x000000d739400000)]
  0x00000201695a5000 JavaThread "WorkerExecutor Queue Thread 4" [_thread_blocked, id=17264, stack(0x000000d739700000,0x000000d739800000)]
  0x00000201695a8000 JavaThread "WorkerExecutor Queue Thread 8" [_thread_blocked, id=5232, stack(0x000000d739b00000,0x000000d739c00000)]
  0x00000201695a2800 JavaThread "WorkerExecutor Queue Thread 9" [_thread_blocked, id=13652, stack(0x000000d739400000,0x000000d739500000)]
  0x00000201695a6800 JavaThread "WorkerExecutor Queue Thread 10" [_thread_blocked, id=22880, stack(0x000000d736700000,0x000000d736800000)]
  0x00000201695a4000 JavaThread "pool-4-thread-1" [_thread_blocked, id=13620, stack(0x000000d739600000,0x000000d739700000)]
  0x00000201695a5800 JavaThread "stderr" [_thread_in_native, id=13288, stack(0x000000d739800000,0x000000d739900000)]
  0x00000201695a1800 JavaThread "stdout" [_thread_in_native, id=20572, stack(0x000000d739900000,0x000000d739a00000)]
  0x00000201695a9800 JavaThread "stderr" [_thread_in_native, id=6720, stack(0x000000d739a00000,0x000000d739b00000)]
  0x00000201695af800 JavaThread "stdout" [_thread_in_native, id=18160, stack(0x000000d739c00000,0x000000d739d00000)]
  0x00000201695ae000 JavaThread "stderr" [_thread_in_native, id=23396, stack(0x000000d739d00000,0x000000d739e00000)]
  0x00000201695ae800 JavaThread "stdout" [_thread_in_native, id=21432, stack(0x000000d739e00000,0x000000d739f00000)]
  0x00000201695ad000 JavaThread "stderr" [_thread_in_native, id=14444, stack(0x000000d739f00000,0x000000d73a000000)]
  0x00000201695b0000 JavaThread "stdout" [_thread_in_native, id=8016, stack(0x000000d73a000000,0x000000d73a100000)]
  0x00000201695aa800 JavaThread "stderr" [_thread_in_native, id=7192, stack(0x000000d73a100000,0x000000d73a200000)]
  0x00000201695ab800 JavaThread "stdout" [_thread_in_native, id=20152, stack(0x000000d73a200000,0x000000d73a300000)]
  0x000002015e07f800 JavaThread "stderr" [_thread_in_native, id=11604, stack(0x000000d73a300000,0x000000d73a400000)]
  0x000002015e07c000 JavaThread "stdout" [_thread_in_native, id=10672, stack(0x000000d73a400000,0x000000d73a500000)]
  0x000002015e083800 JavaThread "stderr" [_thread_in_native, id=7576, stack(0x000000d73a500000,0x000000d73a600000)]
  0x000002015c6d9000 JavaThread "stdout" [_thread_in_native, id=8056, stack(0x000000d73a600000,0x000000d73a700000)]
  0x000002015ad46000 JavaThread "C2 CompilerThread1" daemon [_thread_in_native, id=20216, stack(0x000000d737c00000,0x000000d737d00000)]
  0x000002015ad47000 JavaThread "WorkerExecutor Queue Thread 11" [_thread_blocked, id=12592, stack(0x000000d739500000,0x000000d739600000)]
  0x000002015ad4a000 JavaThread "C2 CompilerThread2" daemon [_thread_in_native, id=12096, stack(0x000000d73a700000,0x000000d73a800000)]

Other Threads:
=>0x000002015893d000 VMThread "VM Thread" [stack: 0x000000d734f00000,0x000000d735000000] [id=16152]
  0x0000020158b50800 WatcherThread [stack: 0x000000d735900000,0x000000d735a00000] [id=20996]
  0x000002013bce4000 GCTaskThread "GC Thread#0" [stack: 0x000000d734a00000,0x000000d734b00000] [id=11968]
  0x000002015903b800 GCTaskThread "GC Thread#1" [stack: 0x000000d735b00000,0x000000d735c00000] [id=19984]
  0x0000020159565000 GCTaskThread "GC Thread#2" [stack: 0x000000d735c00000,0x000000d735d00000] [id=19876]
  0x00000201590e7800 GCTaskThread "GC Thread#3" [stack: 0x000000d735d00000,0x000000d735e00000] [id=23272]
  0x00000201595f3800 GCTaskThread "GC Thread#4" [stack: 0x000000d735e00000,0x000000d735f00000] [id=1500]
  0x0000020159557800 GCTaskThread "GC Thread#5" [stack: 0x000000d735f00000,0x000000d736000000] [id=23484]
  0x000002015b656800 GCTaskThread "GC Thread#6" [stack: 0x000000d736c00000,0x000000d736d00000] [id=15956]
  0x000002015b7ad800 GCTaskThread "GC Thread#7" [stack: 0x000000d736d00000,0x000000d736e00000] [id=11184]
  0x000002013bd15000 ConcurrentGCThread "G1 Main Marker" [stack: 0x000000d734b00000,0x000000d734c00000] [id=13420]
  0x000002013bd17000 ConcurrentGCThread "G1 Conc#0" [stack: 0x000000d734c00000,0x000000d734d00000] [id=13536]
  0x000002015b5f1800 ConcurrentGCThread "G1 Conc#1" [stack: 0x000000d736e00000,0x000000d736f00000] [id=18224]
  0x0000020157f8a800 ConcurrentGCThread "G1 Refine#0" [stack: 0x000000d734d00000,0x000000d734e00000] [id=18288]
  0x000002015e192000 ConcurrentGCThread "G1 Refine#1" [stack: 0x000000d738100000,0x000000d738200000] [id=10596]
  0x0000020157f8b000 ConcurrentGCThread "G1 Young RemSet Sampling" [stack: 0x000000d734e00000,0x000000d734f00000] [id=12056]

Threads with active compile tasks:
C2 CompilerThread0 163315 30333       4       com.android.build.gradle.internal.instrumentation.ClassesHierarchyResolver::getAllInterfaces (117 bytes)
C1 CompilerThread0 163315 30390 %     3       com.android.tools.r8.internal.Nv::a @ 87 (270 bytes)
C2 CompilerThread1 163315 30137       4       org.objectweb.asm.ClassReader::readCode (5089 bytes)
C2 CompilerThread2 163315 29729       4       com.android.build.gradle.internal.instrumentation.ClassesHierarchyResolver::doGetAllInterfaces (181 bytes)

VM state:at safepoint (normal execution)

VM Mutex/Monitor currently owned by a thread:  ([mutex/lock_event])
[0x000002013bcc6aa0] Threads_lock - owner thread: 0x000002015893d000
[0x000002013bcc6110] Heap_lock - owner thread: 0x000002015c6d6000

Heap address: 0x0000000080000000, size: 2048 MB, Compressed Oops mode: 32-bit
Narrow klass base: 0x0000000000000000, Narrow klass shift: 3
Compressed class space size: 1073741824 Address: 0x0000000100000000

Heap:
 garbage-first heap   total 720896K, used 250050K [0x0000000080000000, 0x0000000100000000)
  region size 1024K, 2 young (2048K), 2 survivors (2048K)
 Metaspace       used 147494K, capacity 151869K, committed 152064K, reserved 1181696K
  class space    used 18233K, capacity 19856K, committed 19968K, reserved 1048576K
Heap Regions: E=young(eden), S=young(survivor), O=old, HS=humongous(starts), HC=humongous(continues), CS=collection set, F=free, A=archive, TAMS=top-at-mark-start (previous, next)
|   0|0x0000000080000000, 0x0000000080100000, 0x0000000080100000|100%| O|  |TAMS 0x0000000080100000, 0x0000000080000000| Untracked 
|   1|0x0000000080100000, 0x0000000080200000, 0x0000000080200000|100%| O|  |TAMS 0x0000000080200000, 0x0000000080100000| Untracked 
|   2|0x0000000080200000, 0x0000000080300000, 0x0000000080300000|100%| O|  |TAMS 0x0000000080300000, 0x0000000080200000| Untracked 
|   3|0x0000000080300000, 0x0000000080400000, 0x0000000080400000|100%|HS|  |TAMS 0x0000000080400000, 0x0000000080300000| Complete 
|   4|0x0000000080400000, 0x0000000080500000, 0x0000000080500000|100%|HC|  |TAMS 0x0000000080500000, 0x0000000080400000| Complete 
|   5|0x0000000080500000, 0x0000000080600000, 0x0000000080600000|100%|HC|  |TAMS 0x0000000080600000, 0x0000000080500000| Complete 
|   6|0x0000000080600000, 0x0000000080700000, 0x0000000080700000|100%| O|  |TAMS 0x0000000080700000, 0x0000000080600000| Untracked 
|   7|0x0000000080700000, 0x0000000080800000, 0x0000000080800000|100%| O|  |TAMS 0x0000000080800000, 0x0000000080700000| Untracked 
|   8|0x0000000080800000, 0x0000000080900000, 0x0000000080900000|100%| O|  |TAMS 0x0000000080900000, 0x0000000080800000| Untracked 
|   9|0x0000000080900000, 0x0000000080a00000, 0x0000000080a00000|100%| O|  |TAMS 0x0000000080a00000, 0x0000000080900000| Untracked 
|  10|0x0000000080a00000, 0x0000000080b00000, 0x0000000080b00000|100%| O|  |TAMS 0x0000000080b00000, 0x0000000080a00000| Untracked 
|  11|0x0000000080b00000, 0x0000000080c00000, 0x0000000080c00000|100%| O|  |TAMS 0x0000000080c00000, 0x0000000080b00000| Untracked 
|  12|0x0000000080c00000, 0x0000000080d00000, 0x0000000080d00000|100%| O|  |TAMS 0x0000000080d00000, 0x0000000080c00000| Untracked 
|  13|0x0000000080d00000, 0x0000000080e00000, 0x0000000080e00000|100%| O|  |TAMS 0x0000000080e00000, 0x0000000080d00000| Untracked 
|  14|0x0000000080e00000, 0x0000000080f00000, 0x0000000080f00000|100%| O|  |TAMS 0x0000000080f00000, 0x0000000080e00000| Untracked 
|  15|0x0000000080f00000, 0x0000000081000000, 0x0000000081000000|100%| O|  |TAMS 0x0000000081000000, 0x0000000080f00000| Untracked 
|  16|0x0000000081000000, 0x0000000081100000, 0x0000000081100000|100%|HS|  |TAMS 0x0000000081100000, 0x0000000081000000| Complete 
|  17|0x0000000081100000, 0x0000000081200000, 0x0000000081200000|100%|HC|  |TAMS 0x0000000081200000, 0x0000000081100000| Complete 
|  18|0x0000000081200000, 0x0000000081300000, 0x0000000081300000|100%|HS|  |TAMS 0x0000000081300000, 0x0000000081200000| Complete 
|  19|0x0000000081300000, 0x0000000081400000, 0x0000000081400000|100%|HC|  |TAMS 0x0000000081400000, 0x0000000081300000| Complete 
|  20|0x0000000081400000, 0x0000000081500000, 0x0000000081500000|100%|HC|  |TAMS 0x0000000081500000, 0x0000000081400000| Complete 
|  21|0x0000000081500000, 0x0000000081600000, 0x0000000081600000|100%|HS|  |TAMS 0x0000000081600000, 0x0000000081500000| Complete 
|  22|0x0000000081600000, 0x0000000081700000, 0x0000000081700000|100%|HC|  |TAMS 0x0000000081700000, 0x0000000081600000| Complete 
|  23|0x0000000081700000, 0x0000000081800000, 0x0000000081800000|100%|HC|  |TAMS 0x0000000081800000, 0x0000000081700000| Complete 
|  24|0x0000000081800000, 0x0000000081900000, 0x0000000081900000|100%|HC|  |TAMS 0x0000000081900000, 0x0000000081800000| Complete 
|  25|0x0000000081900000, 0x0000000081a00000, 0x0000000081a00000|100%|HC|  |TAMS 0x0000000081a00000, 0x0000000081900000| Complete 
|  26|0x0000000081a00000, 0x0000000081b00000, 0x0000000081b00000|100%| O|  |TAMS 0x0000000081b00000, 0x0000000081a00000| Untracked 
|  27|0x0000000081b00000, 0x0000000081c00000, 0x0000000081c00000|100%| O|  |TAMS 0x0000000081c00000, 0x0000000081b00000| Untracked 
|  28|0x0000000081c00000, 0x0000000081d00000, 0x0000000081d00000|100%| O|  |TAMS 0x0000000081d00000, 0x0000000081c00000| Untracked 
|  29|0x0000000081d00000, 0x0000000081e00000, 0x0000000081e00000|100%|HS|  |TAMS 0x0000000081e00000, 0x0000000081d00000| Complete 
|  30|0x0000000081e00000, 0x0000000081f00000, 0x0000000081f00000|100%|HC|  |TAMS 0x0000000081f00000, 0x0000000081e00000| Complete 
|  31|0x0000000081f00000, 0x0000000082000000, 0x0000000082000000|100%|HC|  |TAMS 0x0000000082000000, 0x0000000081f00000| Complete 
|  32|0x0000000082000000, 0x0000000082100000, 0x0000000082100000|100%|HC|  |TAMS 0x0000000082100000, 0x0000000082000000| Complete 
|  33|0x0000000082100000, 0x0000000082200000, 0x0000000082200000|100%|HC|  |TAMS 0x0000000082200000, 0x0000000082100000| Complete 
|  34|0x0000000082200000, 0x0000000082300000, 0x0000000082300000|100%|HS|  |TAMS 0x0000000082300000, 0x0000000082200000| Complete 
|  35|0x0000000082300000, 0x0000000082400000, 0x0000000082400000|100%|HC|  |TAMS 0x0000000082400000, 0x0000000082300000| Complete 
|  36|0x0000000082400000, 0x0000000082500000, 0x0000000082500000|100%|HC|  |TAMS 0x0000000082500000, 0x0000000082400000| Complete 
|  37|0x0000000082500000, 0x0000000082600000, 0x0000000082600000|100%| O|  |TAMS 0x0000000082600000, 0x0000000082500000| Untracked 
|  38|0x0000000082600000, 0x0000000082700000, 0x0000000082700000|100%| O|  |TAMS 0x0000000082700000, 0x0000000082600000| Untracked 
|  39|0x0000000082700000, 0x0000000082800000, 0x0000000082800000|100%| O|  |TAMS 0x0000000082800000, 0x0000000082700000| Untracked 
|  40|0x0000000082800000, 0x0000000082900000, 0x0000000082900000|100%| O|  |TAMS 0x0000000082900000, 0x0000000082800000| Untracked 
|  41|0x0000000082900000, 0x0000000082a00000, 0x0000000082a00000|100%| O|  |TAMS 0x0000000082a00000, 0x0000000082900000| Untracked 
|  42|0x0000000082a00000, 0x0000000082b00000, 0x0000000082b00000|100%| O|  |TAMS 0x0000000082b00000, 0x0000000082a00000| Untracked 
|  43|0x0000000082b00000, 0x0000000082c00000, 0x0000000082c00000|100%| O|  |TAMS 0x0000000082c00000, 0x0000000082b00000| Untracked 
|  44|0x0000000082c00000, 0x0000000082d00000, 0x0000000082d00000|100%| O|  |TAMS 0x0000000082d00000, 0x0000000082c00000| Untracked 
|  45|0x0000000082d00000, 0x0000000082e00000, 0x0000000082e00000|100%| O|  |TAMS 0x0000000082e00000, 0x0000000082d00000| Untracked 
|  46|0x0000000082e00000, 0x0000000082f00000, 0x0000000082f00000|100%| O|  |TAMS 0x0000000082f00000, 0x0000000082e00000| Untracked 
|  47|0x0000000082f00000, 0x0000000083000000, 0x0000000083000000|100%| O|  |TAMS 0x0000000083000000, 0x0000000082f00000| Untracked 
|  48|0x0000000083000000, 0x0000000083100000, 0x0000000083100000|100%| O|  |TAMS 0x0000000083100000, 0x0000000083000000| Untracked 
|  49|0x0000000083100000, 0x0000000083200000, 0x0000000083200000|100%| O|  |TAMS 0x0000000083200000, 0x0000000083100000| Untracked 
|  50|0x0000000083200000, 0x0000000083300000, 0x0000000083300000|100%| O|  |TAMS 0x0000000083300000, 0x0000000083200000| Untracked 
|  51|0x0000000083300000, 0x0000000083400000, 0x0000000083400000|100%| O|  |TAMS 0x0000000083400000, 0x0000000083300000| Untracked 
|  52|0x0000000083400000, 0x0000000083500000, 0x0000000083500000|100%| O|  |TAMS 0x0000000083500000, 0x0000000083400000| Untracked 
|  53|0x0000000083500000, 0x0000000083600000, 0x0000000083600000|100%| O|  |TAMS 0x0000000083600000, 0x0000000083500000| Untracked 
|  54|0x0000000083600000, 0x0000000083700000, 0x0000000083700000|100%| O|  |TAMS 0x0000000083700000, 0x0000000083600000| Untracked 
|  55|0x0000000083700000, 0x0000000083800000, 0x0000000083800000|100%| O|  |TAMS 0x0000000083800000, 0x0000000083700000| Untracked 
|  56|0x0000000083800000, 0x0000000083900000, 0x0000000083900000|100%| O|  |TAMS 0x0000000083900000, 0x0000000083800000| Untracked 
|  57|0x0000000083900000, 0x0000000083a00000, 0x0000000083a00000|100%| O|  |TAMS 0x0000000083a00000, 0x0000000083900000| Untracked 
|  58|0x0000000083a00000, 0x0000000083b00000, 0x0000000083b00000|100%|HS|  |TAMS 0x0000000083b00000, 0x0000000083a00000| Complete 
|  59|0x0000000083b00000, 0x0000000083c00000, 0x0000000083c00000|100%| O|  |TAMS 0x0000000083c00000, 0x0000000083b00000| Untracked 
|  60|0x0000000083c00000, 0x0000000083d00000, 0x0000000083d00000|100%| O|  |TAMS 0x0000000083d00000, 0x0000000083c00000| Untracked 
|  61|0x0000000083d00000, 0x0000000083e00000, 0x0000000083e00000|100%| O|  |TAMS 0x0000000083e00000, 0x0000000083d00000| Untracked 
|  62|0x0000000083e00000, 0x0000000083f00000, 0x0000000083f00000|100%|HS|  |TAMS 0x0000000083f00000, 0x0000000083e00000| Complete 
|  63|0x0000000083f00000, 0x0000000084000000, 0x0000000084000000|100%|HS|  |TAMS 0x0000000084000000, 0x0000000083f00000| Complete 
|  64|0x0000000084000000, 0x0000000084100000, 0x0000000084100000|100%|HC|  |TAMS 0x0000000084100000, 0x0000000084000000| Complete 
|  65|0x0000000084100000, 0x0000000084200000, 0x0000000084200000|100%|HC|  |TAMS 0x0000000084200000, 0x0000000084100000| Complete 
|  66|0x0000000084200000, 0x0000000084300000, 0x0000000084300000|100%|HS|  |TAMS 0x0000000084300000, 0x0000000084200000| Complete 
|  67|0x0000000084300000, 0x0000000084400000, 0x0000000084400000|100%|HC|  |TAMS 0x0000000084400000, 0x0000000084300000| Complete 
|  68|0x0000000084400000, 0x0000000084500000, 0x0000000084500000|100%| O|  |TAMS 0x0000000084500000, 0x0000000084400000| Untracked 
|  69|0x0000000084500000, 0x0000000084600000, 0x0000000084600000|100%| O|  |TAMS 0x0000000084600000, 0x0000000084500000| Untracked 
|  70|0x0000000084600000, 0x0000000084700000, 0x0000000084700000|100%| O|  |TAMS 0x0000000084700000, 0x0000000084600000| Untracked 
|  71|0x0000000084700000, 0x0000000084800000, 0x0000000084800000|100%| O|  |TAMS 0x0000000084800000, 0x0000000084700000| Untracked 
|  72|0x0000000084800000, 0x0000000084900000, 0x0000000084900000|100%| O|  |TAMS 0x0000000084900000, 0x0000000084800000| Untracked 
|  73|0x0000000084900000, 0x0000000084a00000, 0x0000000084a00000|100%| O|  |TAMS 0x0000000084a00000, 0x0000000084900000| Untracked 
|  74|0x0000000084a00000, 0x0000000084b00000, 0x0000000084b00000|100%| O|  |TAMS 0x0000000084b00000, 0x0000000084a00000| Untracked 
|  75|0x0000000084b00000, 0x0000000084c00000, 0x0000000084c00000|100%| O|  |TAMS 0x0000000084c00000, 0x0000000084b00000| Untracked 
|  76|0x0000000084c00000, 0x0000000084d00000, 0x0000000084d00000|100%| O|  |TAMS 0x0000000084d00000, 0x0000000084c00000| Untracked 
|  77|0x0000000084d00000, 0x0000000084e00000, 0x0000000084e00000|100%| O|  |TAMS 0x0000000084e00000, 0x0000000084d00000| Untracked 
|  78|0x0000000084e00000, 0x0000000084f00000, 0x0000000084f00000|100%| O|  |TAMS 0x0000000084f00000, 0x0000000084e00000| Untracked 
|  79|0x0000000084f00000, 0x0000000085000000, 0x0000000085000000|100%| O|  |TAMS 0x0000000085000000, 0x0000000084f00000| Untracked 
|  80|0x0000000085000000, 0x0000000085100000, 0x0000000085100000|100%| O|  |TAMS 0x0000000085100000, 0x0000000085000000| Untracked 
|  81|0x0000000085100000, 0x0000000085200000, 0x0000000085200000|100%| O|  |TAMS 0x0000000085200000, 0x0000000085100000| Untracked 
|  82|0x0000000085200000, 0x0000000085300000, 0x0000000085300000|100%| O|  |TAMS 0x0000000085300000, 0x0000000085200000| Untracked 
|  83|0x0000000085300000, 0x0000000085400000, 0x0000000085400000|100%| O|  |TAMS 0x0000000085400000, 0x0000000085300000| Untracked 
|  84|0x0000000085400000, 0x0000000085500000, 0x0000000085500000|100%| O|  |TAMS 0x0000000085500000, 0x0000000085400000| Untracked 
|  85|0x0000000085500000, 0x0000000085600000, 0x0000000085600000|100%| O|  |TAMS 0x0000000085600000, 0x0000000085500000| Untracked 
|  86|0x0000000085600000, 0x0000000085700000, 0x0000000085700000|100%| O|  |TAMS 0x0000000085700000, 0x0000000085600000| Untracked 
|  87|0x0000000085700000, 0x0000000085800000, 0x0000000085800000|100%| O|  |TAMS 0x0000000085800000, 0x0000000085700000| Untracked 
|  88|0x0000000085800000, 0x0000000085900000, 0x0000000085900000|100%| O|  |TAMS 0x0000000085900000, 0x0000000085800000| Untracked 
|  89|0x0000000085900000, 0x0000000085a00000, 0x0000000085a00000|100%| O|  |TAMS 0x0000000085a00000, 0x0000000085900000| Untracked 
|  90|0x0000000085a00000, 0x0000000085b00000, 0x0000000085b00000|100%| O|  |TAMS 0x0000000085b00000, 0x0000000085a00000| Untracked 
|  91|0x0000000085b00000, 0x0000000085c00000, 0x0000000085c00000|100%| O|  |TAMS 0x0000000085c00000, 0x0000000085b00000| Untracked 
|  92|0x0000000085c00000, 0x0000000085d00000, 0x0000000085d00000|100%| O|  |TAMS 0x0000000085d00000, 0x0000000085c00000| Untracked 
|  93|0x0000000085d00000, 0x0000000085e00000, 0x0000000085e00000|100%| O|  |TAMS 0x0000000085e00000, 0x0000000085d00000| Untracked 
|  94|0x0000000085e00000, 0x0000000085f00000, 0x0000000085f00000|100%| O|  |TAMS 0x0000000085f00000, 0x0000000085e00000| Untracked 
|  95|0x0000000085f00000, 0x0000000086000000, 0x0000000086000000|100%| O|  |TAMS 0x0000000086000000, 0x0000000085f00000| Untracked 
|  96|0x0000000086000000, 0x0000000086100000, 0x0000000086100000|100%| O|  |TAMS 0x0000000086100000, 0x0000000086000000| Untracked 
|  97|0x0000000086100000, 0x0000000086200000, 0x0000000086200000|100%| O|  |TAMS 0x0000000086200000, 0x0000000086100000| Untracked 
|  98|0x0000000086200000, 0x0000000086300000, 0x0000000086300000|100%| O|  |TAMS 0x0000000086300000, 0x0000000086200000| Untracked 
|  99|0x0000000086300000, 0x0000000086400000, 0x0000000086400000|100%| O|  |TAMS 0x0000000086400000, 0x0000000086300000| Untracked 
| 100|0x0000000086400000, 0x0000000086500000, 0x0000000086500000|100%| O|  |TAMS 0x0000000086500000, 0x0000000086400000| Untracked 
| 101|0x0000000086500000, 0x0000000086600000, 0x0000000086600000|100%| O|  |TAMS 0x0000000086600000, 0x0000000086500000| Untracked 
| 102|0x0000000086600000, 0x0000000086700000, 0x0000000086700000|100%| O|  |TAMS 0x0000000086700000, 0x0000000086600000| Untracked 
| 103|0x0000000086700000, 0x0000000086800000, 0x0000000086800000|100%| O|  |TAMS 0x0000000086800000, 0x0000000086700000| Untracked 
| 104|0x0000000086800000, 0x0000000086900000, 0x0000000086900000|100%| O|  |TAMS 0x0000000086900000, 0x0000000086800000| Untracked 
| 105|0x0000000086900000, 0x0000000086a00000, 0x0000000086a00000|100%| O|  |TAMS 0x0000000086a00000, 0x0000000086900000| Untracked 
| 106|0x0000000086a00000, 0x0000000086b00000, 0x0000000086b00000|100%| O|  |TAMS 0x0000000086b00000, 0x0000000086a00000| Untracked 
| 107|0x0000000086b00000, 0x0000000086c00000, 0x0000000086c00000|100%| O|  |TAMS 0x0000000086c00000, 0x0000000086b00000| Untracked 
| 108|0x0000000086c00000, 0x0000000086d00000, 0x0000000086d00000|100%| O|  |TAMS 0x0000000086d00000, 0x0000000086c00000| Untracked 
| 109|0x0000000086d00000, 0x0000000086e00000, 0x0000000086e00000|100%| O|  |TAMS 0x0000000086e00000, 0x0000000086d00000| Untracked 
| 110|0x0000000086e00000, 0x0000000086f00000, 0x0000000086f00000|100%| O|  |TAMS 0x0000000086f00000, 0x0000000086e00000| Untracked 
| 111|0x0000000086f00000, 0x0000000087000000, 0x0000000087000000|100%| O|  |TAMS 0x0000000087000000, 0x0000000086f00000| Untracked 
| 112|0x0000000087000000, 0x0000000087100000, 0x0000000087100000|100%| O|  |TAMS 0x0000000087100000, 0x0000000087000000| Untracked 
| 113|0x0000000087100000, 0x0000000087200000, 0x0000000087200000|100%| O|  |TAMS 0x0000000087200000, 0x0000000087100000| Untracked 
| 114|0x0000000087200000, 0x0000000087300000, 0x0000000087300000|100%| O|  |TAMS 0x0000000087300000, 0x0000000087200000| Untracked 
| 115|0x0000000087300000, 0x0000000087400000, 0x0000000087400000|100%| O|  |TAMS 0x0000000087400000, 0x0000000087300000| Untracked 
| 116|0x0000000087400000, 0x0000000087500000, 0x0000000087500000|100%|HS|  |TAMS 0x0000000087400000, 0x0000000087400000| Complete 
| 117|0x0000000087500000, 0x0000000087600000, 0x0000000087600000|100%| O|  |TAMS 0x0000000087600000, 0x0000000087500000| Untracked 
| 118|0x0000000087600000, 0x0000000087700000, 0x0000000087700000|100%| O|  |TAMS 0x00000000876e8000, 0x0000000087600000| Untracked 
| 119|0x0000000087700000, 0x0000000087800000, 0x0000000087800000|100%| O|  |TAMS 0x0000000087800000, 0x0000000087700000| Untracked 
| 120|0x0000000087800000, 0x0000000087900000, 0x0000000087900000|100%| O|  |TAMS 0x0000000087900000, 0x0000000087800000| Untracked 
| 121|0x0000000087900000, 0x0000000087a00000, 0x0000000087a00000|100%| O|  |TAMS 0x0000000087a00000, 0x0000000087900000| Untracked 
| 122|0x0000000087a00000, 0x0000000087b00000, 0x0000000087b00000|100%| O|  |TAMS 0x0000000087b00000, 0x0000000087a00000| Untracked 
| 123|0x0000000087b00000, 0x0000000087c00000, 0x0000000087c00000|100%| O|  |TAMS 0x0000000087c00000, 0x0000000087b00000| Untracked 
| 124|0x0000000087c00000, 0x0000000087d00000, 0x0000000087d00000|100%| O|  |TAMS 0x0000000087d00000, 0x0000000087c00000| Untracked 
| 125|0x0000000087d00000, 0x0000000087e00000, 0x0000000087e00000|100%| O|  |TAMS 0x0000000087e00000, 0x0000000087d00000| Untracked 
| 126|0x0000000087e00000, 0x0000000087f00000, 0x0000000087f00000|100%| O|  |TAMS 0x0000000087e00000, 0x0000000087e00000| Untracked 
| 127|0x0000000087f00000, 0x0000000088000000, 0x0000000088000000|100%| O|  |TAMS 0x0000000087f00000, 0x0000000087f00000| Untracked 
| 128|0x0000000088000000, 0x0000000088100000, 0x0000000088100000|100%| O|  |TAMS 0x0000000088100000, 0x0000000088000000| Untracked 
| 129|0x0000000088100000, 0x0000000088200000, 0x0000000088200000|100%| O|  |TAMS 0x0000000088200000, 0x0000000088100000| Untracked 
| 130|0x0000000088200000, 0x0000000088300000, 0x0000000088300000|100%| O|  |TAMS 0x0000000088300000, 0x0000000088200000| Untracked 
| 131|0x0000000088300000, 0x0000000088400000, 0x0000000088400000|100%| O|  |TAMS 0x0000000088400000, 0x0000000088300000| Untracked 
| 132|0x0000000088400000, 0x0000000088500000, 0x0000000088500000|100%| O|  |TAMS 0x0000000088400000, 0x0000000088400000| Untracked 
| 133|0x0000000088500000, 0x0000000088600000, 0x0000000088600000|100%| O|  |TAMS 0x0000000088500000, 0x0000000088500000| Untracked 
| 134|0x0000000088600000, 0x0000000088700000, 0x0000000088700000|100%| O|  |TAMS 0x0000000088600000, 0x0000000088600000| Untracked 
| 135|0x0000000088700000, 0x0000000088800000, 0x0000000088800000|100%| O|  |TAMS 0x0000000088800000, 0x0000000088700000| Untracked 
| 136|0x0000000088800000, 0x0000000088900000, 0x0000000088900000|100%| O|  |TAMS 0x0000000088800000, 0x0000000088800000| Untracked 
| 137|0x0000000088900000, 0x0000000088a00000, 0x0000000088a00000|100%| O|  |TAMS 0x0000000088a00000, 0x0000000088900000| Untracked 
| 138|0x0000000088a00000, 0x0000000088b00000, 0x0000000088b00000|100%| O|  |TAMS 0x0000000088b00000, 0x0000000088a00000| Untracked 
| 139|0x0000000088b00000, 0x0000000088bffff8, 0x0000000088c00000| 99%| O|  |TAMS 0x0000000088bffff8, 0x0000000088b00000| Untracked 
| 140|0x0000000088c00000, 0x0000000088d00000, 0x0000000088d00000|100%| O|  |TAMS 0x0000000088d00000, 0x0000000088c00000| Untracked 
| 141|0x0000000088d00000, 0x0000000088e00000, 0x0000000088e00000|100%| O|  |TAMS 0x0000000088e00000, 0x0000000088d00000| Untracked 
| 142|0x0000000088e00000, 0x0000000088f00000, 0x0000000088f00000|100%| O|  |TAMS 0x0000000088e00000, 0x0000000088e00000| Untracked 
| 143|0x0000000088f00000, 0x0000000089000000, 0x0000000089000000|100%| O|  |TAMS 0x0000000088f00000, 0x0000000088f00000| Untracked 
| 144|0x0000000089000000, 0x0000000089100000, 0x0000000089100000|100%| O|  |TAMS 0x0000000089000000, 0x0000000089000000| Untracked 
| 145|0x0000000089100000, 0x0000000089200000, 0x0000000089200000|100%| O|  |TAMS 0x0000000089100000, 0x0000000089100000| Untracked 
| 146|0x0000000089200000, 0x0000000089300000, 0x0000000089300000|100%| O|  |TAMS 0x0000000089200000, 0x0000000089200000| Untracked 
| 147|0x0000000089300000, 0x0000000089400000, 0x0000000089400000|100%| O|  |TAMS 0x0000000089300000, 0x0000000089300000| Untracked 
| 148|0x0000000089400000, 0x0000000089500000, 0x0000000089500000|100%| O|  |TAMS 0x0000000089400000, 0x0000000089400000| Untracked 
| 149|0x0000000089500000, 0x0000000089600000, 0x0000000089600000|100%| O|  |TAMS 0x0000000089500000, 0x0000000089500000| Untracked 
| 150|0x0000000089600000, 0x0000000089700000, 0x0000000089700000|100%| O|  |TAMS 0x0000000089600000, 0x0000000089600000| Untracked 
| 151|0x0000000089700000, 0x0000000089800000, 0x0000000089800000|100%| O|  |TAMS 0x0000000089700000, 0x0000000089700000| Untracked 
| 152|0x0000000089800000, 0x0000000089900000, 0x0000000089900000|100%| O|  |TAMS 0x0000000089800000, 0x0000000089800000| Untracked 
| 153|0x0000000089900000, 0x0000000089a00000, 0x0000000089a00000|100%| O|  |TAMS 0x0000000089900000, 0x0000000089900000| Untracked 
| 154|0x0000000089a00000, 0x0000000089b00000, 0x0000000089b00000|100%| O|  |TAMS 0x0000000089a00000, 0x0000000089a00000| Untracked 
| 155|0x0000000089b00000, 0x0000000089c00000, 0x0000000089c00000|100%| O|  |TAMS 0x0000000089b00000, 0x0000000089b00000| Untracked 
| 156|0x0000000089c00000, 0x0000000089d00000, 0x0000000089d00000|100%| O|  |TAMS 0x0000000089c00000, 0x0000000089c00000| Untracked 
| 157|0x0000000089d00000, 0x0000000089e00000, 0x0000000089e00000|100%| O|  |TAMS 0x0000000089d00000, 0x0000000089d00000| Untracked 
| 158|0x0000000089e00000, 0x0000000089f00000, 0x0000000089f00000|100%| O|  |TAMS 0x0000000089e00000, 0x0000000089e00000| Untracked 
| 159|0x0000000089f00000, 0x000000008a000000, 0x000000008a000000|100%| O|  |TAMS 0x0000000089f00000, 0x0000000089f00000| Untracked 
| 160|0x000000008a000000, 0x000000008a100000, 0x000000008a100000|100%| O|  |TAMS 0x000000008a000000, 0x000000008a000000| Untracked 
| 161|0x000000008a100000, 0x000000008a200000, 0x000000008a200000|100%| O|  |TAMS 0x000000008a100000, 0x000000008a100000| Untracked 
| 162|0x000000008a200000, 0x000000008a300000, 0x000000008a300000|100%| O|  |TAMS 0x000000008a200000, 0x000000008a200000| Untracked 
| 163|0x000000008a300000, 0x000000008a400000, 0x000000008a400000|100%| O|  |TAMS 0x000000008a300000, 0x000000008a300000| Untracked 
| 164|0x000000008a400000, 0x000000008a500000, 0x000000008a500000|100%| O|  |TAMS 0x000000008a400000, 0x000000008a400000| Untracked 
| 165|0x000000008a500000, 0x000000008a600000, 0x000000008a600000|100%| O|  |TAMS 0x000000008a500000, 0x000000008a500000| Untracked 
| 166|0x000000008a600000, 0x000000008a700000, 0x000000008a700000|100%| O|  |TAMS 0x000000008a600000, 0x000000008a600000| Untracked 
| 167|0x000000008a700000, 0x000000008a800000, 0x000000008a800000|100%| O|  |TAMS 0x000000008a700000, 0x000000008a700000| Untracked 
| 168|0x000000008a800000, 0x000000008a900000, 0x000000008a900000|100%| O|  |TAMS 0x000000008a800000, 0x000000008a800000| Untracked 
| 169|0x000000008a900000, 0x000000008aa00000, 0x000000008aa00000|100%| O|  |TAMS 0x000000008a900000, 0x000000008a900000| Untracked 
| 170|0x000000008aa00000, 0x000000008ab00000, 0x000000008ab00000|100%| O|  |TAMS 0x000000008aa00000, 0x000000008aa00000| Untracked 
| 171|0x000000008ab00000, 0x000000008ac00000, 0x000000008ac00000|100%| O|  |TAMS 0x000000008ab00000, 0x000000008ab00000| Untracked 
| 172|0x000000008ac00000, 0x000000008ad00000, 0x000000008ad00000|100%| O|  |TAMS 0x000000008ac00000, 0x000000008ac00000| Untracked 
| 173|0x000000008ad00000, 0x000000008ae00000, 0x000000008ae00000|100%| O|  |TAMS 0x000000008ad00000, 0x000000008ad00000| Untracked 
| 174|0x000000008ae00000, 0x000000008af00000, 0x000000008af00000|100%| O|  |TAMS 0x000000008ae00000, 0x000000008ae00000| Untracked 
| 175|0x000000008af00000, 0x000000008b000000, 0x000000008b000000|100%| O|  |TAMS 0x000000008af00000, 0x000000008af00000| Untracked 
| 176|0x000000008b000000, 0x000000008b100000, 0x000000008b100000|100%| O|  |TAMS 0x000000008b000000, 0x000000008b000000| Untracked 
| 177|0x000000008b100000, 0x000000008b200000, 0x000000008b200000|100%| O|  |TAMS 0x000000008b100000, 0x000000008b100000| Untracked 
| 178|0x000000008b200000, 0x000000008b300000, 0x000000008b300000|100%| O|  |TAMS 0x000000008b200000, 0x000000008b200000| Untracked 
| 179|0x000000008b300000, 0x000000008b400000, 0x000000008b400000|100%| O|  |TAMS 0x000000008b300000, 0x000000008b300000| Untracked 
| 180|0x000000008b400000, 0x000000008b500000, 0x000000008b500000|100%| O|  |TAMS 0x000000008b400000, 0x000000008b400000| Untracked 
| 181|0x000000008b500000, 0x000000008b600000, 0x000000008b600000|100%| O|  |TAMS 0x000000008b500000, 0x000000008b500000| Untracked 
| 182|0x000000008b600000, 0x000000008b700000, 0x000000008b700000|100%| O|  |TAMS 0x000000008b600000, 0x000000008b600000| Untracked 
| 183|0x000000008b700000, 0x000000008b800000, 0x000000008b800000|100%| O|  |TAMS 0x000000008b700000, 0x000000008b700000| Untracked 
| 184|0x000000008b800000, 0x000000008b900000, 0x000000008b900000|100%| O|  |TAMS 0x000000008b800000, 0x000000008b800000| Untracked 
| 185|0x000000008b900000, 0x000000008ba00000, 0x000000008ba00000|100%| O|  |TAMS 0x000000008b900000, 0x000000008b900000| Untracked 
| 186|0x000000008ba00000, 0x000000008bb00000, 0x000000008bb00000|100%| O|  |TAMS 0x000000008ba00000, 0x000000008ba00000| Untracked 
| 187|0x000000008bb00000, 0x000000008bc00000, 0x000000008bc00000|100%| O|  |TAMS 0x000000008bb00000, 0x000000008bb00000| Untracked 
| 188|0x000000008bc00000, 0x000000008bd00000, 0x000000008bd00000|100%| O|  |TAMS 0x000000008bc00000, 0x000000008bc00000| Untracked 
| 189|0x000000008bd00000, 0x000000008be00000, 0x000000008be00000|100%| O|  |TAMS 0x000000008bd00000, 0x000000008bd00000| Untracked 
| 190|0x000000008be00000, 0x000000008bf00000, 0x000000008bf00000|100%| O|  |TAMS 0x000000008be00000, 0x000000008be00000| Untracked 
| 191|0x000000008bf00000, 0x000000008c000000, 0x000000008c000000|100%| O|  |TAMS 0x000000008bf00000, 0x000000008bf00000| Untracked 
| 192|0x000000008c000000, 0x000000008c100000, 0x000000008c100000|100%| O|  |TAMS 0x000000008c000000, 0x000000008c000000| Untracked 
| 193|0x000000008c100000, 0x000000008c200000, 0x000000008c200000|100%| O|  |TAMS 0x000000008c100000, 0x000000008c100000| Untracked 
| 194|0x000000008c200000, 0x000000008c300000, 0x000000008c300000|100%| O|  |TAMS 0x000000008c200000, 0x000000008c200000| Untracked 
| 195|0x000000008c300000, 0x000000008c400000, 0x000000008c400000|100%| O|  |TAMS 0x000000008c300000, 0x000000008c300000| Untracked 
| 196|0x000000008c400000, 0x000000008c500000, 0x000000008c500000|100%| O|  |TAMS 0x000000008c400000, 0x000000008c400000| Untracked 
| 197|0x000000008c500000, 0x000000008c600000, 0x000000008c600000|100%| O|  |TAMS 0x000000008c500000, 0x000000008c500000| Untracked 
| 198|0x000000008c600000, 0x000000008c700000, 0x000000008c700000|100%| O|  |TAMS 0x000000008c600000, 0x000000008c600000| Untracked 
| 199|0x000000008c700000, 0x000000008c800000, 0x000000008c800000|100%| O|  |TAMS 0x000000008c700000, 0x000000008c700000| Untracked 
| 200|0x000000008c800000, 0x000000008c900000, 0x000000008c900000|100%| O|  |TAMS 0x000000008c800000, 0x000000008c800000| Untracked 
| 201|0x000000008c900000, 0x000000008ca00000, 0x000000008ca00000|100%| O|  |TAMS 0x000000008c900000, 0x000000008c900000| Untracked 
| 202|0x000000008ca00000, 0x000000008cb00000, 0x000000008cb00000|100%| O|  |TAMS 0x000000008ca00000, 0x000000008ca00000| Untracked 
| 203|0x000000008cb00000, 0x000000008cc00000, 0x000000008cc00000|100%| O|  |TAMS 0x000000008cb00000, 0x000000008cb00000| Untracked 
| 204|0x000000008cc00000, 0x000000008cd00000, 0x000000008cd00000|100%| O|  |TAMS 0x000000008cc00000, 0x000000008cc00000| Untracked 
| 205|0x000000008cd00000, 0x000000008ce00000, 0x000000008ce00000|100%| O|  |TAMS 0x000000008cd00000, 0x000000008cd00000| Untracked 
| 206|0x000000008ce00000, 0x000000008cf00000, 0x000000008cf00000|100%| O|  |TAMS 0x000000008ce00000, 0x000000008ce00000| Untracked 
| 207|0x000000008cf00000, 0x000000008d000000, 0x000000008d000000|100%| O|  |TAMS 0x000000008cf00000, 0x000000008cf00000| Untracked 
| 208|0x000000008d000000, 0x000000008d100000, 0x000000008d100000|100%| O|  |TAMS 0x000000008d000000, 0x000000008d000000| Untracked 
| 209|0x000000008d100000, 0x000000008d200000, 0x000000008d200000|100%| O|  |TAMS 0x000000008d100000, 0x000000008d100000| Untracked 
| 210|0x000000008d200000, 0x000000008d300000, 0x000000008d300000|100%| O|  |TAMS 0x000000008d200000, 0x000000008d200000| Untracked 
| 211|0x000000008d300000, 0x000000008d400000, 0x000000008d400000|100%| O|  |TAMS 0x000000008d300000, 0x000000008d300000| Untracked 
| 212|0x000000008d400000, 0x000000008d500000, 0x000000008d500000|100%| O|  |TAMS 0x000000008d400000, 0x000000008d400000| Untracked 
| 213|0x000000008d500000, 0x000000008d600000, 0x000000008d600000|100%|HS|  |TAMS 0x000000008d500000, 0x000000008d500000| Complete 
| 214|0x000000008d600000, 0x000000008d700000, 0x000000008d700000|100%|HC|  |TAMS 0x000000008d600000, 0x000000008d600000| Complete 
| 215|0x000000008d700000, 0x000000008d800000, 0x000000008d800000|100%| O|  |TAMS 0x000000008d700000, 0x000000008d700000| Untracked 
| 216|0x000000008d800000, 0x000000008d900000, 0x000000008d900000|100%| O|  |TAMS 0x000000008d800000, 0x000000008d800000| Untracked 
| 217|0x000000008d900000, 0x000000008da00000, 0x000000008da00000|100%| O|  |TAMS 0x000000008d900000, 0x000000008d900000| Untracked 
| 218|0x000000008da00000, 0x000000008db00000, 0x000000008db00000|100%| O|  |TAMS 0x000000008da00000, 0x000000008da00000| Untracked 
| 219|0x000000008db00000, 0x000000008dc00000, 0x000000008dc00000|100%| O|  |TAMS 0x000000008db00000, 0x000000008db00000| Untracked 
| 220|0x000000008dc00000, 0x000000008dd00000, 0x000000008dd00000|100%| O|  |TAMS 0x000000008dc00000, 0x000000008dc00000| Untracked 
| 221|0x000000008dd00000, 0x000000008de00000, 0x000000008de00000|100%| O|  |TAMS 0x000000008dd00000, 0x000000008dd00000| Untracked 
| 222|0x000000008de00000, 0x000000008df00000, 0x000000008df00000|100%| O|  |TAMS 0x000000008de00000, 0x000000008de00000| Untracked 
| 223|0x000000008df00000, 0x000000008e000000, 0x000000008e000000|100%| O|  |TAMS 0x000000008df00000, 0x000000008df00000| Untracked 
| 224|0x000000008e000000, 0x000000008e100000, 0x000000008e100000|100%| O|  |TAMS 0x000000008e000000, 0x000000008e000000| Untracked 
| 225|0x000000008e100000, 0x000000008e200000, 0x000000008e200000|100%| O|  |TAMS 0x000000008e100000, 0x000000008e100000| Untracked 
| 226|0x000000008e200000, 0x000000008e300000, 0x000000008e300000|100%| O|  |TAMS 0x000000008e200000, 0x000000008e200000| Untracked 
| 227|0x000000008e300000, 0x000000008e400000, 0x000000008e400000|100%| O|  |TAMS 0x000000008e300000, 0x000000008e300000| Untracked 
| 228|0x000000008e400000, 0x000000008e500000, 0x000000008e500000|100%| O|  |TAMS 0x000000008e400000, 0x000000008e400000| Untracked 
| 229|0x000000008e500000, 0x000000008e600000, 0x000000008e600000|100%| O|  |TAMS 0x000000008e500000, 0x000000008e500000| Untracked 
| 230|0x000000008e600000, 0x000000008e700000, 0x000000008e700000|100%| O|  |TAMS 0x000000008e600000, 0x000000008e600000| Untracked 
| 231|0x000000008e700000, 0x000000008e800000, 0x000000008e800000|100%| O|  |TAMS 0x000000008e700000, 0x000000008e700000| Untracked 
| 232|0x000000008e800000, 0x000000008e900000, 0x000000008e900000|100%|HS|  |TAMS 0x000000008e800000, 0x000000008e800000| Complete 
| 233|0x000000008e900000, 0x000000008ea00000, 0x000000008ea00000|100%| O|  |TAMS 0x000000008e900000, 0x000000008e900000| Untracked 
| 234|0x000000008ea00000, 0x000000008eb00000, 0x000000008eb00000|100%| O|  |TAMS 0x000000008ea00000, 0x000000008ea00000| Untracked 
| 235|0x000000008eb00000, 0x000000008ec00000, 0x000000008ec00000|100%| O|  |TAMS 0x000000008eb00000, 0x000000008eb00000| Untracked 
| 236|0x000000008ec00000, 0x000000008ed00000, 0x000000008ed00000|100%| O|  |TAMS 0x000000008ec00000, 0x000000008ec00000| Untracked 
| 237|0x000000008ed00000, 0x000000008ee00000, 0x000000008ee00000|100%| O|  |TAMS 0x000000008ed00000, 0x000000008ed00000| Untracked 
| 238|0x000000008ee00000, 0x000000008ef00000, 0x000000008ef00000|100%| O|  |TAMS 0x000000008ee00000, 0x000000008ee00000| Untracked 
| 239|0x000000008ef00000, 0x000000008f000000, 0x000000008f000000|100%| O|  |TAMS 0x000000008ef00000, 0x000000008ef00000| Untracked 
| 240|0x000000008f000000, 0x000000008f100000, 0x000000008f100000|100%| O|  |TAMS 0x000000008f000000, 0x000000008f000000| Untracked 
| 241|0x000000008f100000, 0x000000008f200000, 0x000000008f200000|100%| O|  |TAMS 0x000000008f100000, 0x000000008f100000| Untracked 
| 242|0x000000008f200000, 0x000000008f2db000, 0x000000008f300000| 85%| O|  |TAMS 0x000000008f200000, 0x000000008f200000| Untracked 
| 243|0x000000008f300000, 0x000000008f300000, 0x000000008f400000|  0%| F|  |TAMS 0x000000008f300000, 0x000000008f300000| Untracked 
| 244|0x000000008f400000, 0x000000008f400000, 0x000000008f500000|  0%| F|  |TAMS 0x000000008f400000, 0x000000008f400000| Untracked 
| 245|0x000000008f500000, 0x000000008f500000, 0x000000008f600000|  0%| F|  |TAMS 0x000000008f500000, 0x000000008f500000| Untracked 
| 246|0x000000008f600000, 0x000000008f600000, 0x000000008f700000|  0%| F|  |TAMS 0x000000008f600000, 0x000000008f600000| Untracked 
| 247|0x000000008f700000, 0x000000008f700000, 0x000000008f800000|  0%| F|  |TAMS 0x000000008f700000, 0x000000008f700000| Untracked 
| 248|0x000000008f800000, 0x000000008f800000, 0x000000008f900000|  0%| F|  |TAMS 0x000000008f800000, 0x000000008f800000| Untracked 
| 249|0x000000008f900000, 0x000000008f900000, 0x000000008fa00000|  0%| F|  |TAMS 0x000000008f900000, 0x000000008f900000| Untracked 
| 250|0x000000008fa00000, 0x000000008fa00000, 0x000000008fb00000|  0%| F|  |TAMS 0x000000008fa00000, 0x000000008fa00000| Untracked 
| 251|0x000000008fb00000, 0x000000008fb00000, 0x000000008fc00000|  0%| F|  |TAMS 0x000000008fb00000, 0x000000008fb00000| Untracked 
| 252|0x000000008fc00000, 0x000000008fc00000, 0x000000008fd00000|  0%| F|  |TAMS 0x000000008fc00000, 0x000000008fc00000| Untracked 
| 253|0x000000008fd00000, 0x000000008fd00000, 0x000000008fe00000|  0%| F|  |TAMS 0x000000008fd00000, 0x000000008fd00000| Untracked 
| 254|0x000000008fe00000, 0x000000008fe00000, 0x000000008ff00000|  0%| F|  |TAMS 0x000000008fe00000, 0x000000008fe00000| Untracked 
| 255|0x000000008ff00000, 0x000000008ff00000, 0x0000000090000000|  0%| F|  |TAMS 0x000000008ff00000, 0x000000008ff00000| Untracked 
| 256|0x0000000090000000, 0x0000000090000000, 0x0000000090100000|  0%| F|  |TAMS 0x0000000090000000, 0x0000000090000000| Untracked 
| 257|0x0000000090100000, 0x0000000090100000, 0x0000000090200000|  0%| F|  |TAMS 0x0000000090100000, 0x0000000090100000| Untracked 
| 258|0x0000000090200000, 0x0000000090200000, 0x0000000090300000|  0%| F|  |TAMS 0x0000000090200000, 0x0000000090200000| Untracked 
| 259|0x0000000090300000, 0x0000000090300000, 0x0000000090400000|  0%| F|  |TAMS 0x0000000090300000, 0x0000000090300000| Untracked 
| 260|0x0000000090400000, 0x0000000090400000, 0x0000000090500000|  0%| F|  |TAMS 0x0000000090400000, 0x0000000090400000| Untracked 
| 261|0x0000000090500000, 0x0000000090500000, 0x0000000090600000|  0%| F|  |TAMS 0x0000000090500000, 0x0000000090500000| Untracked 
| 262|0x0000000090600000, 0x0000000090600000, 0x0000000090700000|  0%| F|  |TAMS 0x0000000090600000, 0x0000000090600000| Untracked 
| 263|0x0000000090700000, 0x0000000090700000, 0x0000000090800000|  0%| F|  |TAMS 0x0000000090700000, 0x0000000090700000| Untracked 
| 264|0x0000000090800000, 0x0000000090800000, 0x0000000090900000|  0%| F|  |TAMS 0x0000000090800000, 0x0000000090800000| Untracked 
| 265|0x0000000090900000, 0x0000000090900000, 0x0000000090a00000|  0%| F|  |TAMS 0x0000000090900000, 0x0000000090900000| Untracked 
| 266|0x0000000090a00000, 0x0000000090a00000, 0x0000000090b00000|  0%| F|  |TAMS 0x0000000090a00000, 0x0000000090a00000| Untracked 
| 267|0x0000000090b00000, 0x0000000090b00000, 0x0000000090c00000|  0%| F|  |TAMS 0x0000000090b00000, 0x0000000090b00000| Untracked 
| 268|0x0000000090c00000, 0x0000000090c00000, 0x0000000090d00000|  0%| F|  |TAMS 0x0000000090c00000, 0x0000000090c00000| Untracked 
| 269|0x0000000090d00000, 0x0000000090d00000, 0x0000000090e00000|  0%| F|  |TAMS 0x0000000090d00000, 0x0000000090d00000| Untracked 
| 270|0x0000000090e00000, 0x0000000090e00000, 0x0000000090f00000|  0%| F|  |TAMS 0x0000000090e00000, 0x0000000090e00000| Untracked 
| 271|0x0000000090f00000, 0x0000000090f00000, 0x0000000091000000|  0%| F|  |TAMS 0x0000000090f00000, 0x0000000090f00000| Untracked 
| 272|0x0000000091000000, 0x0000000091000000, 0x0000000091100000|  0%| F|  |TAMS 0x0000000091000000, 0x0000000091000000| Untracked 
| 273|0x0000000091100000, 0x0000000091100000, 0x0000000091200000|  0%| F|  |TAMS 0x0000000091100000, 0x0000000091100000| Untracked 
| 274|0x0000000091200000, 0x0000000091200000, 0x0000000091300000|  0%| F|  |TAMS 0x0000000091200000, 0x0000000091200000| Untracked 
| 275|0x0000000091300000, 0x0000000091300000, 0x0000000091400000|  0%| F|  |TAMS 0x0000000091300000, 0x0000000091300000| Untracked 
| 276|0x0000000091400000, 0x0000000091400000, 0x0000000091500000|  0%| F|  |TAMS 0x0000000091400000, 0x0000000091400000| Untracked 
| 277|0x0000000091500000, 0x0000000091500000, 0x0000000091600000|  0%| F|  |TAMS 0x0000000091500000, 0x0000000091500000| Untracked 
| 278|0x0000000091600000, 0x0000000091600000, 0x0000000091700000|  0%| F|  |TAMS 0x0000000091600000, 0x0000000091600000| Untracked 
| 279|0x0000000091700000, 0x0000000091700000, 0x0000000091800000|  0%| F|  |TAMS 0x0000000091700000, 0x0000000091700000| Untracked 
| 280|0x0000000091800000, 0x0000000091800000, 0x0000000091900000|  0%| F|  |TAMS 0x0000000091800000, 0x0000000091800000| Untracked 
| 281|0x0000000091900000, 0x0000000091900000, 0x0000000091a00000|  0%| F|  |TAMS 0x0000000091900000, 0x0000000091900000| Untracked 
| 282|0x0000000091a00000, 0x0000000091a00000, 0x0000000091b00000|  0%| F|  |TAMS 0x0000000091a00000, 0x0000000091a00000| Untracked 
| 283|0x0000000091b00000, 0x0000000091b00000, 0x0000000091c00000|  0%| F|  |TAMS 0x0000000091b00000, 0x0000000091b00000| Untracked 
| 284|0x0000000091c00000, 0x0000000091c00000, 0x0000000091d00000|  0%| F|  |TAMS 0x0000000091c00000, 0x0000000091c00000| Untracked 
| 285|0x0000000091d00000, 0x0000000091d00000, 0x0000000091e00000|  0%| F|  |TAMS 0x0000000091d00000, 0x0000000091d00000| Untracked 
| 286|0x0000000091e00000, 0x0000000091e00000, 0x0000000091f00000|  0%| F|  |TAMS 0x0000000091e00000, 0x0000000091e00000| Untracked 
| 287|0x0000000091f00000, 0x0000000091f00000, 0x0000000092000000|  0%| F|  |TAMS 0x0000000091f00000, 0x0000000091f00000| Untracked 
| 288|0x0000000092000000, 0x0000000092000000, 0x0000000092100000|  0%| F|  |TAMS 0x0000000092000000, 0x0000000092000000| Untracked 
| 289|0x0000000092100000, 0x0000000092100000, 0x0000000092200000|  0%| F|  |TAMS 0x0000000092100000, 0x0000000092100000| Untracked 
| 290|0x0000000092200000, 0x0000000092200000, 0x0000000092300000|  0%| F|  |TAMS 0x0000000092200000, 0x0000000092200000| Untracked 
| 291|0x0000000092300000, 0x0000000092300000, 0x0000000092400000|  0%| F|  |TAMS 0x0000000092300000, 0x0000000092300000| Untracked 
| 292|0x0000000092400000, 0x0000000092400000, 0x0000000092500000|  0%| F|  |TAMS 0x0000000092400000, 0x0000000092400000| Untracked 
| 293|0x0000000092500000, 0x0000000092500000, 0x0000000092600000|  0%| F|  |TAMS 0x0000000092500000, 0x0000000092500000| Untracked 
| 294|0x0000000092600000, 0x0000000092600000, 0x0000000092700000|  0%| F|  |TAMS 0x0000000092600000, 0x0000000092600000| Untracked 
| 295|0x0000000092700000, 0x0000000092700000, 0x0000000092800000|  0%| F|  |TAMS 0x0000000092700000, 0x0000000092700000| Untracked 
| 296|0x0000000092800000, 0x0000000092800000, 0x0000000092900000|  0%| F|  |TAMS 0x0000000092800000, 0x0000000092800000| Untracked 
| 297|0x0000000092900000, 0x0000000092900000, 0x0000000092a00000|  0%| F|  |TAMS 0x0000000092900000, 0x0000000092900000| Untracked 
| 298|0x0000000092a00000, 0x0000000092a00000, 0x0000000092b00000|  0%| F|  |TAMS 0x0000000092a00000, 0x0000000092a00000| Untracked 
| 299|0x0000000092b00000, 0x0000000092b00000, 0x0000000092c00000|  0%| F|  |TAMS 0x0000000092b00000, 0x0000000092b00000| Untracked 
| 300|0x0000000092c00000, 0x0000000092c55a70, 0x0000000092d00000| 33%| S|CS|TAMS 0x0000000092c00000, 0x0000000092c00000| Complete 
| 301|0x0000000092d00000, 0x0000000092e00000, 0x0000000092e00000|100%| S|CS|TAMS 0x0000000092d00000, 0x0000000092d00000| Complete 
| 302|0x0000000092e00000, 0x0000000092e00000, 0x0000000092f00000|  0%| F|  |TAMS 0x0000000092e00000, 0x0000000092e00000| Untracked 
| 303|0x0000000092f00000, 0x0000000092f00000, 0x0000000093000000|  0%| F|  |TAMS 0x0000000092f00000, 0x0000000092f00000| Untracked 
| 304|0x0000000093000000, 0x0000000093000000, 0x0000000093100000|  0%| F|  |TAMS 0x0000000093000000, 0x0000000093000000| Untracked 
| 305|0x0000000093100000, 0x0000000093100000, 0x0000000093200000|  0%| F|  |TAMS 0x0000000093100000, 0x0000000093100000| Untracked 
| 306|0x0000000093200000, 0x0000000093200000, 0x0000000093300000|  0%| F|  |TAMS 0x0000000093200000, 0x0000000093200000| Untracked 
| 307|0x0000000093300000, 0x0000000093300000, 0x0000000093400000|  0%| F|  |TAMS 0x0000000093300000, 0x0000000093300000| Untracked 
| 308|0x0000000093400000, 0x0000000093400000, 0x0000000093500000|  0%| F|  |TAMS 0x0000000093400000, 0x0000000093400000| Untracked 
| 309|0x0000000093500000, 0x0000000093500000, 0x0000000093600000|  0%| F|  |TAMS 0x0000000093500000, 0x0000000093500000| Untracked 
| 310|0x0000000093600000, 0x0000000093600000, 0x0000000093700000|  0%| F|  |TAMS 0x0000000093600000, 0x0000000093600000| Untracked 
| 311|0x0000000093700000, 0x0000000093700000, 0x0000000093800000|  0%| F|  |TAMS 0x0000000093700000, 0x0000000093700000| Untracked 
| 312|0x0000000093800000, 0x0000000093800000, 0x0000000093900000|  0%| F|  |TAMS 0x0000000093800000, 0x0000000093800000| Untracked 
| 313|0x0000000093900000, 0x0000000093900000, 0x0000000093a00000|  0%| F|  |TAMS 0x0000000093900000, 0x0000000093900000| Untracked 
| 314|0x0000000093a00000, 0x0000000093a00000, 0x0000000093b00000|  0%| F|  |TAMS 0x0000000093a00000, 0x0000000093a00000| Untracked 
| 315|0x0000000093b00000, 0x0000000093b00000, 0x0000000093c00000|  0%| F|  |TAMS 0x0000000093b00000, 0x0000000093b00000| Untracked 
| 316|0x0000000093c00000, 0x0000000093c00000, 0x0000000093d00000|  0%| F|  |TAMS 0x0000000093c00000, 0x0000000093c00000| Untracked 
| 317|0x0000000093d00000, 0x0000000093d00000, 0x0000000093e00000|  0%| F|  |TAMS 0x0000000093d00000, 0x0000000093d00000| Untracked 
| 318|0x0000000093e00000, 0x0000000093e00000, 0x0000000093f00000|  0%| F|  |TAMS 0x0000000093e00000, 0x0000000093e00000| Untracked 
| 319|0x0000000093f00000, 0x0000000093f00000, 0x0000000094000000|  0%| F|  |TAMS 0x0000000093f00000, 0x0000000093f00000| Untracked 
| 320|0x0000000094000000, 0x0000000094000000, 0x0000000094100000|  0%| F|  |TAMS 0x0000000094000000, 0x0000000094000000| Untracked 
| 321|0x0000000094100000, 0x0000000094100000, 0x0000000094200000|  0%| F|  |TAMS 0x0000000094100000, 0x0000000094100000| Untracked 
| 322|0x0000000094200000, 0x0000000094200000, 0x0000000094300000|  0%| F|  |TAMS 0x0000000094200000, 0x0000000094200000| Untracked 
| 323|0x0000000094300000, 0x0000000094300000, 0x0000000094400000|  0%| F|  |TAMS 0x0000000094300000, 0x0000000094300000| Untracked 
| 324|0x0000000094400000, 0x0000000094400000, 0x0000000094500000|  0%| F|  |TAMS 0x0000000094400000, 0x0000000094400000| Untracked 
| 325|0x0000000094500000, 0x0000000094500000, 0x0000000094600000|  0%| F|  |TAMS 0x0000000094500000, 0x0000000094500000| Untracked 
| 326|0x0000000094600000, 0x0000000094600000, 0x0000000094700000|  0%| F|  |TAMS 0x0000000094600000, 0x0000000094600000| Untracked 
| 327|0x0000000094700000, 0x0000000094700000, 0x0000000094800000|  0%| F|  |TAMS 0x0000000094700000, 0x0000000094700000| Untracked 
| 328|0x0000000094800000, 0x0000000094800000, 0x0000000094900000|  0%| F|  |TAMS 0x0000000094800000, 0x0000000094800000| Untracked 
| 329|0x0000000094900000, 0x0000000094900000, 0x0000000094a00000|  0%| F|  |TAMS 0x0000000094900000, 0x0000000094900000| Untracked 
| 330|0x0000000094a00000, 0x0000000094a00000, 0x0000000094b00000|  0%| F|  |TAMS 0x0000000094a00000, 0x0000000094a00000| Untracked 
| 331|0x0000000094b00000, 0x0000000094b00000, 0x0000000094c00000|  0%| F|  |TAMS 0x0000000094b00000, 0x0000000094b00000| Untracked 
| 332|0x0000000094c00000, 0x0000000094c00000, 0x0000000094d00000|  0%| F|  |TAMS 0x0000000094c00000, 0x0000000094c00000| Untracked 
| 333|0x0000000094d00000, 0x0000000094d00000, 0x0000000094e00000|  0%| F|  |TAMS 0x0000000094d00000, 0x0000000094d00000| Untracked 
| 334|0x0000000094e00000, 0x0000000094e00000, 0x0000000094f00000|  0%| F|  |TAMS 0x0000000094e00000, 0x0000000094e00000| Untracked 
| 335|0x0000000094f00000, 0x0000000094f00000, 0x0000000095000000|  0%| F|  |TAMS 0x0000000094f00000, 0x0000000094f00000| Untracked 
| 336|0x0000000095000000, 0x0000000095000000, 0x0000000095100000|  0%| F|  |TAMS 0x0000000095000000, 0x0000000095000000| Untracked 
| 337|0x0000000095100000, 0x0000000095100000, 0x0000000095200000|  0%| F|  |TAMS 0x0000000095100000, 0x0000000095100000| Untracked 
| 338|0x0000000095200000, 0x0000000095200000, 0x0000000095300000|  0%| F|  |TAMS 0x0000000095200000, 0x0000000095200000| Untracked 
| 339|0x0000000095300000, 0x0000000095300000, 0x0000000095400000|  0%| F|  |TAMS 0x0000000095300000, 0x0000000095300000| Untracked 
| 340|0x0000000095400000, 0x0000000095400000, 0x0000000095500000|  0%| F|  |TAMS 0x0000000095400000, 0x0000000095400000| Untracked 
| 341|0x0000000095500000, 0x0000000095500000, 0x0000000095600000|  0%| F|  |TAMS 0x0000000095500000, 0x0000000095500000| Untracked 
| 342|0x0000000095600000, 0x0000000095600000, 0x0000000095700000|  0%| F|  |TAMS 0x0000000095600000, 0x0000000095600000| Untracked 
| 343|0x0000000095700000, 0x0000000095700000, 0x0000000095800000|  0%| F|  |TAMS 0x0000000095700000, 0x0000000095700000| Untracked 
| 344|0x0000000095800000, 0x0000000095800000, 0x0000000095900000|  0%| F|  |TAMS 0x0000000095800000, 0x0000000095800000| Untracked 
| 345|0x0000000095900000, 0x0000000095900000, 0x0000000095a00000|  0%| F|  |TAMS 0x0000000095900000, 0x0000000095900000| Untracked 
| 346|0x0000000095a00000, 0x0000000095a00000, 0x0000000095b00000|  0%| F|  |TAMS 0x0000000095a00000, 0x0000000095a00000| Untracked 
| 347|0x0000000095b00000, 0x0000000095b00000, 0x0000000095c00000|  0%| F|  |TAMS 0x0000000095b00000, 0x0000000095b00000| Untracked 
| 348|0x0000000095c00000, 0x0000000095c00000, 0x0000000095d00000|  0%| F|  |TAMS 0x0000000095c00000, 0x0000000095c00000| Untracked 
| 349|0x0000000095d00000, 0x0000000095d00000, 0x0000000095e00000|  0%| F|  |TAMS 0x0000000095d00000, 0x0000000095d00000| Untracked 
| 350|0x0000000095e00000, 0x0000000095e00000, 0x0000000095f00000|  0%| F|  |TAMS 0x0000000095e00000, 0x0000000095e00000| Untracked 
| 351|0x0000000095f00000, 0x0000000095f00000, 0x0000000096000000|  0%| F|  |TAMS 0x0000000095f00000, 0x0000000095f00000| Untracked 
| 352|0x0000000096000000, 0x0000000096000000, 0x0000000096100000|  0%| F|  |TAMS 0x0000000096000000, 0x0000000096000000| Untracked 
| 353|0x0000000096100000, 0x0000000096100000, 0x0000000096200000|  0%| F|  |TAMS 0x0000000096100000, 0x0000000096100000| Untracked 
| 354|0x0000000096200000, 0x0000000096200000, 0x0000000096300000|  0%| F|  |TAMS 0x0000000096200000, 0x0000000096200000| Untracked 
| 355|0x0000000096300000, 0x0000000096300000, 0x0000000096400000|  0%| F|  |TAMS 0x0000000096300000, 0x0000000096300000| Untracked 
| 356|0x0000000096400000, 0x0000000096400000, 0x0000000096500000|  0%| F|  |TAMS 0x0000000096400000, 0x0000000096400000| Untracked 
| 357|0x0000000096500000, 0x0000000096500000, 0x0000000096600000|  0%| F|  |TAMS 0x0000000096500000, 0x0000000096500000| Untracked 
| 358|0x0000000096600000, 0x0000000096600000, 0x0000000096700000|  0%| F|  |TAMS 0x0000000096600000, 0x0000000096600000| Untracked 
| 359|0x0000000096700000, 0x0000000096700000, 0x0000000096800000|  0%| F|  |TAMS 0x0000000096700000, 0x0000000096700000| Untracked 
| 360|0x0000000096800000, 0x0000000096800000, 0x0000000096900000|  0%| F|  |TAMS 0x0000000096800000, 0x0000000096800000| Untracked 
| 361|0x0000000096900000, 0x0000000096900000, 0x0000000096a00000|  0%| F|  |TAMS 0x0000000096900000, 0x0000000096900000| Untracked 
| 362|0x0000000096a00000, 0x0000000096a00000, 0x0000000096b00000|  0%| F|  |TAMS 0x0000000096a00000, 0x0000000096a00000| Untracked 
| 363|0x0000000096b00000, 0x0000000096b00000, 0x0000000096c00000|  0%| F|  |TAMS 0x0000000096b00000, 0x0000000096b00000| Untracked 
| 364|0x0000000096c00000, 0x0000000096c00000, 0x0000000096d00000|  0%| F|  |TAMS 0x0000000096c00000, 0x0000000096c00000| Untracked 
| 365|0x0000000096d00000, 0x0000000096d00000, 0x0000000096e00000|  0%| F|  |TAMS 0x0000000096d00000, 0x0000000096d00000| Untracked 
| 366|0x0000000096e00000, 0x0000000096e00000, 0x0000000096f00000|  0%| F|  |TAMS 0x0000000096e00000, 0x0000000096e00000| Untracked 
| 367|0x0000000096f00000, 0x0000000096f00000, 0x0000000097000000|  0%| F|  |TAMS 0x0000000096f00000, 0x0000000096f00000| Untracked 

Card table byte_map: [0x0000020150e00000,0x0000020151200000] _byte_map_base: 0x0000020150a00000

Marking Bits (Prev, Next): (CMBitMap*) 0x000002013bd0c470, (CMBitMap*) 0x000002013bd0c438
 Prev Bits: [0x0000020153600000, 0x0000020155600000)
 Next Bits: [0x0000020151600000, 0x0000020153600000)

Polling page: 0x0000020140f70000

Metaspace:

Usage:
  Non-class:    128.92 MB capacity,   126.23 MB ( 98%) used,     2.22 MB (  2%) free+waste,   482.38 KB ( <1%) overhead. 
      Class:     19.39 MB capacity,    17.81 MB ( 92%) used,     1.37 MB (  7%) free+waste,   216.06 KB (  1%) overhead. 
       Both:    148.31 MB capacity,   144.04 MB ( 97%) used,     3.59 MB (  2%) free+waste,   698.44 KB ( <1%) overhead. 

Virtual space:
  Non-class space:      130.00 MB reserved,     129.00 MB (>99%) committed 
      Class space:        1.00 GB reserved,      19.50 MB (  2%) committed 
             Both:        1.13 GB reserved,     148.50 MB ( 13%) committed 

Chunk freelists:
   Non-Class:  19.00 KB
       Class:  16.00 KB
        Both:  35.00 KB

MaxMetaspaceSize: 17179869184.00 GB
CompressedClassSpaceSize: 1.00 GB

CodeHeap 'non-profiled nmethods': size=120000Kb used=20654Kb max_used=20654Kb free=99345Kb
 bounds [0x0000020148a60000, 0x0000020149e90000, 0x000002014ff90000]
CodeHeap 'profiled nmethods': size=120000Kb used=57722Kb max_used=57722Kb free=62277Kb
 bounds [0x0000020141530000, 0x0000020144dd0000, 0x0000020148a60000]
CodeHeap 'non-nmethods': size=5760Kb used=2397Kb max_used=2475Kb free=3362Kb
 bounds [0x0000020140f90000, 0x0000020141210000, 0x0000020141530000]
 total_blobs=26110 nmethods=25073 adapters=945
 compilation: enabled
              stopped_count=0, restarted_count=0
 full_count=0

Compilation events (20 events):
Event: 163.239 Thread 0x00000201589ae800 nmethod 30379 0x0000020144dc6010 code [0x0000020144dc6360, 0x0000020144dc71f8]
Event: 163.239 Thread 0x00000201589ae800 30380       3       com.android.tools.r8.internal.Rs::a (30 bytes)
Event: 163.239 Thread 0x00000201589ae800 nmethod 30380 0x0000020144dc7b90 code [0x0000020144dc7d80, 0x0000020144dc81e8]
Event: 163.239 Thread 0x00000201589ae800 30381       2       com.android.tools.r8.internal.HE::i (36 bytes)
Event: 163.240 Thread 0x00000201589ae800 nmethod 30381 0x0000020144dc8310 code [0x0000020144dc84e0, 0x0000020144dc86e8]
Event: 163.244 Thread 0x00000201589ae800 30382       2       com.android.tools.r8.graph.I0::b (55 bytes)
Event: 163.245 Thread 0x00000201589ae800 nmethod 30382 0x0000020144dc8810 code [0x0000020144dc89c0, 0x0000020144dc8b08]
Event: 163.245 Thread 0x00000201589ae800 30383       2       com.android.tools.r8.internal.aj::Q (2 bytes)
Event: 163.245 Thread 0x00000201589ae800 nmethod 30383 0x0000020144dc8c10 code [0x0000020144dc8dc0, 0x0000020144dc8eb8]
Event: 163.252 Thread 0x00000201589ae800 30384       2       com.android.tools.r8.internal.C1::a (258 bytes)
Event: 163.255 Thread 0x00000201589ae800 nmethod 30384 0x0000020144dc8f90 code [0x0000020144dc9340, 0x0000020144dc9e78]
Event: 163.255 Thread 0x00000201589ae800 30385       1       com.android.tools.r8.internal.d4::n (2 bytes)
Event: 163.255 Thread 0x00000201589ae800 nmethod 30385 0x0000020149e8fc90 code [0x0000020149e8fe40, 0x0000020149e8fef8]
Event: 163.256 Thread 0x00000201589ae800 30387       2       com.android.tools.r8.internal.pe::a (167 bytes)
Event: 163.257 Thread 0x00000201589ae800 nmethod 30387 0x0000020144dca690 code [0x0000020144dca960, 0x0000020144dcb2f8]
Event: 163.257 Thread 0x00000201589ae800 30388       2       com.android.tools.r8.internal.K3::n (44 bytes)
Event: 163.258 Thread 0x00000201589ae800 nmethod 30388 0x0000020144dcb810 code [0x0000020144dcb9c0, 0x0000020144dcbb38]
Event: 163.262 Thread 0x00000201589ae800 30389       2       com.android.tools.r8.internal.HE::c (82 bytes)
Event: 163.262 Thread 0x00000201589ae800 nmethod 30389 0x0000020144dcbc10 code [0x0000020144dcbe20, 0x0000020144dcc188]
Event: 163.266 Thread 0x00000201589ae800 30390 %     3       com.android.tools.r8.internal.Nv::a @ 87 (270 bytes)

GC Heap History (20 events):
Event: 162.329 GC heap after
{Heap after GC invocations=124 (full 0):
 garbage-first heap   total 312320K, used 239173K [0x0000000080000000, 0x0000000100000000)
  region size 1024K, 4 young (4096K), 4 survivors (4096K)
 Metaspace       used 146928K, capacity 151291K, committed 151424K, reserved 1181696K
  class space    used 18181K, capacity 19775K, committed 19840K, reserved 1048576K
}
Event: 162.400 GC heap before
{Heap before GC invocations=124 (full 0):
 garbage-first heap   total 312320K, used 273989K [0x0000000080000000, 0x0000000100000000)
  region size 1024K, 40 young (40960K), 4 survivors (4096K)
 Metaspace       used 146966K, capacity 151300K, committed 151424K, reserved 1181696K
  class space    used 18184K, capacity 19777K, committed 19840K, reserved 1048576K
}
Event: 162.404 GC heap after
{Heap after GC invocations=125 (full 0):
 garbage-first heap   total 312320K, used 238029K [0x0000000080000000, 0x0000000100000000)
  region size 1024K, 2 young (2048K), 2 survivors (2048K)
 Metaspace       used 146966K, capacity 151300K, committed 151424K, reserved 1181696K
  class space    used 18184K, capacity 19777K, committed 19840K, reserved 1048576K
}
Event: 162.478 GC heap before
{Heap before GC invocations=125 (full 0):
 garbage-first heap   total 312320K, used 275917K [0x0000000080000000, 0x0000000100000000)
  region size 1024K, 38 young (38912K), 2 survivors (2048K)
 Metaspace       used 147002K, capacity 151369K, committed 151680K, reserved 1181696K
  class space    used 18186K, capacity 19777K, committed 19840K, reserved 1048576K
}
Event: 162.481 GC heap after
{Heap after GC invocations=126 (full 0):
 garbage-first heap   total 312320K, used 239405K [0x0000000080000000, 0x0000000100000000)
  region size 1024K, 3 young (3072K), 3 survivors (3072K)
 Metaspace       used 147002K, capacity 151369K, committed 151680K, reserved 1181696K
  class space    used 18186K, capacity 19777K, committed 19840K, reserved 1048576K
}
Event: 162.543 GC heap before
{Heap before GC invocations=126 (full 0):
 garbage-first heap   total 312320K, used 273197K [0x0000000080000000, 0x0000000100000000)
  region size 1024K, 37 young (37888K), 3 survivors (3072K)
 Metaspace       used 147066K, capacity 151405K, committed 151680K, reserved 1181696K
  class space    used 18192K, capacity 19809K, committed 19840K, reserved 1048576K
}
Event: 162.547 GC heap after
{Heap after GC invocations=127 (full 0):
 garbage-first heap   total 312320K, used 241088K [0x0000000080000000, 0x0000000100000000)
  region size 1024K, 4 young (4096K), 4 survivors (4096K)
 Metaspace       used 147066K, capacity 151405K, committed 151680K, reserved 1181696K
  class space    used 18192K, capacity 19809K, committed 19840K, reserved 1048576K
}
Event: 162.600 GC heap before
{Heap before GC invocations=127 (full 0):
 garbage-first heap   total 312320K, used 273856K [0x0000000080000000, 0x0000000100000000)
  region size 1024K, 37 young (37888K), 4 survivors (4096K)
 Metaspace       used 147074K, capacity 151469K, committed 151680K, reserved 1181696K
  class space    used 18192K, capacity 19809K, committed 19840K, reserved 1048576K
}
Event: 162.605 GC heap after
{Heap after GC invocations=128 (full 0):
 garbage-first heap   total 312320K, used 241897K [0x0000000080000000, 0x0000000100000000)
  region size 1024K, 3 young (3072K), 3 survivors (3072K)
 Metaspace       used 147074K, capacity 151469K, committed 151680K, reserved 1181696K
  class space    used 18192K, capacity 19809K, committed 19840K, reserved 1048576K
}
Event: 162.651 GC heap before
{Heap before GC invocations=128 (full 0):
 garbage-first heap   total 312320K, used 273641K [0x0000000080000000, 0x0000000100000000)
  region size 1024K, 34 young (34816K), 3 survivors (3072K)
 Metaspace       used 147081K, capacity 151469K, committed 151680K, reserved 1181696K
  class space    used 18192K, capacity 19809K, committed 19840K, reserved 1048576K
}
Event: 162.656 GC heap after
{Heap after GC invocations=129 (full 0):
 garbage-first heap   total 312320K, used 242532K [0x0000000080000000, 0x0000000100000000)
  region size 1024K, 3 young (3072K), 3 survivors (3072K)
 Metaspace       used 147081K, capacity 151469K, committed 151680K, reserved 1181696K
  class space    used 18192K, capacity 19809K, committed 19840K, reserved 1048576K
}
Event: 162.710 GC heap before
{Heap before GC invocations=129 (full 0):
 garbage-first heap   total 312320K, used 273252K [0x0000000080000000, 0x0000000100000000)
  region size 1024K, 35 young (35840K), 3 survivors (3072K)
 Metaspace       used 147103K, capacity 151472K, committed 151680K, reserved 1181696K
  class space    used 18192K, capacity 19810K, committed 19840K, reserved 1048576K
}
Event: 162.718 GC heap after
{Heap after GC invocations=130 (full 0):
 garbage-first heap   total 376832K, used 244099K [0x0000000080000000, 0x0000000100000000)
  region size 1024K, 5 young (5120K), 5 survivors (5120K)
 Metaspace       used 147103K, capacity 151472K, committed 151680K, reserved 1181696K
  class space    used 18192K, capacity 19810K, committed 19840K, reserved 1048576K
}
Event: 162.840 GC heap before
{Heap before GC invocations=130 (full 0):
 garbage-first heap   total 376832K, used 302467K [0x0000000080000000, 0x0000000100000000)
  region size 1024K, 62 young (63488K), 5 survivors (5120K)
 Metaspace       used 147204K, capacity 151536K, committed 151680K, reserved 1181696K
  class space    used 18196K, capacity 19810K, committed 19840K, reserved 1048576K
}
Event: 162.850 GC heap after
{Heap after GC invocations=131 (full 0):
 garbage-first heap   total 376832K, used 248065K [0x0000000080000000, 0x0000000100000000)
  region size 1024K, 8 young (8192K), 8 survivors (8192K)
 Metaspace       used 147204K, capacity 151536K, committed 151680K, reserved 1181696K
  class space    used 18196K, capacity 19810K, committed 19840K, reserved 1048576K
}
Event: 162.943 GC heap before
{Heap before GC invocations=131 (full 0):
 garbage-first heap   total 376832K, used 306433K [0x0000000080000000, 0x0000000100000000)
  region size 1024K, 66 young (67584K), 8 survivors (8192K)
 Metaspace       used 147264K, capacity 151602K, committed 151680K, reserved 1181696K
  class space    used 18206K, capacity 19810K, committed 19840K, reserved 1048576K
}
Event: 162.952 GC heap after
{Heap after GC invocations=132 (full 0):
 garbage-first heap   total 376832K, used 249600K [0x0000000080000000, 0x0000000100000000)
  region size 1024K, 6 young (6144K), 6 survivors (6144K)
 Metaspace       used 147264K, capacity 151602K, committed 151680K, reserved 1181696K
  class space    used 18206K, capacity 19810K, committed 19840K, reserved 1048576K
}
Event: 163.090 GC heap before
{Heap before GC invocations=132 (full 0):
 garbage-first heap   total 376832K, used 314112K [0x0000000080000000, 0x0000000100000000)
  region size 1024K, 70 young (71680K), 6 survivors (6144K)
 Metaspace       used 147383K, capacity 151696K, committed 151936K, reserved 1181696K
  class space    used 18225K, capacity 19820K, committed 19840K, reserved 1048576K
}
Event: 163.100 GC heap after
{Heap after GC invocations=133 (full 0):
 garbage-first heap   total 376832K, used 252202K [0x0000000080000000, 0x0000000100000000)
  region size 1024K, 6 young (6144K), 6 survivors (6144K)
 Metaspace       used 147383K, capacity 151696K, committed 151936K, reserved 1181696K
  class space    used 18225K, capacity 19820K, committed 19840K, reserved 1048576K
}
Event: 163.287 GC heap before
{Heap before GC invocations=133 (full 0):
 garbage-first heap   total 376832K, used 317738K [0x0000000080000000, 0x0000000100000000)
  region size 1024K, 70 young (71680K), 6 survivors (6144K)
 Metaspace       used 147494K, capacity 151869K, committed 152064K, reserved 1181696K
  class space    used 18233K, capacity 19856K, committed 19968K, reserved 1048576K
}

Deoptimization events (20 events):
Event: 163.002 Thread 0x000002015c6d6000 DEOPT PACKING pc=0x00000201438dbf3e sp=0x000000d737ffb0e0
Event: 163.002 Thread 0x000002015c6d6000 DEOPT UNPACKING pc=0x0000020140fb76ce sp=0x000000d737ffa750 mode 0
Event: 163.033 Thread 0x000002015c6dd000 Uncommon trap: trap_request=0xffffff4d fr.pc=0x0000020149e8ce98 relative=0x0000000000000f98
Event: 163.033 Thread 0x000002015c6dd000 Uncommon trap: reason=unstable_if action=reinterpret pc=0x0000020149e8ce98 method=org.objectweb.asm.MethodWriter.visitVarInsn(II)V @ 230 c2
Event: 163.033 Thread 0x000002015c6dd000 DEOPT PACKING pc=0x0000020149e8ce98 sp=0x000000d7386fb370
Event: 163.033 Thread 0x000002015c6dd000 DEOPT UNPACKING pc=0x0000020140fb78af sp=0x000000d7386fb2f8 mode 2
Event: 163.055 Thread 0x000002015c6d6000 DEOPT PACKING pc=0x00000201438daf80 sp=0x000000d737ffb0e0
Event: 163.055 Thread 0x000002015c6d6000 DEOPT UNPACKING pc=0x0000020140fb76ce sp=0x000000d737ffa750 mode 0
Event: 163.069 Thread 0x000002015c6d6000 DEOPT PACKING pc=0x00000201438daf80 sp=0x000000d737ffb0e0
Event: 163.069 Thread 0x000002015c6d6000 DEOPT UNPACKING pc=0x0000020140fb76ce sp=0x000000d737ffa750 mode 0
Event: 163.069 Thread 0x000002015c6d6000 Uncommon trap: trap_request=0xffffffc6 fr.pc=0x0000020149e5eef8 relative=0x0000000000006dd8
Event: 163.069 Thread 0x000002015c6d6000 Uncommon trap: reason=bimorphic_or_optimized_type_check action=maybe_recompile pc=0x0000020149e5eef8 method=org.objectweb.asm.ClassReader.readCode(Lorg/objectweb/asm/MethodVisitor;Lorg/objectweb/asm/Context;I)V @ 3275 c2
Event: 163.069 Thread 0x000002015c6d6000 DEOPT PACKING pc=0x0000020149e5eef8 sp=0x000000d737ffb2f0
Event: 163.069 Thread 0x000002015c6d6000 DEOPT UNPACKING pc=0x0000020140fb78af sp=0x000000d737ffb250 mode 2
Event: 163.138 Thread 0x000002015c6d6000 DEOPT PACKING pc=0x00000201438daf80 sp=0x000000d737ffb0e0
Event: 163.138 Thread 0x000002015c6d6000 DEOPT UNPACKING pc=0x0000020140fb76ce sp=0x000000d737ffa750 mode 0
Event: 163.213 Thread 0x000002015c6d5000 DEOPT PACKING pc=0x00000201438daf80 sp=0x000000d7382fb110
Event: 163.213 Thread 0x000002015c6d5000 DEOPT UNPACKING pc=0x0000020140fb76ce sp=0x000000d7382fa780 mode 0
Event: 163.268 Thread 0x000002015c6d5000 DEOPT PACKING pc=0x00000201438daf80 sp=0x000000d7382fb110
Event: 163.268 Thread 0x000002015c6d5000 DEOPT UNPACKING pc=0x0000020140fb76ce sp=0x000000d7382fa780 mode 0

Classes redefined (0 events):
No events

Internal exceptions (20 events):
Event: 161.829 Thread 0x000002015c6df000 Exception <a 'sun/nio/fs/WindowsException'{0x0000000091258c98}> (0x0000000091258c98) thrown at [./src/hotspot/share/prims/jni.cpp, line 615]
Event: 161.845 Thread 0x000002015c6e0800 Exception <a 'sun/nio/fs/WindowsException'{0x000000009117db88}> (0x000000009117db88) thrown at [./src/hotspot/share/prims/jni.cpp, line 615]
Event: 161.869 Thread 0x000002015aaae000 Exception <a 'sun/nio/fs/WindowsException'{0x0000000090c67490}> (0x0000000090c67490) thrown at [./src/hotspot/share/prims/jni.cpp, line 615]
Event: 161.875 Thread 0x000002015c6e0800 Exception <a 'sun/nio/fs/WindowsException'{0x0000000090d9bcf0}> (0x0000000090d9bcf0) thrown at [./src/hotspot/share/prims/jni.cpp, line 615]
Event: 161.913 Thread 0x000002015c6dd000 Exception <a 'sun/nio/fs/WindowsException'{0x0000000092c07c78}> (0x0000000092c07c78) thrown at [./src/hotspot/share/prims/jni.cpp, line 615]
Event: 161.932 Thread 0x000002015c6dd000 Exception <a 'sun/nio/fs/WindowsException'{0x00000000929b4490}> (0x00000000929b4490) thrown at [./src/hotspot/share/prims/jni.cpp, line 615]
Event: 161.982 Thread 0x000002015aaaa000 Exception <a 'sun/nio/fs/WindowsException'{0x0000000091edfb08}> (0x0000000091edfb08) thrown at [./src/hotspot/share/prims/jni.cpp, line 615]
Event: 162.013 Thread 0x000002015aaaa000 Exception <a 'sun/nio/fs/WindowsException'{0x00000000919bf048}> (0x00000000919bf048) thrown at [./src/hotspot/share/prims/jni.cpp, line 615]
Event: 162.220 Thread 0x000002015c6e0800 Exception <a 'sun/nio/fs/WindowsException'{0x0000000090eb8170}> (0x0000000090eb8170) thrown at [./src/hotspot/share/prims/jni.cpp, line 615]
Event: 162.223 Thread 0x000002015c6df000 Exception <a 'sun/nio/fs/WindowsException'{0x0000000090db9270}> (0x0000000090db9270) thrown at [./src/hotspot/share/prims/jni.cpp, line 615]
Event: 162.343 Thread 0x000002015c6e0800 Exception <a 'java/lang/NoSuchMethodError'{0x000000009277a5a8}: 'int java.lang.invoke.DirectMethodHandle$Holder.invokeInterface(java.lang.Object, java.lang.Object, int)'> (0x000000009277a5a8) thrown at [./src/hotspot/share/interpreter/linkResolver.cpp, line 773]
Event: 162.376 Thread 0x000002015c6df000 Exception <a 'sun/nio/fs/WindowsException'{0x00000000916a4ec0}> (0x00000000916a4ec0) thrown at [./src/hotspot/share/prims/jni.cpp, line 615]
Event: 162.380 Thread 0x000002015c6df000 Implicit null exception at 0x0000020149bb6971 to 0x0000020149bb6cbc
Event: 162.551 Thread 0x000002015c6e0800 Exception <a 'sun/nio/fs/WindowsException'{0x0000000093012b58}> (0x0000000093012b58) thrown at [./src/hotspot/share/prims/jni.cpp, line 615]
Event: 162.719 Thread 0x000002015c6df000 Exception <a 'sun/nio/fs/WindowsException'{0x0000000096fe1590}> (0x0000000096fe1590) thrown at [./src/hotspot/share/prims/jni.cpp, line 615]
Event: 162.798 Thread 0x000002015aaaa000 Exception <a 'sun/nio/fs/WindowsException'{0x00000000948a7c30}> (0x00000000948a7c30) thrown at [./src/hotspot/share/prims/jni.cpp, line 615]
Event: 162.851 Thread 0x000002015c6e0800 Exception <a 'sun/nio/fs/WindowsException'{0x0000000096e0dda8}> (0x0000000096e0dda8) thrown at [./src/hotspot/share/prims/jni.cpp, line 615]
Event: 162.984 Thread 0x000002015c6df000 Exception <a 'java/lang/NoSuchMethodError'{0x0000000095aa7b98}: 'java.lang.Object java.lang.invoke.DirectMethodHandle$Holder.invokeSpecial(java.lang.Object, java.lang.Object, java.lang.Object, java.lang.Object, java.lang.Object, java.lang.Object, java.lang.Object, java.lang.Object, java.lang.Object, java.lang.Object, java.lang.Object)'> (0x0000000095aa7b98) thrown at [./src/hotspot/share/interpreter/linkResolver.cpp, line 773]
Event: 162.985 Thread 0x000002015c6df000 Exception <a 'java/lang/NoSuchMethodError'{0x0000000095ab3448}: 'java.lang.Object java.lang.invoke.Invokers$Holder.linkToTargetMethod(java.lang.Object, java.lang.Object, java.lang.Object, java.lang.Object, java.lang.Object, java.lang.Object, java.lang.Object, java.lang.Object, java.lang.Object, java.lang.Object)'> (0x0000000095ab3448) thrown at [./src/hotspot/share/interpreter/linkResolver.cpp, line 773]
Event: 163.012 Thread 0x000002015c6df000 Exception <a 'java/lang/IncompatibleClassChangeError'{0x000000009470a048}: Found class java.lang.Object, but interface was expected> (0x000000009470a048) thrown at [./src/hotspot/share/interpreter/linkResolver.cpp, line 839]

Events (20 events):
Event: 163.158 loading class com/android/tools/r8/internal/wo done
Event: 163.159 loading class com/android/tools/r8/graph/P
Event: 163.159 loading class com/android/tools/r8/graph/P done
Event: 163.159 loading class com/android/tools/r8/internal/Co
Event: 163.159 loading class com/android/tools/r8/internal/Co done
Event: 163.162 loading class com/android/tools/r8/graph/Z
Event: 163.162 loading class com/android/tools/r8/graph/Z done
Event: 163.163 loading class com/android/tools/r8/graph/Z
Event: 163.163 loading class com/android/tools/r8/graph/Z done
Event: 163.163 loading class com/android/tools/r8/graph/Z$b
Event: 163.163 loading class com/android/tools/r8/graph/Z$b done
Event: 163.164 loading class com/android/tools/r8/internal/od
Event: 163.164 loading class com/android/tools/r8/internal/od done
Event: 163.164 loading class com/android/tools/r8/graph/d0
Event: 163.164 loading class com/android/tools/r8/graph/d0 done
Event: 163.164 loading class com/android/tools/r8/internal/od
Event: 163.164 loading class com/android/tools/r8/internal/od done
Event: 163.269 Executing VM operation: G1CollectForAllocation
Event: 163.271 Executing VM operation: G1CollectForAllocation done
Event: 163.287 Executing VM operation: G1CollectForAllocation


Dynamic libraries:
0x00007ff7759e0000 - 0x00007ff7759ea000 	C:\Program Files\Android\Android Studio\jre\bin\java.exe
0x00007ff8f0a70000 - 0x00007ff8f0c65000 	C:\Windows\SYSTEM32\ntdll.dll
0x00007ff8eeb60000 - 0x00007ff8eec1e000 	C:\Windows\System32\KERNEL32.DLL
0x00007ff8ee2e0000 - 0x00007ff8ee5a9000 	C:\Windows\System32\KERNELBASE.dll
0x00007ff8ee740000 - 0x00007ff8ee840000 	C:\Windows\System32\ucrtbase.dll
0x00007ff8e5da0000 - 0x00007ff8e5db9000 	C:\Program Files\Android\Android Studio\jre\bin\jli.dll
0x00007ff8e5d80000 - 0x00007ff8e5d97000 	C:\Program Files\Android\Android Studio\jre\bin\VCRUNTIME140.dll
0x00007ff8eefb0000 - 0x00007ff8ef151000 	C:\Windows\System32\USER32.dll
0x00007ff8cb370000 - 0x00007ff8cb60a000 	C:\Windows\WinSxS\amd64_microsoft.windows.common-controls_6595b64144ccf1df_6.0.19041.1110_none_60b5254171f9507e\COMCTL32.dll
0x00007ff8ee2b0000 - 0x00007ff8ee2d2000 	C:\Windows\System32\win32u.dll
0x00007ff8f00a0000 - 0x00007ff8f013e000 	C:\Windows\System32\msvcrt.dll
0x00007ff8ef880000 - 0x00007ff8ef8ab000 	C:\Windows\System32\GDI32.dll
0x00007ff8ee840000 - 0x00007ff8ee94b000 	C:\Windows\System32\gdi32full.dll
0x00007ff8ee210000 - 0x00007ff8ee2ad000 	C:\Windows\System32\msvcp_win.dll
0x00007ff8eef80000 - 0x00007ff8eefb0000 	C:\Windows\System32\IMM32.DLL
0x00007ff8b70e0000 - 0x00007ff8b717d000 	C:\Program Files\Android\Android Studio\jre\bin\msvcp140.dll
0x00007ff86fc60000 - 0x00007ff87072f000 	C:\Program Files\Android\Android Studio\jre\bin\server\jvm.dll
0x00007ff8ef760000 - 0x00007ff8ef80c000 	C:\Windows\System32\ADVAPI32.dll
0x00007ff8ef8e0000 - 0x00007ff8ef97b000 	C:\Windows\System32\sechost.dll
0x00007ff8efe00000 - 0x00007ff8eff2a000 	C:\Windows\System32\RPCRT4.dll
0x00007ff8ef750000 - 0x00007ff8ef758000 	C:\Windows\System32\PSAPI.DLL
0x00007ff8e7e00000 - 0x00007ff8e7e09000 	C:\Windows\SYSTEM32\WSOCK32.dll
0x00007ff8d2150000 - 0x00007ff8d2177000 	C:\Windows\SYSTEM32\WINMM.dll
0x00007ff8e6fa0000 - 0x00007ff8e6faa000 	C:\Windows\SYSTEM32\VERSION.dll
0x00007ff8f01a0000 - 0x00007ff8f020b000 	C:\Windows\System32\WS2_32.dll
0x00007ff8ec9d0000 - 0x00007ff8ec9e2000 	C:\Windows\SYSTEM32\kernel.appcore.dll
0x00007ff8d1550000 - 0x00007ff8d1561000 	C:\Program Files\Android\Android Studio\jre\bin\verify.dll
0x00007ff8ec030000 - 0x00007ff8ec214000 	C:\Windows\SYSTEM32\DBGHELP.DLL
0x00007ff8d0630000 - 0x00007ff8d065c000 	C:\Windows\SYSTEM32\dbgcore.DLL
0x00007ff8ee950000 - 0x00007ff8ee9d3000 	C:\Windows\System32\bcryptPrimitives.dll
0x00007ff8d0a60000 - 0x00007ff8d0a89000 	C:\Program Files\Android\Android Studio\jre\bin\java.dll
0x00007ff8d5810000 - 0x00007ff8d581b000 	C:\Program Files\Android\Android Studio\jre\bin\jimage.dll
0x00007ff8d1510000 - 0x00007ff8d1528000 	C:\Program Files\Android\Android Studio\jre\bin\zip.dll
0x00007ff8f0210000 - 0x00007ff8f094f000 	C:\Windows\System32\SHELL32.dll
0x00007ff8ec240000 - 0x00007ff8ec9d0000 	C:\Windows\SYSTEM32\windows.storage.dll
0x00007ff8eec20000 - 0x00007ff8eef75000 	C:\Windows\System32\combase.dll
0x00007ff8edbb0000 - 0x00007ff8edbdc000 	C:\Windows\SYSTEM32\Wldp.dll
0x00007ff8f0950000 - 0x00007ff8f09fe000 	C:\Windows\System32\SHCORE.dll
0x00007ff8ef820000 - 0x00007ff8ef875000 	C:\Windows\System32\shlwapi.dll
0x00007ff8ee0a0000 - 0x00007ff8ee0bf000 	C:\Windows\SYSTEM32\profapi.dll
0x00007ff8c93a0000 - 0x00007ff8c93ba000 	C:\Program Files\Android\Android Studio\jre\bin\net.dll
0x00007ff8dfd10000 - 0x00007ff8dfe18000 	C:\Windows\SYSTEM32\WINHTTP.dll
0x00007ff8ed910000 - 0x00007ff8ed97a000 	C:\Windows\system32\mswsock.dll
0x00007ff8c8dc0000 - 0x00007ff8c8dd4000 	C:\Program Files\Android\Android Studio\jre\bin\nio.dll
0x00007ff8e6200000 - 0x00007ff8e6227000 	C:\Users\Teacher\.gradle\native\8bec1ad78214c89d9ad589b4d07fe93259594b29d510b10fafb7a158f7737e5d\windows-amd64\native-platform.dll
0x00007ff8afa50000 - 0x00007ff8afb8d000 	C:\Users\Teacher\.gradle\native\53dbd7edfb1c66fb8903c78663c9afc45aea4f116125fa6feffd364cf09443e8\windows-amd64\native-platform-file-events.dll
0x00007ff8d4720000 - 0x00007ff8d472a000 	C:\Program Files\Android\Android Studio\jre\bin\management.dll
0x00007ff8d2be0000 - 0x00007ff8d2bec000 	C:\Program Files\Android\Android Studio\jre\bin\management_ext.dll
0x00007ff8edb00000 - 0x00007ff8edb18000 	C:\Windows\SYSTEM32\CRYPTSP.dll
0x00007ff8ed220000 - 0x00007ff8ed254000 	C:\Windows\system32\rsaenh.dll
0x00007ff8ee710000 - 0x00007ff8ee737000 	C:\Windows\System32\bcrypt.dll
0x00007ff8ee060000 - 0x00007ff8ee08e000 	C:\Windows\SYSTEM32\USERENV.dll
0x00007ff8edb20000 - 0x00007ff8edb2c000 	C:\Windows\SYSTEM32\CRYPTBASE.dll
0x00007ff8ed5b0000 - 0x00007ff8ed5eb000 	C:\Windows\SYSTEM32\IPHLPAPI.DLL
0x00007ff8ef810000 - 0x00007ff8ef818000 	C:\Windows\System32\NSI.dll
0x00007ff8ebe00000 - 0x00007ff8ebe17000 	C:\Windows\SYSTEM32\dhcpcsvc6.DLL
0x00007ff8ebde0000 - 0x00007ff8ebdfd000 	C:\Windows\SYSTEM32\dhcpcsvc.DLL
0x00007ff8ed5f0000 - 0x00007ff8ed6bc000 	C:\Windows\SYSTEM32\DNSAPI.dll
0x00007ff8c72c0000 - 0x00007ff8c72e7000 	C:\Program Files\Android\Android Studio\jre\bin\sunec.dll
0x00007ff8e4810000 - 0x00007ff8e481a000 	C:\Windows\System32\rasadhlp.dll
0x00007ff8d5600000 - 0x00007ff8d567f000 	C:\Windows\System32\fwpuclnt.dll
0x00007ff8ece90000 - 0x00007ff8ecec3000 	C:\Windows\SYSTEM32\ntmarta.dll
0x00007ff8eb480000 - 0x00007ff8eb510000 	C:\Windows\system32\apphelp.dll

dbghelp: loaded successfully - version: 4.0.5 - missing functions: none
symbol engine: initialized successfully - sym options: 0x614 - pdb path: .;C:\Program Files\Android\Android Studio\jre\bin;C:\Windows\SYSTEM32;C:\Windows\WinSxS\amd64_microsoft.windows.common-controls_6595b64144ccf1df_6.0.19041.1110_none_60b5254171f9507e;C:\Program Files\Android\Android Studio\jre\bin\server;C:\Users\Teacher\.gradle\native\8bec1ad78214c89d9ad589b4d07fe93259594b29d510b10fafb7a158f7737e5d\windows-amd64;C:\Users\Teacher\.gradle\native\53dbd7edfb1c66fb8903c78663c9afc45aea4f116125fa6feffd364cf09443e8\windows-amd64

VM Arguments:
jvm_args: --add-opens=java.base/java.util=ALL-UNNAMED --add-opens=java.base/java.lang=ALL-UNNAMED --add-opens=java.base/java.lang.invoke=ALL-UNNAMED --add-opens=java.base/java.util=ALL-UNNAMED --add-opens=java.prefs/java.util.prefs=ALL-UNNAMED --add-opens=java.prefs/java.util.prefs=ALL-UNNAMED --add-opens=java.base/java.nio.charset=ALL-UNNAMED --add-opens=java.base/java.net=ALL-UNNAMED --add-opens=java.base/java.util.concurrent.atomic=ALL-UNNAMED -Xmx2048m -Dfile.encoding=windows-1252 -Duser.country=US -Duser.language=en -Duser.variant 
java_command: org.gradle.launcher.daemon.bootstrap.GradleDaemon 7.0.2
java_class_path (initial): C:\Users\Teacher\.gradle\wrapper\dists\gradle-7.0.2-all\7era6s5ay7zsbhuvl0oc9g94s\gradle-7.0.2\lib\gradle-launcher-7.0.2.jar
Launcher Type: SUN_STANDARD

[Global flags]
     intx CICompilerCount                          = 4                                         {product} {ergonomic}
     uint ConcGCThreads                            = 2                                         {product} {ergonomic}
     uint G1ConcRefinementThreads                  = 8                                         {product} {ergonomic}
   size_t G1HeapRegionSize                         = 1048576                                   {product} {ergonomic}
    uintx GCDrainStackTargetSize                   = 64                                        {product} {ergonomic}
   size_t InitialHeapSize                          = 266338304                                 {product} {ergonomic}
   size_t MarkStackSize                            = 4194304                                   {product} {ergonomic}
   size_t MaxHeapSize                              = 2147483648                                {product} {command line}
   size_t MaxNewSize                               = 1287651328                                {product} {ergonomic}
   size_t MinHeapDeltaBytes                        = 1048576                                   {product} {ergonomic}
    uintx NonNMethodCodeHeapSize                   = 5836300                                {pd product} {ergonomic}
    uintx NonProfiledCodeHeapSize                  = 122910970                              {pd product} {ergonomic}
    uintx ProfiledCodeHeapSize                     = 122910970                              {pd product} {ergonomic}
    uintx ReservedCodeCacheSize                    = 251658240                              {pd product} {ergonomic}
     bool SegmentedCodeCache                       = true                                      {product} {ergonomic}
     bool UseCompressedClassPointers               = true                                 {lp64_product} {ergonomic}
     bool UseCompressedOops                        = true                                 {lp64_product} {ergonomic}
     bool UseG1GC                                  = true                                      {product} {ergonomic}
     bool UseLargePagesIndividualAllocation        = false                                  {pd product} {ergonomic}

Logging:
Log output configuration:
 #0: stdout all=warning uptime,level,tags
 #1: stderr all=off uptime,level,tags

Environment Variables:
PATH=C:\Python39\Scripts\;C:\Python39\;C:\Windows\system32;C:\Windows;C:\Windows\System32\Wbem;C:\Windows\System32\WindowsPowerShell\v1.0\;C:\Windows\System32\OpenSSH\;C:\Program Files\dotnet\;C:\Program Files\Microsoft SQL Server\130\Tools\Binn\;C:\Program Files\Git\cmd;C:\flutter\bin;C:\Program Files\SourceGear\Common\DiffMerge\;C:\Program Files\nodejs\;C:\ProgramData\chocolatey\bin;C:\Users\Teacher\AppData\Local\Microsoft\WindowsApps;C:\Users\Jose Luis\AppData\Local\Programs\Microsoft VS Code\bin;C:\Users\Teacher\AppData\Roaming\npm
USERNAME=Teacher
OS=Windows_NT
PROCESSOR_IDENTIFIER=Intel64 Family 6 Model 142 Stepping 12, GenuineIntel



---------------  S Y S T E M  ---------------

OS: Windows 10 , 64 bit Build 19041 (10.0.19041.1202)
OS uptime: 4 days 4:02 hours

CPU:total 8 (initial active 8) (4 cores per cpu, 2 threads per core) family 6 model 142 stepping 12 microcode 0xea, cmov, cx8, fxsr, mmx, sse, sse2, sse3, ssse3, sse4.1, sse4.2, popcnt, avx, avx2, aes, clmul, erms, 3dnowpref, lzcnt, ht, tsc, tscinvbit, bmi1, bmi2, adx, fma

Memory: 4k page, system-wide physical 16190M (1368M free)
TotalPageFile size 16190M (AvailPageFile size 324M)
current process WorkingSet (physical memory assigned to process): 823M, peak: 824M
current process commit charge ("private bytes"): 860M, peak: 1196M

vm_info: OpenJDK 64-Bit Server VM (11.0.10+0-b96-7249189) for windows-amd64 JRE (11.0.10+0-b96-7249189), built on Mar 31 2021 21:44:00 by "builder" with MS VC++ 14.0 (VS2015)

END.
