#
# There is insufficient memory for the Java Runtime Environment to continue.
# Native memory allocation (malloc) failed to allocate 65552 bytes for Chunk::new
# Possible reasons:
#   The system is out of physical RAM or swap space
#   The process is running with CompressedOops enabled, and the Java Heap may be blocking the growth of the native heap
# Possible solutions:
#   Reduce memory load on the system
#   Increase physical memory or swap space
#   Check if swap backing store is full
#   Decrease Java heap size (-Xmx/-Xms)
#   Decrease number of Java threads
#   Decrease Java thread stack sizes (-Xss)
#   Set larger code cache with -XX:ReservedCodeCacheSize=
#   JVM is running with Unscaled Compressed Oops mode in which the Java heap is
#     placed in the first 4GB address space. The Java Heap base address is the
#     maximum limit for the native heap growth. Please use -XX:HeapBaseMinAddress
#     to set the Java Heap base and to place the Java Heap above 4GB virtual address.
# This output file may be truncated or incomplete.
#
#  Out of Memory Error (allocation.cpp:389), pid=11644, tid=0x0000000000003984
#
# JRE version: OpenJDK Runtime Environment (8.0_242-b01) (build 1.8.0_242-release-1644-b01)
# Java VM: OpenJDK 64-Bit Server VM (25.242-b01 mixed mode windows-amd64 compressed oops)
# Failed to write core dump. Minidumps are not enabled by default on client versions of Windows
#

---------------  T H R E A D  ---------------

Current thread (0x00000000197ab000):  JavaThread "C2 CompilerThread2" daemon [_thread_in_native, id=14724, stack(0x000000001a270000,0x000000001a370000)]

Stack: [0x000000001a270000,0x000000001a370000]
[error occurred during error reporting (printing stack bounds), id 0xc0000005]

Native frames: (J=compiled Java code, j=interpreted, Vv=VM code, C=native code)


Current CompileTask:
C2:3919426 15823   !   4       java.io.ObjectOutputStream::writeObject0 (619 bytes)


---------------  P R O C E S S  ---------------

Java Threads: ( => current thread )
  0x000000001b0b3800 JavaThread "RMI TCP Connection(1)-127.0.0.1" daemon [_thread_in_native, id=17224, stack(0x000000002c3c0000,0x000000002c4c0000)]
  0x000000001b0b4000 JavaThread "RMI Reaper" [_thread_blocked, id=15204, stack(0x000000002c2c0000,0x000000002c3c0000)]
  0x000000001b0b6800 JavaThread "RMI TCP Accept-0" daemon [_thread_in_native, id=6576, stack(0x000000002c1c0000,0x000000002c2c0000)]
  0x000000001c541800 JavaThread "GC Daemon" daemon [_thread_blocked, id=17320, stack(0x000000002c0c0000,0x000000002c1c0000)]
  0x00000000234f9000 JavaThread "RMI RenewClean-[127.0.0.1:17701,org.jetbrains.kotlin.daemon.common.LoopbackNetworkInterface$ClientLoopbackSocketFactory@ece4911]" daemon [_thread_blocked, id=14700, stack(0x000000002bfc0000,0x000000002c0c0000)]
  0x00000000234f1000 JavaThread "RMI Scheduler(0)" daemon [_thread_blocked, id=5592, stack(0x000000002ae20000,0x000000002af20000)]
  0x00000000234f8000 JavaThread "stdout" [_thread_in_native, id=12172, stack(0x000000002bbb0000,0x000000002bcb0000)]
  0x00000000234f6800 JavaThread "stderr" [_thread_in_native, id=508, stack(0x000000002b720000,0x000000002b820000)]
  0x00000000234f9800 JavaThread "stdout" [_thread_in_native, id=10580, stack(0x000000002bcc0000,0x000000002bdc0000)]
  0x00000000234f5000 JavaThread "stderr" [_thread_in_native, id=1476, stack(0x000000002b8b0000,0x000000002b9b0000)]
  0x00000000234ef000 JavaThread "stdout" [_thread_in_native, id=16644, stack(0x000000002bab0000,0x000000002bbb0000)]
  0x00000000234f4800 JavaThread "stderr" [_thread_in_native, id=9616, stack(0x000000002b9b0000,0x000000002bab0000)]
  0x00000000234f6000 JavaThread "stdout" [_thread_in_native, id=9408, stack(0x000000002b620000,0x000000002b720000)]
  0x00000000234f3800 JavaThread "stderr" [_thread_in_native, id=8452, stack(0x000000002b520000,0x000000002b620000)]
  0x00000000234ec800 JavaThread "stdout" [_thread_in_native, id=12560, stack(0x000000002b420000,0x000000002b520000)]
  0x00000000234f2800 JavaThread "stderr" [_thread_in_native, id=14488, stack(0x000000002b320000,0x000000002b420000)]
  0x00000000234eb000 JavaThread "stdout" [_thread_in_native, id=2440, stack(0x000000002b220000,0x000000002b320000)]
  0x00000000234ef800 JavaThread "stderr" [_thread_in_native, id=6284, stack(0x000000002b120000,0x000000002b220000)]
  0x00000000234ed800 JavaThread "stdout" [_thread_in_native, id=7000, stack(0x000000002b020000,0x000000002b120000)]
  0x00000000234f2000 JavaThread "stderr" [_thread_in_native, id=18108, stack(0x000000002af20000,0x000000002b020000)]
  0x00000000234f0800 JavaThread "stdout" [_thread_in_native, id=13680, stack(0x000000002a720000,0x000000002a820000)]
  0x00000000234ee000 JavaThread "stderr" [_thread_in_native, id=12348, stack(0x000000002a620000,0x000000002a720000)]
  0x00000000234ec000 JavaThread "pool-6-thread-1" [_thread_blocked, id=11860, stack(0x000000002a520000,0x000000002a620000)]
  0x000000001fb62000 JavaThread "WorkerExecutor Queue Thread 7" [_thread_blocked, id=11304, stack(0x000000002ad20000,0x000000002ae20000)]
  0x000000001fb64000 JavaThread "WorkerExecutor Queue Thread 6" [_thread_blocked, id=10224, stack(0x000000002ac20000,0x000000002ad20000)]
  0x000000001fb68800 JavaThread "WorkerExecutor Queue Thread 5" [_thread_blocked, id=4124, stack(0x000000002ab20000,0x000000002ac20000)]
  0x000000001fb62800 JavaThread "WorkerExecutor Queue Thread 4" [_thread_blocked, id=17400, stack(0x000000002aa20000,0x000000002ab20000)]
  0x000000001fb68000 JavaThread "WorkerExecutor Queue Thread 3" [_thread_blocked, id=1792, stack(0x000000002a920000,0x000000002aa20000)]
  0x000000001fb60800 JavaThread "WorkerExecutor Queue Thread 2" [_thread_blocked, id=4276, stack(0x000000002a820000,0x000000002a920000)]
  0x000000001fb67000 JavaThread "WorkerExecutor Queue" [_thread_blocked, id=4388, stack(0x000000002a420000,0x000000002a520000)]
  0x000000001fb61000 JavaThread "Cache worker for execution history cache (C:\Users\Public\AndroidStudioProjects\NewEvent2\.gradle\6.1.1\executionHistory)" [_thread_blocked, id=15384, stack(0x000000002a120000,0x000000002a220000)]
  0x000000001fb66800 JavaThread "Execution worker for ':' Thread 7" [_thread_blocked, id=2540, stack(0x000000002a020000,0x000000002a120000)]
  0x000000001fb5f000 JavaThread "Execution worker for ':' Thread 6" [_thread_blocked, id=18316, stack(0x0000000029f20000,0x000000002a020000)]
  0x000000001fb65800 JavaThread "Execution worker for ':' Thread 5" [_thread_blocked, id=16664, stack(0x0000000029e20000,0x0000000029f20000)]
  0x000000001fb5e000 JavaThread "Execution worker for ':' Thread 4" [_thread_blocked, id=15776, stack(0x0000000029d20000,0x0000000029e20000)]
  0x000000001fb5f800 JavaThread "Execution worker for ':' Thread 3" [_thread_blocked, id=15376, stack(0x0000000029c20000,0x0000000029d20000)]
  0x000000001fb59800 JavaThread "Execution worker for ':' Thread 2" [_thread_in_native, id=17612, stack(0x0000000029b20000,0x0000000029c20000)]
  0x000000001fb5a800 JavaThread "Execution worker for ':'" [_thread_blocked, id=5508, stack(0x0000000029a20000,0x0000000029b20000)]
  0x000000001fb5b000 JavaThread "Cache worker for file content cache (C:\Users\Public\AndroidStudioProjects\NewEvent2\.gradle\6.1.1\fileContent)" [_thread_blocked, id=13580, stack(0x0000000027570000,0x0000000027670000)]
  0x000000001fb5c000 JavaThread "Cache worker for file content cache (C:\Users\Teacher\.gradle\caches\6.1.1\fileContent)" [_thread_blocked, id=15924, stack(0x0000000027270000,0x0000000027370000)]
  0x000000001fb5d800 JavaThread "Memory manager" [_thread_blocked, id=6548, stack(0x0000000025a30000,0x0000000025b30000)]
  0x000000001fb5c800 JavaThread "Cache worker for Build Output Cleanup Cache (C:\Users\Public\AndroidStudioProjects\NewEvent2\.gradle\buildOutputCleanup)" [_thread_blocked, id=10908, stack(0x0000000024760000,0x0000000024860000)]
  0x000000001ef49000 JavaThread "Build operations Thread 8" [_thread_blocked, id=9948, stack(0x0000000024660000,0x0000000024760000)]
  0x000000001ef4f000 JavaThread "Build operations Thread 7" [_thread_blocked, id=5476, stack(0x0000000024560000,0x0000000024660000)]
  0x000000001ef50000 JavaThread "Build operations Thread 6" [_thread_blocked, id=11432, stack(0x0000000024460000,0x0000000024560000)]
  0x000000001ef4d000 JavaThread "Build operations Thread 5" [_thread_blocked, id=11168, stack(0x0000000024360000,0x0000000024460000)]
  0x000000001ef48800 JavaThread "Build operations Thread 4" [_thread_blocked, id=9364, stack(0x0000000024260000,0x0000000024360000)]
  0x000000001ef4c000 JavaThread "Build operations Thread 3" [_thread_blocked, id=2840, stack(0x0000000024160000,0x0000000024260000)]
  0x000000001ef4b800 JavaThread "Build operations Thread 2" [_thread_blocked, id=15520, stack(0x0000000024060000,0x0000000024160000)]
  0x000000001ef4e800 JavaThread "Build operations" [_thread_blocked, id=14964, stack(0x0000000021c90000,0x0000000021d90000)]
  0x000000001ef4d800 JavaThread "Cache worker for cache directory md-rule (C:\Users\Teacher\.gradle\caches\6.1.1\md-rule)" [_thread_blocked, id=12380, stack(0x0000000020b60000,0x0000000020c60000)]
  0x000000001ef4a000 JavaThread "Cache worker for cache directory md-supplier (C:\Users\Teacher\.gradle\caches\6.1.1\md-supplier)" [_thread_blocked, id=17596, stack(0x0000000020a60000,0x0000000020b60000)]
  0x000000001ef41000 JavaThread "Cache worker for file hash cache (C:\Users\Public\AndroidStudioProjects\NewEvent2\.gradle\6.1.1\fileHashes)" [_thread_blocked, id=2472, stack(0x0000000020960000,0x0000000020a60000)]
  0x000000001ef47800 JavaThread "Cache worker for checksums cache (C:\Users\Public\AndroidStudioProjects\NewEvent2\.gradle\checksums)" [_thread_blocked, id=17232, stack(0x000000001dfc0000,0x000000001e0c0000)]
  0x000000001ef47000 JavaThread "Thread-49" [_thread_blocked, id=16324, stack(0x000000001dcc0000,0x000000001ddc0000)]
  0x000000001ef42800 JavaThread "Stdin handler" [_thread_blocked, id=17776, stack(0x000000001dbc0000,0x000000001dcc0000)]
  0x000000001ef41800 JavaThread "Asynchronous log dispatcher for DefaultDaemonConnection: socket connection from /127.0.0.1:56562 to /127.0.0.1:57022" [_thread_blocked, id=2796, stack(0x000000001d8c0000,0x000000001d9c0000)]
  0x000000001ef44800 JavaThread "Daemon worker Thread 2" [_thread_blocked, id=16600, stack(0x000000001d7c0000,0x000000001d8c0000)]
  0x000000001c53d800 JavaThread "Cancel handler" [_thread_blocked, id=17328, stack(0x0000000000c70000,0x0000000000d70000)]
  0x000000001c540000 JavaThread "Handler for socket connection from /127.0.0.1:56562 to /127.0.0.1:57022" [_thread_in_native, id=5036, stack(0x0000000000b70000,0x0000000000c70000)]
  0x000000001c542000 JavaThread "Daemon Thread 2" [_thread_blocked, id=15636, stack(0x0000000000a70000,0x0000000000b70000)]
  0x000000001c543000 JavaThread "Cache worker for execution history cache (C:\Users\Teacher\.gradle\caches\6.1.1\executionHistory)" [_thread_blocked, id=11952, stack(0x0000000021f90000,0x0000000022090000)]
  0x000000001c544800 JavaThread "Cache worker for file hash cache (C:\Users\Teacher\.gradle\caches\6.1.1\fileHashes)" [_thread_blocked, id=9180, stack(0x000000001e4c0000,0x000000001e5c0000)]
  0x000000001c53f000 JavaThread "File lock request listener" [_thread_in_native, id=9152, stack(0x000000001e3c0000,0x000000001e4c0000)]
  0x000000001c550000 JavaThread "Cache worker for journal cache (C:\Users\Teacher\.gradle\caches\journal-1)" [_thread_blocked, id=1460, stack(0x000000001e2c0000,0x000000001e3c0000)]
  0x000000001c3d4000 JavaThread "Daemon periodic checks" [_thread_blocked, id=15796, stack(0x000000001d6c0000,0x000000001d7c0000)]
  0x000000001c3d2000 JavaThread "Incoming local TCP Connector on port 56562" [_thread_in_native, id=16596, stack(0x000000001d480000,0x000000001d580000)]
  0x000000001c422800 JavaThread "Daemon health stats" [_thread_blocked, id=8988, stack(0x000000001be40000,0x000000001bf40000)]
  0x0000000019838000 JavaThread "Service Thread" daemon [_thread_blocked, id=17132, stack(0x000000001a470000,0x000000001a570000)]
  0x00000000197af800 JavaThread "C1 CompilerThread3" daemon [_thread_blocked, id=13476, stack(0x000000001a370000,0x000000001a470000)]
=>0x00000000197ab000 JavaThread "C2 CompilerThread2" daemon [_thread_in_native, id=14724, stack(0x000000001a270000,0x000000001a370000)]
  0x000000001798c000 JavaThread "C2 CompilerThread1" daemon [_thread_blocked, id=13808, stack(0x000000001a170000,0x000000001a270000)]
  0x00000000197a1000 JavaThread "C2 CompilerThread0" daemon [_thread_blocked, id=12344, stack(0x000000001a070000,0x000000001a170000)]
  0x00000000197a0000 JavaThread "Attach Listener" daemon [_thread_blocked, id=16592, stack(0x0000000019f70000,0x000000001a070000)]
  0x000000001979f000 JavaThread "Signal Dispatcher" daemon [_thread_blocked, id=1952, stack(0x0000000019e70000,0x0000000019f70000)]
  0x0000000019791800 JavaThread "Finalizer" daemon [_thread_blocked, id=6960, stack(0x0000000019c70000,0x0000000019d70000)]
  0x0000000019790800 JavaThread "Reference Handler" daemon [_thread_blocked, id=14568, stack(0x0000000019b70000,0x0000000019c70000)]
  0x000000000260e000 JavaThread "main" [_thread_blocked, id=17112, stack(0x0000000002710000,0x0000000002810000)]

Other Threads:
  0x0000000017978000 VMThread [stack: 0x0000000019670000,0x0000000019770000] [id=4564]
  0x0000000019839000 WatcherThread [stack: 0x000000001a570000,0x000000001a670000] [id=1416]

VM state:not at safepoint (normal execution)

VM Mutex/Monitor currently owned by a thread: None

heap address: 0x0000000080000000, size: 2048 MB, Compressed Oops mode: 32-bit
Narrow klass base: 0x0000000000000000, Narrow klass shift: 3
Compressed class space size: 1073741824 Address: 0x0000000100000000

Heap:
 PSYoungGen      total 250880K, used 96543K [0x00000000d5580000, 0x00000000ea300000, 0x0000000100000000)
  eden space 208384K, 46% used [0x00000000d5580000,0x00000000db3c7da0,0x00000000e2100000)
  from space 42496K, 0% used [0x00000000e5000000,0x00000000e5000000,0x00000000e7980000)
  to   space 48128K, 0% used [0x00000000e2100000,0x00000000e2100000,0x00000000e5000000)
 ParOldGen       total 367104K, used 50643K [0x0000000080000000, 0x0000000096680000, 0x00000000d5580000)
  object space 367104K, 13% used [0x0000000080000000,0x0000000083174ed8,0x0000000096680000)
 Metaspace       used 94182K, capacity 97566K, committed 101056K, reserved 1136640K
  class space    used 12165K, capacity 12867K, committed 13568K, reserved 1048576K

Card table byte_map: [0x0000000011cd0000,0x00000000120e0000] byte_map_base: 0x00000000118d0000

Marking Bits: (ParMarkBitMap*) 0x00000000616df030
 Begin Bits: [0x0000000012b90000, 0x0000000014b90000)
 End Bits:   [0x0000000014b90000, 0x0000000016b90000)

Polling page: 0x0000000000940000

CodeCache: size=245760Kb used=45102Kb max_used=45197Kb free=200657Kb
 bounds [0x0000000002910000, 0x0000000005570000, 0x0000000011910000]
 total_blobs=14185 nmethods=13254 adapters=841
 compilation: enabled

Compilation events (10 events):
Event: 3919.387 Thread 0x00000000197af800 nmethod 15827 0x00000000052a8f10 code [0x00000000052a9060, 0x00000000052a9230]
Event: 3919.387 Thread 0x000000001798c000 nmethod 15826 0x0000000005551150 code [0x00000000055512a0, 0x0000000005551358]
Event: 3919.417 Thread 0x00000000197af800 15828   !   3       java.io.ObjectInputStream::filterCheck (272 bytes)
Event: 3919.418 Thread 0x00000000197af800 nmethod 15828 0x0000000003fb2990 code [0x0000000003fb2d00, 0x0000000003fb4cf8]
Event: 3919.418 Thread 0x00000000197af800 15829       1       java.util.logging.LogRecord::getMessage (5 bytes)
Event: 3919.418 Thread 0x00000000197af800 nmethod 15829 0x0000000003fb26d0 code [0x0000000003fb2820, 0x0000000003fb2930]
Event: 3919.418 Thread 0x00000000197af800 15830       1       java.util.logging.LogRecord::getLevel (5 bytes)
Event: 3919.418 Thread 0x00000000197af800 nmethod 15830 0x0000000002e3e310 code [0x0000000002e3e460, 0x0000000002e3e570]
Event: 3919.418 Thread 0x00000000197af800 15831       1       java.util.logging.Logger::getUseParentHandlers (5 bytes)
Event: 3919.418 Thread 0x00000000197af800 nmethod 15831 0x0000000002e3e010 code [0x0000000002e3e160, 0x0000000002e3e270]

GC Heap History (10 events):
Event: 9.886 GC heap before
{Heap before GC invocations=16 (full 3):
 PSYoungGen      total 211968K, used 211943K [0x00000000d5580000, 0x00000000e4080000, 0x0000000100000000)
  eden space 191488K, 100% used [0x00000000d5580000,0x00000000e1080000,0x00000000e1080000)
  from space 20480K, 99% used [0x00000000e2800000,0x00000000e3bf9ee8,0x00000000e3c00000)
  to   space 24064K, 0% used [0x00000000e1080000,0x00000000e1080000,0x00000000e2800000)
 ParOldGen       total 257024K, used 38247K [0x0000000080000000, 0x000000008fb00000, 0x00000000d5580000)
  object space 257024K, 14% used [0x0000000080000000,0x0000000082559da0,0x000000008fb00000)
 Metaspace       used 83409K, capacity 87566K, committed 87768K, reserved 1124352K
  class space    used 11201K, capacity 11979K, committed 12032K, reserved 1048576K
Event: 9.907 GC heap after
Heap after GC invocations=16 (full 3):
 PSYoungGen      total 215552K, used 24054K [0x00000000d5580000, 0x00000000e6e00000, 0x0000000100000000)
  eden space 191488K, 0% used [0x00000000d5580000,0x00000000d5580000,0x00000000e1080000)
  from space 24064K, 99% used [0x00000000e1080000,0x00000000e27fdb30,0x00000000e2800000)
  to   space 30720K, 0% used [0x00000000e5000000,0x00000000e5000000,0x00000000e6e00000)
 ParOldGen       total 257024K, used 47927K [0x0000000080000000, 0x000000008fb00000, 0x00000000d5580000)
  object space 257024K, 18% used [0x0000000080000000,0x0000000082ecdc98,0x000000008fb00000)
 Metaspace       used 83409K, capacity 87566K, committed 87768K, reserved 1124352K
  class space    used 11201K, capacity 11979K, committed 12032K, reserved 1048576K
}
Event: 221.083 GC heap before
{Heap before GC invocations=17 (full 3):
 PSYoungGen      total 215552K, used 215542K [0x00000000d5580000, 0x00000000e6e00000, 0x0000000100000000)
  eden space 191488K, 100% used [0x00000000d5580000,0x00000000e1080000,0x00000000e1080000)
  from space 24064K, 99% used [0x00000000e1080000,0x00000000e27fdb30,0x00000000e2800000)
  to   space 30720K, 0% used [0x00000000e5000000,0x00000000e5000000,0x00000000e6e00000)
 ParOldGen       total 257024K, used 47927K [0x0000000080000000, 0x000000008fb00000, 0x00000000d5580000)
  object space 257024K, 18% used [0x0000000080000000,0x0000000082ecdc98,0x000000008fb00000)
 Metaspace       used 88604K, capacity 93210K, committed 93528K, reserved 1130496K
  class space    used 11630K, capacity 12550K, committed 12672K, reserved 1048576K
Event: 221.096 GC heap after
Heap after GC invocations=17 (full 3):
 PSYoungGen      total 249856K, used 28603K [0x00000000d5580000, 0x00000000e6e80000, 0x0000000100000000)
  eden space 219136K, 0% used [0x00000000d5580000,0x00000000d5580000,0x00000000e2b80000)
  from space 30720K, 93% used [0x00000000e5000000,0x00000000e6beec48,0x00000000e6e00000)
  to   space 34304K, 0% used [0x00000000e2b80000,0x00000000e2b80000,0x00000000e4d00000)
 ParOldGen       total 257024K, used 47935K [0x0000000080000000, 0x000000008fb00000, 0x00000000d5580000)
  object space 257024K, 18% used [0x0000000080000000,0x0000000082ecfc98,0x000000008fb00000)
 Metaspace       used 88604K, capacity 93210K, committed 93528K, reserved 1130496K
  class space    used 11630K, capacity 12550K, committed 12672K, reserved 1048576K
}
Event: 3911.797 GC heap before
{Heap before GC invocations=18 (full 3):
 PSYoungGen      total 249856K, used 247739K [0x00000000d5580000, 0x00000000e6e80000, 0x0000000100000000)
  eden space 219136K, 100% used [0x00000000d5580000,0x00000000e2b80000,0x00000000e2b80000)
  from space 30720K, 93% used [0x00000000e5000000,0x00000000e6beec48,0x00000000e6e00000)
  to   space 34304K, 0% used [0x00000000e2b80000,0x00000000e2b80000,0x00000000e4d00000)
 ParOldGen       total 257024K, used 47935K [0x0000000080000000, 0x000000008fb00000, 0x00000000d5580000)
  object space 257024K, 18% used [0x0000000080000000,0x0000000082ecfc98,0x000000008fb00000)
 Metaspace       used 91798K, capacity 96958K, committed 97112K, reserved 1132544K
  class space    used 12041K, capacity 13082K, committed 13184K, reserved 1048576K
Event: 3911.819 GC heap after
Heap after GC invocations=18 (full 3):
 PSYoungGen      total 248320K, used 34282K [0x00000000d5580000, 0x00000000e7980000, 0x0000000100000000)
  eden space 214016K, 0% used [0x00000000d5580000,0x00000000d5580000,0x00000000e2680000)
  from space 34304K, 99% used [0x00000000e2b80000,0x00000000e4cfaad8,0x00000000e4d00000)
  to   space 42496K, 0% used [0x00000000e5000000,0x00000000e5000000,0x00000000e7980000)
 ParOldGen       total 257024K, used 56345K [0x0000000080000000, 0x000000008fb00000, 0x00000000d5580000)
  object space 257024K, 21% used [0x0000000080000000,0x00000000837066a8,0x000000008fb00000)
 Metaspace       used 91798K, capacity 96958K, committed 97112K, reserved 1132544K
  class space    used 12041K, capacity 13082K, committed 13184K, reserved 1048576K
}
Event: 3914.054 GC heap before
{Heap before GC invocations=19 (full 3):
 PSYoungGen      total 248320K, used 209003K [0x00000000d5580000, 0x00000000e7980000, 0x0000000100000000)
  eden space 214016K, 81% used [0x00000000d5580000,0x00000000e00201c0,0x00000000e2680000)
  from space 34304K, 99% used [0x00000000e2b80000,0x00000000e4cfaad8,0x00000000e4d00000)
  to   space 42496K, 0% used [0x00000000e5000000,0x00000000e5000000,0x00000000e7980000)
 ParOldGen       total 257024K, used 56345K [0x0000000080000000, 0x000000008fb00000, 0x00000000d5580000)
  object space 257024K, 21% used [0x0000000080000000,0x00000000837066a8,0x000000008fb00000)
 Metaspace       used 93153K, capacity 98394K, committed 98496K, reserved 1134592K
  class space    used 12198K, capacity 13210K, committed 13312K, reserved 1048576K
Event: 3914.095 GC heap after
Heap after GC invocations=19 (full 3):
 PSYoungGen      total 250880K, used 41111K [0x00000000d5580000, 0x00000000ea300000, 0x0000000100000000)
  eden space 208384K, 0% used [0x00000000d5580000,0x00000000d5580000,0x00000000e2100000)
  from space 42496K, 96% used [0x00000000e5000000,0x00000000e7825f88,0x00000000e7980000)
  to   space 48128K, 0% used [0x00000000e2100000,0x00000000e2100000,0x00000000e5000000)
 ParOldGen       total 257024K, used 56353K [0x0000000080000000, 0x000000008fb00000, 0x00000000d5580000)
  object space 257024K, 21% used [0x0000000080000000,0x00000000837086a8,0x000000008fb00000)
 Metaspace       used 93153K, capacity 98394K, committed 98496K, reserved 1134592K
  class space    used 12198K, capacity 13210K, committed 13312K, reserved 1048576K
}
Event: 3914.095 GC heap before
{Heap before GC invocations=20 (full 4):
 PSYoungGen      total 250880K, used 41111K [0x00000000d5580000, 0x00000000ea300000, 0x0000000100000000)
  eden space 208384K, 0% used [0x00000000d5580000,0x00000000d5580000,0x00000000e2100000)
  from space 42496K, 96% used [0x00000000e5000000,0x00000000e7825f88,0x00000000e7980000)
  to   space 48128K, 0% used [0x00000000e2100000,0x00000000e2100000,0x00000000e5000000)
 ParOldGen       total 257024K, used 56353K [0x0000000080000000, 0x000000008fb00000, 0x00000000d5580000)
  object space 257024K, 21% used [0x0000000080000000,0x00000000837086a8,0x000000008fb00000)
 Metaspace       used 93153K, capacity 98394K, committed 98496K, reserved 1134592K
  class space    used 12198K, capacity 13210K, committed 13312K, reserved 1048576K
Event: 3914.363 GC heap after
Heap after GC invocations=20 (full 4):
 PSYoungGen      total 250880K, used 0K [0x00000000d5580000, 0x00000000ea300000, 0x0000000100000000)
  eden space 208384K, 0% used [0x00000000d5580000,0x00000000d5580000,0x00000000e2100000)
  from space 42496K, 0% used [0x00000000e5000000,0x00000000e5000000,0x00000000e7980000)
  to   space 48128K, 0% used [0x00000000e2100000,0x00000000e2100000,0x00000000e5000000)
 ParOldGen       total 367104K, used 50643K [0x0000000080000000, 0x0000000096680000, 0x00000000d5580000)
  object space 367104K, 13% used [0x0000000080000000,0x0000000083174ed8,0x0000000096680000)
 Metaspace       used 91313K, capacity 94410K, committed 98496K, reserved 1134592K
  class space    used 11777K, capacity 12413K, committed 13312K, reserved 1048576K
}

Deoptimization events (10 events):
Event: 3919.319 Thread 0x000000001fb59800 Uncommon trap: reason=predicate action=maybe_recompile pc=0x00000000054a9c5c method=java.util.TimSort.reverseRange([Ljava/lang/Object;II)V @ 8
Event: 3919.334 Thread 0x000000001fb59800 Uncommon trap: reason=unstable_if action=reinterpret pc=0x00000000052d701c method=java.io.ObjectInputStream.filterCheck(Ljava/lang/Class;I)V @ 4
Event: 3919.337 Thread 0x000000001fb59800 Uncommon trap: reason=predicate action=maybe_recompile pc=0x0000000002cc4058 method=java.io.ObjectInputStream$BlockDataInputStream.readFully([BIIZ)V @ 4
Event: 3919.353 Thread 0x000000001fb59800 Uncommon trap: reason=array_check action=maybe_recompile pc=0x0000000003ef85d4 method=java.util.TimSort.binarySort([Ljava/lang/Object;IIILjava/util/Comparator;)V @ 215
Event: 3919.354 Thread 0x000000001fb59800 Uncommon trap: reason=array_check action=maybe_recompile pc=0x0000000003ef85d4 method=java.util.TimSort.binarySort([Ljava/lang/Object;IIILjava/util/Comparator;)V @ 215
Event: 3919.414 Thread 0x000000001b0b3800 Uncommon trap: reason=class_check action=maybe_recompile pc=0x0000000003af0370 method=java.lang.ThreadLocal.set(Ljava/lang/Object;)V @ 26
Event: 3919.417 Thread 0x000000001b0b3800 Uncommon trap: reason=unstable_if action=reinterpret pc=0x0000000005370db0 method=java.io.ObjectInputStream.filterCheck(Ljava/lang/Class;I)V @ 4
Event: 3919.417 Thread 0x000000001b0b3800 Uncommon trap: reason=unstable_if action=reinterpret pc=0x000000000535a898 method=java.io.ObjectInputStream.filterCheck(Ljava/lang/Class;I)V @ 4
Event: 3919.417 Thread 0x000000001b0b3800 Uncommon trap: reason=unstable_if action=reinterpret pc=0x00000000052fd14c method=java.io.ObjectInputStream.filterCheck(Ljava/lang/Class;I)V @ 4
Event: 3919.417 Thread 0x000000001b0b3800 Uncommon trap: reason=unstable_if action=reinterpret pc=0x0000000005325320 method=java.io.ObjectInputStream.filterCheck(Ljava/lang/Class;I)V @ 4

Classes redefined (0 events):
No events

Internal exceptions (10 events):
Event: 3919.319 Thread 0x000000001fb59800 Exception <a 'java/lang/NoSuchMethodError': <clinit>> (0x00000000dadc3298) thrown at [C:\src\AOSP-openjdk-git\hotspot\src\share\vm\prims\jni.cpp, line 1615]
Event: 3919.327 Thread 0x000000001fb59800 Exception <a 'java/lang/NoSuchMethodError': <clinit>> (0x00000000daddc390) thrown at [C:\src\AOSP-openjdk-git\hotspot\src\share\vm\prims\jni.cpp, line 1615]
Event: 3919.329 Thread 0x000000001fb59800 Exception <a 'java/lang/NoSuchMethodError': <clinit>> (0x00000000dae026e8) thrown at [C:\src\AOSP-openjdk-git\hotspot\src\share\vm\prims\jni.cpp, line 1615]
Event: 3919.338 Thread 0x00000000234f9000 Exception <a 'java/lang/InterruptedException'> (0x00000000daed5c08) thrown at [C:\src\AOSP-openjdk-git\hotspot\src\share\vm\runtime\objectMonitor.cpp, line 1680]
Event: 3919.352 Thread 0x000000001fb59800 Exception <a 'java/lang/NoSuchMethodError': <clinit>> (0x00000000dae59bd0) thrown at [C:\src\AOSP-openjdk-git\hotspot\src\share\vm\prims\jni.cpp, line 1615]
Event: 3919.353 Thread 0x000000001fb59800 Exception <a 'java/lang/NoSuchMethodError': <clinit>> (0x00000000dae67b20) thrown at [C:\src\AOSP-openjdk-git\hotspot\src\share\vm\prims\jni.cpp, line 1615]
Event: 3919.354 Thread 0x000000001fb59800 Exception <a 'java/lang/NoSuchMethodError': <clinit>> (0x00000000dae7ada0) thrown at [C:\src\AOSP-openjdk-git\hotspot\src\share\vm\prims\jni.cpp, line 1615]
Event: 3919.361 Thread 0x000000001fb59800 Exception <a 'java/lang/NoSuchMethodError': <clinit>> (0x00000000daeb0200) thrown at [C:\src\AOSP-openjdk-git\hotspot\src\share\vm\prims\jni.cpp, line 1615]
Event: 3919.381 Thread 0x000000001fb59800 Exception <a 'java/lang/NoSuchMethodError': <clinit>> (0x00000000db050cb0) thrown at [C:\src\AOSP-openjdk-git\hotspot\src\share\vm\prims\jni.cpp, line 1615]
Event: 3919.383 Thread 0x000000001fb59800 Exception <a 'java/lang/NoSuchMethodError': <clinit>> (0x00000000db101068) thrown at [C:\src\AOSP-openjdk-git\hotspot\src\share\vm\prims\jni.cpp, line 1615]

Events (10 events):
Event: 3919.417 Thread 0x000000001b0b3800 DEOPT UNPACKING pc=0x000000000295557b sp=0x000000002c4bcd50 mode 2
Event: 3919.417 Thread 0x000000001b0b3800 Uncommon trap: trap_request=0xffffff65 fr.pc=0x0000000005325320
Event: 3919.417 Thread 0x000000001b0b3800 DEOPT PACKING pc=0x0000000005325320 sp=0x000000002c4bcfe0
Event: 3919.417 Thread 0x000000001b0b3800 DEOPT UNPACKING pc=0x000000000295557b sp=0x000000002c4bcf00 mode 2
Event: 3919.418 loading class sun/rmi/transport/DGCImpl$LeaseInfo
Event: 3919.418 loading class sun/rmi/transport/DGCImpl$LeaseInfo done
Event: 3919.418 loading class sun/rmi/transport/DGCImpl$1
Event: 3919.418 loading class sun/rmi/transport/DGCImpl$1 done
Event: 3919.418 loading class sun/rmi/transport/SequenceEntry
Event: 3919.418 loading class sun/rmi/transport/SequenceEntry done


Dynamic libraries:
0x00007ff7b6230000 - 0x00007ff7b6261000 	C:\Program Files\Android\Android Studio\jre\bin\java.exe
0x00007ffa93d10000 - 0x00007ffa93f04000 	C:\Windows\SYSTEM32\ntdll.dll
0x00007ffa91ec0000 - 0x00007ffa91f7d000 	C:\Windows\System32\KERNEL32.DLL
0x00007ffa915c0000 - 0x00007ffa91887000 	C:\Windows\System32\KERNELBASE.dll
0x00007ffa91d80000 - 0x00007ffa91e2a000 	C:\Windows\System32\ADVAPI32.dll
0x00007ffa929f0000 - 0x00007ffa92a8e000 	C:\Windows\System32\msvcrt.dll
0x00007ffa92ed0000 - 0x00007ffa92f6b000 	C:\Windows\System32\sechost.dll
0x00007ffa92b50000 - 0x00007ffa92c73000 	C:\Windows\System32\RPCRT4.dll
0x00007ffa920d0000 - 0x00007ffa92270000 	C:\Windows\System32\USER32.dll
0x00007ffa91490000 - 0x00007ffa914b2000 	C:\Windows\System32\win32u.dll
0x00007ffa91e90000 - 0x00007ffa91eba000 	C:\Windows\System32\GDI32.dll
0x00007ffa91c40000 - 0x00007ffa91d4a000 	C:\Windows\System32\gdi32full.dll
0x00007ffa91b20000 - 0x00007ffa91bbd000 	C:\Windows\System32\msvcp_win.dll
0x00007ffa914c0000 - 0x00007ffa915c0000 	C:\Windows\System32\ucrtbase.dll
0x00007ffa774f0000 - 0x00007ffa7778a000 	C:\Windows\WinSxS\amd64_microsoft.windows.common-controls_6595b64144ccf1df_6.0.19041.1_none_b555e41d4684ddec\COMCTL32.dll
0x00007ffa92a90000 - 0x00007ffa92ac0000 	C:\Windows\System32\IMM32.DLL
0x0000000060d50000 - 0x0000000060e22000 	C:\Program Files\Android\Android Studio\jre\jre\bin\msvcr100.dll
0x0000000060f10000 - 0x000000006175b000 	C:\Program Files\Android\Android Studio\jre\jre\bin\server\jvm.dll
0x00007ffa91d50000 - 0x00007ffa91d58000 	C:\Windows\System32\PSAPI.DLL
0x00007ffa89680000 - 0x00007ffa8968a000 	C:\Windows\SYSTEM32\VERSION.dll
0x00007ffa7b730000 - 0x00007ffa7b757000 	C:\Windows\SYSTEM32\WINMM.dll
0x00007ffa89020000 - 0x00007ffa89029000 	C:\Windows\SYSTEM32\WSOCK32.dll
0x00007ffa92510000 - 0x00007ffa9257b000 	C:\Windows\System32\WS2_32.dll
0x00007ffa804b0000 - 0x00007ffa804bf000 	C:\Program Files\Android\Android Studio\jre\jre\bin\verify.dll
0x00007ffa7eb70000 - 0x00007ffa7eb99000 	C:\Program Files\Android\Android Studio\jre\jre\bin\java.dll
0x00007ffa7a170000 - 0x00007ffa7a186000 	C:\Program Files\Android\Android Studio\jre\jre\bin\zip.dll
0x00007ffa934a0000 - 0x00007ffa93bd5000 	C:\Windows\System32\SHELL32.dll
0x00007ffa8f5a0000 - 0x00007ffa8fd2f000 	C:\Windows\SYSTEM32\windows.storage.dll
0x00007ffa92630000 - 0x00007ffa92983000 	C:\Windows\System32\combase.dll
0x00007ffa90eb0000 - 0x00007ffa90edb000 	C:\Windows\SYSTEM32\Wldp.dll
0x00007ffa92580000 - 0x00007ffa9262e000 	C:\Windows\System32\SHCORE.dll
0x00007ffa92990000 - 0x00007ffa929e5000 	C:\Windows\System32\shlwapi.dll
0x00007ffa91370000 - 0x00007ffa9138f000 	C:\Windows\SYSTEM32\profapi.dll
0x00007ffa7a150000 - 0x00007ffa7a16a000 	C:\Program Files\Android\Android Studio\jre\jre\bin\net.dll
0x00007ffa90c30000 - 0x00007ffa90c9a000 	C:\Windows\system32\mswsock.dll
0x00007ffa7a130000 - 0x00007ffa7a143000 	C:\Program Files\Android\Android Studio\jre\jre\bin\nio.dll
0x00007ffa79ae0000 - 0x00007ffa79b06000 	C:\Users\Teacher\.gradle\native\31\windows-amd64\native-platform.dll
0x00007ffa804a0000 - 0x00007ffa804ad000 	C:\Program Files\Android\Android Studio\jre\jre\bin\management.dll
0x00007ffa90e00000 - 0x00007ffa90e18000 	C:\Windows\SYSTEM32\CRYPTSP.dll
0x00007ffa90550000 - 0x00007ffa90584000 	C:\Windows\system32\rsaenh.dll
0x00007ffa91a40000 - 0x00007ffa91a67000 	C:\Windows\System32\bcrypt.dll
0x00007ffa91330000 - 0x00007ffa9135e000 	C:\Windows\SYSTEM32\USERENV.dll
0x00007ffa91bc0000 - 0x00007ffa91c3f000 	C:\Windows\System32\bcryptprimitives.dll
0x00007ffa90e20000 - 0x00007ffa90e2c000 	C:\Windows\SYSTEM32\CRYPTBASE.dll
0x00007ffa908d0000 - 0x00007ffa9090b000 	C:\Windows\SYSTEM32\IPHLPAPI.DLL
0x00007ffa93490000 - 0x00007ffa93499000 	C:\Windows\System32\NSI.dll
0x00007ffa7e710000 - 0x00007ffa7e727000 	C:\Windows\SYSTEM32\dhcpcsvc6.DLL
0x00007ffa7e6f0000 - 0x00007ffa7e70d000 	C:\Windows\SYSTEM32\dhcpcsvc.DLL
0x00007ffa90920000 - 0x00007ffa909ea000 	C:\Windows\SYSTEM32\DNSAPI.dll
0x00007ffa77c90000 - 0x00007ffa77cb4000 	C:\Program Files\Android\Android Studio\jre\jre\bin\sunec.dll
0x00007ffa7e6c0000 - 0x00007ffa7e6ca000 	C:\Windows\System32\rasadhlp.dll
0x00007ffa7e7a0000 - 0x00007ffa7e81f000 	C:\Windows\System32\fwpuclnt.dll
0x00007ffa7dc20000 - 0x00007ffa7dc2b000 	C:\Program Files\Android\Android Studio\jre\jre\bin\sunmscapi.dll
0x00007ffa918e0000 - 0x00007ffa91a3d000 	C:\Windows\System32\CRYPT32.dll
0x00007ffa89820000 - 0x00007ffa8983e000 	C:\Users\Teacher\AppData\Local\Temp\native-platform7884645446756737642dir\native-platform.dll

VM Arguments:
jvm_args: -Xmx2048m -Dfile.encoding=windows-1252 -Duser.country=US -Duser.language=en -Duser.variant 
java_command: org.gradle.launcher.daemon.bootstrap.GradleDaemon 6.1.1
java_class_path (initial): C:\Users\Teacher\.gradle\wrapper\dists\gradle-6.1.1-all\cfmwm155h49vnt3hynmlrsdst\gradle-6.1.1\lib\gradle-launcher-6.1.1.jar
Launcher Type: SUN_STANDARD

Environment Variables:
PATH=C:\Windows\system32;C:\Windows;C:\Windows\System32\Wbem;C:\Windows\System32\WindowsPowerShell\v1.0\;C:\Windows\System32\OpenSSH\;C:\Program Files\dotnet\;C:\Program Files\Microsoft SQL Server\130\Tools\Binn\;C:\Program Files\Git\cmd;C:\flutter\bin;C:\Users\Teacher\AppData\Local\Microsoft\WindowsApps;C:\Program Files\DecSoft\AppBuilder;C:\Users\Jose Luis\AppData\Local\Programs\Microsoft VS Code\bin;
USERNAME=Teacher
OS=Windows_NT
PROCESSOR_IDENTIFIER=Intel64 Family 6 Model 142 Stepping 12, GenuineIntel



---------------  S Y S T E M  ---------------

OS: Windows 10.0 , 64 bit Build 19041 (10.0.19041.292)

CPU:total 8 (initial active 8) (4 cores per cpu, 2 threads per core) family 6 model 142 stepping 12, cmov, cx8, fxsr, mmx, sse, sse2, sse3, ssse3, sse4.1, sse4.2, popcnt, avx, avx2, aes, clmul, erms, 3dnowpref, lzcnt, ht, tsc, tscinvbit, bmi1, bmi2, adx

Memory: 4k page, physical 16578856k(1938800k free), swap 16578856k(3464k free)

vm_info: OpenJDK 64-Bit Server VM (25.242-b01) for windows-amd64 JRE (1.8.0_242-release-1644-b01), built by "builder" with MS VC++ 10.0 (VS2010)

time: Thu Jul 30 13:25:55 2020
timezone: Central Daylight Time (Mexico)
elapsed time: 3919 seconds (0d 1h 5m 19s)

