#
# There is insufficient memory for the Java Runtime Environment to continue.
# Native memory allocation (mmap) failed to map 331350016 bytes for G1 virtual space
# Possible reasons:
#   The system is out of physical RAM or swap space
#   The process is running with CompressedOops enabled, and the Java Heap may be blocking the growth of the native heap
# Possible solutions:
#   Reduce memory load on the system
#   Increase physical memory or swap space
#   Check if swap backing store is full
#   Decrease Java heap size (-Xmx/-Xms)
#   Decrease number of Java threads
#   Decrease Java thread stack sizes (-Xss)
#   Set larger code cache with -XX:ReservedCodeCacheSize=
#   JVM is running with Zero Based Compressed Oops mode in which the Java heap is
#     placed in the first 32GB address space. The Java Heap base address is the
#     maximum limit for the native heap growth. Please use -XX:HeapBaseMinAddress
#     to set the Java Heap base and to place the Java Heap above 32GB virtual address.
# This output file may be truncated or incomplete.
#
#  Out of Memory Error (os_windows.cpp:3769), pid=9796, tid=9000
#
# JRE version: OpenJDK Runtime Environment (17.0.6) (build 17.0.6+0-b2043.56-10027231)
# Java VM: OpenJDK 64-Bit Server VM (17.0.6+0-b2043.56-10027231, mixed mode, tiered, compressed oops, compressed class ptrs, g1 gc, windows-amd64)
# No core dump will be written. Minidumps are not enabled by default on client versions of Windows
#

---------------  S U M M A R Y ------------

Command Line: org.jetbrains.kotlin.cli.jvm.K2JVMCompiler @C:\Users\josel\StudioProjects\NewEvent2\app\build\20240501_15903942712127337307.compiler.options

Host: Intel(R) Core(TM) i7-8565U CPU @ 1.80GHz, 8 cores, 15G,  Windows 10 , 64 bit Build 19041 (10.0.19041.3636)
Time: Wed May  1 17:20:00 2024 Central Standard Time (Mexico) elapsed time: 15.124394 seconds (0d 0h 0m 15s)

---------------  T H R E A D  ---------------

Current thread (0x0000023a725678a0):  VMThread "VM Thread" [stack: 0x000000a44dc00000,0x000000a44dd00000] [id=9000]

Stack: [0x000000a44dc00000,0x000000a44dd00000]
Native frames: (J=compiled Java code, j=interpreted, Vv=VM code, C=native code)
V  [jvm.dll+0x683c9a]
V  [jvm.dll+0x8427a4]
V  [jvm.dll+0x843f9e]
V  [jvm.dll+0x844603]
V  [jvm.dll+0x249b75]
V  [jvm.dll+0x680b69]
V  [jvm.dll+0x67505a]
V  [jvm.dll+0x309acb]
V  [jvm.dll+0x310f86]
V  [jvm.dll+0x3608ee]
V  [jvm.dll+0x360b1f]
V  [jvm.dll+0x2dfbf8]
V  [jvm.dll+0x2ddec4]
V  [jvm.dll+0x2dd4cc]
V  [jvm.dll+0x321f3b]
V  [jvm.dll+0x848ccb]
V  [jvm.dll+0x849a04]
V  [jvm.dll+0x849f1d]
V  [jvm.dll+0x84a2f4]
V  [jvm.dll+0x84a3c0]
V  [jvm.dll+0x7f274a]
V  [jvm.dll+0x682ad5]
C  [ucrtbase.dll+0x21bb2]
C  [KERNEL32.DLL+0x17344]
C  [ntdll.dll+0x526b1]

VM_Operation (0x000000a44d6fc420): G1CollectForAllocation, mode: safepoint, requested by thread 0x0000023a53cc09f0


---------------  P R O C E S S  ---------------

Threads class SMR info:
_java_thread_list=0x0000023a76751430, length=14, elements={
0x0000023a53cc09f0, 0x0000023a73037ec0, 0x0000023a730395c0, 0x0000023a73094480,
0x0000023a73096850, 0x0000023a73099310, 0x0000023a73099cc0, 0x0000023a730a6ca0,
0x0000023a730a8070, 0x0000023a730ab390, 0x0000023a7321e570, 0x0000023a7321ecd0,
0x0000023a752bab20, 0x0000023a77c16830
}

Java Threads: ( => current thread )
  0x0000023a53cc09f0 JavaThread "main" [_thread_blocked, id=29044, stack(0x000000a44d600000,0x000000a44d700000)]
  0x0000023a73037ec0 JavaThread "Reference Handler" daemon [_thread_blocked, id=18236, stack(0x000000a44dd00000,0x000000a44de00000)]
  0x0000023a730395c0 JavaThread "Finalizer" daemon [_thread_blocked, id=28960, stack(0x000000a44de00000,0x000000a44df00000)]
  0x0000023a73094480 JavaThread "Signal Dispatcher" daemon [_thread_blocked, id=1256, stack(0x000000a44df00000,0x000000a44e000000)]
  0x0000023a73096850 JavaThread "Attach Listener" daemon [_thread_blocked, id=4260, stack(0x000000a44e000000,0x000000a44e100000)]
  0x0000023a73099310 JavaThread "Service Thread" daemon [_thread_blocked, id=23804, stack(0x000000a44e100000,0x000000a44e200000)]
  0x0000023a73099cc0 JavaThread "Monitor Deflation Thread" daemon [_thread_blocked, id=23156, stack(0x000000a44e200000,0x000000a44e300000)]
  0x0000023a730a6ca0 JavaThread "C2 CompilerThread0" daemon [_thread_blocked, id=20080, stack(0x000000a44e300000,0x000000a44e400000)]
  0x0000023a730a8070 JavaThread "C1 CompilerThread0" daemon [_thread_blocked, id=19280, stack(0x000000a44e400000,0x000000a44e500000)]
  0x0000023a730ab390 JavaThread "Sweeper thread" daemon [_thread_blocked, id=25092, stack(0x000000a44e500000,0x000000a44e600000)]
  0x0000023a7321e570 JavaThread "Notification Thread" daemon [_thread_blocked, id=20024, stack(0x000000a44e600000,0x000000a44e700000)]
  0x0000023a7321ecd0 JavaThread "Common-Cleaner" daemon [_thread_blocked, id=2596, stack(0x000000a44e800000,0x000000a44e900000)]
  0x0000023a752bab20 JavaThread "C2 CompilerThread1" daemon [_thread_blocked, id=5932, stack(0x000000a44e900000,0x000000a44ea00000)]
  0x0000023a77c16830 JavaThread "C2 CompilerThread2" daemon [_thread_blocked, id=4152, stack(0x000000a44ef00000,0x000000a44f000000)]

Other Threads:
=>0x0000023a725678a0 VMThread "VM Thread" [stack: 0x000000a44dc00000,0x000000a44dd00000] [id=9000]
  0x0000023a7321ea40 WatcherThread [stack: 0x000000a44e700000,0x000000a44e800000] [id=13496]
  0x0000023a53d2c5d0 GCTaskThread "GC Thread#0" [stack: 0x000000a44d700000,0x000000a44d800000] [id=24132]
  0x0000023a73725150 GCTaskThread "GC Thread#1" [stack: 0x000000a44ea00000,0x000000a44eb00000] [id=19416]
  0x0000023a736a4bf0 GCTaskThread "GC Thread#2" [stack: 0x000000a44eb00000,0x000000a44ec00000] [id=27204]
  0x0000023a737d7340 GCTaskThread "GC Thread#3" [stack: 0x000000a44ec00000,0x000000a44ed00000] [id=3824]
  0x0000023a737d78a0 GCTaskThread "GC Thread#4" [stack: 0x000000a44ed00000,0x000000a44ee00000] [id=23132]
  0x0000023a737d65d0 GCTaskThread "GC Thread#5" [stack: 0x000000a44ee00000,0x000000a44ef00000] [id=6880]
  0x0000023a737d6320 GCTaskThread "GC Thread#6" [stack: 0x000000a44f000000,0x000000a44f100000] [id=9280]
  0x0000023a737d75f0 GCTaskThread "GC Thread#7" [stack: 0x000000a44f100000,0x000000a44f200000] [id=24884]
  0x0000023a53d3d210 ConcurrentGCThread "G1 Main Marker" [stack: 0x000000a44d800000,0x000000a44d900000] [id=23084]
  0x0000023a53d3dc20 ConcurrentGCThread "G1 Conc#0" [stack: 0x000000a44d900000,0x000000a44da00000] [id=18600]
  0x0000023a737d6880 ConcurrentGCThread "G1 Conc#1" [stack: 0x000000a44f200000,0x000000a44f300000] [id=27892]
  0x0000023a53d8e630 ConcurrentGCThread "G1 Refine#0" [stack: 0x000000a44da00000,0x000000a44db00000] [id=24340]
  0x0000023a752c3220 ConcurrentGCThread "G1 Refine#1" [stack: 0x000000a44f300000,0x000000a44f400000] [id=8100]
  0x0000023a752c37e0 ConcurrentGCThread "G1 Refine#2" [stack: 0x000000a44f400000,0x000000a44f500000] [id=28228]
  0x0000023a752c1b20 ConcurrentGCThread "G1 Refine#3" [stack: 0x000000a44f500000,0x000000a44f600000] [id=23944]
  0x0000023a752c1e00 ConcurrentGCThread "G1 Refine#4" [stack: 0x000000a44f600000,0x000000a44f700000] [id=27840]
  0x0000023a72418260 ConcurrentGCThread "G1 Service" [stack: 0x000000a44db00000,0x000000a44dc00000] [id=10916]

Threads with active compile tasks:
C2 CompilerThread0    15147 15153       4       org.jetbrains.kotlin.ir.util.IrUtilsKt::copyAnnotations (260 bytes)
C1 CompilerThread0    15147 15302       3       org.jetbrains.kotlin.backend.jvm.lower.JvmMultiFieldValueClassLowering::visitParameter (279 bytes)
C2 CompilerThread1    15147 15297       4       java.util.HashMap::removeNode (291 bytes)
C2 CompilerThread2    15147 15247       4       org.jetbrains.kotlin.ir.util.IrUtilsKt::isMethodOfAny (123 bytes)

VM state: at safepoint (normal execution)

VM Mutex/Monitor currently owned by a thread:  ([mutex/lock_event])
[0x0000023a53cbc7b0] Threads_lock - owner thread: 0x0000023a725678a0
[0x0000023a53cbc450] Heap_lock - owner thread: 0x0000023a53cc09f0

Heap address: 0x0000000703000000, size: 4048 MB, Compressed Oops mode: Zero based, Oop shift amount: 3

CDS archive(s) not mapped
Compressed class space mapped at: 0x0000000800000000-0x0000000840000000, reserved size: 1073741824
Narrow klass base: 0x0000000800000000, Narrow klass shift: 0, Narrow klass range: 0x40000000

GC Precious Log:
 CPUs: 8 total, 8 available
 Memory: 16190M
 Large Page Support: Disabled
 NUMA Support: Disabled
 Compressed Oops: Enabled (Zero based)
 Heap Region Size: 2M
 Heap Min Capacity: 8M
 Heap Initial Capacity: 254M
 Heap Max Capacity: 4048M
 Pre-touch: Disabled
 Parallel Workers: 8
 Concurrent Workers: 2
 Concurrent Refinement Workers: 8
 Periodic GC: Disabled

Heap:
 garbage-first heap   total 292864K, used 143164K [0x0000000703000000, 0x0000000800000000)
  region size 2048K, 2 young (4096K), 2 survivors (4096K)
 Metaspace       used 82235K, committed 82496K, reserved 1130496K
  class space    used 9163K, committed 9280K, reserved 1048576K

Heap Regions: E=young(eden), S=young(survivor), O=old, HS=humongous(starts), HC=humongous(continues), CS=collection set, F=free, OA=open archive, CA=closed archive, TAMS=top-at-mark-start (previous, next)
|   0|0x0000000703000000, 0x0000000703200000, 0x0000000703200000|100%|HS|  |TAMS 0x0000000703200000, 0x0000000703200000| Complete 
|   1|0x0000000703200000, 0x0000000703400000, 0x0000000703400000|100%|HC|  |TAMS 0x0000000703400000, 0x0000000703400000| Complete 
|   2|0x0000000703400000, 0x0000000703600000, 0x0000000703600000|100%| O|  |TAMS 0x0000000703600000, 0x0000000703600000| Untracked 
|   3|0x0000000703600000, 0x0000000703800000, 0x0000000703800000|100%|HS|  |TAMS 0x0000000703800000, 0x0000000703800000| Complete 
|   4|0x0000000703800000, 0x0000000703a00000, 0x0000000703a00000|100%| O|  |TAMS 0x0000000703a00000, 0x0000000703a00000| Untracked 
|   5|0x0000000703a00000, 0x0000000703c00000, 0x0000000703c00000|100%| O|  |TAMS 0x0000000703c00000, 0x0000000703c00000| Untracked 
|   6|0x0000000703c00000, 0x0000000703e00000, 0x0000000703e00000|100%| O|  |TAMS 0x0000000703e00000, 0x0000000703e00000| Untracked 
|   7|0x0000000703e00000, 0x0000000704000000, 0x0000000704000000|100%| O|  |TAMS 0x0000000704000000, 0x0000000704000000| Untracked 
|   8|0x0000000704000000, 0x00000007041dfc00, 0x0000000704200000| 93%| O|  |TAMS 0x00000007041dfc00, 0x00000007041dfc00| Untracked 
|   9|0x0000000704200000, 0x0000000704400000, 0x0000000704400000|100%| O|  |TAMS 0x0000000704400000, 0x0000000704400000| Untracked 
|  10|0x0000000704400000, 0x0000000704600000, 0x0000000704600000|100%| O|  |TAMS 0x0000000704600000, 0x0000000704600000| Untracked 
|  11|0x0000000704600000, 0x0000000704800000, 0x0000000704800000|100%| O|  |TAMS 0x0000000704800000, 0x0000000704800000| Untracked 
|  12|0x0000000704800000, 0x0000000704a00000, 0x0000000704a00000|100%| O|  |TAMS 0x0000000704a00000, 0x0000000704a00000| Untracked 
|  13|0x0000000704a00000, 0x0000000704c00000, 0x0000000704c00000|100%| O|  |TAMS 0x0000000704c00000, 0x0000000704c00000| Untracked 
|  14|0x0000000704c00000, 0x0000000704e00000, 0x0000000704e00000|100%| O|  |TAMS 0x0000000704e00000, 0x0000000704e00000| Untracked 
|  15|0x0000000704e00000, 0x0000000705000000, 0x0000000705000000|100%| O|  |TAMS 0x0000000705000000, 0x0000000705000000| Untracked 
|  16|0x0000000705000000, 0x0000000705200000, 0x0000000705200000|100%| O|  |TAMS 0x0000000705200000, 0x0000000705200000| Untracked 
|  17|0x0000000705200000, 0x0000000705400000, 0x0000000705400000|100%| O|  |TAMS 0x0000000705400000, 0x0000000705400000| Untracked 
|  18|0x0000000705400000, 0x0000000705600000, 0x0000000705600000|100%| O|  |TAMS 0x0000000705600000, 0x0000000705600000| Untracked 
|  19|0x0000000705600000, 0x0000000705800000, 0x0000000705800000|100%| O|  |TAMS 0x0000000705800000, 0x0000000705800000| Untracked 
|  20|0x0000000705800000, 0x0000000705a00000, 0x0000000705a00000|100%| O|  |TAMS 0x0000000705a00000, 0x0000000705a00000| Untracked 
|  21|0x0000000705a00000, 0x0000000705c00000, 0x0000000705c00000|100%| O|  |TAMS 0x0000000705c00000, 0x0000000705c00000| Untracked 
|  22|0x0000000705c00000, 0x0000000705e00000, 0x0000000705e00000|100%| O|  |TAMS 0x0000000705e00000, 0x0000000705e00000| Untracked 
|  23|0x0000000705e00000, 0x0000000706000000, 0x0000000706000000|100%|HS|  |TAMS 0x0000000706000000, 0x0000000706000000| Complete 
|  24|0x0000000706000000, 0x0000000706200000, 0x0000000706200000|100%| O|  |TAMS 0x0000000706200000, 0x0000000706200000| Untracked 
|  25|0x0000000706200000, 0x0000000706400000, 0x0000000706400000|100%| O|  |TAMS 0x0000000706400000, 0x0000000706400000| Untracked 
|  26|0x0000000706400000, 0x0000000706600000, 0x0000000706600000|100%| O|  |TAMS 0x0000000706600000, 0x0000000706600000| Untracked 
|  27|0x0000000706600000, 0x0000000706800000, 0x0000000706800000|100%| O|  |TAMS 0x0000000706800000, 0x0000000706800000| Untracked 
|  28|0x0000000706800000, 0x0000000706a00000, 0x0000000706a00000|100%| O|  |TAMS 0x0000000706a00000, 0x0000000706a00000| Untracked 
|  29|0x0000000706a00000, 0x0000000706c00000, 0x0000000706c00000|100%| O|  |TAMS 0x0000000706c00000, 0x0000000706c00000| Untracked 
|  30|0x0000000706c00000, 0x0000000706e00000, 0x0000000706e00000|100%| O|  |TAMS 0x0000000706c00000, 0x0000000706e00000| Untracked 
|  31|0x0000000706e00000, 0x0000000707000000, 0x0000000707000000|100%| O|  |TAMS 0x0000000707000000, 0x0000000707000000| Untracked 
|  32|0x0000000707000000, 0x0000000707200000, 0x0000000707200000|100%| O|  |TAMS 0x0000000707200000, 0x0000000707200000| Untracked 
|  33|0x0000000707200000, 0x0000000707400000, 0x0000000707400000|100%| O|  |TAMS 0x0000000707400000, 0x0000000707400000| Untracked 
|  34|0x0000000707400000, 0x0000000707600000, 0x0000000707600000|100%| O|  |TAMS 0x0000000707600000, 0x0000000707600000| Untracked 
|  35|0x0000000707600000, 0x0000000707800000, 0x0000000707800000|100%| O|  |TAMS 0x0000000707800000, 0x0000000707800000| Untracked 
|  36|0x0000000707800000, 0x0000000707a00000, 0x0000000707a00000|100%| O|  |TAMS 0x0000000707a00000, 0x0000000707a00000| Untracked 
|  37|0x0000000707a00000, 0x0000000707c00000, 0x0000000707c00000|100%| O|  |TAMS 0x0000000707c00000, 0x0000000707c00000| Untracked 
|  38|0x0000000707c00000, 0x0000000707e00000, 0x0000000707e00000|100%| O|  |TAMS 0x0000000707e00000, 0x0000000707e00000| Untracked 
|  39|0x0000000707e00000, 0x0000000708000000, 0x0000000708000000|100%| O|  |TAMS 0x0000000708000000, 0x0000000708000000| Untracked 
|  40|0x0000000708000000, 0x0000000708200000, 0x0000000708200000|100%| O|  |TAMS 0x0000000708200000, 0x0000000708200000| Untracked 
|  41|0x0000000708200000, 0x0000000708400000, 0x0000000708400000|100%| O|  |TAMS 0x0000000708400000, 0x0000000708400000| Untracked 
|  42|0x0000000708400000, 0x0000000708600000, 0x0000000708600000|100%| O|  |TAMS 0x0000000708600000, 0x0000000708600000| Untracked 
|  43|0x0000000708600000, 0x0000000708800000, 0x0000000708800000|100%| O|  |TAMS 0x0000000708800000, 0x0000000708800000| Untracked 
|  44|0x0000000708800000, 0x0000000708a00000, 0x0000000708a00000|100%| O|  |TAMS 0x0000000708a00000, 0x0000000708a00000| Untracked 
|  45|0x0000000708a00000, 0x0000000708c00000, 0x0000000708c00000|100%| O|  |TAMS 0x0000000708c00000, 0x0000000708c00000| Untracked 
|  46|0x0000000708c00000, 0x0000000708e00000, 0x0000000708e00000|100%| O|  |TAMS 0x0000000708e00000, 0x0000000708e00000| Untracked 
|  47|0x0000000708e00000, 0x0000000709000000, 0x0000000709000000|100%| O|  |TAMS 0x0000000709000000, 0x0000000709000000| Untracked 
|  48|0x0000000709000000, 0x0000000709200000, 0x0000000709200000|100%| O|  |TAMS 0x0000000709200000, 0x0000000709200000| Untracked 
|  49|0x0000000709200000, 0x0000000709400000, 0x0000000709400000|100%| O|  |TAMS 0x0000000709400000, 0x0000000709400000| Untracked 
|  50|0x0000000709400000, 0x0000000709600000, 0x0000000709600000|100%| O|  |TAMS 0x0000000709600000, 0x0000000709600000| Untracked 
|  51|0x0000000709600000, 0x0000000709800000, 0x0000000709800000|100%| O|  |TAMS 0x0000000709800000, 0x0000000709800000| Untracked 
|  52|0x0000000709800000, 0x0000000709a00000, 0x0000000709a00000|100%| O|  |TAMS 0x0000000709a00000, 0x0000000709a00000| Untracked 
|  53|0x0000000709a00000, 0x0000000709c00000, 0x0000000709c00000|100%| O|  |TAMS 0x0000000709c00000, 0x0000000709c00000| Untracked 
|  54|0x0000000709c00000, 0x0000000709e00000, 0x0000000709e00000|100%| O|  |TAMS 0x0000000709e00000, 0x0000000709e00000| Untracked 
|  55|0x0000000709e00000, 0x000000070a000000, 0x000000070a000000|100%| O|  |TAMS 0x000000070a000000, 0x000000070a000000| Untracked 
|  56|0x000000070a000000, 0x000000070a200000, 0x000000070a200000|100%| O|  |TAMS 0x000000070a200000, 0x000000070a200000| Untracked 
|  57|0x000000070a200000, 0x000000070a400000, 0x000000070a400000|100%| O|  |TAMS 0x000000070a400000, 0x000000070a400000| Untracked 
|  58|0x000000070a400000, 0x000000070a400000, 0x000000070a600000|  0%| F|  |TAMS 0x000000070a400000, 0x000000070a400000| Untracked 
|  59|0x000000070a600000, 0x000000070a800000, 0x000000070a800000|100%| O|  |TAMS 0x000000070a800000, 0x000000070a800000| Untracked 
|  60|0x000000070a800000, 0x000000070aa00000, 0x000000070aa00000|100%| O|  |TAMS 0x000000070aa00000, 0x000000070aa00000| Untracked 
|  61|0x000000070aa00000, 0x000000070ac00000, 0x000000070ac00000|100%| O|  |TAMS 0x000000070ac00000, 0x000000070ac00000| Untracked 
|  62|0x000000070ac00000, 0x000000070ae00000, 0x000000070ae00000|100%| O|  |TAMS 0x000000070ae00000, 0x000000070ae00000| Untracked 
|  63|0x000000070ae00000, 0x000000070b000000, 0x000000070b000000|100%| O|  |TAMS 0x000000070b000000, 0x000000070b000000| Untracked 
|  64|0x000000070b000000, 0x000000070b200000, 0x000000070b200000|100%| O|  |TAMS 0x000000070b200000, 0x000000070b200000| Untracked 
|  65|0x000000070b200000, 0x000000070b400000, 0x000000070b400000|100%| O|  |TAMS 0x000000070b400000, 0x000000070b400000| Untracked 
|  66|0x000000070b400000, 0x000000070b600000, 0x000000070b600000|100%| O|  |TAMS 0x000000070b44aa00, 0x000000070b600000| Untracked 
|  67|0x000000070b600000, 0x000000070b800000, 0x000000070b800000|100%| O|  |TAMS 0x000000070b600000, 0x000000070b800000| Untracked 
|  68|0x000000070b800000, 0x000000070ba00000, 0x000000070ba00000|100%| O|  |TAMS 0x000000070b800000, 0x000000070ba00000| Untracked 
|  69|0x000000070ba00000, 0x000000070bb71c00, 0x000000070bc00000| 72%| O|  |TAMS 0x000000070ba00000, 0x000000070bb71c00| Untracked 
|  70|0x000000070bc00000, 0x000000070bc00000, 0x000000070be00000|  0%| F|  |TAMS 0x000000070bc00000, 0x000000070bc00000| Untracked 
|  71|0x000000070be00000, 0x000000070be00000, 0x000000070c000000|  0%| F|  |TAMS 0x000000070be00000, 0x000000070be00000| Untracked 
|  72|0x000000070c000000, 0x000000070c000000, 0x000000070c200000|  0%| F|  |TAMS 0x000000070c000000, 0x000000070c000000| Untracked 
|  73|0x000000070c200000, 0x000000070c200000, 0x000000070c400000|  0%| F|  |TAMS 0x000000070c200000, 0x000000070c200000| Untracked 
|  74|0x000000070c400000, 0x000000070c400000, 0x000000070c600000|  0%| F|  |TAMS 0x000000070c400000, 0x000000070c400000| Untracked 
|  75|0x000000070c600000, 0x000000070c600000, 0x000000070c800000|  0%| F|  |TAMS 0x000000070c600000, 0x000000070c600000| Untracked 
|  76|0x000000070c800000, 0x000000070c800000, 0x000000070ca00000|  0%| F|  |TAMS 0x000000070c800000, 0x000000070c800000| Untracked 
|  77|0x000000070ca00000, 0x000000070ca00000, 0x000000070cc00000|  0%| F|  |TAMS 0x000000070ca00000, 0x000000070ca00000| Untracked 
|  78|0x000000070cc00000, 0x000000070cc00000, 0x000000070ce00000|  0%| F|  |TAMS 0x000000070cc00000, 0x000000070cc00000| Untracked 
|  79|0x000000070ce00000, 0x000000070ce00000, 0x000000070d000000|  0%| F|  |TAMS 0x000000070ce00000, 0x000000070ce00000| Untracked 
|  80|0x000000070d000000, 0x000000070d000000, 0x000000070d200000|  0%| F|  |TAMS 0x000000070d000000, 0x000000070d000000| Untracked 
|  81|0x000000070d200000, 0x000000070d200000, 0x000000070d400000|  0%| F|  |TAMS 0x000000070d200000, 0x000000070d200000| Untracked 
|  82|0x000000070d400000, 0x000000070d400000, 0x000000070d600000|  0%| F|  |TAMS 0x000000070d400000, 0x000000070d400000| Untracked 
|  83|0x000000070d600000, 0x000000070d600000, 0x000000070d800000|  0%| F|  |TAMS 0x000000070d600000, 0x000000070d600000| Untracked 
|  84|0x000000070d800000, 0x000000070d800000, 0x000000070da00000|  0%| F|  |TAMS 0x000000070d800000, 0x000000070d800000| Untracked 
|  85|0x000000070da00000, 0x000000070da00000, 0x000000070dc00000|  0%| F|  |TAMS 0x000000070da00000, 0x000000070da00000| Untracked 
|  86|0x000000070dc00000, 0x000000070dc00000, 0x000000070de00000|  0%| F|  |TAMS 0x000000070dc00000, 0x000000070dc00000| Untracked 
|  87|0x000000070de00000, 0x000000070de00000, 0x000000070e000000|  0%| F|  |TAMS 0x000000070de00000, 0x000000070de00000| Untracked 
|  88|0x000000070e000000, 0x000000070e000000, 0x000000070e200000|  0%| F|  |TAMS 0x000000070e000000, 0x000000070e000000| Untracked 
|  89|0x000000070e200000, 0x000000070e200000, 0x000000070e400000|  0%| F|  |TAMS 0x000000070e200000, 0x000000070e200000| Untracked 
|  90|0x000000070e400000, 0x000000070e400000, 0x000000070e600000|  0%| F|  |TAMS 0x000000070e400000, 0x000000070e400000| Untracked 
|  91|0x000000070e600000, 0x000000070e600000, 0x000000070e800000|  0%| F|  |TAMS 0x000000070e600000, 0x000000070e600000| Untracked 
|  92|0x000000070e800000, 0x000000070e800000, 0x000000070ea00000|  0%| F|  |TAMS 0x000000070e800000, 0x000000070e800000| Untracked 
|  93|0x000000070ea00000, 0x000000070ea00000, 0x000000070ec00000|  0%| F|  |TAMS 0x000000070ea00000, 0x000000070ea00000| Untracked 
|  94|0x000000070ec00000, 0x000000070ec00000, 0x000000070ee00000|  0%| F|  |TAMS 0x000000070ec00000, 0x000000070ec00000| Untracked 
|  95|0x000000070ee00000, 0x000000070ee00000, 0x000000070f000000|  0%| F|  |TAMS 0x000000070ee00000, 0x000000070ee00000| Untracked 
|  96|0x000000070f000000, 0x000000070f07da00, 0x000000070f200000| 24%| S|CS|TAMS 0x000000070f000000, 0x000000070f000000| Complete 
|  97|0x000000070f200000, 0x000000070f400000, 0x000000070f400000|100%| S|CS|TAMS 0x000000070f200000, 0x000000070f200000| Complete 
|  98|0x000000070f400000, 0x000000070f400000, 0x000000070f600000|  0%| F|  |TAMS 0x000000070f400000, 0x000000070f400000| Untracked 
|  99|0x000000070f600000, 0x000000070f600000, 0x000000070f800000|  0%| F|  |TAMS 0x000000070f600000, 0x000000070f600000| Untracked 
| 100|0x000000070f800000, 0x000000070f800000, 0x000000070fa00000|  0%| F|  |TAMS 0x000000070f800000, 0x000000070f800000| Untracked 
| 101|0x000000070fa00000, 0x000000070fa00000, 0x000000070fc00000|  0%| F|  |TAMS 0x000000070fa00000, 0x000000070fa00000| Untracked 
| 102|0x000000070fc00000, 0x000000070fc00000, 0x000000070fe00000|  0%| F|  |TAMS 0x000000070fc00000, 0x000000070fc00000| Untracked 
| 103|0x000000070fe00000, 0x000000070fe00000, 0x0000000710000000|  0%| F|  |TAMS 0x000000070fe00000, 0x000000070fe00000| Untracked 
| 104|0x0000000710000000, 0x0000000710000000, 0x0000000710200000|  0%| F|  |TAMS 0x0000000710000000, 0x0000000710000000| Untracked 
| 105|0x0000000710200000, 0x0000000710200000, 0x0000000710400000|  0%| F|  |TAMS 0x0000000710200000, 0x0000000710200000| Untracked 
| 106|0x0000000710400000, 0x0000000710400000, 0x0000000710600000|  0%| F|  |TAMS 0x0000000710400000, 0x0000000710400000| Untracked 
| 107|0x0000000710600000, 0x0000000710600000, 0x0000000710800000|  0%| F|  |TAMS 0x0000000710600000, 0x0000000710600000| Untracked 
| 108|0x0000000710800000, 0x0000000710800000, 0x0000000710a00000|  0%| F|  |TAMS 0x0000000710800000, 0x0000000710800000| Untracked 
| 109|0x0000000710a00000, 0x0000000710a00000, 0x0000000710c00000|  0%| F|  |TAMS 0x0000000710a00000, 0x0000000710a00000| Untracked 
| 110|0x0000000710c00000, 0x0000000710c00000, 0x0000000710e00000|  0%| F|  |TAMS 0x0000000710c00000, 0x0000000710c00000| Untracked 
| 111|0x0000000710e00000, 0x0000000710e00000, 0x0000000711000000|  0%| F|  |TAMS 0x0000000710e00000, 0x0000000710e00000| Untracked 
| 112|0x0000000711000000, 0x0000000711000000, 0x0000000711200000|  0%| F|  |TAMS 0x0000000711000000, 0x0000000711000000| Untracked 
| 113|0x0000000711200000, 0x0000000711200000, 0x0000000711400000|  0%| F|  |TAMS 0x0000000711200000, 0x0000000711200000| Untracked 
| 114|0x0000000711400000, 0x0000000711400000, 0x0000000711600000|  0%| F|  |TAMS 0x0000000711400000, 0x0000000711400000| Untracked 
| 115|0x0000000711600000, 0x0000000711600000, 0x0000000711800000|  0%| F|  |TAMS 0x0000000711600000, 0x0000000711600000| Untracked 
| 116|0x0000000711800000, 0x0000000711800000, 0x0000000711a00000|  0%| F|  |TAMS 0x0000000711800000, 0x0000000711800000| Untracked 
| 117|0x0000000711a00000, 0x0000000711a00000, 0x0000000711c00000|  0%| F|  |TAMS 0x0000000711a00000, 0x0000000711a00000| Untracked 
| 118|0x0000000711c00000, 0x0000000711c00000, 0x0000000711e00000|  0%| F|  |TAMS 0x0000000711c00000, 0x0000000711c00000| Untracked 
| 119|0x0000000711e00000, 0x0000000711e00000, 0x0000000712000000|  0%| F|  |TAMS 0x0000000711e00000, 0x0000000711e00000| Untracked 
| 120|0x0000000712000000, 0x0000000712000000, 0x0000000712200000|  0%| F|  |TAMS 0x0000000712000000, 0x0000000712000000| Untracked 
| 121|0x0000000712200000, 0x0000000712200000, 0x0000000712400000|  0%| F|  |TAMS 0x0000000712200000, 0x0000000712200000| Untracked 
| 122|0x0000000712400000, 0x0000000712400000, 0x0000000712600000|  0%| F|  |TAMS 0x0000000712400000, 0x0000000712400000| Untracked 
| 123|0x0000000712600000, 0x0000000712600000, 0x0000000712800000|  0%| F|  |TAMS 0x0000000712600000, 0x0000000712600000| Untracked 
| 124|0x0000000712800000, 0x0000000712800000, 0x0000000712a00000|  0%| F|  |TAMS 0x0000000712800000, 0x0000000712800000| Untracked 
| 125|0x0000000712a00000, 0x0000000712a00000, 0x0000000712c00000|  0%| F|  |TAMS 0x0000000712a00000, 0x0000000712a00000| Untracked 
| 126|0x0000000712c00000, 0x0000000712c00000, 0x0000000712e00000|  0%| F|  |TAMS 0x0000000712c00000, 0x0000000712c00000| Untracked 
| 127|0x0000000712e00000, 0x0000000712e00000, 0x0000000713000000|  0%| F|  |TAMS 0x0000000712e00000, 0x0000000712e00000| Untracked 
| 128|0x0000000713000000, 0x0000000713000000, 0x0000000713200000|  0%| F|  |TAMS 0x0000000713000000, 0x0000000713000000| Untracked 
| 129|0x0000000713200000, 0x0000000713200000, 0x0000000713400000|  0%| F|  |TAMS 0x0000000713200000, 0x0000000713200000| Untracked 
| 130|0x0000000713400000, 0x0000000713400000, 0x0000000713600000|  0%| F|  |TAMS 0x0000000713400000, 0x0000000713400000| Untracked 
| 131|0x0000000713600000, 0x0000000713600000, 0x0000000713800000|  0%| F|  |TAMS 0x0000000713600000, 0x0000000713600000| Untracked 
| 132|0x0000000713800000, 0x0000000713800000, 0x0000000713a00000|  0%| F|  |TAMS 0x0000000713800000, 0x0000000713800000| Untracked 
| 133|0x0000000713a00000, 0x0000000713a00000, 0x0000000713c00000|  0%| F|  |TAMS 0x0000000713a00000, 0x0000000713a00000| Untracked 
| 134|0x0000000713c00000, 0x0000000713c00000, 0x0000000713e00000|  0%| F|  |TAMS 0x0000000713c00000, 0x0000000713c00000| Untracked 
| 135|0x0000000713e00000, 0x0000000713e00000, 0x0000000714000000|  0%| F|  |TAMS 0x0000000713e00000, 0x0000000713e00000| Untracked 
| 136|0x0000000714000000, 0x0000000714000000, 0x0000000714200000|  0%| F|  |TAMS 0x0000000714000000, 0x0000000714000000| Untracked 
| 137|0x0000000714200000, 0x0000000714200000, 0x0000000714400000|  0%| F|  |TAMS 0x0000000714200000, 0x0000000714200000| Untracked 
| 138|0x0000000714400000, 0x0000000714400000, 0x0000000714600000|  0%| F|  |TAMS 0x0000000714400000, 0x0000000714400000| Untracked 
| 139|0x0000000714600000, 0x0000000714600000, 0x0000000714800000|  0%| F|  |TAMS 0x0000000714600000, 0x0000000714600000| Untracked 
| 140|0x0000000714800000, 0x0000000714800000, 0x0000000714a00000|  0%| F|  |TAMS 0x0000000714800000, 0x0000000714800000| Untracked 
| 141|0x0000000714a00000, 0x0000000714a00000, 0x0000000714c00000|  0%| F|  |TAMS 0x0000000714a00000, 0x0000000714a00000| Untracked 
| 142|0x0000000714c00000, 0x0000000714c00000, 0x0000000714e00000|  0%| F|  |TAMS 0x0000000714c00000, 0x0000000714c00000| Untracked 

Card table byte_map: [0x0000023a66cb0000,0x0000023a674a0000] _byte_map_base: 0x0000023a63498000

Marking Bits (Prev, Next): (CMBitMap*) 0x0000023a53d2cc20, (CMBitMap*) 0x0000023a53d2cbe0
 Prev Bits: [0x0000023a6bbd0000, 0x0000023a6fb10000)
 Next Bits: [0x0000023a67c90000, 0x0000023a6bbd0000)

Polling page: 0x0000023a51c70000

Metaspace:

Usage:
  Non-class:     71.36 MB used.
      Class:      8.95 MB used.
       Both:     80.31 MB used.

Virtual space:
  Non-class space:       80.00 MB reserved,      71.50 MB ( 89%) committed,  10 nodes.
      Class space:        1.00 GB reserved,       9.06 MB ( <1%) committed,  1 nodes.
             Both:        1.08 GB reserved,      80.56 MB (  7%) committed. 

Chunk freelists:
   Non-Class:  3.88 MB
       Class:  2.94 MB
        Both:  6.81 MB

MaxMetaspaceSize: unlimited
CompressedClassSpaceSize: 1.00 GB
Initial GC threshold: 21.00 MB
Current GC threshold: 132.94 MB
CDS: off
MetaspaceReclaimPolicy: balanced
 - commit_granule_bytes: 65536.
 - commit_granule_words: 8192.
 - virtual_space_node_default_size: 1048576.
 - enlarge_chunks_in_place: 1.
 - new_chunks_are_fully_committed: 0.
 - uncommit_free_chunks: 1.
 - use_allocation_guard: 0.
 - handle_deallocations: 1.


Internal statistics:

num_allocs_failed_limit: 9.
num_arena_births: 336.
num_arena_deaths: 0.
num_vsnodes_births: 11.
num_vsnodes_deaths: 0.
num_space_committed: 1287.
num_space_uncommitted: 0.
num_chunks_returned_to_freelist: 9.
num_chunks_taken_from_freelist: 3008.
num_chunk_merges: 9.
num_chunk_splits: 2463.
num_chunks_enlarged: 2179.
num_purges: 0.
num_inconsistent_stats: 0.

CodeHeap 'non-profiled nmethods': size=120000Kb used=7485Kb max_used=7485Kb free=112514Kb
 bounds [0x0000023a5ec60000, 0x0000023a5f3b0000, 0x0000023a66190000]
CodeHeap 'profiled nmethods': size=120000Kb used=32540Kb max_used=32540Kb free=87459Kb
 bounds [0x0000023a57190000, 0x0000023a59160000, 0x0000023a5e6c0000]
CodeHeap 'non-nmethods': size=5760Kb used=1378Kb max_used=1473Kb free=4381Kb
 bounds [0x0000023a5e6c0000, 0x0000023a5e930000, 0x0000023a5ec60000]
 total_blobs=13521 nmethods=12824 adapters=606
 compilation: enabled
              stopped_count=0, restarted_count=0
 full_count=0

Compilation events (20 events):
Event: 15.108 Thread 0x0000023a730a8070 nmethod 15295 0x0000023a5914f790 code [0x0000023a5914fb20, 0x0000023a59151098]
Event: 15.108 Thread 0x0000023a730a8070 15293       3       org.jetbrains.kotlin.backend.jvm.lower.JvmPropertiesLowering$visitClassNew$1::invoke (9 bytes)
Event: 15.108 Thread 0x0000023a730a8070 nmethod 15293 0x0000023a59151810 code [0x0000023a591519c0, 0x0000023a59151c08]
Event: 15.108 Thread 0x0000023a730a8070 15294       3       org.jetbrains.kotlin.backend.jvm.lower.JvmPropertiesLowering$visitClassNew$1::invoke (36 bytes)
Event: 15.109 Thread 0x0000023a730a8070 nmethod 15294 0x0000023a59151d10 code [0x0000023a59151f60, 0x0000023a59152938]
Event: 15.109 Thread 0x0000023a730a8070 15296       3       org.jetbrains.kotlin.ir.types.IrTypeUtilsKt::superTypes (62 bytes)
Event: 15.109 Thread 0x0000023a730a8070 nmethod 15296 0x0000023a59152c10 code [0x0000023a59152ec0, 0x0000023a59153f18]
Event: 15.109 Thread 0x0000023a730a8070 15287       3       org.jetbrains.kotlin.ir.visitors.IrElementTransformerVoid::visitEnumEntry (10 bytes)
Event: 15.110 Thread 0x0000023a730a8070 nmethod 15287 0x0000023a59154310 code [0x0000023a59154540, 0x0000023a59154d28]
Event: 15.110 Thread 0x0000023a730a8070 15288       3       org.jetbrains.kotlin.ir.visitors.IrElementTransformerVoid::visitEnumEntry (12 bytes)
Event: 15.110 Thread 0x0000023a730a8070 nmethod 15288 0x0000023a59155010 code [0x0000023a59155220, 0x0000023a591558a8]
Event: 15.110 Thread 0x0000023a730a8070 15289       3       org.jetbrains.kotlin.ir.visitors.IrElementTransformerVoid::visitEnumEntry (15 bytes)
Event: 15.110 Thread 0x0000023a730a8070 nmethod 15289 0x0000023a59155b10 code [0x0000023a59155d20, 0x0000023a591563a8]
Event: 15.110 Thread 0x0000023a730a8070 15279       3       org.jetbrains.kotlin.ir.visitors.IrElementTransformerVoid::visitSyntheticBody (13 bytes)
Event: 15.111 Thread 0x0000023a730a8070 nmethod 15279 0x0000023a59156610 code [0x0000023a59156820, 0x0000023a59156ea8]
Event: 15.111 Thread 0x0000023a730a8070 15280       3       org.jetbrains.kotlin.ir.visitors.IrElementTransformerVoid::visitSyntheticBody (16 bytes)
Event: 15.111 Thread 0x0000023a730a8070 nmethod 15280 0x0000023a59157110 code [0x0000023a59157320, 0x0000023a591579a8]
Event: 15.112 Thread 0x0000023a730a8070 15300       3       org.jetbrains.kotlin.ir.declarations.lazy.IrLazyValueParameter$type$2::invoke (5 bytes)
Event: 15.112 Thread 0x0000023a730a8070 nmethod 15300 0x0000023a59157c10 code [0x0000023a59157ec0, 0x0000023a59158a38]
Event: 15.112 Thread 0x0000023a730a8070 15302       3       org.jetbrains.kotlin.backend.jvm.lower.JvmMultiFieldValueClassLowering::visitParameter (279 bytes)

GC Heap History (20 events):
Event: 8.944 GC heap after
{Heap after GC invocations=24 (full 0):
 garbage-first heap   total 215040K, used 88236K [0x0000000703000000, 0x0000000800000000)
  region size 2048K, 6 young (12288K), 6 survivors (12288K)
 Metaspace       used 64363K, committed 64576K, reserved 1114112K
  class space    used 7502K, committed 7616K, reserved 1048576K
}
Event: 9.073 GC heap before
{Heap before GC invocations=24 (full 0):
 garbage-first heap   total 215040K, used 90284K [0x0000000703000000, 0x0000000800000000)
  region size 2048K, 7 young (14336K), 6 survivors (12288K)
 Metaspace       used 64456K, committed 64768K, reserved 1114112K
  class space    used 7503K, committed 7616K, reserved 1048576K
}
Event: 9.088 GC heap after
{Heap after GC invocations=25 (full 0):
 garbage-first heap   total 215040K, used 89219K [0x0000000703000000, 0x0000000800000000)
  region size 2048K, 1 young (2048K), 1 survivors (2048K)
 Metaspace       used 64456K, committed 64768K, reserved 1114112K
  class space    used 7503K, committed 7616K, reserved 1048576K
}
Event: 10.440 GC heap before
{Heap before GC invocations=25 (full 0):
 garbage-first heap   total 215040K, used 156803K [0x0000000703000000, 0x0000000800000000)
  region size 2048K, 34 young (69632K), 1 survivors (2048K)
 Metaspace       used 67118K, committed 67392K, reserved 1114112K
  class space    used 7753K, committed 7872K, reserved 1048576K
}
Event: 10.454 GC heap after
{Heap after GC invocations=26 (full 0):
 garbage-first heap   total 215040K, used 99436K [0x0000000703000000, 0x0000000800000000)
  region size 2048K, 5 young (10240K), 5 survivors (10240K)
 Metaspace       used 67118K, committed 67392K, reserved 1114112K
  class space    used 7753K, committed 7872K, reserved 1048576K
}
Event: 11.143 GC heap before
{Heap before GC invocations=26 (full 0):
 garbage-first heap   total 215040K, used 162924K [0x0000000703000000, 0x0000000800000000)
  region size 2048K, 36 young (73728K), 5 survivors (10240K)
 Metaspace       used 69179K, committed 69440K, reserved 1114112K
  class space    used 7957K, committed 8064K, reserved 1048576K
}
Event: 11.160 GC heap after
{Heap after GC invocations=27 (full 0):
 garbage-first heap   total 215040K, used 109994K [0x0000000703000000, 0x0000000800000000)
  region size 2048K, 5 young (10240K), 5 survivors (10240K)
 Metaspace       used 69179K, committed 69440K, reserved 1114112K
  class space    used 7957K, committed 8064K, reserved 1048576K
}
Event: 12.004 GC heap before
{Heap before GC invocations=27 (full 0):
 garbage-first heap   total 215040K, used 167338K [0x0000000703000000, 0x0000000800000000)
  region size 2048K, 33 young (67584K), 5 survivors (10240K)
 Metaspace       used 72695K, committed 72960K, reserved 1114112K
  class space    used 8277K, committed 8384K, reserved 1048576K
}
Event: 12.023 GC heap after
{Heap after GC invocations=28 (full 0):
 garbage-first heap   total 292864K, used 120650K [0x0000000703000000, 0x0000000800000000)
  region size 2048K, 5 young (10240K), 5 survivors (10240K)
 Metaspace       used 72695K, committed 72960K, reserved 1114112K
  class space    used 8277K, committed 8384K, reserved 1048576K
}
Event: 13.312 GC heap before
{Heap before GC invocations=29 (full 0):
 garbage-first heap   total 292864K, used 218954K [0x0000000703000000, 0x0000000800000000)
  region size 2048K, 53 young (108544K), 5 survivors (10240K)
 Metaspace       used 79354K, committed 79680K, reserved 1122304K
  class space    used 8959K, committed 9088K, reserved 1048576K
}
Event: 13.329 GC heap after
{Heap after GC invocations=30 (full 0):
 garbage-first heap   total 292864K, used 134331K [0x0000000703000000, 0x0000000800000000)
  region size 2048K, 7 young (14336K), 7 survivors (14336K)
 Metaspace       used 79354K, committed 79680K, reserved 1122304K
  class space    used 8959K, committed 9088K, reserved 1048576K
}
Event: 13.362 GC heap before
{Heap before GC invocations=30 (full 0):
 garbage-first heap   total 292864K, used 134331K [0x0000000703000000, 0x0000000800000000)
  region size 2048K, 8 young (16384K), 7 survivors (14336K)
 Metaspace       used 79856K, committed 80192K, reserved 1122304K
  class space    used 9015K, committed 9152K, reserved 1048576K
}
Event: 13.377 GC heap after
{Heap after GC invocations=31 (full 0):
 garbage-first heap   total 292864K, used 135337K [0x0000000703000000, 0x0000000800000000)
  region size 2048K, 1 young (2048K), 1 survivors (2048K)
 Metaspace       used 79856K, committed 80192K, reserved 1122304K
  class space    used 9015K, committed 9152K, reserved 1048576K
}
Event: 13.986 GC heap before
{Heap before GC invocations=31 (full 0):
 garbage-first heap   total 292864K, used 221353K [0x0000000703000000, 0x0000000800000000)
  region size 2048K, 43 young (88064K), 1 survivors (2048K)
 Metaspace       used 81108K, committed 81408K, reserved 1122304K
  class space    used 9088K, committed 9216K, reserved 1048576K
}
Event: 13.994 GC heap after
{Heap after GC invocations=32 (full 0):
 garbage-first heap   total 292864K, used 139433K [0x0000000703000000, 0x0000000800000000)
  region size 2048K, 3 young (6144K), 3 survivors (6144K)
 Metaspace       used 81108K, committed 81408K, reserved 1122304K
  class space    used 9088K, committed 9216K, reserved 1048576K
}
Event: 14.751 GC heap before
{Heap before GC invocations=33 (full 0):
 garbage-first heap   total 292864K, used 225449K [0x0000000703000000, 0x0000000800000000)
  region size 2048K, 45 young (92160K), 3 survivors (6144K)
 Metaspace       used 82118K, committed 82432K, reserved 1130496K
  class space    used 9163K, committed 9280K, reserved 1048576K
}
Event: 14.762 GC heap after
{Heap after GC invocations=34 (full 0):
 garbage-first heap   total 292864K, used 141995K [0x0000000703000000, 0x0000000800000000)
  region size 2048K, 5 young (10240K), 5 survivors (10240K)
 Metaspace       used 82118K, committed 82432K, reserved 1130496K
  class space    used 9163K, committed 9280K, reserved 1048576K
}
Event: 14.800 GC heap before
{Heap before GC invocations=34 (full 0):
 garbage-first heap   total 292864K, used 146091K [0x0000000703000000, 0x0000000800000000)
  region size 2048K, 7 young (14336K), 5 survivors (10240K)
 Metaspace       used 82142K, committed 82432K, reserved 1130496K
  class space    used 9163K, committed 9280K, reserved 1048576K
}
Event: 14.810 GC heap after
{Heap after GC invocations=35 (full 0):
 garbage-first heap   total 292864K, used 142073K [0x0000000703000000, 0x0000000800000000)
  region size 2048K, 1 young (2048K), 1 survivors (2048K)
 Metaspace       used 82142K, committed 82432K, reserved 1130496K
  class space    used 9163K, committed 9280K, reserved 1048576K
}
Event: 15.114 GC heap before
{Heap before GC invocations=35 (full 0):
 garbage-first heap   total 292864K, used 232185K [0x0000000703000000, 0x0000000800000000)
  region size 2048K, 45 young (92160K), 1 survivors (2048K)
 Metaspace       used 82235K, committed 82496K, reserved 1130496K
  class space    used 9163K, committed 9280K, reserved 1048576K
}

Dll operation events (2 events):
Event: 0.008 Loaded shared library C:\Program Files\Android\Android Studio\jbr\bin\java.dll
Event: 1.524 Loaded shared library C:\Program Files\Android\Android Studio\jbr\bin\verify.dll

Deoptimization events (20 events):
Event: 14.945 Thread 0x0000023a53cc09f0 DEOPT PACKING pc=0x0000023a5f37ffa0 sp=0x000000a44d6fc190
Event: 14.945 Thread 0x0000023a53cc09f0 DEOPT UNPACKING pc=0x0000023a5e7169a3 sp=0x000000a44d6fc148 mode 2
Event: 14.945 Thread 0x0000023a53cc09f0 Uncommon trap: trap_request=0xffffffbe fr.pc=0x0000023a5f37ffa0 relative=0x0000000000000280
Event: 14.945 Thread 0x0000023a53cc09f0 Uncommon trap: reason=profile_predicate action=maybe_recompile pc=0x0000023a5f37ffa0 method=org.jetbrains.kotlin.ir.util.TransformKt.transformInPlace([Lorg/jetbrains/kotlin/ir/IrElement;Lorg/jetbrains/kotlin/ir/visitors/IrElementTransformer;Ljava/lang/Obj
Event: 14.945 Thread 0x0000023a53cc09f0 DEOPT PACKING pc=0x0000023a5f37ffa0 sp=0x000000a44d6fc140
Event: 14.945 Thread 0x0000023a53cc09f0 DEOPT UNPACKING pc=0x0000023a5e7169a3 sp=0x000000a44d6fc0f8 mode 2
Event: 14.945 Thread 0x0000023a53cc09f0 Uncommon trap: trap_request=0xffffffbe fr.pc=0x0000023a5f37ffa0 relative=0x0000000000000280
Event: 14.945 Thread 0x0000023a53cc09f0 Uncommon trap: reason=profile_predicate action=maybe_recompile pc=0x0000023a5f37ffa0 method=org.jetbrains.kotlin.ir.util.TransformKt.transformInPlace([Lorg/jetbrains/kotlin/ir/IrElement;Lorg/jetbrains/kotlin/ir/visitors/IrElementTransformer;Ljava/lang/Obj
Event: 14.945 Thread 0x0000023a53cc09f0 DEOPT PACKING pc=0x0000023a5f37ffa0 sp=0x000000a44d6fc6d0
Event: 14.945 Thread 0x0000023a53cc09f0 DEOPT UNPACKING pc=0x0000023a5e7169a3 sp=0x000000a44d6fc688 mode 2
Event: 14.945 Thread 0x0000023a53cc09f0 Uncommon trap: trap_request=0xffffffbe fr.pc=0x0000023a5f37ffa0 relative=0x0000000000000280
Event: 14.945 Thread 0x0000023a53cc09f0 Uncommon trap: reason=profile_predicate action=maybe_recompile pc=0x0000023a5f37ffa0 method=org.jetbrains.kotlin.ir.util.TransformKt.transformInPlace([Lorg/jetbrains/kotlin/ir/IrElement;Lorg/jetbrains/kotlin/ir/visitors/IrElementTransformer;Ljava/lang/Obj
Event: 14.945 Thread 0x0000023a53cc09f0 DEOPT PACKING pc=0x0000023a5f37ffa0 sp=0x000000a44d6fc6d0
Event: 14.945 Thread 0x0000023a53cc09f0 DEOPT UNPACKING pc=0x0000023a5e7169a3 sp=0x000000a44d6fc688 mode 2
Event: 14.974 Thread 0x0000023a53cc09f0 Uncommon trap: trap_request=0xfffffff4 fr.pc=0x0000023a5f388174 relative=0x00000000000000d4
Event: 14.974 Thread 0x0000023a53cc09f0 Uncommon trap: reason=null_check action=make_not_entrant pc=0x0000023a5f388174 method=org.jetbrains.kotlin.backend.jvm.lower.RecordEnclosingMethodsLowering$lower$1.visitElement(Lorg/jetbrains/kotlin/ir/IrElement;Ljava/lang/Object;)Ljava/lang/Object; @ 3 c
Event: 14.974 Thread 0x0000023a53cc09f0 DEOPT PACKING pc=0x0000023a5f388174 sp=0x000000a44d6fd3a0
Event: 14.974 Thread 0x0000023a53cc09f0 DEOPT UNPACKING pc=0x0000023a5e7169a3 sp=0x000000a44d6fd328 mode 2
Event: 15.065 Thread 0x0000023a53cc09f0 DEOPT PACKING pc=0x0000023a58c90d1a sp=0x000000a44d6fd4f0
Event: 15.065 Thread 0x0000023a53cc09f0 DEOPT UNPACKING pc=0x0000023a5e717143 sp=0x000000a44d6fca70 mode 0

Classes unloaded (0 events):
No events

Classes redefined (0 events):
No events

Internal exceptions (20 events):
Event: 5.486 Thread 0x0000023a53cc09f0 Exception <a 'java/lang/NoSuchMethodError'{0x0000000712df6528}: 'int java.lang.invoke.DirectMethodHandle$Holder.invokeStaticInit(java.lang.Object, int)'> (0x0000000712df6528) 
thrown [s\src\hotspot\share\interpreter\linkResolver.cpp, line 771]
Event: 5.577 Thread 0x0000023a53cc09f0 Implicit null exception at 0x0000023a5ecb118f to 0x0000023a5ecb141c
Event: 5.579 Thread 0x0000023a53cc09f0 Implicit null exception at 0x0000023a5edc3b4c to 0x0000023a5edc3c54
Event: 5.693 Thread 0x0000023a53cc09f0 Exception <a 'java/lang/NoSuchMethodError'{0x0000000709b9ee30}: 'int java.lang.invoke.DirectMethodHandle$Holder.invokeInterface(java.lang.Object, java.lang.Object)'> (0x0000000709b9ee30) 
thrown [s\src\hotspot\share\interpreter\linkResolver.cpp, line 771]
Event: 5.871 Thread 0x0000023a53cc09f0 Exception <a 'java/lang/NoSuchMethodError'{0x00000007092888b8}: 'java.lang.Object java.lang.invoke.DirectMethodHandle$Holder.invokeStaticInit(java.lang.Object, java.lang.Object, java.lang.Object)'> (0x00000007092888b8) 
thrown [s\src\hotspot\share\interpreter\linkResolver.cpp, line 771]
Event: 6.172 Thread 0x0000023a53cc09f0 Implicit null exception at 0x0000023a5ee763a9 to 0x0000023a5ee77a14
Event: 6.233 Thread 0x0000023a53cc09f0 Exception <a 'java/lang/NoSuchMethodError'{0x0000000709c92708}: 'java.lang.Object java.lang.invoke.DirectMethodHandle$Holder.newInvokeSpecial(java.lang.Object, int, java.lang.Object)'> (0x0000000709c92708) 
thrown [s\src\hotspot\share\interpreter\linkResolver.cpp, line 771]
Event: 6.745 Thread 0x0000023a53cc09f0 Implicit null exception at 0x0000023a5ed8a820 to 0x0000023a5ed8a9b0
Event: 6.745 Thread 0x0000023a53cc09f0 Implicit null exception at 0x0000023a5ecc6ae0 to 0x0000023a5ecc6b7a
Event: 7.249 Thread 0x0000023a53cc09f0 Exception <a 'java/lang/NoSuchMethodError'{0x000000070ef0c7c0}: 'java.lang.Object java.lang.invoke.DirectMethodHandle$Holder.newInvokeSpecial(java.lang.Object, java.lang.Object, java.lang.Object, java.lang.Object, java.lang.Object, java.lang.Object, java.lang.Object)'> (0x000000070ef0c7c0) 
thrown [s\src\hotspot\share\interpreter\linkResolver.cpp, line 771]
Event: 7.249 Thread 0x0000023a53cc09f0 Exception <a 'java/lang/NoSuchMethodError'{0x000000070ef11378}: 'java.lang.Object java.lang.invoke.Invokers$Holder.linkToTargetMethod(java.lang.Object, java.lang.Object, java.lang.Object, java.lang.Object, java.lang.Object, java.lang.Object, java.lang.Object)'> (0x000000070ef11378) 
thrown [s\src\hotspot\share\interpreter\linkResolver.cpp, line 771]
Event: 8.220 Thread 0x0000023a53cc09f0 Implicit null exception at 0x0000023a5f0d2184 to 0x0000023a5f0d2a48
Event: 8.292 Thread 0x0000023a53cc09f0 Exception <a 'java/lang/NoSuchMethodError'{0x000000070c716030}: 'java.lang.Object java.lang.invoke.DirectMethodHandle$Holder.invokeStatic(java.lang.Object, int, java.lang.Object)'> (0x000000070c716030) 
thrown [s\src\hotspot\share\interpreter\linkResolver.cpp, line 771]
Event: 9.784 Thread 0x0000023a53cc09f0 Exception <a 'java/lang/NoSuchMethodError'{0x000000070d418220}: 'void java.lang.invoke.DirectMethodHandle$Holder.invokeSpecial(java.lang.Object, java.lang.Object, int, java.lang.Object)'> (0x000000070d418220) 
thrown [s\src\hotspot\share\interpreter\linkResolver.cpp, line 771]
Event: 9.866 Thread 0x0000023a53cc09f0 Exception <a 'java/lang/IncompatibleClassChangeError'{0x000000070d311b60}: Found class java.lang.Object, but interface was expected> (0x000000070d311b60) 
thrown [s\src\hotspot\share\interpreter\linkResolver.cpp, line 838]
Event: 10.088 Thread 0x0000023a53cc09f0 Exception <a 'java/lang/NoSuchMethodError'{0x000000070caf40a8}: 'java.lang.Object java.lang.invoke.DirectMethodHandle$Holder.invokeInterface(java.lang.Object, java.lang.Object, java.lang.Object)'> (0x000000070caf40a8) 
thrown [s\src\hotspot\share\interpreter\linkResolver.cpp, line 771]
Event: 10.088 Thread 0x0000023a53cc09f0 Exception <a 'java/lang/IncompatibleClassChangeError'{0x000000070caf7a18}: Found class java.lang.Object, but interface was expected> (0x000000070caf7a18) 
thrown [s\src\hotspot\share\interpreter\linkResolver.cpp, line 838]
Event: 12.093 Thread 0x0000023a53cc09f0 Exception <a 'java/lang/NoSuchMethodError'{0x0000000714950a70}: 'java.lang.Object java.lang.invoke.DirectMethodHandle$Holder.newInvokeSpecial(java.lang.Object, java.lang.Object, java.lang.Object, int, int, java.lang.Object)'> (0x0000000714950a70) 
thrown [s\src\hotspot\share\interpreter\linkResolver.cpp, line 771]
Event: 13.465 Thread 0x0000023a53cc09f0 Exception <a 'java/lang/NoSuchMethodError'{0x00000007146bfdb8}: 'java.lang.Object java.lang.invoke.DirectMethodHandle$Holder.newInvokeSpecial(java.lang.Object, int, java.lang.Object, java.lang.Object)'> (0x00000007146bfdb8) 
thrown [s\src\hotspot\share\interpreter\linkResolver.cpp, line 771]
Event: 14.974 Thread 0x0000023a53cc09f0 Implicit null exception at 0x0000023a5f3880d2 to 0x0000023a5f388161

VM Operations (20 events):
Event: 13.708 Executing VM operation: ICBufferFull done
Event: 13.854 Executing VM operation: ICBufferFull
Event: 13.854 Executing VM operation: ICBufferFull done
Event: 13.986 Executing VM operation: G1CollectForAllocation
Event: 13.994 Executing VM operation: G1CollectForAllocation done
Event: 14.213 Executing VM operation: G1Concurrent
Event: 14.220 Executing VM operation: G1Concurrent done
Event: 14.323 Executing VM operation: G1Concurrent
Event: 14.324 Executing VM operation: G1Concurrent done
Event: 14.473 Executing VM operation: HandshakeAllThreads
Event: 14.473 Executing VM operation: HandshakeAllThreads done
Event: 14.492 Executing VM operation: ICBufferFull
Event: 14.492 Executing VM operation: ICBufferFull done
Event: 14.668 Executing VM operation: ICBufferFull
Event: 14.668 Executing VM operation: ICBufferFull done
Event: 14.751 Executing VM operation: G1CollectForAllocation
Event: 14.762 Executing VM operation: G1CollectForAllocation done
Event: 14.800 Executing VM operation: G1CollectForAllocation
Event: 14.810 Executing VM operation: G1CollectForAllocation done
Event: 15.114 Executing VM operation: G1CollectForAllocation

Events (20 events):
Event: 13.194 Thread 0x0000023a730ab390 flushing nmethod 0x0000023a58b0bc90
Event: 13.194 Thread 0x0000023a730ab390 flushing nmethod 0x0000023a58b13f90
Event: 13.194 Thread 0x0000023a730ab390 flushing nmethod 0x0000023a58b2f710
Event: 13.194 Thread 0x0000023a730ab390 flushing nmethod 0x0000023a58b37b10
Event: 13.194 Thread 0x0000023a730ab390 flushing nmethod 0x0000023a58b39710
Event: 13.194 Thread 0x0000023a730ab390 flushing nmethod 0x0000023a58b3b290
Event: 13.194 Thread 0x0000023a730ab390 flushing nmethod 0x0000023a58b3e110
Event: 13.194 Thread 0x0000023a730ab390 flushing nmethod 0x0000023a58b4bd90
Event: 13.983 loading class java/util/concurrent/locks/AbstractQueuedSynchronizer$Node
Event: 13.983 loading class java/util/concurrent/locks/AbstractQueuedSynchronizer$Node done
Event: 14.475 Thread 0x0000023a730ab390 flushing nmethod 0x0000023a5ee95410
Event: 14.476 Thread 0x0000023a730ab390 flushing nmethod 0x0000023a5f006510
Event: 14.483 Thread 0x0000023a730ab390 flushing nmethod 0x0000023a578ace10
Event: 14.490 Thread 0x0000023a730ab390 flushing nmethod 0x0000023a57fc3010
Event: 14.491 Thread 0x0000023a730ab390 flushing nmethod 0x0000023a58121e90
Event: 14.492 Thread 0x0000023a730ab390 flushing nmethod 0x0000023a58203790
Event: 14.500 Thread 0x0000023a730ab390 flushing nmethod 0x0000023a58a32710
Event: 14.500 Thread 0x0000023a730ab390 flushing nmethod 0x0000023a58b05e90
Event: 14.500 Thread 0x0000023a730ab390 flushing nmethod 0x0000023a58b32c90
Event: 14.501 Thread 0x0000023a730ab390 flushing nmethod 0x0000023a58bc0010


Dynamic libraries:
0x00007ff63bcd0000 - 0x00007ff63bcda000 	C:\Program Files\Android\Android Studio\jbr\bin\java.exe
0x00007ffbf2370000 - 0x00007ffbf2568000 	C:\Windows\SYSTEM32\ntdll.dll
0x00007ffbf17a0000 - 0x00007ffbf185d000 	C:\Windows\System32\KERNEL32.DLL
0x00007ffbefc20000 - 0x00007ffbeff16000 	C:\Windows\System32\KERNELBASE.dll
0x00007ffbeff20000 - 0x00007ffbf0020000 	C:\Windows\System32\ucrtbase.dll
0x00007ffbd5980000 - 0x00007ffbd599b000 	C:\Program Files\Android\Android Studio\jbr\bin\VCRUNTIME140.dll
0x00007ffbd60b0000 - 0x00007ffbd60c7000 	C:\Program Files\Android\Android Studio\jbr\bin\jli.dll
0x00007ffbf2160000 - 0x00007ffbf22fe000 	C:\Windows\System32\USER32.dll
0x00007ffbef9f0000 - 0x00007ffbefa12000 	C:\Windows\System32\win32u.dll
0x00007ffbd4e00000 - 0x00007ffbd509a000 	C:\Windows\WinSxS\amd64_microsoft.windows.common-controls_6595b64144ccf1df_6.0.19041.3636_none_60b6a03d71f818d5\COMCTL32.dll
0x00007ffbf1710000 - 0x00007ffbf173b000 	C:\Windows\System32\GDI32.dll
0x00007ffbf0c20000 - 0x00007ffbf0cbe000 	C:\Windows\System32\msvcrt.dll
0x00007ffbf01d0000 - 0x00007ffbf02e7000 	C:\Windows\System32\gdi32full.dll
0x00007ffbefa20000 - 0x00007ffbefabd000 	C:\Windows\System32\msvcp_win.dll
0x00007ffbf0ab0000 - 0x00007ffbf0ae2000 	C:\Windows\System32\IMM32.DLL
0x00007ffbd5160000 - 0x00007ffbd516c000 	C:\Program Files\Android\Android Studio\jbr\bin\vcruntime140_1.dll
0x00007ffbbcf30000 - 0x00007ffbbcfbd000 	C:\Program Files\Android\Android Studio\jbr\bin\msvcp140.dll
0x00007ffb57e30000 - 0x00007ffb58a9e000 	C:\Program Files\Android\Android Studio\jbr\bin\server\jvm.dll
0x00007ffbf11b0000 - 0x00007ffbf1260000 	C:\Windows\System32\ADVAPI32.dll
0x00007ffbf20c0000 - 0x00007ffbf2160000 	C:\Windows\System32\sechost.dll
0x00007ffbf0af0000 - 0x00007ffbf0c15000 	C:\Windows\System32\RPCRT4.dll
0x00007ffbf02f0000 - 0x00007ffbf0317000 	C:\Windows\System32\bcrypt.dll
0x00007ffbeaef0000 - 0x00007ffbeaefa000 	C:\Windows\SYSTEM32\VERSION.dll
0x00007ffbe8f20000 - 0x00007ffbe8f29000 	C:\Windows\SYSTEM32\WSOCK32.dll
0x00007ffbd8c40000 - 0x00007ffbd8c67000 	C:\Windows\SYSTEM32\WINMM.dll
0x00007ffbf0cc0000 - 0x00007ffbf0d2b000 	C:\Windows\System32\WS2_32.dll
0x00007ffbed8a0000 - 0x00007ffbed8b2000 	C:\Windows\SYSTEM32\kernel.appcore.dll
0x00007ffbeac80000 - 0x00007ffbeac8a000 	C:\Program Files\Android\Android Studio\jbr\bin\jimage.dll
0x00007ffbe91a0000 - 0x00007ffbe9384000 	C:\Windows\SYSTEM32\DBGHELP.DLL
0x00007ffbe93f0000 - 0x00007ffbe9424000 	C:\Windows\SYSTEM32\dbgcore.DLL
0x00007ffbf0140000 - 0x00007ffbf01c2000 	C:\Windows\System32\bcryptPrimitives.dll
0x00007ffbded00000 - 0x00007ffbded25000 	C:\Program Files\Android\Android Studio\jbr\bin\java.dll
0x00007ffbdde70000 - 0x00007ffbdde88000 	C:\Program Files\Android\Android Studio\jbr\bin\zip.dll
0x00007ffbf1950000 - 0x00007ffbf20bb000 	C:\Windows\System32\SHELL32.dll
0x00007ffbedaa0000 - 0x00007ffbee23e000 	C:\Windows\SYSTEM32\windows.storage.dll
0x00007ffbf1340000 - 0x00007ffbf1693000 	C:\Windows\System32\combase.dll
0x00007ffbef420000 - 0x00007ffbef44e000 	C:\Windows\SYSTEM32\Wldp.dll
0x00007ffbf07e0000 - 0x00007ffbf08ad000 	C:\Windows\System32\OLEAUT32.dll
0x00007ffbf0a00000 - 0x00007ffbf0aad000 	C:\Windows\System32\SHCORE.dll
0x00007ffbf12e0000 - 0x00007ffbf1335000 	C:\Windows\System32\shlwapi.dll
0x00007ffbef920000 - 0x00007ffbef945000 	C:\Windows\SYSTEM32\profapi.dll
0x00007ffbdd980000 - 0x00007ffbdd999000 	C:\Program Files\Android\Android Studio\jbr\bin\net.dll
0x00007ffbe9b00000 - 0x00007ffbe9c0a000 	C:\Windows\SYSTEM32\WINHTTP.dll
0x00007ffbef180000 - 0x00007ffbef1ea000 	C:\Windows\system32\mswsock.dll
0x00007ffbd9110000 - 0x00007ffbd9126000 	C:\Program Files\Android\Android Studio\jbr\bin\nio.dll
0x00007ffbe7bd0000 - 0x00007ffbe7be0000 	C:\Program Files\Android\Android Studio\jbr\bin\verify.dll

dbghelp: loaded successfully - version: 4.0.5 - missing functions: none
symbol engine: initialized successfully - sym options: 0x614 - pdb path: .;C:\Program Files\Android\Android Studio\jbr\bin;C:\Windows\SYSTEM32;C:\Windows\WinSxS\amd64_microsoft.windows.common-controls_6595b64144ccf1df_6.0.19041.3636_none_60b6a03d71f818d5;C:\Program Files\Android\Android Studio\jbr\bin\server

VM Arguments:
java_command: org.jetbrains.kotlin.cli.jvm.K2JVMCompiler @C:\Users\josel\StudioProjects\NewEvent2\app\build\20240501_15903942712127337307.compiler.options
java_class_path (initial): C:\Users\josel\.gradle\caches\modules-2\files-2.1\org.jetbrains.kotlin\kotlin-compiler-embeddable\1.9.0\2c8c3a7402becca891f12739b3e9fd2dc2adbd7a\kotlin-compiler-embeddable-1.9.0.jar;C:\Users\josel\.gradle\caches\modules-2\files-2.1\org.jetbrains.kotlin\kotlin-stdlib\1.9.0\8ee15ef0c67dc83d874f412d84378d7f0eb50b63\kotlin-stdlib-1.9.0.jar;C:\Users\josel\.gradle\caches\modules-2\files-2.1\org.jetbrains.kotlin\kotlin-script-runtime\1.9.0\4b3102cbbb7e1b58d9d1adf89563f00069ffa7d1\kotlin-script-runtime-1.9.0.jar;C:\Users\josel\.gradle\caches\modules-2\files-2.1\org.jetbrains.kotlin\kotlin-reflect\1.6.10\1cbe9c92c12a94eea200d23c2bbaedaf3daf5132\kotlin-reflect-1.6.10.jar;C:\Users\josel\.gradle\caches\modules-2\files-2.1\org.jetbrains.kotlin\kotlin-daemon-embeddable\1.9.0\186543f5e28cf8d9a0290fecc2cf34301c40a65c\kotlin-daemon-embeddable-1.9.0.jar;C:\Users\josel\.gradle\caches\modules-2\files-2.1\org.jetbrains.intellij.deps\trove4j\1.0.20200330\3afb14d5f9ceb459d724e907a21145e8ff394f02\trove4j-1.0.20200330.jar;C:\Users\josel\.gradle\caches\modules-2\files-2.1\org.jetbrains.kotlin\kotlin-stdlib-common\1.9.0\cd65c21cfd1eec4d44ef09f9f52b6d9f8a720636\kotlin-stdlib-common-1.9.0.jar;C:\Users\josel\.gradle\caches\modules-2\files-2.1\org.jetbrains\annotations\13.0\919f0dfe192fb4e063e7dacadee7f8bb9a2672a9\annotations-13.0.jar
Launcher Type: SUN_STANDARD

[Global flags]
     intx CICompilerCount                          = 4                                         {product} {ergonomic}
     uint ConcGCThreads                            = 2                                         {product} {ergonomic}
     uint G1ConcRefinementThreads                  = 8                                         {product} {ergonomic}
   size_t G1HeapRegionSize                         = 2097152                                   {product} {ergonomic}
    uintx GCDrainStackTargetSize                   = 64                                        {product} {ergonomic}
   size_t InitialHeapSize                          = 266338304                                 {product} {ergonomic}
   size_t MarkStackSize                            = 4194304                                   {product} {ergonomic}
   size_t MaxHeapSize                              = 4244635648                                {product} {ergonomic}
   size_t MaxNewSize                               = 2545942528                                {product} {ergonomic}
   size_t MinHeapDeltaBytes                        = 2097152                                   {product} {ergonomic}
   size_t MinHeapSize                              = 8388608                                   {product} {ergonomic}
    uintx NonNMethodCodeHeapSize                   = 5839372                                {pd product} {ergonomic}
    uintx NonProfiledCodeHeapSize                  = 122909434                              {pd product} {ergonomic}
    uintx ProfiledCodeHeapSize                     = 122909434                              {pd product} {ergonomic}
    uintx ReservedCodeCacheSize                    = 251658240                              {pd product} {ergonomic}
     bool SegmentedCodeCache                       = true                                      {product} {ergonomic}
   size_t SoftMaxHeapSize                          = 4244635648                             {manageable} {ergonomic}
     bool UseCompressedClassPointers               = true                           {product lp64_product} {ergonomic}
     bool UseCompressedOops                        = true                           {product lp64_product} {ergonomic}
     bool UseG1GC                                  = true                                      {product} {ergonomic}
     bool UseLargePagesIndividualAllocation        = false                                  {pd product} {ergonomic}

Logging:
Log output configuration:
 #0: stdout all=warning uptime,level,tags
 #1: stderr all=off uptime,level,tags

Environment Variables:
JAVA_HOME=C:\Program Files\Java\jdk-21\bin
PATH=C:\Windows\system32;C:\Windows;C:\Windows\System32\Wbem;C:\Windows\System32\WindowsPowerShell\v1.0\;C:\Windows\System32\OpenSSH\;C:\Program Files (x86)\dotnet\;C:\Program Files\Calibre2\;C:\Program Files\nodejs\;C:\Users\josel\Downloads\apache-maven-3.9.5-bin\apache-maven-3.9.5\bin;C:\Program Files\Java\jdk-21\bin;C:\Program Files\Java\jdk-21;C:\Users\josel\AppData\Local\Android\Sdk\platform-tools;C:\Users\josel\AppData\Local\Microsoft\WindowsApps;C:\Users\josel\AppData\Local\Programs\Microsoft VS Code\bin;C:\Users\josel\AppData\Roaming\npm;C:\Users\josel\Downloads\apache-maven-3.9.5-bin\apache-maven-3.9.5\bin;C:\Program Files\Java\jdk-21;C:\Users\josel\AppData\Local\Android\Sdk\platform-tools;;C:\Program Files\JetBrains\IntelliJ IDEA 2023.2.4\bin;;C:\Program Files\JetBrains\IntelliJ IDEA Educational Edition 2022.2.2\bin;
USERNAME=josel
OS=Windows_NT
PROCESSOR_IDENTIFIER=Intel64 Family 6 Model 142 Stepping 12, GenuineIntel
TMP=C:\Users\josel\AppData\Local\Temp
TEMP=C:\Users\josel\AppData\Local\Temp


JNI global refs:
JNI global refs: 12, weak refs: 6

JNI global refs memory usage: 843, weak refs: 841


---------------  S Y S T E M  ---------------

OS:
 Windows 10 , 64 bit Build 19041 (10.0.19041.3636)
OS uptime: 9 days 5:30 hours

CPU: total 8 (initial active 8) (4 cores per cpu, 2 threads per core) family 6 model 142 stepping 12 microcode 0xf0, cx8, cmov, fxsr, ht, mmx, 3dnowpref, sse, sse2, sse3, ssse3, sse4.1, sse4.2, popcnt, lzcnt, tsc, tscinvbit, avx, avx2, aes, erms, clmul, bmi1, bmi2, adx, fma, vzeroupper, clflush, clflushopt

Memory: 4k page, system-wide physical 16190M (648M free)
TotalPageFile size 26190M (AvailPageFile size 149M)
current process WorkingSet (physical memory assigned to process): 531M, peak: 539M
current process commit charge ("private bytes"): 567M, peak: 883M

vm_info: OpenJDK 64-Bit Server VM (17.0.6+0-b2043.56-10027231) for windows-amd64 JRE (17.0.6+0-b2043.56-10027231), built on Apr 28 2023 00:43:19 by "androidbuild" with MS VC++ 16.10 / 16.11 (VS2019)

END.
