#
# There is insufficient memory for the Java Runtime Environment to continue.
# Native memory allocation (malloc) failed to allocate 2223600 bytes for Chunk::new
# Possible reasons:
#   The system is out of physical RAM or swap space
#   The process is running with CompressedOops enabled, and the Java Heap may be blocking the growth of the native heap
# Possible solutions:
#   Reduce memory load on the system
#   Increase physical memory or swap space
#   Check if swap backing store is full
#   Decrease Java heap size (-Xmx/-Xms)
#   Decrease number of Java threads
#   Decrease Java thread stack sizes (-Xss)
#   Set larger code cache with -XX:ReservedCodeCacheSize=
#   JVM is running with Zero Based Compressed Oops mode in which the Java heap is
#     placed in the first 32GB address space. The Java Heap base address is the
#     maximum limit for the native heap growth. Please use -XX:HeapBaseMinAddress
#     to set the Java Heap base and to place the Java Heap above 32GB virtual address.
# This output file may be truncated or incomplete.
#
#  Out of Memory Error (arena.cpp:189), pid=18992, tid=20572
#
# JRE version: OpenJDK Runtime Environment (17.0.6) (build 17.0.6+0-b2043.56-10027231)
# Java VM: OpenJDK 64-Bit Server VM (17.0.6+0-b2043.56-10027231, mixed mode, tiered, compressed oops, compressed class ptrs, g1 gc, windows-amd64)
# No core dump will be written. Minidumps are not enabled by default on client versions of Windows
#

---------------  S U M M A R Y ------------

Command Line: org.jetbrains.kotlin.cli.jvm.K2JVMCompiler @C:\Users\josel\StudioProjects\NewEvent2\app\build\20240430_11896643068429985379.compiler.options

Host: Intel(R) Core(TM) i7-8565U CPU @ 1.80GHz, 8 cores, 15G,  Windows 10 , 64 bit Build 19041 (10.0.19041.3636)
Time: Tue Apr 30 16:26:46 2024 Central Standard Time (Mexico) elapsed time: 19.934040 seconds (0d 0h 0m 19s)

---------------  T H R E A D  ---------------

Current thread (0x00000283b3cb88e0):  JavaThread "C2 CompilerThread1" daemon [_thread_in_native, id=20572, stack(0x000000d934500000,0x000000d934600000)]


Current CompileTask:
C2:  19934 13460       4       org.jetbrains.kotlin.load.java.typeEnhancement.JavaTypeEnhancement::enhanceInflexible (1024 bytes)

Stack: [0x000000d934500000,0x000000d934600000]
Native frames: (J=compiled Java code, j=interpreted, Vv=VM code, C=native code)
V  [jvm.dll+0x683c9a]
V  [jvm.dll+0x8427a4]
V  [jvm.dll+0x843f9e]
V  [jvm.dll+0x844603]
V  [jvm.dll+0x249b75]
V  [jvm.dll+0xabcac]
V  [jvm.dll+0xac27c]
V  [jvm.dll+0x368857]
V  [jvm.dll+0x1bced2]
V  [jvm.dll+0x21c359]
V  [jvm.dll+0x21b621]
V  [jvm.dll+0x1a4fdd]
V  [jvm.dll+0x22b098]
V  [jvm.dll+0x229159]
V  [jvm.dll+0x7f81ec]
V  [jvm.dll+0x7f274a]
V  [jvm.dll+0x682ad5]
C  [ucrtbase.dll+0x21bb2]
C  [KERNEL32.DLL+0x17344]
C  [ntdll.dll+0x526b1]


---------------  P R O C E S S  ---------------

Threads class SMR info:
_java_thread_list=0x00000283b3640a90, length=14, elements={
0x00000283927a67f0, 0x00000283b1c3d520, 0x00000283b1c3e390, 0x00000283b1c88a20,
0x00000283b1c8a5e0, 0x00000283b1c8d0a0, 0x00000283b1c8da50, 0x00000283b1c8e7e0,
0x00000283b1ca3b40, 0x00000283b1ca6540, 0x00000283b1e0a750, 0x00000283b1e16e90,
0x00000283b3cb88e0, 0x00000283b3640fa0
}

Java Threads: ( => current thread )
  0x00000283927a67f0 JavaThread "main" [_thread_in_Java, id=28884, stack(0x000000d933200000,0x000000d933300000)]
  0x00000283b1c3d520 JavaThread "Reference Handler" daemon [_thread_blocked, id=11244, stack(0x000000d933900000,0x000000d933a00000)]
  0x00000283b1c3e390 JavaThread "Finalizer" daemon [_thread_blocked, id=26980, stack(0x000000d933a00000,0x000000d933b00000)]
  0x00000283b1c88a20 JavaThread "Signal Dispatcher" daemon [_thread_blocked, id=30980, stack(0x000000d933b00000,0x000000d933c00000)]
  0x00000283b1c8a5e0 JavaThread "Attach Listener" daemon [_thread_blocked, id=11068, stack(0x000000d933c00000,0x000000d933d00000)]
  0x00000283b1c8d0a0 JavaThread "Service Thread" daemon [_thread_blocked, id=16484, stack(0x000000d933d00000,0x000000d933e00000)]
  0x00000283b1c8da50 JavaThread "Monitor Deflation Thread" daemon [_thread_blocked, id=15748, stack(0x000000d933e00000,0x000000d933f00000)]
  0x00000283b1c8e7e0 JavaThread "C2 CompilerThread0" daemon [_thread_in_native, id=26008, stack(0x000000d933f00000,0x000000d934000000)]
  0x00000283b1ca3b40 JavaThread "C1 CompilerThread0" daemon [_thread_blocked, id=19064, stack(0x000000d934000000,0x000000d934100000)]
  0x00000283b1ca6540 JavaThread "Sweeper thread" daemon [_thread_blocked, id=28792, stack(0x000000d934100000,0x000000d934200000)]
  0x00000283b1e0a750 JavaThread "Notification Thread" daemon [_thread_blocked, id=29116, stack(0x000000d934200000,0x000000d934300000)]
  0x00000283b1e16e90 JavaThread "Common-Cleaner" daemon [_thread_blocked, id=26224, stack(0x000000d934400000,0x000000d934500000)]
=>0x00000283b3cb88e0 JavaThread "C2 CompilerThread1" daemon [_thread_in_native, id=20572, stack(0x000000d934500000,0x000000d934600000)]
  0x00000283b3640fa0 JavaThread "C2 CompilerThread2" daemon [_thread_in_native, id=2412, stack(0x000000d934e00000,0x000000d934f00000)]

Other Threads:
  0x00000283b1059b20 VMThread "VM Thread" [stack: 0x000000d933800000,0x000000d933900000] [id=23348]
  0x0000028392824450 WatcherThread [stack: 0x000000d934300000,0x000000d934400000] [id=20508]
  0x000002839280c0f0 GCTaskThread "GC Thread#0" [stack: 0x000000d933300000,0x000000d933400000] [id=30960]
  0x00000283b2204be0 GCTaskThread "GC Thread#1" [stack: 0x000000d934600000,0x000000d934700000] [id=8580]
  0x00000283b2334980 GCTaskThread "GC Thread#2" [stack: 0x000000d934700000,0x000000d934800000] [id=12276]
  0x00000283b2334c30 GCTaskThread "GC Thread#3" [stack: 0x000000d934800000,0x000000d934900000] [id=19416]
  0x00000283b2334ee0 GCTaskThread "GC Thread#4" [stack: 0x000000d934900000,0x000000d934a00000] [id=31056]
  0x00000283b23d88e0 GCTaskThread "GC Thread#5" [stack: 0x000000d934a00000,0x000000d934b00000] [id=18504]
  0x00000283b2444b70 GCTaskThread "GC Thread#6" [stack: 0x000000d934b00000,0x000000d934c00000] [id=31388]
  0x00000283b2444e20 GCTaskThread "GC Thread#7" [stack: 0x000000d934c00000,0x000000d934d00000] [id=18044]
  0x000002839281cd30 ConcurrentGCThread "G1 Main Marker" [stack: 0x000000d933400000,0x000000d933500000] [id=10572]
  0x000002839281d740 ConcurrentGCThread "G1 Conc#0" [stack: 0x000000d933500000,0x000000d933600000] [id=17396]
  0x00000283b24450d0 ConcurrentGCThread "G1 Conc#1" [stack: 0x000000d934d00000,0x000000d934e00000] [id=29324]
  0x000002839286d710 ConcurrentGCThread "G1 Refine#0" [stack: 0x000000d933600000,0x000000d933700000] [id=31488]
  0x00000283b54ef230 ConcurrentGCThread "G1 Refine#1" [stack: 0x000000d934f00000,0x000000d935000000] [id=20880]
  0x00000283b54f1790 ConcurrentGCThread "G1 Refine#2" [stack: 0x000000d935000000,0x000000d935100000] [id=28460]
  0x00000283b54edb30 ConcurrentGCThread "G1 Refine#3" [stack: 0x000000d935100000,0x000000d935200000] [id=28956]
  0x00000283b9647060 ConcurrentGCThread "G1 Refine#4" [stack: 0x000000d935200000,0x000000d935300000] [id=15856]
  0x000002839286e130 ConcurrentGCThread "G1 Service" [stack: 0x000000d933700000,0x000000d933800000] [id=22968]

Threads with active compile tasks:
C2 CompilerThread0    19962 13703       4       org.jetbrains.kotlin.com.intellij.psi.stubs.MaterialStubList$1::visitStub (110 bytes)
C1 CompilerThread0    19962 14036       2       org.jetbrains.kotlin.resolve.calls.components.candidate.SimpleErrorResolutionCandidate::<init> (58 bytes)
C2 CompilerThread1    19962 13460       4       org.jetbrains.kotlin.load.java.typeEnhancement.JavaTypeEnhancement::enhanceInflexible (1024 bytes)
C2 CompilerThread2    19962 13726       4       org.jetbrains.org.objectweb.asm.ClassReader::readCode (5089 bytes)

VM state: not at safepoint (normal execution)

VM Mutex/Monitor currently owned by a thread: None

Heap address: 0x0000000703000000, size: 4048 MB, Compressed Oops mode: Zero based, Oop shift amount: 3

CDS archive(s) not mapped
Compressed class space mapped at: 0x0000000800000000-0x0000000840000000, reserved size: 1073741824
Narrow klass base: 0x0000000800000000, Narrow klass shift: 0, Narrow klass range: 0x40000000

GC Precious Log:
 CPUs: 8 total, 8 available
 Memory: 16190M
 Large Page Support: Disabled
 NUMA Support: Disabled
 Compressed Oops: Enabled (Zero based)
 Heap Region Size: 2M
 Heap Min Capacity: 8M
 Heap Initial Capacity: 254M
 Heap Max Capacity: 4048M
 Pre-touch: Disabled
 Parallel Workers: 8
 Concurrent Workers: 2
 Concurrent Refinement Workers: 8
 Periodic GC: Disabled

Heap:
 garbage-first heap   total 256000K, used 181523K [0x0000000703000000, 0x0000000800000000)
  region size 2048K, 44 young (90112K), 7 survivors (14336K)
 Metaspace       used 70700K, committed 71040K, reserved 1114112K
  class space    used 8078K, committed 8256K, reserved 1048576K

Heap Regions: E=young(eden), S=young(survivor), O=old, HS=humongous(starts), HC=humongous(continues), CS=collection set, F=free, OA=open archive, CA=closed archive, TAMS=top-at-mark-start (previous, next)
|   0|0x0000000703000000, 0x0000000703200000, 0x0000000703200000|100%|HS|  |TAMS 0x0000000703200000, 0x0000000703000000| Complete 
|   1|0x0000000703200000, 0x0000000703400000, 0x0000000703400000|100%|HC|  |TAMS 0x0000000703400000, 0x0000000703200000| Complete 
|   2|0x0000000703400000, 0x0000000703600000, 0x0000000703600000|100%| O|  |TAMS 0x0000000703600000, 0x0000000703400000| Untracked 
|   3|0x0000000703600000, 0x0000000703800000, 0x0000000703800000|100%|HS|  |TAMS 0x0000000703800000, 0x0000000703600000| Complete 
|   4|0x0000000703800000, 0x0000000703a00000, 0x0000000703a00000|100%| O|  |TAMS 0x0000000703a00000, 0x0000000703800000| Untracked 
|   5|0x0000000703a00000, 0x0000000703c00000, 0x0000000703c00000|100%| O|  |TAMS 0x0000000703c00000, 0x0000000703a00000| Untracked 
|   6|0x0000000703c00000, 0x0000000703e00000, 0x0000000703e00000|100%| O|  |TAMS 0x0000000703e00000, 0x0000000703c00000| Untracked 
|   7|0x0000000703e00000, 0x0000000704000000, 0x0000000704000000|100%| O|  |TAMS 0x0000000704000000, 0x0000000703e00000| Untracked 
|   8|0x0000000704000000, 0x0000000704200000, 0x0000000704200000|100%| O|  |TAMS 0x0000000704200000, 0x0000000704000000| Untracked 
|   9|0x0000000704200000, 0x0000000704400000, 0x0000000704400000|100%| O|  |TAMS 0x0000000704400000, 0x0000000704200000| Untracked 
|  10|0x0000000704400000, 0x0000000704600000, 0x0000000704600000|100%| O|  |TAMS 0x0000000704600000, 0x0000000704400000| Untracked 
|  11|0x0000000704600000, 0x0000000704800000, 0x0000000704800000|100%| O|  |TAMS 0x0000000704800000, 0x0000000704600000| Untracked 
|  12|0x0000000704800000, 0x0000000704a00000, 0x0000000704a00000|100%| O|  |TAMS 0x0000000704a00000, 0x0000000704800000| Untracked 
|  13|0x0000000704a00000, 0x0000000704c00000, 0x0000000704c00000|100%| O|  |TAMS 0x0000000704c00000, 0x0000000704a00000| Untracked 
|  14|0x0000000704c00000, 0x0000000704e00000, 0x0000000704e00000|100%| O|  |TAMS 0x0000000704e00000, 0x0000000704c00000| Untracked 
|  15|0x0000000704e00000, 0x0000000705000000, 0x0000000705000000|100%| O|  |TAMS 0x0000000705000000, 0x0000000704e00000| Untracked 
|  16|0x0000000705000000, 0x0000000705200000, 0x0000000705200000|100%| O|  |TAMS 0x0000000705200000, 0x0000000705000000| Untracked 
|  17|0x0000000705200000, 0x0000000705400000, 0x0000000705400000|100%| O|  |TAMS 0x0000000705400000, 0x0000000705200000| Untracked 
|  18|0x0000000705400000, 0x0000000705600000, 0x0000000705600000|100%| O|  |TAMS 0x0000000705600000, 0x0000000705400000| Untracked 
|  19|0x0000000705600000, 0x0000000705800000, 0x0000000705800000|100%| O|  |TAMS 0x0000000705800000, 0x0000000705600000| Untracked 
|  20|0x0000000705800000, 0x0000000705a00000, 0x0000000705a00000|100%| O|  |TAMS 0x0000000705a00000, 0x0000000705800000| Untracked 
|  21|0x0000000705a00000, 0x0000000705c00000, 0x0000000705c00000|100%| O|  |TAMS 0x0000000705c00000, 0x0000000705a00000| Untracked 
|  22|0x0000000705c00000, 0x0000000705e00000, 0x0000000705e00000|100%|HS|  |TAMS 0x0000000705e00000, 0x0000000705c00000| Complete 
|  23|0x0000000705e00000, 0x0000000706000000, 0x0000000706000000|100%| O|  |TAMS 0x0000000706000000, 0x0000000705e00000| Untracked 
|  24|0x0000000706000000, 0x0000000706200000, 0x0000000706200000|100%| O|  |TAMS 0x0000000706200000, 0x0000000706000000| Untracked 
|  25|0x0000000706200000, 0x0000000706400000, 0x0000000706400000|100%| O|  |TAMS 0x0000000706400000, 0x0000000706200000| Untracked 
|  26|0x0000000706400000, 0x0000000706600000, 0x0000000706600000|100%| O|  |TAMS 0x0000000706600000, 0x0000000706400000| Untracked 
|  27|0x0000000706600000, 0x0000000706800000, 0x0000000706800000|100%| O|  |TAMS 0x0000000706800000, 0x0000000706600000| Untracked 
|  28|0x0000000706800000, 0x0000000706a00000, 0x0000000706a00000|100%| O|  |TAMS 0x0000000706a00000, 0x0000000706800000| Untracked 
|  29|0x0000000706a00000, 0x0000000706c00000, 0x0000000706c00000|100%| O|  |TAMS 0x0000000706c00000, 0x0000000706a00000| Untracked 
|  30|0x0000000706c00000, 0x0000000706e00000, 0x0000000706e00000|100%| O|  |TAMS 0x0000000706e00000, 0x0000000706c00000| Untracked 
|  31|0x0000000706e00000, 0x0000000707000000, 0x0000000707000000|100%| O|  |TAMS 0x0000000707000000, 0x0000000706e00000| Untracked 
|  32|0x0000000707000000, 0x0000000707200000, 0x0000000707200000|100%| O|  |TAMS 0x0000000707200000, 0x0000000707000000| Untracked 
|  33|0x0000000707200000, 0x0000000707400000, 0x0000000707400000|100%| O|  |TAMS 0x0000000707400000, 0x0000000707200000| Untracked 
|  34|0x0000000707400000, 0x0000000707600000, 0x0000000707600000|100%| O|  |TAMS 0x0000000707400000, 0x0000000707400000| Untracked 
|  35|0x0000000707600000, 0x0000000707800000, 0x0000000707800000|100%| O|  |TAMS 0x0000000707800000, 0x0000000707600000| Untracked 
|  36|0x0000000707800000, 0x0000000707a00000, 0x0000000707a00000|100%| O|  |TAMS 0x00000007079e0600, 0x0000000707800000| Untracked 
|  37|0x0000000707a00000, 0x0000000707c00000, 0x0000000707c00000|100%| O|  |TAMS 0x0000000707a00000, 0x0000000707a00000| Untracked 
|  38|0x0000000707c00000, 0x0000000707e00000, 0x0000000707e00000|100%| O|  |TAMS 0x0000000707c00000, 0x0000000707c00000| Untracked 
|  39|0x0000000707e00000, 0x0000000708000000, 0x0000000708000000|100%| O|  |TAMS 0x0000000707e00000, 0x0000000707e00000| Untracked 
|  40|0x0000000708000000, 0x0000000708200000, 0x0000000708200000|100%| O|  |TAMS 0x0000000708000000, 0x0000000708000000| Untracked 
|  41|0x0000000708200000, 0x0000000708400000, 0x0000000708400000|100%| O|  |TAMS 0x0000000708200000, 0x0000000708200000| Untracked 
|  42|0x0000000708400000, 0x0000000708600000, 0x0000000708600000|100%| O|  |TAMS 0x0000000708400000, 0x0000000708400000| Untracked 
|  43|0x0000000708600000, 0x0000000708800000, 0x0000000708800000|100%| O|  |TAMS 0x0000000708600000, 0x0000000708600000| Untracked 
|  44|0x0000000708800000, 0x0000000708a00000, 0x0000000708a00000|100%| O|  |TAMS 0x0000000708800000, 0x0000000708800000| Untracked 
|  45|0x0000000708a00000, 0x0000000708b44c00, 0x0000000708c00000| 63%| O|  |TAMS 0x0000000708a00000, 0x0000000708a00000| Untracked 
|  46|0x0000000708c00000, 0x0000000708c00000, 0x0000000708e00000|  0%| F|  |TAMS 0x0000000708c00000, 0x0000000708c00000| Untracked 
|  47|0x0000000708e00000, 0x0000000708e00000, 0x0000000709000000|  0%| F|  |TAMS 0x0000000708e00000, 0x0000000708e00000| Untracked 
|  48|0x0000000709000000, 0x0000000709000000, 0x0000000709200000|  0%| F|  |TAMS 0x0000000709000000, 0x0000000709000000| Untracked 
|  49|0x0000000709200000, 0x0000000709200000, 0x0000000709400000|  0%| F|  |TAMS 0x0000000709200000, 0x0000000709200000| Untracked 
|  50|0x0000000709400000, 0x0000000709400000, 0x0000000709600000|  0%| F|  |TAMS 0x0000000709400000, 0x0000000709400000| Untracked 
|  51|0x0000000709600000, 0x0000000709600000, 0x0000000709800000|  0%| F|  |TAMS 0x0000000709600000, 0x0000000709600000| Untracked 
|  52|0x0000000709800000, 0x0000000709800000, 0x0000000709a00000|  0%| F|  |TAMS 0x0000000709800000, 0x0000000709800000| Untracked 
|  53|0x0000000709a00000, 0x0000000709a00000, 0x0000000709c00000|  0%| F|  |TAMS 0x0000000709a00000, 0x0000000709a00000| Untracked 
|  54|0x0000000709c00000, 0x0000000709c00000, 0x0000000709e00000|  0%| F|  |TAMS 0x0000000709c00000, 0x0000000709c00000| Untracked 
|  55|0x0000000709e00000, 0x0000000709e00000, 0x000000070a000000|  0%| F|  |TAMS 0x0000000709e00000, 0x0000000709e00000| Untracked 
|  56|0x000000070a000000, 0x000000070a000000, 0x000000070a200000|  0%| F|  |TAMS 0x000000070a000000, 0x000000070a000000| Untracked 
|  57|0x000000070a200000, 0x000000070a200000, 0x000000070a400000|  0%| F|  |TAMS 0x000000070a200000, 0x000000070a200000| Untracked 
|  58|0x000000070a400000, 0x000000070a400000, 0x000000070a600000|  0%| F|  |TAMS 0x000000070a400000, 0x000000070a400000| Untracked 
|  59|0x000000070a600000, 0x000000070a600000, 0x000000070a800000|  0%| F|  |TAMS 0x000000070a600000, 0x000000070a600000| Untracked 
|  60|0x000000070a800000, 0x000000070a800000, 0x000000070aa00000|  0%| F|  |TAMS 0x000000070a800000, 0x000000070a800000| Untracked 
|  61|0x000000070aa00000, 0x000000070aa00000, 0x000000070ac00000|  0%| F|  |TAMS 0x000000070aa00000, 0x000000070aa00000| Untracked 
|  62|0x000000070ac00000, 0x000000070ac00000, 0x000000070ae00000|  0%| F|  |TAMS 0x000000070ac00000, 0x000000070ac00000| Untracked 
|  63|0x000000070ae00000, 0x000000070ae00000, 0x000000070b000000|  0%| F|  |TAMS 0x000000070ae00000, 0x000000070ae00000| Untracked 
|  64|0x000000070b000000, 0x000000070b000000, 0x000000070b200000|  0%| F|  |TAMS 0x000000070b000000, 0x000000070b000000| Untracked 
|  65|0x000000070b200000, 0x000000070b200000, 0x000000070b400000|  0%| F|  |TAMS 0x000000070b200000, 0x000000070b200000| Untracked 
|  66|0x000000070b400000, 0x000000070b400000, 0x000000070b600000|  0%| F|  |TAMS 0x000000070b400000, 0x000000070b400000| Untracked 
|  67|0x000000070b600000, 0x000000070b800000, 0x000000070b800000|100%| S|CS|TAMS 0x000000070b600000, 0x000000070b600000| Complete 
|  68|0x000000070b800000, 0x000000070ba00000, 0x000000070ba00000|100%| S|CS|TAMS 0x000000070b800000, 0x000000070b800000| Complete 
|  69|0x000000070ba00000, 0x000000070bc00000, 0x000000070bc00000|100%| S|CS|TAMS 0x000000070ba00000, 0x000000070ba00000| Complete 
|  70|0x000000070bc00000, 0x000000070be00000, 0x000000070be00000|100%| S|CS|TAMS 0x000000070bc00000, 0x000000070bc00000| Complete 
|  71|0x000000070be00000, 0x000000070c000000, 0x000000070c000000|100%| S|CS|TAMS 0x000000070be00000, 0x000000070be00000| Complete 
|  72|0x000000070c000000, 0x000000070c000000, 0x000000070c200000|  0%| F|  |TAMS 0x000000070c000000, 0x000000070c000000| Untracked 
|  73|0x000000070c200000, 0x000000070c200000, 0x000000070c400000|  0%| F|  |TAMS 0x000000070c200000, 0x000000070c200000| Untracked 
|  74|0x000000070c400000, 0x000000070c400000, 0x000000070c600000|  0%| F|  |TAMS 0x000000070c400000, 0x000000070c400000| Untracked 
|  75|0x000000070c600000, 0x000000070c600000, 0x000000070c800000|  0%| F|  |TAMS 0x000000070c600000, 0x000000070c600000| Untracked 
|  76|0x000000070c800000, 0x000000070c800000, 0x000000070ca00000|  0%| F|  |TAMS 0x000000070c800000, 0x000000070c800000| Untracked 
|  77|0x000000070ca00000, 0x000000070cc00000, 0x000000070cc00000|100%| S|CS|TAMS 0x000000070ca00000, 0x000000070ca00000| Complete 
|  78|0x000000070cc00000, 0x000000070ce00000, 0x000000070ce00000|100%| S|CS|TAMS 0x000000070cc00000, 0x000000070cc00000| Complete 
|  79|0x000000070ce00000, 0x000000070ce00000, 0x000000070d000000|  0%| F|  |TAMS 0x000000070ce00000, 0x000000070ce00000| Untracked 
|  80|0x000000070d000000, 0x000000070d000000, 0x000000070d200000|  0%| F|  |TAMS 0x000000070d000000, 0x000000070d000000| Untracked 
|  81|0x000000070d200000, 0x000000070d200000, 0x000000070d400000|  0%| F|  |TAMS 0x000000070d200000, 0x000000070d200000| Untracked 
|  82|0x000000070d400000, 0x000000070d400000, 0x000000070d600000|  0%| F|  |TAMS 0x000000070d400000, 0x000000070d400000| Untracked 
|  83|0x000000070d600000, 0x000000070d600000, 0x000000070d800000|  0%| F|  |TAMS 0x000000070d600000, 0x000000070d600000| Untracked 
|  84|0x000000070d800000, 0x000000070d800000, 0x000000070da00000|  0%| F|  |TAMS 0x000000070d800000, 0x000000070d800000| Untracked 
|  85|0x000000070da00000, 0x000000070da00000, 0x000000070dc00000|  0%| F|  |TAMS 0x000000070da00000, 0x000000070da00000| Untracked 
|  86|0x000000070dc00000, 0x000000070dc00000, 0x000000070de00000|  0%| F|  |TAMS 0x000000070dc00000, 0x000000070dc00000| Untracked 
|  87|0x000000070de00000, 0x000000070de00000, 0x000000070e000000|  0%| F|  |TAMS 0x000000070de00000, 0x000000070de00000| Untracked 
|  88|0x000000070e000000, 0x000000070e100800, 0x000000070e200000| 50%| E|  |TAMS 0x000000070e000000, 0x000000070e000000| Complete 
|  89|0x000000070e200000, 0x000000070e400000, 0x000000070e400000|100%| E|CS|TAMS 0x000000070e200000, 0x000000070e200000| Complete 
|  90|0x000000070e400000, 0x000000070e600000, 0x000000070e600000|100%| E|CS|TAMS 0x000000070e400000, 0x000000070e400000| Complete 
|  91|0x000000070e600000, 0x000000070e800000, 0x000000070e800000|100%| E|CS|TAMS 0x000000070e600000, 0x000000070e600000| Complete 
|  92|0x000000070e800000, 0x000000070ea00000, 0x000000070ea00000|100%| E|CS|TAMS 0x000000070e800000, 0x000000070e800000| Complete 
|  93|0x000000070ea00000, 0x000000070ec00000, 0x000000070ec00000|100%| E|CS|TAMS 0x000000070ea00000, 0x000000070ea00000| Complete 
|  94|0x000000070ec00000, 0x000000070ee00000, 0x000000070ee00000|100%| E|CS|TAMS 0x000000070ec00000, 0x000000070ec00000| Complete 
|  95|0x000000070ee00000, 0x000000070f000000, 0x000000070f000000|100%| E|CS|TAMS 0x000000070ee00000, 0x000000070ee00000| Complete 
|  96|0x000000070f000000, 0x000000070f200000, 0x000000070f200000|100%| E|CS|TAMS 0x000000070f000000, 0x000000070f000000| Complete 
|  97|0x000000070f200000, 0x000000070f400000, 0x000000070f400000|100%| E|CS|TAMS 0x000000070f200000, 0x000000070f200000| Complete 
|  98|0x000000070f400000, 0x000000070f600000, 0x000000070f600000|100%| E|CS|TAMS 0x000000070f400000, 0x000000070f400000| Complete 
|  99|0x000000070f600000, 0x000000070f800000, 0x000000070f800000|100%| E|CS|TAMS 0x000000070f600000, 0x000000070f600000| Complete 
| 100|0x000000070f800000, 0x000000070fa00000, 0x000000070fa00000|100%| E|CS|TAMS 0x000000070f800000, 0x000000070f800000| Complete 
| 101|0x000000070fa00000, 0x000000070fc00000, 0x000000070fc00000|100%| E|CS|TAMS 0x000000070fa00000, 0x000000070fa00000| Complete 
| 102|0x000000070fc00000, 0x000000070fe00000, 0x000000070fe00000|100%| E|CS|TAMS 0x000000070fc00000, 0x000000070fc00000| Complete 
| 103|0x000000070fe00000, 0x0000000710000000, 0x0000000710000000|100%| E|CS|TAMS 0x000000070fe00000, 0x000000070fe00000| Complete 
| 104|0x0000000710000000, 0x0000000710200000, 0x0000000710200000|100%| E|CS|TAMS 0x0000000710000000, 0x0000000710000000| Complete 
| 105|0x0000000710200000, 0x0000000710400000, 0x0000000710400000|100%| E|CS|TAMS 0x0000000710200000, 0x0000000710200000| Complete 
| 106|0x0000000710400000, 0x0000000710600000, 0x0000000710600000|100%| E|CS|TAMS 0x0000000710400000, 0x0000000710400000| Complete 
| 107|0x0000000710600000, 0x0000000710800000, 0x0000000710800000|100%| E|CS|TAMS 0x0000000710600000, 0x0000000710600000| Complete 
| 108|0x0000000710800000, 0x0000000710a00000, 0x0000000710a00000|100%| E|CS|TAMS 0x0000000710800000, 0x0000000710800000| Complete 
| 109|0x0000000710a00000, 0x0000000710c00000, 0x0000000710c00000|100%| E|CS|TAMS 0x0000000710a00000, 0x0000000710a00000| Complete 
| 110|0x0000000710c00000, 0x0000000710e00000, 0x0000000710e00000|100%| E|CS|TAMS 0x0000000710c00000, 0x0000000710c00000| Complete 
| 111|0x0000000710e00000, 0x0000000711000000, 0x0000000711000000|100%| E|CS|TAMS 0x0000000710e00000, 0x0000000710e00000| Complete 
| 112|0x0000000711000000, 0x0000000711200000, 0x0000000711200000|100%| E|CS|TAMS 0x0000000711000000, 0x0000000711000000| Complete 
| 113|0x0000000711200000, 0x0000000711400000, 0x0000000711400000|100%| E|CS|TAMS 0x0000000711200000, 0x0000000711200000| Complete 
| 114|0x0000000711400000, 0x0000000711600000, 0x0000000711600000|100%| E|CS|TAMS 0x0000000711400000, 0x0000000711400000| Complete 
| 115|0x0000000711600000, 0x0000000711800000, 0x0000000711800000|100%| E|CS|TAMS 0x0000000711600000, 0x0000000711600000| Complete 
| 116|0x0000000711800000, 0x0000000711a00000, 0x0000000711a00000|100%| E|CS|TAMS 0x0000000711800000, 0x0000000711800000| Complete 
| 117|0x0000000711a00000, 0x0000000711c00000, 0x0000000711c00000|100%| E|CS|TAMS 0x0000000711a00000, 0x0000000711a00000| Complete 
| 118|0x0000000711c00000, 0x0000000711e00000, 0x0000000711e00000|100%| E|CS|TAMS 0x0000000711c00000, 0x0000000711c00000| Complete 
| 119|0x0000000711e00000, 0x0000000712000000, 0x0000000712000000|100%| E|CS|TAMS 0x0000000711e00000, 0x0000000711e00000| Complete 
| 120|0x0000000712000000, 0x0000000712200000, 0x0000000712200000|100%| E|CS|TAMS 0x0000000712000000, 0x0000000712000000| Complete 
| 121|0x0000000712200000, 0x0000000712400000, 0x0000000712400000|100%| E|CS|TAMS 0x0000000712200000, 0x0000000712200000| Complete 
| 122|0x0000000712400000, 0x0000000712600000, 0x0000000712600000|100%| E|CS|TAMS 0x0000000712400000, 0x0000000712400000| Complete 
| 123|0x0000000712600000, 0x0000000712800000, 0x0000000712800000|100%| E|CS|TAMS 0x0000000712600000, 0x0000000712600000| Complete 
| 126|0x0000000712c00000, 0x0000000712e00000, 0x0000000712e00000|100%| E|CS|TAMS 0x0000000712c00000, 0x0000000712c00000| Complete 

Card table byte_map: [0x00000283a5790000,0x00000283a5f80000] _byte_map_base: 0x00000283a1f78000

Marking Bits (Prev, Next): (CMBitMap*) 0x000002839280c700, (CMBitMap*) 0x000002839280c740
 Prev Bits: [0x00000283a6770000, 0x00000283aa6b0000)
 Next Bits: [0x00000283aa6b0000, 0x00000283ae5f0000)

Polling page: 0x00000283906b0000

Metaspace:

Usage:
  Non-class:     61.15 MB used.
      Class:      7.89 MB used.
       Both:     69.04 MB used.

Virtual space:
  Non-class space:       64.00 MB reserved,      61.31 MB ( 96%) committed,  8 nodes.
      Class space:        1.00 GB reserved,       8.06 MB ( <1%) committed,  1 nodes.
             Both:        1.06 GB reserved,      69.38 MB (  6%) committed. 

Chunk freelists:
   Non-Class:  2.67 MB
       Class:  3.97 MB
        Both:  6.64 MB

MaxMetaspaceSize: unlimited
CompressedClassSpaceSize: 1.00 GB
Initial GC threshold: 21.00 MB
Current GC threshold: 99.50 MB
CDS: off
MetaspaceReclaimPolicy: balanced
 - commit_granule_bytes: 65536.
 - commit_granule_words: 8192.
 - virtual_space_node_default_size: 1048576.
 - enlarge_chunks_in_place: 1.
 - new_chunks_are_fully_committed: 0.
 - uncommit_free_chunks: 1.
 - use_allocation_guard: 0.
 - handle_deallocations: 1.


Internal statistics:

num_allocs_failed_limit: 3.
num_arena_births: 348.
num_arena_deaths: 0.
num_vsnodes_births: 9.
num_vsnodes_deaths: 0.
num_space_committed: 1108.
num_space_uncommitted: 0.
num_chunks_returned_to_freelist: 3.
num_chunks_taken_from_freelist: 2735.
num_chunk_merges: 3.
num_chunk_splits: 2127.
num_chunks_enlarged: 1814.
num_purges: 0.
num_inconsistent_stats: 0.

CodeHeap 'non-profiled nmethods': size=120000Kb used=6804Kb max_used=6876Kb free=113195Kb
 bounds [0x000002839d740000, 0x000002839de10000, 0x00000283a4c70000]
CodeHeap 'profiled nmethods': size=120000Kb used=31676Kb max_used=31676Kb free=88323Kb
 bounds [0x0000028395c70000, 0x0000028397b60000, 0x000002839d1a0000]
CodeHeap 'non-nmethods': size=5760Kb used=1301Kb max_used=1439Kb free=4458Kb
 bounds [0x000002839d1a0000, 0x000002839d410000, 0x000002839d740000]
 total_blobs=11851 nmethods=11241 adapters=519
 compilation: enabled
              stopped_count=0, restarted_count=0
 full_count=0

Compilation events (20 events):
Event: 19.913 Thread 0x00000283b1ca3b40 14015       2       org.jetbrains.kotlin.com.intellij.psi.impl.source.PsiJavaCodeReferenceElementImpl::resolve (11 bytes)
Event: 19.913 Thread 0x00000283b1ca3b40 nmethod 14015 0x0000028397b56990 code [0x0000028397b56b60, 0x0000028397b56d78]
Event: 19.913 Thread 0x00000283b1ca3b40 14016       2       org.jetbrains.kotlin.com.intellij.psi.impl.source.PsiFieldImpl::getSelfModifierList (11 bytes)
Event: 19.914 Thread 0x00000283b1ca3b40 nmethod 14016 0x0000028397b56f10 code [0x0000028397b570c0, 0x0000028397b57248]
Event: 19.920 Thread 0x00000283b1ca3b40 14017       2       org.jetbrains.kotlin.load.java.structure.impl.JavaElementUtil::getAnnotations (52 bytes)
Event: 19.921 Thread 0x00000283b1ca3b40 nmethod 14017 0x0000028397b57310 code [0x0000028397b574e0, 0x0000028397b576c8]
Event: 19.922 Thread 0x00000283b1ca3b40 14018       2       java.util.stream.ReferencePipeline$Head::<init> (8 bytes)
Event: 19.922 Thread 0x00000283b1ca3b40 nmethod 14018 0x0000028397b57810 code [0x0000028397b579a0, 0x0000028397b57ac8]
Event: 19.922 Thread 0x00000283b1ca3b40 14019       2       java.util.stream.ReferencePipeline::<init> (8 bytes)
Event: 19.922 Thread 0x00000283b1ca3b40 nmethod 14019 0x0000028397b57b90 code [0x0000028397b57d20, 0x0000028397b57e48]
Event: 19.923 Thread 0x00000283b1ca3b40 14020       2       org.jetbrains.kotlin.load.java.structure.impl.JavaElementUtil::findAnnotation (59 bytes)
Event: 19.924 Thread 0x00000283b1ca3b40 nmethod 14020 0x0000028397b57f10 code [0x0000028397b58120, 0x0000028397b58518]
Event: 19.924 Thread 0x00000283b1ca3b40 14021       2       org.jetbrains.kotlin.com.intellij.openapi.util.text.StringUtil::getShortName (25 bytes)
Event: 19.924 Thread 0x00000283b1ca3b40 nmethod 14021 0x0000028397b58710 code [0x0000028397b588c0, 0x0000028397b58a58]
Event: 19.924 Thread 0x00000283b1ca3b40 14023       2       org.jetbrains.kotlin.com.intellij.psi.impl.source.PsiModifierListImpl::findAnnotation (15 bytes)
Event: 19.924 Thread 0x00000283b1ca3b40 nmethod 14023 0x0000028397b58b90 code [0x0000028397b58d40, 0x0000028397b58e98]
Event: 19.924 Thread 0x00000283b1ca3b40 14022       2       org.jetbrains.kotlin.com.intellij.psi.impl.source.PsiFieldImpl::getModifierList (109 bytes)
Event: 19.925 Thread 0x00000283b1ca3b40 nmethod 14022 0x0000028397b58f90 code [0x0000028397b59240, 0x0000028397b59948]
Event: 19.929 Thread 0x00000283b1ca3b40 14024       2       org.jetbrains.kotlin.resolve.calls.tower.TowerUtilsKt::isSynthesized (34 bytes)
Event: 19.930 Thread 0x00000283b1ca3b40 nmethod 14024 0x0000028397b59d90 code [0x0000028397b59f80, 0x0000028397b5a328]

GC Heap History (20 events):
Event: 8.286 GC heap before
{Heap before GC invocations=17 (full 0):
 garbage-first heap   total 116736K, used 87015K [0x0000000703000000, 0x0000000800000000)
  region size 2048K, 17 young (34816K), 3 survivors (6144K)
 Metaspace       used 58247K, committed 58496K, reserved 1105920K
  class space    used 6814K, committed 6912K, reserved 1048576K
}
Event: 8.318 GC heap after
{Heap after GC invocations=18 (full 0):
 garbage-first heap   total 116736K, used 65526K [0x0000000703000000, 0x0000000800000000)
  region size 2048K, 3 young (6144K), 3 survivors (6144K)
 Metaspace       used 58247K, committed 58496K, reserved 1105920K
  class space    used 6814K, committed 6912K, reserved 1048576K
}
Event: 8.969 GC heap before
{Heap before GC invocations=19 (full 0):
 garbage-first heap   total 116736K, used 90102K [0x0000000703000000, 0x0000000800000000)
  region size 2048K, 15 young (30720K), 3 survivors (6144K)
 Metaspace       used 60222K, committed 60480K, reserved 1105920K
  class space    used 7068K, committed 7232K, reserved 1048576K
}
Event: 8.995 GC heap after
{Heap after GC invocations=20 (full 0):
 garbage-first heap   total 116736K, used 70922K [0x0000000703000000, 0x0000000800000000)
  region size 2048K, 2 young (4096K), 2 survivors (4096K)
 Metaspace       used 60222K, committed 60480K, reserved 1105920K
  class space    used 7068K, committed 7232K, reserved 1048576K
}
Event: 9.365 GC heap before
{Heap before GC invocations=20 (full 0):
 garbage-first heap   total 116736K, used 91402K [0x0000000703000000, 0x0000000800000000)
  region size 2048K, 12 young (24576K), 2 survivors (4096K)
 Metaspace       used 60486K, committed 60800K, reserved 1105920K
  class space    used 7082K, committed 7232K, reserved 1048576K
}
Event: 9.384 GC heap after
{Heap after GC invocations=21 (full 0):
 garbage-first heap   total 116736K, used 75776K [0x0000000703000000, 0x0000000800000000)
  region size 2048K, 2 young (4096K), 2 survivors (4096K)
 Metaspace       used 60486K, committed 60800K, reserved 1105920K
  class space    used 7082K, committed 7232K, reserved 1048576K
}
Event: 9.716 GC heap before
{Heap before GC invocations=22 (full 0):
 garbage-first heap   total 137216K, used 94208K [0x0000000703000000, 0x0000000800000000)
  region size 2048K, 11 young (22528K), 2 survivors (4096K)
 Metaspace       used 60616K, committed 60928K, reserved 1105920K
  class space    used 7085K, committed 7232K, reserved 1048576K
}
Event: 9.727 GC heap after
{Heap after GC invocations=23 (full 0):
 garbage-first heap   total 137216K, used 79493K [0x0000000703000000, 0x0000000800000000)
  region size 2048K, 2 young (4096K), 2 survivors (4096K)
 Metaspace       used 60616K, committed 60928K, reserved 1105920K
  class space    used 7085K, committed 7232K, reserved 1048576K
}
Event: 10.005 GC heap before
{Heap before GC invocations=23 (full 0):
 garbage-first heap   total 137216K, used 106117K [0x0000000703000000, 0x0000000800000000)
  region size 2048K, 15 young (30720K), 2 survivors (4096K)
 Metaspace       used 60794K, committed 61120K, reserved 1105920K
  class space    used 7099K, committed 7232K, reserved 1048576K
}
Event: 10.021 GC heap after
{Heap after GC invocations=24 (full 0):
 garbage-first heap   total 137216K, used 83706K [0x0000000703000000, 0x0000000800000000)
  region size 2048K, 2 young (4096K), 2 survivors (4096K)
 Metaspace       used 60794K, committed 61120K, reserved 1105920K
  class space    used 7099K, committed 7232K, reserved 1048576K
}
Event: 10.355 GC heap before
{Heap before GC invocations=25 (full 0):
 garbage-first heap   total 153600K, used 108282K [0x0000000703000000, 0x0000000800000000)
  region size 2048K, 14 young (28672K), 2 survivors (4096K)
 Metaspace       used 60832K, committed 61120K, reserved 1105920K
  class space    used 7099K, committed 7232K, reserved 1048576K
}
Event: 10.371 GC heap after
{Heap after GC invocations=26 (full 0):
 garbage-first heap   total 153600K, used 88064K [0x0000000703000000, 0x0000000800000000)
  region size 2048K, 2 young (4096K), 2 survivors (4096K)
 Metaspace       used 60832K, committed 61120K, reserved 1105920K
  class space    used 7099K, committed 7232K, reserved 1048576K
}
Event: 10.406 GC heap before
{Heap before GC invocations=26 (full 0):
 garbage-first heap   total 153600K, used 90112K [0x0000000703000000, 0x0000000800000000)
  region size 2048K, 3 young (6144K), 2 survivors (4096K)
 Metaspace       used 60839K, committed 61184K, reserved 1105920K
  class space    used 7099K, committed 7232K, reserved 1048576K
}
Event: 10.418 GC heap after
{Heap after GC invocations=27 (full 0):
 garbage-first heap   total 256000K, used 88719K [0x0000000703000000, 0x0000000800000000)
  region size 2048K, 1 young (2048K), 1 survivors (2048K)
 Metaspace       used 60839K, committed 61184K, reserved 1105920K
  class space    used 7099K, committed 7232K, reserved 1048576K
}
Event: 11.097 GC heap before
{Heap before GC invocations=27 (full 0):
 garbage-first heap   total 256000K, used 180879K [0x0000000703000000, 0x0000000800000000)
  region size 2048K, 46 young (94208K), 1 survivors (2048K)
 Metaspace       used 61065K, committed 61440K, reserved 1105920K
  class space    used 7118K, committed 7296K, reserved 1048576K
}
Event: 11.105 GC heap after
{Heap after GC invocations=28 (full 0):
 garbage-first heap   total 256000K, used 93601K [0x0000000703000000, 0x0000000800000000)
  region size 2048K, 3 young (6144K), 3 survivors (6144K)
 Metaspace       used 61065K, committed 61440K, reserved 1105920K
  class space    used 7118K, committed 7296K, reserved 1048576K
}
Event: 13.288 GC heap before
{Heap before GC invocations=28 (full 0):
 garbage-first heap   total 256000K, used 183713K [0x0000000703000000, 0x0000000800000000)
  region size 2048K, 47 young (96256K), 3 survivors (6144K)
 Metaspace       used 65307K, committed 65600K, reserved 1114112K
  class space    used 7576K, committed 7744K, reserved 1048576K
}
Event: 13.300 GC heap after
{Heap after GC invocations=29 (full 0):
 garbage-first heap   total 256000K, used 98507K [0x0000000703000000, 0x0000000800000000)
  region size 2048K, 6 young (12288K), 6 survivors (12288K)
 Metaspace       used 65307K, committed 65600K, reserved 1114112K
  class space    used 7576K, committed 7744K, reserved 1048576K
}
Event: 17.378 GC heap before
{Heap before GC invocations=29 (full 0):
 garbage-first heap   total 256000K, used 190667K [0x0000000703000000, 0x0000000800000000)
  region size 2048K, 51 young (104448K), 6 survivors (12288K)
 Metaspace       used 69030K, committed 69376K, reserved 1114112K
  class space    used 7901K, committed 8064K, reserved 1048576K
}
Event: 17.401 GC heap after
{Heap after GC invocations=30 (full 0):
 garbage-first heap   total 256000K, used 107795K [0x0000000703000000, 0x0000000800000000)
  region size 2048K, 7 young (14336K), 7 survivors (14336K)
 Metaspace       used 69030K, committed 69376K, reserved 1114112K
  class space    used 7901K, committed 8064K, reserved 1048576K
}

Dll operation events (2 events):
Event: 0.006 Loaded shared library C:\Program Files\Android\Android Studio\jbr\bin\java.dll
Event: 1.603 Loaded shared library C:\Program Files\Android\Android Studio\jbr\bin\verify.dll

Deoptimization events (20 events):
Event: 19.756 Thread 0x00000283927a67f0 Uncommon trap: trap_request=0xffffffc6 fr.pc=0x000002839dcbbad4 relative=0x0000000000005e14
Event: 19.756 Thread 0x00000283927a67f0 Uncommon trap: reason=bimorphic_or_optimized_type_check action=maybe_recompile pc=0x000002839dcbbad4 method=org.jetbrains.org.objectweb.asm.ClassReader.readMethod(Lorg/jetbrains/org/objectweb/asm/ClassVisitor;Lorg/jetbrains/org/objectweb/asm/Context;I)I @
Event: 19.756 Thread 0x00000283927a67f0 DEOPT PACKING pc=0x000002839dcbbad4 sp=0x000000d9332f6810
Event: 19.756 Thread 0x00000283927a67f0 DEOPT UNPACKING pc=0x000002839d1f69a3 sp=0x000000d9332f67a8 mode 2
Event: 19.772 Thread 0x00000283927a67f0 Uncommon trap: trap_request=0xffffffde fr.pc=0x000002839dcc59d0 relative=0x0000000000004930
Event: 19.772 Thread 0x00000283927a67f0 Uncommon trap: reason=class_check action=maybe_recompile pc=0x000002839dcc59d0 method=org.jetbrains.kotlin.types.TypeSubstitutor.unsafeSubstitute(Lorg/jetbrains/kotlin/types/TypeProjection;Lorg/jetbrains/kotlin/descriptors/TypeParameterDescriptor;I)Lorg/j
Event: 19.772 Thread 0x00000283927a67f0 DEOPT PACKING pc=0x000002839dcc59d0 sp=0x000000d9332f8dc0
Event: 19.772 Thread 0x00000283927a67f0 DEOPT UNPACKING pc=0x000002839d1f69a3 sp=0x000000d9332f8da0 mode 2
Event: 19.772 Thread 0x00000283927a67f0 Uncommon trap: trap_request=0xffffffde fr.pc=0x000002839dcc59d0 relative=0x0000000000004930
Event: 19.772 Thread 0x00000283927a67f0 Uncommon trap: reason=class_check action=maybe_recompile pc=0x000002839dcc59d0 method=org.jetbrains.kotlin.types.TypeSubstitutor.unsafeSubstitute(Lorg/jetbrains/kotlin/types/TypeProjection;Lorg/jetbrains/kotlin/descriptors/TypeParameterDescriptor;I)Lorg/j
Event: 19.772 Thread 0x00000283927a67f0 DEOPT PACKING pc=0x000002839dcc59d0 sp=0x000000d9332f8dc0
Event: 19.772 Thread 0x00000283927a67f0 DEOPT UNPACKING pc=0x000002839d1f69a3 sp=0x000000d9332f8da0 mode 2
Event: 19.773 Thread 0x00000283927a67f0 Uncommon trap: trap_request=0xffffffde fr.pc=0x000002839dcc59d0 relative=0x0000000000004930
Event: 19.773 Thread 0x00000283927a67f0 Uncommon trap: reason=class_check action=maybe_recompile pc=0x000002839dcc59d0 method=org.jetbrains.kotlin.types.TypeSubstitutor.unsafeSubstitute(Lorg/jetbrains/kotlin/types/TypeProjection;Lorg/jetbrains/kotlin/descriptors/TypeParameterDescriptor;I)Lorg/j
Event: 19.773 Thread 0x00000283927a67f0 DEOPT PACKING pc=0x000002839dcc59d0 sp=0x000000d9332f8dc0
Event: 19.773 Thread 0x00000283927a67f0 DEOPT UNPACKING pc=0x000002839d1f69a3 sp=0x000000d9332f8da0 mode 2
Event: 19.846 Thread 0x00000283927a67f0 Uncommon trap: trap_request=0xffffffde fr.pc=0x000002839dbe5a64 relative=0x0000000000005124
Event: 19.846 Thread 0x00000283927a67f0 Uncommon trap: reason=class_check action=maybe_recompile pc=0x000002839dbe5a64 method=org.jetbrains.kotlin.cli.jvm.index.JvmDependenciesIndexImpl.search(Lorg/jetbrains/kotlin/cli/jvm/index/JvmDependenciesIndexImpl$SearchRequest;Lkotlin/jvm/functions/Funct
Event: 19.846 Thread 0x00000283927a67f0 DEOPT PACKING pc=0x000002839dbe5a64 sp=0x000000d9332f9d00
Event: 19.846 Thread 0x00000283927a67f0 DEOPT UNPACKING pc=0x000002839d1f69a3 sp=0x000000d9332f9cd0 mode 2

Classes unloaded (0 events):
No events

Classes redefined (0 events):
No events

Internal exceptions (20 events):
Event: 8.850 Thread 0x00000283927a67f0 Exception <a 'java/lang/NoSuchMethodError'{0x0000000708e6c5f0}: 'java.lang.Object java.lang.invoke.DirectMethodHandle$Holder.invokeStaticInit(java.lang.Object, java.lang.Object, java.lang.Object)'> (0x0000000708e6c5f0) 
thrown [s\src\hotspot\share\interpreter\linkResolver.cpp, line 771]
Event: 9.091 Thread 0x00000283927a67f0 Exception <a 'java/lang/NoSuchMethodError'{0x0000000709c6cad8}: 'java.lang.Object java.lang.invoke.DirectMethodHandle$Holder.newInvokeSpecial(java.lang.Object, int, java.lang.Object)'> (0x0000000709c6cad8) 
thrown [s\src\hotspot\share\interpreter\linkResolver.cpp, line 771]
Event: 9.112 Thread 0x00000283927a67f0 Implicit null exception at 0x000002839d7c480f to 0x000002839d7c4889
Event: 9.944 Thread 0x00000283927a67f0 Exception <a 'java/lang/NoSuchMethodError'{0x0000000709abab60}: 'java.lang.Object java.lang.invoke.DirectMethodHandle$Holder.invokeStatic(java.lang.Object, int, java.lang.Object)'> (0x0000000709abab60) 
thrown [s\src\hotspot\share\interpreter\linkResolver.cpp, line 771]
Event: 11.269 Thread 0x00000283927a67f0 Exception <a 'java/lang/NoSuchMethodError'{0x000000071025e320}: 'java.lang.Object java.lang.invoke.DirectMethodHandle$Holder.newInvokeSpecial(java.lang.Object, java.lang.Object, java.lang.Object, java.lang.Object, java.lang.Object, java.lang.Object, java.lang.Object)'> (0x000000071025e320) 
thrown [s\src\hotspot\share\interpreter\linkResolver.cpp, line 771]
Event: 11.269 Thread 0x00000283927a67f0 Exception <a 'java/lang/NoSuchMethodError'{0x0000000710262ed8}: 'java.lang.Object java.lang.invoke.Invokers$Holder.linkToTargetMethod(java.lang.Object, java.lang.Object, java.lang.Object, java.lang.Object, java.lang.Object, java.lang.Object, java.lang.Object)'> (0x0000000710262ed8) 
thrown [s\src\hotspot\share\interpreter\linkResolver.cpp, line 771]
Event: 11.383 Thread 0x00000283927a67f0 Implicit null exception at 0x000002839d9b5fa0 to 0x000002839d9b652f
Event: 11.491 Thread 0x00000283927a67f0 Implicit null exception at 0x000002839d83d520 to 0x000002839d83d6b0
Event: 11.491 Thread 0x00000283927a67f0 Implicit null exception at 0x000002839d7a7ae0 to 0x000002839d7a7b7a
Event: 12.028 Thread 0x00000283927a67f0 Exception <a 'java/lang/NoSuchMethodError'{0x000000070ef05ba0}: 'int java.lang.invoke.DirectMethodHandle$Holder.invokeStaticInit(java.lang.Object, int)'> (0x000000070ef05ba0) 
thrown [s\src\hotspot\share\interpreter\linkResolver.cpp, line 771]
Event: 12.196 Thread 0x00000283927a67f0 Exception <a 'java/lang/NoSuchMethodError'{0x000000070eb950a8}: 'void java.lang.invoke.DirectMethodHandle$Holder.invokeSpecial(java.lang.Object, java.lang.Object, int, java.lang.Object)'> (0x000000070eb950a8) 
thrown [s\src\hotspot\share\interpreter\linkResolver.cpp, line 771]
Event: 12.418 Thread 0x00000283927a67f0 Implicit null exception at 0x000002839d9af457 to 0x000002839d9b1c3a
Event: 12.865 Thread 0x00000283927a67f0 Implicit null exception at 0x000002839da87800 to 0x000002839da8e024
Event: 13.699 Thread 0x00000283927a67f0 Exception <a 'java/lang/IncompatibleClassChangeError'{0x0000000711e06a38}: Found class java.lang.Object, but interface was expected> (0x0000000711e06a38) 
thrown [s\src\hotspot\share\interpreter\linkResolver.cpp, line 838]
Event: 13.911 Thread 0x00000283927a67f0 Exception <a 'java/lang/NoSuchMethodError'{0x0000000711dcb140}: 'java.lang.Object java.lang.invoke.DirectMethodHandle$Holder.invokeInterface(java.lang.Object, java.lang.Object, java.lang.Object)'> (0x0000000711dcb140) 
thrown [s\src\hotspot\share\interpreter\linkResolver.cpp, line 771]
Event: 13.911 Thread 0x00000283927a67f0 Exception <a 'java/lang/IncompatibleClassChangeError'{0x0000000711dceab0}: Found class java.lang.Object, but interface was expected> (0x0000000711dceab0) 
thrown [s\src\hotspot\share\interpreter\linkResolver.cpp, line 838]
Event: 14.344 Thread 0x00000283927a67f0 Implicit null exception at 0x000002839d927f90 to 0x000002839d928104
Event: 14.348 Thread 0x00000283927a67f0 Implicit null exception at 0x000002839dc32610 to 0x000002839dc326da
Event: 14.516 Thread 0x00000283927a67f0 Implicit null exception at 0x000002839dc01c0c to 0x000002839dc04438
Event: 14.958 Thread 0x00000283927a67f0 Exception <a 'java/lang/NoSuchMethodError'{0x000000070ff09d58}: 'java.lang.Object java.lang.invoke.DirectMethodHandle$Holder.newInvokeSpecial(java.lang.Object, int, java.lang.Object, java.lang.Object)'> (0x000000070ff09d58) 
thrown [s\src\hotspot\share\interpreter\linkResolver.cpp, line 771]

VM Operations (20 events):
Event: 17.874 Executing VM operation: ICBufferFull
Event: 17.874 Executing VM operation: ICBufferFull done
Event: 18.624 Executing VM operation: ICBufferFull
Event: 18.624 Executing VM operation: ICBufferFull done
Event: 18.755 Executing VM operation: HandshakeAllThreads
Event: 18.755 Executing VM operation: HandshakeAllThreads done
Event: 18.866 Executing VM operation: HandshakeAllThreads
Event: 18.866 Executing VM operation: HandshakeAllThreads done
Event: 18.914 Executing VM operation: HandshakeAllThreads
Event: 18.914 Executing VM operation: HandshakeAllThreads done
Event: 18.951 Executing VM operation: ICBufferFull
Event: 18.951 Executing VM operation: ICBufferFull done
Event: 19.179 Executing VM operation: ICBufferFull
Event: 19.180 Executing VM operation: ICBufferFull done
Event: 19.476 Executing VM operation: ICBufferFull
Event: 19.476 Executing VM operation: ICBufferFull done
Event: 19.540 Executing VM operation: HandshakeAllThreads
Event: 19.540 Executing VM operation: HandshakeAllThreads done
Event: 19.744 Executing VM operation: ICBufferFull
Event: 19.745 Executing VM operation: ICBufferFull done

Events (20 events):
Event: 17.745 Thread 0x00000283b1ca6540 flushing nmethod 0x00000283972d1190
Event: 17.745 Thread 0x00000283b1ca6540 flushing nmethod 0x00000283972db290
Event: 17.746 Thread 0x00000283b1ca6540 flushing nmethod 0x00000283972ee210
Event: 17.747 Thread 0x00000283b1ca6540 flushing nmethod 0x0000028397466610
Event: 17.747 Thread 0x00000283b1ca6540 flushing nmethod 0x000002839748da90
Event: 17.747 Thread 0x00000283b1ca6540 flushing nmethod 0x00000283974a6790
Event: 17.747 Thread 0x00000283b1ca6540 flushing nmethod 0x00000283974bcb10
Event: 17.747 Thread 0x00000283b1ca6540 flushing nmethod 0x00000283974f7e10
Event: 17.748 Thread 0x00000283b1ca6540 flushing nmethod 0x0000028397517c10
Event: 17.748 Thread 0x00000283b1ca6540 flushing nmethod 0x000002839751dd10
Event: 17.748 Thread 0x00000283b1ca6540 flushing nmethod 0x0000028397524710
Event: 17.748 Thread 0x00000283b1ca6540 flushing nmethod 0x0000028397536a10
Event: 17.749 Thread 0x00000283b1ca6540 flushing nmethod 0x000002839767b810
Event: 17.751 Thread 0x00000283b1ca6540 flushing nmethod 0x0000028397886a10
Event: 17.751 Thread 0x00000283b1ca6540 flushing nmethod 0x000002839791d210
Event: 17.751 Thread 0x00000283b1ca6540 flushing nmethod 0x0000028397920e10
Event: 17.751 Thread 0x00000283b1ca6540 flushing nmethod 0x000002839793e210
Event: 17.752 Thread 0x00000283b1ca6540 flushing nmethod 0x0000028397957490
Event: 17.752 Thread 0x00000283b1ca6540 flushing nmethod 0x0000028397960610
Event: 17.752 Thread 0x00000283b1ca6540 flushing nmethod 0x0000028397961010


Dynamic libraries:
0x00007ff769ed0000 - 0x00007ff769eda000 	C:\Program Files\Android\Android Studio\jbr\bin\java.exe
0x00007ffbf2370000 - 0x00007ffbf2568000 	C:\Windows\SYSTEM32\ntdll.dll
0x00007ffbf17a0000 - 0x00007ffbf185d000 	C:\Windows\System32\KERNEL32.DLL
0x00007ffbefc20000 - 0x00007ffbeff16000 	C:\Windows\System32\KERNELBASE.dll
0x00007ffbeff20000 - 0x00007ffbf0020000 	C:\Windows\System32\ucrtbase.dll
0x00007ffbb7400000 - 0x00007ffbb7417000 	C:\Program Files\Android\Android Studio\jbr\bin\jli.dll
0x00007ffbe73e0000 - 0x00007ffbe73fb000 	C:\Program Files\Android\Android Studio\jbr\bin\VCRUNTIME140.dll
0x00007ffbf2160000 - 0x00007ffbf22fe000 	C:\Windows\System32\USER32.dll
0x00007ffbd4e00000 - 0x00007ffbd509a000 	C:\Windows\WinSxS\amd64_microsoft.windows.common-controls_6595b64144ccf1df_6.0.19041.3636_none_60b6a03d71f818d5\COMCTL32.dll
0x00007ffbef9f0000 - 0x00007ffbefa12000 	C:\Windows\System32\win32u.dll
0x00007ffbf0c20000 - 0x00007ffbf0cbe000 	C:\Windows\System32\msvcrt.dll
0x00007ffbf1710000 - 0x00007ffbf173b000 	C:\Windows\System32\GDI32.dll
0x00007ffbf01d0000 - 0x00007ffbf02e7000 	C:\Windows\System32\gdi32full.dll
0x00007ffbefa20000 - 0x00007ffbefabd000 	C:\Windows\System32\msvcp_win.dll
0x00007ffbf0ab0000 - 0x00007ffbf0ae2000 	C:\Windows\System32\IMM32.DLL
0x00007ffbeac50000 - 0x00007ffbeac5c000 	C:\Program Files\Android\Android Studio\jbr\bin\vcruntime140_1.dll
0x00007ffb7c670000 - 0x00007ffb7c6fd000 	C:\Program Files\Android\Android Studio\jbr\bin\msvcp140.dll
0x00007ffb2a9f0000 - 0x00007ffb2b65e000 	C:\Program Files\Android\Android Studio\jbr\bin\server\jvm.dll
0x00007ffbf11b0000 - 0x00007ffbf1260000 	C:\Windows\System32\ADVAPI32.dll
0x00007ffbf20c0000 - 0x00007ffbf2160000 	C:\Windows\System32\sechost.dll
0x00007ffbf0af0000 - 0x00007ffbf0c15000 	C:\Windows\System32\RPCRT4.dll
0x00007ffbf02f0000 - 0x00007ffbf0317000 	C:\Windows\System32\bcrypt.dll
0x00007ffbe8f20000 - 0x00007ffbe8f29000 	C:\Windows\SYSTEM32\WSOCK32.dll
0x00007ffbd8c40000 - 0x00007ffbd8c67000 	C:\Windows\SYSTEM32\WINMM.dll
0x00007ffbeaef0000 - 0x00007ffbeaefa000 	C:\Windows\SYSTEM32\VERSION.dll
0x00007ffbf0cc0000 - 0x00007ffbf0d2b000 	C:\Windows\System32\WS2_32.dll
0x00007ffbed8a0000 - 0x00007ffbed8b2000 	C:\Windows\SYSTEM32\kernel.appcore.dll
0x00007ffbe79f0000 - 0x00007ffbe79fa000 	C:\Program Files\Android\Android Studio\jbr\bin\jimage.dll
0x00007ffbe91a0000 - 0x00007ffbe9384000 	C:\Windows\SYSTEM32\DBGHELP.DLL
0x00007ffbe93f0000 - 0x00007ffbe9424000 	C:\Windows\SYSTEM32\dbgcore.DLL
0x00007ffbf0140000 - 0x00007ffbf01c2000 	C:\Windows\System32\bcryptPrimitives.dll
0x00007ffbbcf20000 - 0x00007ffbbcf45000 	C:\Program Files\Android\Android Studio\jbr\bin\java.dll
0x00007ffbc66c0000 - 0x00007ffbc66d8000 	C:\Program Files\Android\Android Studio\jbr\bin\zip.dll
0x00007ffbf1950000 - 0x00007ffbf20bb000 	C:\Windows\System32\SHELL32.dll
0x00007ffbedaa0000 - 0x00007ffbee23e000 	C:\Windows\SYSTEM32\windows.storage.dll
0x00007ffbf1340000 - 0x00007ffbf1693000 	C:\Windows\System32\combase.dll
0x00007ffbef420000 - 0x00007ffbef44e000 	C:\Windows\SYSTEM32\Wldp.dll
0x00007ffbf07e0000 - 0x00007ffbf08ad000 	C:\Windows\System32\OLEAUT32.dll
0x00007ffbf0a00000 - 0x00007ffbf0aad000 	C:\Windows\System32\SHCORE.dll
0x00007ffbf12e0000 - 0x00007ffbf1335000 	C:\Windows\System32\shlwapi.dll
0x00007ffbef920000 - 0x00007ffbef945000 	C:\Windows\SYSTEM32\profapi.dll
0x00007ffbc3450000 - 0x00007ffbc3469000 	C:\Program Files\Android\Android Studio\jbr\bin\net.dll
0x00007ffbe9b00000 - 0x00007ffbe9c0a000 	C:\Windows\SYSTEM32\WINHTTP.dll
0x00007ffbef180000 - 0x00007ffbef1ea000 	C:\Windows\system32\mswsock.dll
0x00007ffbbc080000 - 0x00007ffbbc096000 	C:\Program Files\Android\Android Studio\jbr\bin\nio.dll
0x00007ffbe7820000 - 0x00007ffbe7830000 	C:\Program Files\Android\Android Studio\jbr\bin\verify.dll

dbghelp: loaded successfully - version: 4.0.5 - missing functions: none
symbol engine: initialized successfully - sym options: 0x614 - pdb path: .;C:\Program Files\Android\Android Studio\jbr\bin;C:\Windows\SYSTEM32;C:\Windows\WinSxS\amd64_microsoft.windows.common-controls_6595b64144ccf1df_6.0.19041.3636_none_60b6a03d71f818d5;C:\Program Files\Android\Android Studio\jbr\bin\server

VM Arguments:
java_command: org.jetbrains.kotlin.cli.jvm.K2JVMCompiler @C:\Users\josel\StudioProjects\NewEvent2\app\build\20240430_11896643068429985379.compiler.options
java_class_path (initial): C:\Users\josel\.gradle\caches\modules-2\files-2.1\org.jetbrains.kotlin\kotlin-compiler-embeddable\1.9.0\2c8c3a7402becca891f12739b3e9fd2dc2adbd7a\kotlin-compiler-embeddable-1.9.0.jar;C:\Users\josel\.gradle\caches\modules-2\files-2.1\org.jetbrains.kotlin\kotlin-stdlib\1.9.0\8ee15ef0c67dc83d874f412d84378d7f0eb50b63\kotlin-stdlib-1.9.0.jar;C:\Users\josel\.gradle\caches\modules-2\files-2.1\org.jetbrains.kotlin\kotlin-script-runtime\1.9.0\4b3102cbbb7e1b58d9d1adf89563f00069ffa7d1\kotlin-script-runtime-1.9.0.jar;C:\Users\josel\.gradle\caches\modules-2\files-2.1\org.jetbrains.kotlin\kotlin-reflect\1.6.10\1cbe9c92c12a94eea200d23c2bbaedaf3daf5132\kotlin-reflect-1.6.10.jar;C:\Users\josel\.gradle\caches\modules-2\files-2.1\org.jetbrains.kotlin\kotlin-daemon-embeddable\1.9.0\186543f5e28cf8d9a0290fecc2cf34301c40a65c\kotlin-daemon-embeddable-1.9.0.jar;C:\Users\josel\.gradle\caches\modules-2\files-2.1\org.jetbrains.intellij.deps\trove4j\1.0.20200330\3afb14d5f9ceb459d724e907a21145e8ff394f02\trove4j-1.0.20200330.jar;C:\Users\josel\.gradle\caches\modules-2\files-2.1\org.jetbrains.kotlin\kotlin-stdlib-common\1.9.0\cd65c21cfd1eec4d44ef09f9f52b6d9f8a720636\kotlin-stdlib-common-1.9.0.jar;C:\Users\josel\.gradle\caches\modules-2\files-2.1\org.jetbrains\annotations\13.0\919f0dfe192fb4e063e7dacadee7f8bb9a2672a9\annotations-13.0.jar
Launcher Type: SUN_STANDARD

[Global flags]
     intx CICompilerCount                          = 4                                         {product} {ergonomic}
     uint ConcGCThreads                            = 2                                         {product} {ergonomic}
     uint G1ConcRefinementThreads                  = 8                                         {product} {ergonomic}
   size_t G1HeapRegionSize                         = 2097152                                   {product} {ergonomic}
    uintx GCDrainStackTargetSize                   = 64                                        {product} {ergonomic}
   size_t InitialHeapSize                          = 266338304                                 {product} {ergonomic}
   size_t MarkStackSize                            = 4194304                                   {product} {ergonomic}
   size_t MaxHeapSize                              = 4244635648                                {product} {ergonomic}
   size_t MaxNewSize                               = 2545942528                                {product} {ergonomic}
   size_t MinHeapDeltaBytes                        = 2097152                                   {product} {ergonomic}
   size_t MinHeapSize                              = 8388608                                   {product} {ergonomic}
    uintx NonNMethodCodeHeapSize                   = 5839372                                {pd product} {ergonomic}
    uintx NonProfiledCodeHeapSize                  = 122909434                              {pd product} {ergonomic}
    uintx ProfiledCodeHeapSize                     = 122909434                              {pd product} {ergonomic}
    uintx ReservedCodeCacheSize                    = 251658240                              {pd product} {ergonomic}
     bool SegmentedCodeCache                       = true                                      {product} {ergonomic}
   size_t SoftMaxHeapSize                          = 4244635648                             {manageable} {ergonomic}
     bool UseCompressedClassPointers               = true                           {product lp64_product} {ergonomic}
     bool UseCompressedOops                        = true                           {product lp64_product} {ergonomic}
     bool UseG1GC                                  = true                                      {product} {ergonomic}
     bool UseLargePagesIndividualAllocation        = false                                  {pd product} {ergonomic}

Logging:
Log output configuration:
 #0: stdout all=warning uptime,level,tags
 #1: stderr all=off uptime,level,tags

Environment Variables:
JAVA_HOME=C:\Program Files\Java\jdk-21\bin
PATH=C:\Windows\system32;C:\Windows;C:\Windows\System32\Wbem;C:\Windows\System32\WindowsPowerShell\v1.0\;C:\Windows\System32\OpenSSH\;C:\Program Files (x86)\dotnet\;C:\Program Files\Calibre2\;C:\Program Files\nodejs\;C:\Users\josel\Downloads\apache-maven-3.9.5-bin\apache-maven-3.9.5\bin;C:\Program Files\Java\jdk-21\bin;C:\Program Files\Java\jdk-21;C:\Users\josel\AppData\Local\Android\Sdk\platform-tools;C:\Users\josel\AppData\Local\Microsoft\WindowsApps;C:\Users\josel\AppData\Local\Programs\Microsoft VS Code\bin;C:\Users\josel\AppData\Roaming\npm;C:\Users\josel\Downloads\apache-maven-3.9.5-bin\apache-maven-3.9.5\bin;C:\Program Files\Java\jdk-21;C:\Users\josel\AppData\Local\Android\Sdk\platform-tools;;C:\Program Files\JetBrains\IntelliJ IDEA 2023.2.4\bin;;C:\Program Files\JetBrains\IntelliJ IDEA Educational Edition 2022.2.2\bin;
USERNAME=josel
OS=Windows_NT
PROCESSOR_IDENTIFIER=Intel64 Family 6 Model 142 Stepping 12, GenuineIntel
TMP=C:\Users\josel\AppData\Local\Temp
TEMP=C:\Users\josel\AppData\Local\Temp


JNI global refs:
JNI global refs: 12, weak refs: 20

JNI global refs memory usage: 843, weak refs: 841


---------------  S Y S T E M  ---------------

OS:
 Windows 10 , 64 bit Build 19041 (10.0.19041.3636)
OS uptime: 8 days 4:37 hours

CPU: total 8 (initial active 8) (4 cores per cpu, 2 threads per core) family 6 model 142 stepping 12 microcode 0xf0, cx8, cmov, fxsr, ht, mmx, 3dnowpref, sse, sse2, sse3, ssse3, sse4.1, sse4.2, popcnt, lzcnt, tsc, tscinvbit, avx, avx2, aes, erms, clmul, bmi1, bmi2, adx, fma, vzeroupper, clflush, clflushopt

Memory: 4k page, system-wide physical 16190M (760M free)
TotalPageFile size 26190M (AvailPageFile size 6M)
current process WorkingSet (physical memory assigned to process): 485M, peak: 489M
current process commit charge ("private bytes"): 529M, peak: 532M

vm_info: OpenJDK 64-Bit Server VM (17.0.6+0-b2043.56-10027231) for windows-amd64 JRE (17.0.6+0-b2043.56-10027231), built on Apr 28 2023 00:43:19 by "androidbuild" with MS VC++ 16.10 / 16.11 (VS2019)

END.
