#
# There is insufficient memory for the Java Runtime Environment to continue.
# Native memory allocation (malloc) failed to allocate 32784 bytes for Chunk::new
# Possible reasons:
#   The system is out of physical RAM or swap space
#   The process is running with CompressedOops enabled, and the Java Heap may be blocking the growth of the native heap
# Possible solutions:
#   Reduce memory load on the system
#   Increase physical memory or swap space
#   Check if swap backing store is full
#   Decrease Java heap size (-Xmx/-Xms)
#   Decrease number of Java threads
#   Decrease Java thread stack sizes (-Xss)
#   Set larger code cache with -XX:ReservedCodeCacheSize=
#   JVM is running with Unscaled Compressed Oops mode in which the Java heap is
#     placed in the first 4GB address space. The Java Heap base address is the
#     maximum limit for the native heap growth. Please use -XX:HeapBaseMinAddress
#     to set the Java Heap base and to place the Java Heap above 4GB virtual address.
# This output file may be truncated or incomplete.
#
#  Out of Memory Error (allocation.cpp:389), pid=3660, tid=0x00000000000032d8
#
# JRE version: OpenJDK Runtime Environment (8.0_242-b01) (build 1.8.0_242-release-1644-b01)
# Java VM: OpenJDK 64-Bit Server VM (25.242-b01 mixed mode windows-amd64 compressed oops)
# Failed to write core dump. Minidumps are not enabled by default on client versions of Windows
#

---------------  T H R E A D  ---------------

Current thread (0x0000000019b92800):  JavaThread "C2 CompilerThread2" daemon [_thread_in_native, id=13016, stack(0x000000001a650000,0x000000001a750000)]

Stack: [0x000000001a650000,0x000000001a750000]
[error occurred during error reporting (printing stack bounds), id 0xc0000005]

Native frames: (J=compiled Java code, j=interpreted, Vv=VM code, C=native code)


Current CompileTask:
C2:   8707 4764       4       groovy.lang.MetaMethod::getMopName (105 bytes)


---------------  P R O C E S S  ---------------

Java Threads: ( => current thread )
  0x000000001b5f4000 JavaThread "Cache worker for Build Output Cleanup Cache (C:\Users\Public\AndroidStudioProjects\NewEvent2\.gradle\buildOutputCleanup)" [_thread_blocked, id=21880, stack(0x0000000025000000,0x0000000025100000)]
  0x000000001b5f4800 JavaThread "Build operations Thread 8" [_thread_blocked, id=17608, stack(0x0000000024900000,0x0000000024a00000)]
  0x000000001b5f7000 JavaThread "Build operations Thread 7" [_thread_blocked, id=3632, stack(0x0000000024800000,0x0000000024900000)]
  0x000000001b5f6000 JavaThread "Build operations Thread 6" [_thread_blocked, id=9212, stack(0x0000000024700000,0x0000000024800000)]
  0x000000001b5ef800 JavaThread "Build operations Thread 5" [_thread_blocked, id=13220, stack(0x0000000024600000,0x0000000024700000)]
  0x000000001b5f2800 JavaThread "Build operations Thread 4" [_thread_blocked, id=19432, stack(0x0000000024500000,0x0000000024600000)]
  0x000000001b5ec800 JavaThread "Build operations Thread 3" [_thread_blocked, id=22368, stack(0x0000000023f20000,0x0000000024020000)]
  0x000000001b5ee000 JavaThread "Build operations Thread 2" [_thread_blocked, id=15676, stack(0x0000000023e20000,0x0000000023f20000)]
  0x000000001b5ee800 JavaThread "Build operations" [_thread_blocked, id=13536, stack(0x0000000023d20000,0x0000000023e20000)]
  0x0000000019b9e800 JavaThread "Cache worker for execution history cache (C:\Users\Teacher\.gradle\caches\6.1.1\executionHistory)" [_thread_blocked, id=13752, stack(0x0000000022450000,0x0000000022550000)]
  0x0000000019b9d800 JavaThread "Cache worker for cache directory md-rule (C:\Users\Teacher\.gradle\caches\6.1.1\md-rule)" [_thread_blocked, id=17040, stack(0x00000000210b0000,0x00000000211b0000)]
  0x0000000019b9d000 JavaThread "Cache worker for cache directory md-supplier (C:\Users\Teacher\.gradle\caches\6.1.1\md-supplier)" [_thread_blocked, id=12504, stack(0x0000000020d10000,0x0000000020e10000)]
  0x0000000019b9c000 JavaThread "Cache worker for file hash cache (C:\Users\Public\AndroidStudioProjects\NewEvent2\.gradle\6.1.1\fileHashes)" [_thread_blocked, id=21840, stack(0x0000000020fb0000,0x00000000210b0000)]
  0x0000000019b9b800 JavaThread "Cache worker for checksums cache (C:\Users\Public\AndroidStudioProjects\NewEvent2\.gradle\checksums)" [_thread_blocked, id=22024, stack(0x0000000020eb0000,0x0000000020fb0000)]
  0x0000000019b9a800 JavaThread "Cache worker for file hash cache (C:\Users\Teacher\.gradle\caches\6.1.1\fileHashes)" [_thread_blocked, id=19800, stack(0x000000001e870000,0x000000001e970000)]
  0x0000000019b9f000 JavaThread "File lock request listener" [_thread_in_native, id=652, stack(0x000000001e770000,0x000000001e870000)]
  0x000000001c84b800 JavaThread "Cache worker for journal cache (C:\Users\Teacher\.gradle\caches\journal-1)" [_thread_blocked, id=3960, stack(0x000000001e670000,0x000000001e770000)]
  0x000000001c6cd800 JavaThread "Thread-9" [_thread_blocked, id=7128, stack(0x000000001e370000,0x000000001e470000)]
  0x000000001c72f800 JavaThread "Stdin handler" [_thread_blocked, id=6464, stack(0x000000001e270000,0x000000001e370000)]
  0x000000001c72b000 JavaThread "Asynchronous log dispatcher for DefaultDaemonConnection: socket connection from /127.0.0.1:52713 to /127.0.0.1:52714" [_thread_blocked, id=7232, stack(0x000000001e170000,0x000000001e270000)]
  0x000000001c704000 JavaThread "Daemon worker" [_thread_in_Java, id=10844, stack(0x000000001e070000,0x000000001e170000)]
  0x000000001c703000 JavaThread "Cancel handler" [_thread_blocked, id=14240, stack(0x000000001df70000,0x000000001e070000)]
  0x000000001c6b6800 JavaThread "Handler for socket connection from /127.0.0.1:52713 to /127.0.0.1:52714" [_thread_in_native, id=9432, stack(0x000000001dc70000,0x000000001dd70000)]
  0x000000001c6b6000 JavaThread "Daemon" [_thread_blocked, id=8332, stack(0x000000001db70000,0x000000001dc70000)]
  0x000000001c6a6000 JavaThread "Daemon periodic checks" [_thread_blocked, id=19164, stack(0x000000001da70000,0x000000001db70000)]
  0x000000001c73a000 JavaThread "Incoming local TCP Connector on port 52713" [_thread_in_native, id=7332, stack(0x000000001d830000,0x000000001d930000)]
  0x000000001c649800 JavaThread "Daemon health stats" [_thread_blocked, id=14640, stack(0x000000001d1f0000,0x000000001d2f0000)]
  0x0000000019c1c000 JavaThread "Service Thread" daemon [_thread_blocked, id=19868, stack(0x000000001a850000,0x000000001a950000)]
  0x0000000019ba0000 JavaThread "C1 CompilerThread3" daemon [_thread_blocked, id=13784, stack(0x000000001a750000,0x000000001a850000)]
=>0x0000000019b92800 JavaThread "C2 CompilerThread2" daemon [_thread_in_native, id=13016, stack(0x000000001a650000,0x000000001a750000)]
  0x0000000019b87800 JavaThread "C2 CompilerThread1" daemon [_thread_in_native, id=19944, stack(0x000000001a550000,0x000000001a650000)]
  0x0000000019b7f800 JavaThread "C2 CompilerThread0" daemon [_thread_blocked, id=13420, stack(0x000000001a450000,0x000000001a550000)]
  0x0000000019b7e800 JavaThread "Attach Listener" daemon [_thread_blocked, id=16408, stack(0x000000001a350000,0x000000001a450000)]
  0x0000000017d8e000 JavaThread "Signal Dispatcher" daemon [_thread_blocked, id=1220, stack(0x000000001a250000,0x000000001a350000)]
  0x0000000019b71000 JavaThread "Finalizer" daemon [_thread_blocked, id=21000, stack(0x000000001a050000,0x000000001a150000)]
  0x0000000019b70800 JavaThread "Reference Handler" daemon [_thread_blocked, id=18172, stack(0x0000000019f50000,0x000000001a050000)]
  0x0000000002aae000 JavaThread "main" [_thread_blocked, id=776, stack(0x0000000002b10000,0x0000000002c10000)]

Other Threads:
  0x0000000017d78000 VMThread [stack: 0x0000000019a50000,0x0000000019b50000] [id=9348]
  0x0000000019c1c800 WatcherThread [stack: 0x000000001a950000,0x000000001aa50000] [id=2484]

VM state:not at safepoint (normal execution)

VM Mutex/Monitor currently owned by a thread: None

heap address: 0x0000000080000000, size: 2048 MB, Compressed Oops mode: 32-bit
Narrow klass base: 0x0000000000000000, Narrow klass shift: 3
Compressed class space size: 1073741824 Address: 0x0000000100000000

Heap:
 PSYoungGen      total 169984K, used 106004K [0x00000000d5580000, 0x00000000e1c00000, 0x0000000100000000)
  eden space 158208K, 59% used [0x00000000d5580000,0x00000000db188f48,0x00000000df000000)
  from space 11776K, 99% used [0x00000000e1080000,0x00000000e1bfc168,0x00000000e1c00000)
  to   space 13312K, 0% used [0x00000000e0200000,0x00000000e0200000,0x00000000e0f00000)
 ParOldGen       total 143872K, used 16811K [0x0000000080000000, 0x0000000088c80000, 0x00000000d5580000)
  object space 143872K, 11% used [0x0000000080000000,0x000000008106af58,0x0000000088c80000)
 Metaspace       used 51352K, capacity 53056K, committed 53296K, reserved 1095680K
  class space    used 6829K, capacity 7207K, committed 7216K, reserved 1048576K

Card table byte_map: [0x00000000120d0000,0x00000000124e0000] byte_map_base: 0x0000000011cd0000

Marking Bits: (ParMarkBitMap*) 0x000000006ef0f030
 Begin Bits: [0x0000000012f90000, 0x0000000014f90000)
 End Bits:   [0x0000000014f90000, 0x0000000016f90000)

Polling page: 0x00000000011b0000

CodeCache: size=245760Kb used=14555Kb max_used=15436Kb free=231204Kb
 bounds [0x0000000002d10000, 0x0000000003c30000, 0x0000000011d10000]
 total_blobs=5009 nmethods=4241 adapters=679
 compilation: enabled

Compilation events (10 events):
Event: 8.578 Thread 0x0000000019b7f800 

Event: 8.613 Thread 0x0000000019b87800 nmethod 4719 0x000000000372d590 code [0x000000000372dd00, 0x00000000037341d0]
Event: 8.627 Thread 0x0000000019b92800 4760       4       java.net.URLStreamHandler::equals (45 bytes)
Event: 8.628 Thread 0x0000000019b92800 nmethod 4760 0x0000000003649290 code [0x00000000036493e0, 0x00000000036494c8]
Event: 8.702 Thread 0x0000000019b7f800 4761       4       java.lang.reflect.AccessibleObject::setAccessible0 (42 bytes)
Event: 8.702 Thread 0x0000000019ba0000 4762       3       java.util.ComparableTimSort::countRunAndMakeAscending (123 bytes)
Event: 8.703 Thread 0x0000000019b87800 4763       4       groovy.lang.MetaClassImpl$2::methodNameAction (169 bytes)
Event: 8.703 Thread 0x0000000019ba0000 nmethod 4762 0x0000000003333ed0 code [0x00000000033340e0, 0x0000000003334e88]
Event: 8.703 Thread 0x0000000019b92800 4764       4       groovy.lang.MetaMethod::getMopName (105 bytes)
Event: 8.703 Thread 0x0000000019b7f800 nmethod 4761 0x0000000002ff8210 code [0x0000000002ff8360, 0x0000000002ff83f8]

GC Heap History (10 events):
Event: 3.015 GC heap before
{Heap before GC invocations=6 (full 1):
 PSYoungGen      total 75776K, used 64446K [0x00000000d5580000, 0x00000000de980000, 0x0000000100000000)
  eden space 65024K, 99% used [0x00000000d5580000,0x00000000d946f818,0x00000000d9500000)
  from space 10752K, 0% used [0x00000000d9f80000,0x00000000d9f80000,0x00000000daa00000)
  to   space 10752K, 0% used [0x00000000d9500000,0x00000000d9500000,0x00000000d9f80000)
 ParOldGen       total 93696K, used 7427K [0x0000000080000000, 0x0000000085b80000, 0x00000000d5580000)
  object space 93696K, 7% used [0x0000000080000000,0x0000000080740df0,0x0000000085b80000)
 Metaspace       used 28238K, capacity 28912K, committed 29232K, reserved 1075200K
  class space    used 3893K, capacity 4127K, committed 4144K, reserved 1048576K
Event: 3.019 GC heap after
Heap after GC invocations=6 (full 1):
 PSYoungGen      total 75776K, used 8660K [0x00000000d5580000, 0x00000000dd700000, 0x0000000100000000)
  eden space 65024K, 0% used [0x00000000d5580000,0x00000000d5580000,0x00000000d9500000)
  from space 10752K, 80% used [0x00000000d9500000,0x00000000d9d75098,0x00000000d9f80000)
  to   space 12288K, 0% used [0x00000000dcb00000,0x00000000dcb00000,0x00000000dd700000)
 ParOldGen       total 93696K, used 7435K [0x0000000080000000, 0x0000000085b80000, 0x00000000d5580000)
  object space 93696K, 7% used [0x0000000080000000,0x0000000080742df0,0x0000000085b80000)
 Metaspace       used 28238K, capacity 28912K, committed 29232K, reserved 1075200K
  class space    used 3893K, capacity 4127K, committed 4144K, reserved 1048576K
}
Event: 3.413 GC heap before
{Heap before GC invocations=7 (full 1):
 PSYoungGen      total 75776K, used 73684K [0x00000000d5580000, 0x00000000dd700000, 0x0000000100000000)
  eden space 65024K, 100% used [0x00000000d5580000,0x00000000d9500000,0x00000000d9500000)
  from space 10752K, 80% used [0x00000000d9500000,0x00000000d9d75098,0x00000000d9f80000)
  to   space 12288K, 0% used [0x00000000dcb00000,0x00000000dcb00000,0x00000000dd700000)
 ParOldGen       total 93696K, used 7435K [0x0000000080000000, 0x0000000085b80000, 0x00000000d5580000)
  object space 93696K, 7% used [0x0000000080000000,0x0000000080742df0,0x0000000085b80000)
 Metaspace       used 32206K, capacity 33044K, committed 33328K, reserved 1077248K
  class space    used 4388K, capacity 4609K, committed 4656K, reserved 1048576K
Event: 3.419 GC heap after
Heap after GC invocations=7 (full 1):
 PSYoungGen      total 119296K, used 9061K [0x00000000d5580000, 0x00000000dd680000, 0x0000000100000000)
  eden space 107520K, 0% used [0x00000000d5580000,0x00000000d5580000,0x00000000dbe80000)
  from space 11776K, 76% used [0x00000000dcb00000,0x00000000dd3d96d0,0x00000000dd680000)
  to   space 12288K, 0% used [0x00000000dbe80000,0x00000000dbe80000,0x00000000dca80000)
 ParOldGen       total 93696K, used 7443K [0x0000000080000000, 0x0000000085b80000, 0x00000000d5580000)
  object space 93696K, 7% used [0x0000000080000000,0x0000000080744df0,0x0000000085b80000)
 Metaspace       used 32206K, capacity 33044K, committed 33328K, reserved 1077248K
  class space    used 4388K, capacity 4609K, committed 4656K, reserved 1048576K
}
Event: 3.658 GC heap before
{Heap before GC invocations=8 (full 1):
 PSYoungGen      total 119296K, used 57066K [0x00000000d5580000, 0x00000000dd680000, 0x0000000100000000)
  eden space 107520K, 44% used [0x00000000d5580000,0x00000000d8461350,0x00000000dbe80000)
  from space 11776K, 76% used [0x00000000dcb00000,0x00000000dd3d96d0,0x00000000dd680000)
  to   space 12288K, 0% used [0x00000000dbe80000,0x00000000dbe80000,0x00000000dca80000)
 ParOldGen       total 93696K, used 7443K [0x0000000080000000, 0x0000000085b80000, 0x00000000d5580000)
  object space 93696K, 7% used [0x0000000080000000,0x0000000080744df0,0x0000000085b80000)
 Metaspace       used 34435K, capacity 35338K, committed 35496K, reserved 1079296K
  class space    used 4719K, capacity 4934K, committed 5040K, reserved 1048576K
Event: 3.664 GC heap after
Heap after GC invocations=8 (full 1):
 PSYoungGen      total 119808K, used 9355K [0x00000000d5580000, 0x00000000e1c00000, 0x0000000100000000)
  eden space 107520K, 0% used [0x00000000d5580000,0x00000000d5580000,0x00000000dbe80000)
  from space 12288K, 76% used [0x00000000dbe80000,0x00000000dc7a2d50,0x00000000dca80000)
  to   space 11776K, 0% used [0x00000000e1080000,0x00000000e1080000,0x00000000e1c00000)
 ParOldGen       total 93696K, used 7451K [0x0000000080000000, 0x0000000085b80000, 0x00000000d5580000)
  object space 93696K, 7% used [0x0000000080000000,0x0000000080746df0,0x0000000085b80000)
 Metaspace       used 34435K, capacity 35338K, committed 35496K, reserved 1079296K
  class space    used 4719K, capacity 4934K, committed 5040K, reserved 1048576K
}
Event: 3.664 GC heap before
{Heap before GC invocations=9 (full 2):
 PSYoungGen      total 119808K, used 9355K [0x00000000d5580000, 0x00000000e1c00000, 0x0000000100000000)
  eden space 107520K, 0% used [0x00000000d5580000,0x00000000d5580000,0x00000000dbe80000)
  from space 12288K, 76% used [0x00000000dbe80000,0x00000000dc7a2d50,0x00000000dca80000)
  to   space 11776K, 0% used [0x00000000e1080000,0x00000000e1080000,0x00000000e1c00000)
 ParOldGen       total 93696K, used 7451K [0x0000000080000000, 0x0000000085b80000, 0x00000000d5580000)
  object space 93696K, 7% used [0x0000000080000000,0x0000000080746df0,0x0000000085b80000)
 Metaspace       used 34435K, capacity 35338K, committed 35496K, reserved 1079296K
  class space    used 4719K, capacity 4934K, committed 5040K, reserved 1048576K
Event: 3.694 GC heap after
Heap after GC invocations=9 (full 2):
 PSYoungGen      total 119808K, used 0K [0x00000000d5580000, 0x00000000e1c00000, 0x0000000100000000)
  eden space 107520K, 0% used [0x00000000d5580000,0x00000000d5580000,0x00000000dbe80000)
  from space 12288K, 0% used [0x00000000dbe80000,0x00000000dbe80000,0x00000000dca80000)
  to   space 11776K, 0% used [0x00000000e1080000,0x00000000e1080000,0x00000000e1c00000)
 ParOldGen       total 143872K, used 15908K [0x0000000080000000, 0x0000000088c80000, 0x00000000d5580000)
  object space 143872K, 11% used [0x0000000080000000,0x0000000080f89128,0x0000000088c80000)
 Metaspace       used 34435K, capacity 35338K, committed 35496K, reserved 1079296K
  class space    used 4719K, capacity 4934K, committed 5040K, reserved 1048576K
}
Event: 5.120 GC heap before
{Heap before GC invocations=10 (full 2):
 PSYoungGen      total 119808K, used 107520K [0x00000000d5580000, 0x00000000e1c00000, 0x0000000100000000)
  eden space 107520K, 100% used [0x00000000d5580000,0x00000000dbe80000,0x00000000dbe80000)
  from space 12288K, 0% used [0x00000000dbe80000,0x00000000dbe80000,0x00000000dca80000)
  to   space 11776K, 0% used [0x00000000e1080000,0x00000000e1080000,0x00000000e1c00000)
 ParOldGen       total 143872K, used 15908K [0x0000000080000000, 0x0000000088c80000, 0x00000000d5580000)
  object space 143872K, 11% used [0x0000000080000000,0x0000000080f89128,0x0000000088c80000)
 Metaspace       used 43281K, capacity 44846K, committed 44976K, reserved 1087488K
  class space    used 5864K, capacity 6207K, committed 6320K, reserved 1048576K
Event: 5.130 GC heap after
Heap after GC invocations=10 (full 2):
 PSYoungGen      total 169984K, used 11760K [0x00000000d5580000, 0x00000000e1c00000, 0x0000000100000000)
  eden space 158208K, 0% used [0x00000000d5580000,0x00000000d5580000,0x00000000df000000)
  from space 11776K, 99% used [0x00000000e1080000,0x00000000e1bfc168,0x00000000e1c00000)
  to   space 13312K, 0% used [0x00000000e0200000,0x00000000e0200000,0x00000000e0f00000)
 ParOldGen       total 143872K, used 16811K [0x0000000080000000, 0x0000000088c80000, 0x00000000d5580000)
  object space 143872K, 11% used [0x0000000080000000,0x000000008106af58,0x0000000088c80000)
 Metaspace       used 43281K, capacity 44846K, committed 44976K, reserved 1087488K
  class space    used 5864K, capacity 6207K, committed 6320K, reserved 1048576K
}

Deoptimization events (10 events):
Event: 6.817 Thread 0x000000001c704000 Uncommon trap: reason=bimorphic action=maybe_recompile pc=0x0000000003977b90 method=org.codehaus.groovy.runtime.metaclass.MetaMethodIndex.addMethodToList(Ljava/lang/Object;Lgroovy/lang/MetaMethod;)Ljava/lang/Object; @ 96
Event: 6.817 Thread 0x000000001c704000 Uncommon trap: reason=unstable_if action=reinterpret pc=0x0000000003a3ffb0 method=groovy.lang.MetaClassImpl$1MOPIter.methodNameAction(Ljava/lang/Class;Lorg/codehaus/groovy/runtime/metaclass/MetaMethodIndex$Entry;)V @ 182
Event: 7.815 Thread 0x000000001c704000 Uncommon trap: reason=unstable_if action=reinterpret pc=0x00000000030d26a4 method=java.lang.String.lastIndexOf([CII[CIII)I @ 17
Event: 7.815 Thread 0x000000001c704000 Uncommon trap: reason=unstable_if action=reinterpret pc=0x0000000003adda4c method=sun.net.www.protocol.jar.Handler.parseURL(Ljava/net/URL;Ljava/lang/String;II)V @ 116
Event: 8.484 Thread 0x000000001c704000 Uncommon trap: reason=bimorphic action=maybe_recompile pc=0x00000000039fd94c method=java.util.Arrays.binarySearch0([Ljava/lang/Object;IILjava/lang/Object;Ljava/util/Comparator;)I @ 48
Event: 8.484 Thread 0x000000001c704000 Uncommon trap: reason=bimorphic action=maybe_recompile pc=0x00000000039fd94c method=java.util.Arrays.binarySearch0([Ljava/lang/Object;IILjava/lang/Object;Ljava/util/Comparator;)I @ 48
Event: 8.484 Thread 0x000000001c704000 Uncommon trap: reason=bimorphic action=maybe_recompile pc=0x00000000039fd94c method=java.util.Arrays.binarySearch0([Ljava/lang/Object;IILjava/lang/Object;Ljava/util/Comparator;)I @ 48
Event: 8.484 Thread 0x000000001c704000 Uncommon trap: reason=bimorphic action=maybe_recompile pc=0x00000000039fd94c method=java.util.Arrays.binarySearch0([Ljava/lang/Object;IILjava/lang/Object;Ljava/util/Comparator;)I @ 48
Event: 8.501 Thread 0x000000001c704000 Uncommon trap: reason=unstable_if action=reinterpret pc=0x0000000003977afc method=org.codehaus.groovy.runtime.metaclass.MetaMethodIndex.isNonRealMethod(Lgroovy/lang/MetaMethod;)Z @ 4
Event: 8.512 Thread 0x000000001c704000 Uncommon trap: reason=unstable_if action=reinterpret pc=0x0000000003b3bef4 method=java.lang.ClassLoader.checkCerts(Ljava/lang/String;Ljava/security/CodeSource;)V @ 29

Classes redefined (0 events):
No events

Internal exceptions (10 events):
Event: 8.518 Thread 0x000000001c704000 Exception <a 'java/lang/ClassNotFoundException': org/gradle/api/internal/plugins/DefaultPluginCollectionBeanInfo> (0x00000000dab29b70) thrown at [C:\src\AOSP-openjdk-git\hotspot\src\share\vm\classfile\systemDictionary.cpp, line 210]
Event: 8.518 Thread 0x000000001c704000 Exception <a 'java/lang/ClassNotFoundException': org/gradle/api/internal/DefaultDomainObjectSetBeanInfo> (0x00000000dab65cb0) thrown at [C:\src\AOSP-openjdk-git\hotspot\src\share\vm\classfile\systemDictionary.cpp, line 210]
Event: 8.519 Thread 0x000000001c704000 Exception <a 'java/lang/ClassNotFoundException': org/gradle/api/internal/DefaultDomainObjectSetCustomizer> (0x00000000daba3d70) thrown at [C:\src\AOSP-openjdk-git\hotspot\src\share\vm\classfile\systemDictionary.cpp, line 210]
Event: 8.520 Thread 0x000000001c704000 Exception <a 'java/lang/ClassNotFoundException': org/gradle/api/internal/plugins/DefaultPluginCollectionCustomizer> (0x00000000dabf8620) thrown at [C:\src\AOSP-openjdk-git\hotspot\src\share\vm\classfile\systemDictionary.cpp, line 210]
Event: 8.521 Thread 0x000000001c704000 Exception <a 'java/lang/ClassNotFoundException': org/gradle/api/internal/plugins/DefaultPluginContainerCustomizer> (0x00000000dac6ede8) thrown at [C:\src\AOSP-openjdk-git\hotspot\src\share\vm\classfile\systemDictionary.cpp, line 210]
Event: 8.704 Thread 0x000000001c704000 Exception <a 'java/lang/ClassNotFoundException': com/android/build/gradle/internal/dsl/BaseAppModuleExtension_DecoratedBeanInfo> (0x00000000dafd2c50) thrown at [C:\src\AOSP-openjdk-git\hotspot\src\share\vm\classfile\systemDictionary.cpp, line 210]
Event: 8.704 Thread 0x000000001c704000 Exception <a 'java/lang/ClassNotFoundException': com/android/build/gradle/internal/dsl/BaseAppModuleExtensionBeanInfo> (0x00000000daff5438) thrown at [C:\src\AOSP-openjdk-git\hotspot\src\share\vm\classfile\systemDictionary.cpp, line 210]
Event: 8.704 Thread 0x000000001c704000 Exception <a 'java/lang/ClassNotFoundException': com/android/build/gradle/AppExtensionBeanInfo> (0x00000000db010218) thrown at [C:\src\AOSP-openjdk-git\hotspot\src\share\vm\classfile\systemDictionary.cpp, line 210]
Event: 8.705 Thread 0x000000001c704000 Exception <a 'java/lang/ClassNotFoundException': com/android/build/gradle/AbstractAppExtensionBeanInfo> (0x00000000db02db30) thrown at [C:\src\AOSP-openjdk-git\hotspot\src\share\vm\classfile\systemDictionary.cpp, line 210]
Event: 8.705 Thread 0x000000001c704000 Exception <a 'java/lang/ClassNotFoundException': com/android/build/gradle/TestedExtensionBeanInfo> (0x00000000db049738) thrown at [C:\src\AOSP-openjdk-git\hotspot\src\share\vm\classfile\systemDictionary.cpp, line 210]

Events (10 events):
Event: 8.704 loading class com/android/build/gradle/AppExtensionBeanInfo
Event: 8.704 loading class com/android/build/gradle/AppExtensionBeanInfo done
Event: 8.705 loading class com/android/build/gradle/AbstractAppExtensionBeanInfo
Event: 8.705 loading class com/android/build/gradle/AbstractAppExtensionBeanInfo done
Event: 8.705 loading class com/android/build/gradle/AbstractAppExtensionBeanInfo
Event: 8.705 loading class com/android/build/gradle/AbstractAppExtensionBeanInfo done
Event: 8.705 loading class com/android/build/gradle/TestedExtensionBeanInfo
Event: 8.705 loading class com/android/build/gradle/TestedExtensionBeanInfo done
Event: 8.705 loading class com/android/build/gradle/TestedExtensionBeanInfo
Event: 8.705 loading class com/android/build/gradle/TestedExtensionBeanInfo done


Dynamic libraries:
0x00007ff621930000 - 0x00007ff621961000 	C:\Program Files\Android\Android Studio\jre\bin\java.exe
0x00007ffcdb5b0000 - 0x00007ffcdb7a6000 	C:\Windows\SYSTEM32\ntdll.dll
0x00007ffcdb310000 - 0x00007ffcdb3cd000 	C:\Windows\System32\KERNEL32.DLL
0x00007ffcd8f80000 - 0x00007ffcd9249000 	C:\Windows\System32\KERNELBASE.dll
0x00007ffcda2d0000 - 0x00007ffcda37c000 	C:\Windows\System32\ADVAPI32.dll
0x00007ffcda0d0000 - 0x00007ffcda16e000 	C:\Windows\System32\msvcrt.dll
0x00007ffcdaf70000 - 0x00007ffcdb00c000 	C:\Windows\System32\sechost.dll
0x00007ffcda170000 - 0x00007ffcda29b000 	C:\Windows\System32\RPCRT4.dll
0x00007ffcd95e0000 - 0x00007ffcd9780000 	C:\Windows\System32\USER32.dll
0x00007ffcd9360000 - 0x00007ffcd9382000 	C:\Windows\System32\win32u.dll
0x00007ffcdb020000 - 0x00007ffcdb04a000 	C:\Windows\System32\GDI32.dll
0x00007ffcd9250000 - 0x00007ffcd935b000 	C:\Windows\System32\gdi32full.dll
0x00007ffcd94f0000 - 0x00007ffcd958d000 	C:\Windows\System32\msvcp_win.dll
0x00007ffcd93f0000 - 0x00007ffcd94f0000 	C:\Windows\System32\ucrtbase.dll
0x00007ffcb75b0000 - 0x00007ffcb784b000 	C:\Windows\WinSxS\amd64_microsoft.windows.common-controls_6595b64144ccf1df_6.0.19041.746_none_ca02b4b61b8320a4\COMCTL32.dll
0x00007ffcda2a0000 - 0x00007ffcda2d0000 	C:\Windows\System32\IMM32.DLL
0x000000006e4d0000 - 0x000000006e5a2000 	C:\Program Files\Android\Android Studio\jre\jre\bin\msvcr100.dll
0x000000006e740000 - 0x000000006ef8b000 	C:\Program Files\Android\Android Studio\jre\jre\bin\server\jvm.dll
0x00007ffcdb010000 - 0x00007ffcdb018000 	C:\Windows\System32\PSAPI.DLL
0x00007ffcbf6b0000 - 0x00007ffcbf6d7000 	C:\Windows\SYSTEM32\WINMM.dll
0x00007ffcd36c0000 - 0x00007ffcd36ca000 	C:\Windows\SYSTEM32\VERSION.dll
0x00007ffcd3340000 - 0x00007ffcd3349000 	C:\Windows\SYSTEM32\WSOCK32.dll
0x00007ffcda380000 - 0x00007ffcda3eb000 	C:\Windows\System32\WS2_32.dll
0x00007ffcd2d90000 - 0x00007ffcd2d9f000 	C:\Program Files\Android\Android Studio\jre\jre\bin\verify.dll
0x00007ffcd0c50000 - 0x00007ffcd0c79000 	C:\Program Files\Android\Android Studio\jre\jre\bin\java.dll
0x00007ffcd2cc0000 - 0x00007ffcd2cd6000 	C:\Program Files\Android\Android Studio\jre\jre\bin\zip.dll
0x00007ffcda3f0000 - 0x00007ffcdab32000 	C:\Windows\System32\SHELL32.dll
0x00007ffcd6dc0000 - 0x00007ffcd7550000 	C:\Windows\SYSTEM32\windows.storage.dll
0x00007ffcdab40000 - 0x00007ffcdae96000 	C:\Windows\System32\combase.dll
0x00007ffcd86b0000 - 0x00007ffcd86dc000 	C:\Windows\SYSTEM32\Wldp.dll
0x00007ffcdb430000 - 0x00007ffcdb4de000 	C:\Windows\System32\SHCORE.dll
0x00007ffcd98a0000 - 0x00007ffcd98f5000 	C:\Windows\System32\shlwapi.dll
0x00007ffcd8bf0000 - 0x00007ffcd8c16000 	C:\Windows\SYSTEM32\profapi.dll
0x00007ffcd1e10000 - 0x00007ffcd1e2a000 	C:\Program Files\Android\Android Studio\jre\jre\bin\net.dll
0x00007ffcd8430000 - 0x00007ffcd849a000 	C:\Windows\system32\mswsock.dll
0x00007ffcd0f50000 - 0x00007ffcd0f63000 	C:\Program Files\Android\Android Studio\jre\jre\bin\nio.dll
0x00007ffcc7190000 - 0x00007ffcc71b6000 	C:\Users\Teacher\.gradle\native\31\windows-amd64\native-platform.dll
0x00007ffcd2750000 - 0x00007ffcd275d000 	C:\Program Files\Android\Android Studio\jre\jre\bin\management.dll
0x00007ffcd8600000 - 0x00007ffcd8618000 	C:\Windows\SYSTEM32\CRYPTSP.dll
0x00007ffcd7dd0000 - 0x00007ffcd7e04000 	C:\Windows\system32\rsaenh.dll
0x00007ffcd8d40000 - 0x00007ffcd8d67000 	C:\Windows\System32\bcrypt.dll
0x00007ffcd8b70000 - 0x00007ffcd8b9e000 	C:\Windows\SYSTEM32\USERENV.dll
0x00007ffcd8cc0000 - 0x00007ffcd8d40000 	C:\Windows\System32\bcryptprimitives.dll
0x00007ffcd8620000 - 0x00007ffcd862c000 	C:\Windows\SYSTEM32\CRYPTBASE.dll
0x00007ffcd8120000 - 0x00007ffcd815b000 	C:\Windows\SYSTEM32\IPHLPAPI.DLL
0x00007ffcd9f80000 - 0x00007ffcd9f88000 	C:\Windows\System32\NSI.dll
0x00007ffcd6560000 - 0x00007ffcd6577000 	C:\Windows\SYSTEM32\dhcpcsvc6.DLL
0x00007ffcd6470000 - 0x00007ffcd648d000 	C:\Windows\SYSTEM32\dhcpcsvc.DLL
0x00007ffcd8160000 - 0x00007ffcd822b000 	C:\Windows\SYSTEM32\DNSAPI.dll

VM Arguments:
jvm_args: -Xmx2048m -Dfile.encoding=windows-1252 -Duser.country=US -Duser.language=en -Duser.variant 
java_command: org.gradle.launcher.daemon.bootstrap.GradleDaemon 6.1.1
java_class_path (initial): C:\Users\Teacher\.gradle\wrapper\dists\gradle-6.1.1-all\cfmwm155h49vnt3hynmlrsdst\gradle-6.1.1\lib\gradle-launcher-6.1.1.jar
Launcher Type: SUN_STANDARD

Environment Variables:
PATH=C:\Python39\Scripts\;C:\Python39\;C:\Windows\system32;C:\Windows;C:\Windows\System32\Wbem;C:\Windows\System32\WindowsPowerShell\v1.0\;C:\Windows\System32\OpenSSH\;C:\Program Files\dotnet\;C:\Program Files\Microsoft SQL Server\130\Tools\Binn\;C:\Program Files\Git\cmd;C:\flutter\bin;C:\Program Files\SourceGear\Common\DiffMerge\;C:\Program Files\nodejs\;C:\ProgramData\chocolatey\bin;C:\Users\Teacher\AppData\Local\Microsoft\WindowsApps;C:\Users\Jose Luis\AppData\Local\Programs\Microsoft VS Code\bin;C:\Users\Teacher\AppData\Roaming\npm
USERNAME=Teacher
OS=Windows_NT
PROCESSOR_IDENTIFIER=Intel64 Family 6 Model 142 Stepping 12, GenuineIntel



---------------  S Y S T E M  ---------------

OS: Windows 10.0 , 64 bit Build 19041 (10.0.19041.804)

CPU:total 8 (initial active 8) (4 cores per cpu, 2 threads per core) family 6 model 142 stepping 12, cmov, cx8, fxsr, mmx, sse, sse2, sse3, ssse3, sse4.1, sse4.2, popcnt, avx, avx2, aes, clmul, erms, 3dnowpref, lzcnt, ht, tsc, tscinvbit, bmi1, bmi2, adx

Memory: 4k page, physical 16578848k(1823712k free), swap 16578848k(628k free)

vm_info: OpenJDK 64-Bit Server VM (25.242-b01) for windows-amd64 JRE (1.8.0_242-release-1644-b01), built by "builder" with MS VC++ 10.0 (VS2010)

time: Wed Apr 14 15:53:18 2021
timezone: Central Daylight Time (Mexico)
elapsed time: 8 seconds (0d 0h 0m 8s)

