#
# There is insufficient memory for the Java Runtime Environment to continue.
# Native memory allocation (mmap) failed to map 266338304 bytes for G1 virtual space
# Possible reasons:
#   The system is out of physical RAM or swap space
#   The process is running with CompressedOops enabled, and the Java Heap may be blocking the growth of the native heap
# Possible solutions:
#   Reduce memory load on the system
#   Increase physical memory or swap space
#   Check if swap backing store is full
#   Decrease Java heap size (-Xmx/-Xms)
#   Decrease number of Java threads
#   Decrease Java thread stack sizes (-Xss)
#   Set larger code cache with -XX:ReservedCodeCacheSize=
#   JVM is running with Zero Based Compressed Oops mode in which the Java heap is
#     placed in the first 32GB address space. The Java Heap base address is the
#     maximum limit for the native heap growth. Please use -XX:HeapBaseMinAddress
#     to set the Java Heap base and to place the Java Heap above 32GB virtual address.
# This output file may be truncated or incomplete.
#
#  Out of Memory Error (os_windows.cpp:3769), pid=37408, tid=34332
#
# JRE version:  (17.0.6) (build )
# Java VM: OpenJDK 64-Bit Server VM (17.0.6+0-b2043.56-10027231, mixed mode, sharing, tiered, compressed oops, compressed class ptrs, g1 gc, windows-amd64)
# No core dump will be written. Minidumps are not enabled by default on client versions of Windows
#

---------------  S U M M A R Y ------------

Command Line: org.jetbrains.kotlin.cli.jvm.K2JVMCompiler @C:\Users\josel\StudioProjects\NewEvent2\app\build\20240517_3810026818314311871.compiler.options

Host: Intel(R) Core(TM) i7-8565U CPU @ 1.80GHz, 8 cores, 15G,  Windows 10 , 64 bit Build 19041 (10.0.19041.3636)
Time: Fri May 17 16:35:18 2024 Central Standard Time (Mexico) elapsed time: 0.008435 seconds (0d 0h 0m 0s)

---------------  T H R E A D  ---------------

Current thread (0x000001e95856e980):  JavaThread "Unknown thread" [_thread_in_vm, id=34332, stack(0x0000002039300000,0x0000002039400000)]

Stack: [0x0000002039300000,0x0000002039400000]
Native frames: (J=compiled Java code, j=interpreted, Vv=VM code, C=native code)
V  [jvm.dll+0x683c9a]
V  [jvm.dll+0x8427a4]
V  [jvm.dll+0x843f9e]
V  [jvm.dll+0x844603]
V  [jvm.dll+0x249b75]
V  [jvm.dll+0x680b69]
V  [jvm.dll+0x67505a]
V  [jvm.dll+0x309acb]
V  [jvm.dll+0x310f86]
V  [jvm.dll+0x3608ee]
V  [jvm.dll+0x360b1f]
V  [jvm.dll+0x2dfbf8]
V  [jvm.dll+0x2e0b64]
V  [jvm.dll+0x814091]
V  [jvm.dll+0x36e6a1]
V  [jvm.dll+0x7f35cc]
V  [jvm.dll+0x3f0e8f]
V  [jvm.dll+0x3f29d1]
C  [jli.dll+0x526b]
C  [ucrtbase.dll+0x21bb2]
C  [KERNEL32.DLL+0x17344]
C  [ntdll.dll+0x526b1]


---------------  P R O C E S S  ---------------

Threads class SMR info:
_java_thread_list=0x00007ffe67d0c058, length=0, elements={
}

Java Threads: ( => current thread )

Other Threads:
  0x000001e95a67d310 GCTaskThread "GC Thread#0" [stack: 0x0000002039400000,0x0000002039500000] [id=20308]
  0x000001e95a68de70 ConcurrentGCThread "G1 Main Marker" [stack: 0x0000002039500000,0x0000002039600000] [id=5676]
  0x000001e95a68e790 ConcurrentGCThread "G1 Conc#0" [stack: 0x0000002039600000,0x0000002039700000] [id=29672]

[error occurred during error reporting (printing all threads), id 0xc0000005, EXCEPTION_ACCESS_VIOLATION (0xc0000005) at pc=0x00007ffe674c0797]

VM state: not at safepoint (not fully initialized)

VM Mutex/Monitor currently owned by a thread:  ([mutex/lock_event])
[0x000001e95a60dfa0] Heap_lock - owner thread: 0x000001e95856e980

Heap address: 0x0000000703000000, size: 4048 MB, Compressed Oops mode: Zero based, Oop shift amount: 3

CDS archive(s) mapped at: [0x0000000000000000-0x0000000000000000-0x0000000000000000), size 0, SharedBaseAddress: 0x0000000800000000, ArchiveRelocationMode: 0.
Narrow klass base: 0x0000000000000000, Narrow klass shift: 0, Narrow klass range: 0x0

GC Precious Log:
<Empty>

Heap:
 garbage-first heap   total 0K, used 0K [0x0000000703000000, 0x0000000800000000)
  region size 2048K, 0 young (0K), 0 survivors (0K)

[error occurred during error reporting (printing heap information), id 0xc0000005, EXCEPTION_ACCESS_VIOLATION (0xc0000005) at pc=0x00007ffe678ada89]

GC Heap History (0 events):
No events

Dll operation events (1 events):
Event: 0.005 Loaded shared library C:\Program Files\Android\Android Studio\jbr\bin\java.dll

Deoptimization events (0 events):
No events

Classes unloaded (0 events):
No events

Classes redefined (0 events):
No events

Internal exceptions (0 events):
No events

VM Operations (0 events):
No events

Events (0 events):
No events


Dynamic libraries:
0x00007ff7f2350000 - 0x00007ff7f235a000 	C:\Program Files\Android\Android Studio\jbr\bin\java.exe
0x00007ffe97010000 - 0x00007ffe97208000 	C:\Windows\SYSTEM32\ntdll.dll
0x00007ffe95fe0000 - 0x00007ffe9609d000 	C:\Windows\System32\KERNEL32.DLL
0x00007ffe94b10000 - 0x00007ffe94e06000 	C:\Windows\System32\KERNELBASE.dll
0x00007ffe94e10000 - 0x00007ffe94f10000 	C:\Windows\System32\ucrtbase.dll
0x00007ffe8a0f0000 - 0x00007ffe8a107000 	C:\Program Files\Android\Android Studio\jbr\bin\jli.dll
0x00007ffe82130000 - 0x00007ffe8214b000 	C:\Program Files\Android\Android Studio\jbr\bin\VCRUNTIME140.dll
0x00007ffe96a70000 - 0x00007ffe96c0f000 	C:\Windows\System32\USER32.dll
0x00007ffe72ae0000 - 0x00007ffe72d7a000 	C:\Windows\WinSxS\amd64_microsoft.windows.common-controls_6595b64144ccf1df_6.0.19041.3636_none_60b6a03d71f818d5\COMCTL32.dll
0x00007ffe94fe0000 - 0x00007ffe95002000 	C:\Windows\System32\win32u.dll
0x00007ffe961f0000 - 0x00007ffe9628e000 	C:\Windows\System32\msvcrt.dll
0x00007ffe95970000 - 0x00007ffe9599b000 	C:\Windows\System32\GDI32.dll
0x00007ffe94720000 - 0x00007ffe94837000 	C:\Windows\System32\gdi32full.dll
0x00007ffe94f10000 - 0x00007ffe94fad000 	C:\Windows\System32\msvcp_win.dll
0x00007ffe96f60000 - 0x00007ffe96f92000 	C:\Windows\System32\IMM32.DLL
0x00007ffe8c580000 - 0x00007ffe8c58c000 	C:\Program Files\Android\Android Studio\jbr\bin\vcruntime140_1.dll
0x00007ffe6af20000 - 0x00007ffe6afad000 	C:\Program Files\Android\Android Studio\jbr\bin\msvcp140.dll
0x00007ffe671d0000 - 0x00007ffe67e3e000 	C:\Program Files\Android\Android Studio\jbr\bin\server\jvm.dll
0x00007ffe95f20000 - 0x00007ffe95fd0000 	C:\Windows\System32\ADVAPI32.dll
0x00007ffe96dd0000 - 0x00007ffe96e70000 	C:\Windows\System32\sechost.dll
0x00007ffe96c10000 - 0x00007ffe96d33000 	C:\Windows\System32\RPCRT4.dll
0x00007ffe94fb0000 - 0x00007ffe94fd7000 	C:\Windows\System32\bcrypt.dll
0x00007ffe3bc90000 - 0x00007ffe3bc99000 	C:\Windows\SYSTEM32\WSOCK32.dll
0x00007ffe80e40000 - 0x00007ffe80e67000 	C:\Windows\SYSTEM32\WINMM.dll
0x00007ffe91a60000 - 0x00007ffe91a6a000 	C:\Windows\SYSTEM32\VERSION.dll
0x00007ffe96ef0000 - 0x00007ffe96f5b000 	C:\Windows\System32\WS2_32.dll
0x00007ffe92f00000 - 0x00007ffe92f12000 	C:\Windows\SYSTEM32\kernel.appcore.dll
0x00007ffe91720000 - 0x00007ffe9172a000 	C:\Program Files\Android\Android Studio\jbr\bin\jimage.dll
0x00007ffe92400000 - 0x00007ffe925e4000 	C:\Windows\SYSTEM32\DBGHELP.DLL
0x00007ffe8ada0000 - 0x00007ffe8add4000 	C:\Windows\SYSTEM32\dbgcore.DLL
0x00007ffe94690000 - 0x00007ffe94712000 	C:\Windows\System32\bcryptPrimitives.dll
0x00007ffe80ed0000 - 0x00007ffe80ef5000 	C:\Program Files\Android\Android Studio\jbr\bin\java.dll

dbghelp: loaded successfully - version: 4.0.5 - missing functions: none
symbol engine: initialized successfully - sym options: 0x614 - pdb path: .;C:\Program Files\Android\Android Studio\jbr\bin;C:\Windows\SYSTEM32;C:\Windows\WinSxS\amd64_microsoft.windows.common-controls_6595b64144ccf1df_6.0.19041.3636_none_60b6a03d71f818d5;C:\Program Files\Android\Android Studio\jbr\bin\server

VM Arguments:
java_command: org.jetbrains.kotlin.cli.jvm.K2JVMCompiler @C:\Users\josel\StudioProjects\NewEvent2\app\build\20240517_3810026818314311871.compiler.options
java_class_path (initial): C:\Users\josel\.gradle\caches\modules-2\files-2.1\org.jetbrains.kotlin\kotlin-compiler-embeddable\1.9.0\2c8c3a7402becca891f12739b3e9fd2dc2adbd7a\kotlin-compiler-embeddable-1.9.0.jar;C:\Users\josel\.gradle\caches\modules-2\files-2.1\org.jetbrains.kotlin\kotlin-stdlib\1.9.0\8ee15ef0c67dc83d874f412d84378d7f0eb50b63\kotlin-stdlib-1.9.0.jar;C:\Users\josel\.gradle\caches\modules-2\files-2.1\org.jetbrains.kotlin\kotlin-script-runtime\1.9.0\4b3102cbbb7e1b58d9d1adf89563f00069ffa7d1\kotlin-script-runtime-1.9.0.jar;C:\Users\josel\.gradle\caches\modules-2\files-2.1\org.jetbrains.kotlin\kotlin-reflect\1.6.10\1cbe9c92c12a94eea200d23c2bbaedaf3daf5132\kotlin-reflect-1.6.10.jar;C:\Users\josel\.gradle\caches\modules-2\files-2.1\org.jetbrains.kotlin\kotlin-daemon-embeddable\1.9.0\186543f5e28cf8d9a0290fecc2cf34301c40a65c\kotlin-daemon-embeddable-1.9.0.jar;C:\Users\josel\.gradle\caches\modules-2\files-2.1\org.jetbrains.intellij.deps\trove4j\1.0.20200330\3afb14d5f9ceb459d724e907a21145e8ff394f02\trove4j-1.0.20200330.jar;C:\Users\josel\.gradle\caches\modules-2\files-2.1\org.jetbrains.kotlin\kotlin-stdlib-common\1.9.0\cd65c21cfd1eec4d44ef09f9f52b6d9f8a720636\kotlin-stdlib-common-1.9.0.jar;C:\Users\josel\.gradle\caches\modules-2\files-2.1\org.jetbrains\annotations\13.0\919f0dfe192fb4e063e7dacadee7f8bb9a2672a9\annotations-13.0.jar
Launcher Type: SUN_STANDARD

[Global flags]
     intx CICompilerCount                          = 4                                         {product} {ergonomic}
     uint ConcGCThreads                            = 2                                         {product} {ergonomic}
     uint G1ConcRefinementThreads                  = 8                                         {product} {ergonomic}
   size_t G1HeapRegionSize                         = 2097152                                   {product} {ergonomic}
    uintx GCDrainStackTargetSize                   = 64                                        {product} {ergonomic}
   size_t InitialHeapSize                          = 266338304                                 {product} {ergonomic}
   size_t MarkStackSize                            = 4194304                                   {product} {ergonomic}
   size_t MaxHeapSize                              = 4244635648                                {product} {ergonomic}
   size_t MinHeapDeltaBytes                        = 2097152                                   {product} {ergonomic}
   size_t MinHeapSize                              = 8388608                                   {product} {ergonomic}
    uintx NonNMethodCodeHeapSize                   = 5839372                                {pd product} {ergonomic}
    uintx NonProfiledCodeHeapSize                  = 122909434                              {pd product} {ergonomic}
    uintx ProfiledCodeHeapSize                     = 122909434                              {pd product} {ergonomic}
    uintx ReservedCodeCacheSize                    = 251658240                              {pd product} {ergonomic}
     bool SegmentedCodeCache                       = true                                      {product} {ergonomic}
   size_t SoftMaxHeapSize                          = 4244635648                             {manageable} {ergonomic}
     bool UseCompressedClassPointers               = true                           {product lp64_product} {ergonomic}
     bool UseCompressedOops                        = true                           {product lp64_product} {ergonomic}
     bool UseG1GC                                  = true                                      {product} {ergonomic}
     bool UseLargePagesIndividualAllocation        = false                                  {pd product} {ergonomic}

Logging:
Log output configuration:
 #0: stdout all=warning uptime,level,tags
 #1: stderr all=off uptime,level,tags

Environment Variables:
JAVA_HOME=C:\Program Files\Java\jdk-21\bin
PATH=C:\Windows\system32;C:\Windows;C:\Windows\System32\Wbem;C:\Windows\System32\WindowsPowerShell\v1.0\;C:\Windows\System32\OpenSSH\;C:\Program Files (x86)\dotnet\;C:\Program Files\Calibre2\;C:\Program Files\nodejs\;C:\Users\josel\Downloads\apache-maven-3.9.5-bin\apache-maven-3.9.5\bin;C:\Program Files\Java\jdk-21\bin;C:\Program Files\Java\jdk-21;C:\Users\josel\AppData\Local\Android\Sdk\platform-tools;C:\Users\josel\AppData\Local\Microsoft\WindowsApps;C:\Users\josel\AppData\Local\Programs\Microsoft VS Code\bin;C:\Users\josel\AppData\Roaming\npm;C:\Users\josel\Downloads\apache-maven-3.9.5-bin\apache-maven-3.9.5\bin;C:\Program Files\Java\jdk-21;C:\Users\josel\AppData\Local\Android\Sdk\platform-tools;;C:\Program Files\JetBrains\IntelliJ IDEA 2023.2.4\bin;;C:\Program Files\JetBrains\IntelliJ IDEA Educational Edition 2022.2.2\bin;
USERNAME=josel
OS=Windows_NT
PROCESSOR_IDENTIFIER=Intel64 Family 6 Model 142 Stepping 12, GenuineIntel
TMP=C:\Users\josel\AppData\Local\Temp
TEMP=C:\Users\josel\AppData\Local\Temp


JNI global refs:

[error occurred during error reporting (JNI global references), id 0xc0000005, EXCEPTION_ACCESS_VIOLATION (0xc0000005) at pc=0x00007ffe67287a10]


---------------  S Y S T E M  ---------------

OS:
 Windows 10 , 64 bit Build 19041 (10.0.19041.3636)
OS uptime: 13 days 23:32 hours

CPU: total 8 (initial active 8) (4 cores per cpu, 2 threads per core) family 6 model 142 stepping 12 microcode 0xf0, cx8, cmov, fxsr, ht, mmx, 3dnowpref, sse, sse2, sse3, ssse3, sse4.1, sse4.2, popcnt, lzcnt, tsc, tscinvbit, avx, avx2, aes, erms, clmul, bmi1, bmi2, adx, fma, vzeroupper, clflush, clflushopt

Memory: 4k page, system-wide physical 16190M (1534M free)
TotalPageFile size 26190M (AvailPageFile size 148M)
current process WorkingSet (physical memory assigned to process): 10M, peak: 10M
current process commit charge ("private bytes"): 60M, peak: 314M

vm_info: OpenJDK 64-Bit Server VM (17.0.6+0-b2043.56-10027231) for windows-amd64 JRE (17.0.6+0-b2043.56-10027231), built on Apr 28 2023 00:43:19 by "androidbuild" with MS VC++ 16.10 / 16.11 (VS2019)

END.
